ERROR - 2022-01-25 08:54:58 --> Error connecting to the database: No connection could be made because the target machine actively refused it.

CRITICAL - 2022-01-25 08:54:58 --> Unable to connect to the database.
Main connection [MySQLi]: No connection could be made because the target machine actively refused it.

#0 C:\xampp\htdocs\pegadaian\vendor\codeigniter4\framework\system\Database\BaseConnection.php(577): CodeIgniter\Database\BaseConnection->initialize()
#1 C:\xampp\htdocs\pegadaian\vendor\codeigniter4\framework\system\Database\BaseBuilder.php(1455): CodeIgniter\Database\BaseConnection->query('SELECT *\nFROM `...', Array, false)
#2 C:\xampp\htdocs\pegadaian\vendor\codeigniter4\framework\system\Model.php(210): CodeIgniter\Database\BaseBuilder->get()
#3 C:\xampp\htdocs\pegadaian\vendor\codeigniter4\framework\system\BaseModel.php(622): CodeIgniter\Model->doFirst()
#4 C:\xampp\htdocs\pegadaian\app\Controllers\Login.php(30): CodeIgniter\BaseModel->first()
#5 C:\xampp\htdocs\pegadaian\vendor\codeigniter4\framework\system\CodeIgniter.php(825): App\Controllers\Login->login()
#6 C:\xampp\htdocs\pegadaian\vendor\codeigniter4\framework\system\CodeIgniter.php(412): CodeIgniter\CodeIgniter->runController(Object(App\Controllers\Login))
#7 C:\xampp\htdocs\pegadaian\vendor\codeigniter4\framework\system\CodeIgniter.php(320): CodeIgniter\CodeIgniter->handleRequest(NULL, Object(Config\Cache), false)
#8 C:\xampp\htdocs\pegadaian\public\index.php(37): CodeIgniter\CodeIgniter->run()
#9 C:\xampp\htdocs\pegadaian\vendor\codeigniter4\framework\system\Commands\Server\rewrite.php(43): require_once('C:\\xampp\\htdocs...')
#10 {main}
CRITICAL - 2022-01-25 09:59:55 --> Undefined index: id_aturan
#0 C:\xampp\htdocs\pegadaian\app\Views\Aturan\edit.php(13): CodeIgniter\Debug\Exceptions->errorHandler(8, 'Undefined index...', 'C:\\xampp\\htdocs...', 13, Array)
#1 C:\xampp\htdocs\pegadaian\vendor\codeigniter4\framework\system\View\View.php(210): include('C:\\xampp\\htdocs...')
#2 C:\xampp\htdocs\pegadaian\vendor\codeigniter4\framework\system\View\View.php(213): CodeIgniter\View\View->CodeIgniter\View\{closure}()
#3 C:\xampp\htdocs\pegadaian\vendor\codeigniter4\framework\system\Common.php(1089): CodeIgniter\View\View->render('aturan/edit', Array, true)
#4 C:\xampp\htdocs\pegadaian\app\Controllers\Aturan.php(75): view('aturan/edit', Array)
#5 C:\xampp\htdocs\pegadaian\vendor\codeigniter4\framework\system\CodeIgniter.php(825): App\Controllers\Aturan->edit('6')
#6 C:\xampp\htdocs\pegadaian\vendor\codeigniter4\framework\system\CodeIgniter.php(412): CodeIgniter\CodeIgniter->runController(Object(App\Controllers\Aturan))
#7 C:\xampp\htdocs\pegadaian\vendor\codeigniter4\framework\system\CodeIgniter.php(320): CodeIgniter\CodeIgniter->handleRequest(NULL, Object(Config\Cache), false)
#8 C:\xampp\htdocs\pegadaian\public\index.php(37): CodeIgniter\CodeIgniter->run()
#9 C:\xampp\htdocs\pegadaian\vendor\codeigniter4\framework\system\Commands\Server\rewrite.php(43): require_once('C:\\xampp\\htdocs...')
#10 {main}
CRITICAL - 2022-01-25 10:00:48 --> Undefined index: kode_cabang
#0 C:\xampp\htdocs\pegadaian\app\Views\Aturan\edit.php(17): CodeIgniter\Debug\Exceptions->errorHandler(8, 'Undefined index...', 'C:\\xampp\\htdocs...', 17, Array)
#1 C:\xampp\htdocs\pegadaian\vendor\codeigniter4\framework\system\View\View.php(210): include('C:\\xampp\\htdocs...')
#2 C:\xampp\htdocs\pegadaian\vendor\codeigniter4\framework\system\View\View.php(213): CodeIgniter\View\View->CodeIgniter\View\{closure}()
#3 C:\xampp\htdocs\pegadaian\vendor\codeigniter4\framework\system\Common.php(1089): CodeIgniter\View\View->render('aturan/edit', Array, true)
#4 C:\xampp\htdocs\pegadaian\app\Controllers\Aturan.php(75): view('aturan/edit', Array)
#5 C:\xampp\htdocs\pegadaian\vendor\codeigniter4\framework\system\CodeIgniter.php(825): App\Controllers\Aturan->edit('6')
#6 C:\xampp\htdocs\pegadaian\vendor\codeigniter4\framework\system\CodeIgniter.php(412): CodeIgniter\CodeIgniter->runController(Object(App\Controllers\Aturan))
#7 C:\xampp\htdocs\pegadaian\vendor\codeigniter4\framework\system\CodeIgniter.php(320): CodeIgniter\CodeIgniter->handleRequest(NULL, Object(Config\Cache), false)
#8 C:\xampp\htdocs\pegadaian\public\index.php(37): CodeIgniter\CodeIgniter->run()
#9 C:\xampp\htdocs\pegadaian\vendor\codeigniter4\framework\system\Commands\Server\rewrite.php(43): require_once('C:\\xampp\\htdocs...')
#10 {main}
CRITICAL - 2022-01-25 10:35:19 --> Undefined property: App\Controllers\Perpanjangan::$PendapatanModel
#0 C:\xampp\htdocs\pegadaian\app\Controllers\Perpanjangan.php(46): CodeIgniter\Debug\Exceptions->errorHandler(8, 'Undefined prope...', 'C:\\xampp\\htdocs...', 46, Array)
#1 C:\xampp\htdocs\pegadaian\vendor\codeigniter4\framework\system\CodeIgniter.php(825): App\Controllers\Perpanjangan->savePerpanjang()
#2 C:\xampp\htdocs\pegadaian\vendor\codeigniter4\framework\system\CodeIgniter.php(412): CodeIgniter\CodeIgniter->runController(Object(App\Controllers\Perpanjangan))
#3 C:\xampp\htdocs\pegadaian\vendor\codeigniter4\framework\system\CodeIgniter.php(320): CodeIgniter\CodeIgniter->handleRequest(NULL, Object(Config\Cache), false)
#4 C:\xampp\htdocs\pegadaian\public\index.php(37): CodeIgniter\CodeIgniter->run()
#5 C:\xampp\htdocs\pegadaian\vendor\codeigniter4\framework\system\Commands\Server\rewrite.php(43): require_once('C:\\xampp\\htdocs...')
#6 {main}
CRITICAL - 2022-01-25 10:37:57 --> Undefined variable: title
#0 C:\xampp\htdocs\pegadaian\app\Views\layout\default.php(7): CodeIgniter\Debug\Exceptions->errorHandler(8, 'Undefined varia...', 'C:\\xampp\\htdocs...', 7, Array)
#1 C:\xampp\htdocs\pegadaian\vendor\codeigniter4\framework\system\View\View.php(210): include('C:\\xampp\\htdocs...')
#2 C:\xampp\htdocs\pegadaian\vendor\codeigniter4\framework\system\View\View.php(213): CodeIgniter\View\View->CodeIgniter\View\{closure}()
#3 C:\xampp\htdocs\pegadaian\vendor\codeigniter4\framework\system\View\View.php(226): CodeIgniter\View\View->render('layout/default', Array, true)
#4 C:\xampp\htdocs\pegadaian\vendor\codeigniter4\framework\system\Common.php(1089): CodeIgniter\View\View->render('pegadaian/formd...', Array, true)
#5 C:\xampp\htdocs\pegadaian\app\Controllers\Pegadaian.php(252): view('pegadaian/formd...', Array)
#6 C:\xampp\htdocs\pegadaian\vendor\codeigniter4\framework\system\CodeIgniter.php(825): App\Controllers\Pegadaian->createDenda('FG1-12501')
#7 C:\xampp\htdocs\pegadaian\vendor\codeigniter4\framework\system\CodeIgniter.php(412): CodeIgniter\CodeIgniter->runController(Object(App\Controllers\Pegadaian))
#8 C:\xampp\htdocs\pegadaian\vendor\codeigniter4\framework\system\CodeIgniter.php(320): CodeIgniter\CodeIgniter->handleRequest(NULL, Object(Config\Cache), false)
#9 C:\xampp\htdocs\pegadaian\public\index.php(37): CodeIgniter\CodeIgniter->run()
#10 C:\xampp\htdocs\pegadaian\vendor\codeigniter4\framework\system\Commands\Server\rewrite.php(43): require_once('C:\\xampp\\htdocs...')
#11 {main}
CRITICAL - 2022-01-25 10:45:08 --> Undefined variable: title
#0 C:\xampp\htdocs\pegadaian\app\Views\layout\default.php(7): CodeIgniter\Debug\Exceptions->errorHandler(8, 'Undefined varia...', 'C:\\xampp\\htdocs...', 7, Array)
#1 C:\xampp\htdocs\pegadaian\vendor\codeigniter4\framework\system\View\View.php(210): include('C:\\xampp\\htdocs...')
#2 C:\xampp\htdocs\pegadaian\vendor\codeigniter4\framework\system\View\View.php(213): CodeIgniter\View\View->CodeIgniter\View\{closure}()
#3 C:\xampp\htdocs\pegadaian\vendor\codeigniter4\framework\system\View\View.php(226): CodeIgniter\View\View->render('layout/default', Array, true)
#4 C:\xampp\htdocs\pegadaian\vendor\codeigniter4\framework\system\Common.php(1089): CodeIgniter\View\View->render('pegadaian/formb...', Array, true)
#5 C:\xampp\htdocs\pegadaian\app\Controllers\Pegadaian.php(291): view('pegadaian/formb...', Array)
#6 C:\xampp\htdocs\pegadaian\vendor\codeigniter4\framework\system\CodeIgniter.php(825): App\Controllers\Pegadaian->createBayar('FG1-12501')
#7 C:\xampp\htdocs\pegadaian\vendor\codeigniter4\framework\system\CodeIgniter.php(412): CodeIgniter\CodeIgniter->runController(Object(App\Controllers\Pegadaian))
#8 C:\xampp\htdocs\pegadaian\vendor\codeigniter4\framework\system\CodeIgniter.php(320): CodeIgniter\CodeIgniter->handleRequest(NULL, Object(Config\Cache), false)
#9 C:\xampp\htdocs\pegadaian\public\index.php(37): CodeIgniter\CodeIgniter->run()
#10 C:\xampp\htdocs\pegadaian\vendor\codeigniter4\framework\system\Commands\Server\rewrite.php(43): require_once('C:\\xampp\\htdocs...')
#11 {main}
CRITICAL - 2022-01-25 15:29:54 --> Undefined index: jumlah_untung
#0 C:\xampp\htdocs\pegadaian\app\Controllers\Dashboard.php(47): CodeIgniter\Debug\Exceptions->errorHandler(8, 'Undefined index...', 'C:\\xampp\\htdocs...', 47, Array)
#1 C:\xampp\htdocs\pegadaian\vendor\codeigniter4\framework\system\CodeIgniter.php(825): App\Controllers\Dashboard->index()
#2 C:\xampp\htdocs\pegadaian\vendor\codeigniter4\framework\system\CodeIgniter.php(412): CodeIgniter\CodeIgniter->runController(Object(App\Controllers\Dashboard))
#3 C:\xampp\htdocs\pegadaian\vendor\codeigniter4\framework\system\CodeIgniter.php(320): CodeIgniter\CodeIgniter->handleRequest(NULL, Object(Config\Cache), false)
#4 C:\xampp\htdocs\pegadaian\public\index.php(37): CodeIgniter\CodeIgniter->run()
#5 C:\xampp\htdocs\pegadaian\vendor\codeigniter4\framework\system\Commands\Server\rewrite.php(43): require_once('C:\\xampp\\htdocs...')
#6 {main}
CRITICAL - 2022-01-25 01:44:27 --> Min/max width is undefined for table rows
#0 C:\xampp\htdocs\pegadaian\vendor\dompdf\dompdf\src\FrameDecorator\AbstractFrameDecorator.php(873): Dompdf\FrameReflower\TableRow->get_min_max_width()
#1 C:\xampp\htdocs\pegadaian\vendor\dompdf\dompdf\src\FrameReflower\AbstractFrameReflower.php(349): Dompdf\FrameDecorator\AbstractFrameDecorator->get_min_max_width()
#2 C:\xampp\htdocs\pegadaian\vendor\dompdf\dompdf\src\FrameReflower\AbstractFrameReflower.php(389): Dompdf\FrameReflower\AbstractFrameReflower->get_min_max_content_width()
#3 C:\xampp\htdocs\pegadaian\vendor\dompdf\dompdf\src\FrameDecorator\AbstractFrameDecorator.php(873): Dompdf\FrameReflower\AbstractFrameReflower->get_min_max_width()
#4 C:\xampp\htdocs\pegadaian\vendor\dompdf\dompdf\src\Cellmap.php(634): Dompdf\FrameDecorator\AbstractFrameDecorator->get_min_max_width()
#5 C:\xampp\htdocs\pegadaian\vendor\dompdf\dompdf\src\Cellmap.php(516): Dompdf\Cellmap->add_frame(Object(Dompdf\FrameDecorator\Block))
#6 C:\xampp\htdocs\pegadaian\vendor\dompdf\dompdf\src\Cellmap.php(516): Dompdf\Cellmap->add_frame(Object(Dompdf\FrameDecorator\TableRowGroup))
#7 C:\xampp\htdocs\pegadaian\vendor\dompdf\dompdf\src\FrameReflower\Table.php(527): Dompdf\Cellmap->add_frame(Object(Dompdf\FrameDecorator\Table))
#8 C:\xampp\htdocs\pegadaian\vendor\dompdf\dompdf\src\FrameReflower\Table.php(395): Dompdf\FrameReflower\Table->get_min_max_width()
#9 C:\xampp\htdocs\pegadaian\vendor\dompdf\dompdf\src\FrameDecorator\AbstractFrameDecorator.php(865): Dompdf\FrameReflower\Table->reflow(Object(Dompdf\FrameDecorator\Block))
#10 C:\xampp\htdocs\pegadaian\vendor\dompdf\dompdf\src\FrameReflower\Block.php(871): Dompdf\FrameDecorator\AbstractFrameDecorator->reflow(Object(Dompdf\FrameDecorator\Block))
#11 C:\xampp\htdocs\pegadaian\vendor\dompdf\dompdf\src\FrameDecorator\AbstractFrameDecorator.php(865): Dompdf\FrameReflower\Block->reflow(NULL)
#12 C:\xampp\htdocs\pegadaian\vendor\dompdf\dompdf\src\FrameReflower\Page.php(141): Dompdf\FrameDecorator\AbstractFrameDecorator->reflow()
#13 C:\xampp\htdocs\pegadaian\vendor\dompdf\dompdf\src\FrameDecorator\AbstractFrameDecorator.php(865): Dompdf\FrameReflower\Page->reflow(NULL)
#14 C:\xampp\htdocs\pegadaian\vendor\dompdf\dompdf\src\Dompdf.php(837): Dompdf\FrameDecorator\AbstractFrameDecorator->reflow()
#15 C:\xampp\htdocs\pegadaian\app\Controllers\Export.php(61): Dompdf\Dompdf->render()
#16 C:\xampp\htdocs\pegadaian\vendor\codeigniter4\framework\system\CodeIgniter.php(825): App\Controllers\Export->generate()
#17 C:\xampp\htdocs\pegadaian\vendor\codeigniter4\framework\system\CodeIgniter.php(412): CodeIgniter\CodeIgniter->runController(Object(App\Controllers\Export))
#18 C:\xampp\htdocs\pegadaian\vendor\codeigniter4\framework\system\CodeIgniter.php(320): CodeIgniter\CodeIgniter->handleRequest(NULL, Object(Config\Cache), false)
#19 C:\xampp\htdocs\pegadaian\public\index.php(37): CodeIgniter\CodeIgniter->run()
#20 C:\xampp\htdocs\pegadaian\vendor\codeigniter4\framework\system\Commands\Server\rewrite.php(43): require_once('C:\\xampp\\htdocs...')
#21 {main}
CRITICAL - 2022-01-25 01:44:27 --> Allowed memory size of 46137344 bytes exhausted (tried to allocate 20975616 bytes)
#0 [internal function]: CodeIgniter\Debug\Exceptions->shutdownHandler()
#1 {main}
CRITICAL - 2022-01-25 01:47:21 --> Min/max width is undefined for table rows
#0 C:\xampp\htdocs\pegadaian\vendor\dompdf\dompdf\src\FrameDecorator\AbstractFrameDecorator.php(873): Dompdf\FrameReflower\TableRow->get_min_max_width()
#1 C:\xampp\htdocs\pegadaian\vendor\dompdf\dompdf\src\FrameReflower\AbstractFrameReflower.php(349): Dompdf\FrameDecorator\AbstractFrameDecorator->get_min_max_width()
#2 C:\xampp\htdocs\pegadaian\vendor\dompdf\dompdf\src\FrameReflower\AbstractFrameReflower.php(389): Dompdf\FrameReflower\AbstractFrameReflower->get_min_max_content_width()
#3 C:\xampp\htdocs\pegadaian\vendor\dompdf\dompdf\src\FrameDecorator\AbstractFrameDecorator.php(873): Dompdf\FrameReflower\AbstractFrameReflower->get_min_max_width()
#4 C:\xampp\htdocs\pegadaian\vendor\dompdf\dompdf\src\Cellmap.php(634): Dompdf\FrameDecorator\AbstractFrameDecorator->get_min_max_width()
#5 C:\xampp\htdocs\pegadaian\vendor\dompdf\dompdf\src\Cellmap.php(516): Dompdf\Cellmap->add_frame(Object(Dompdf\FrameDecorator\Block))
#6 C:\xampp\htdocs\pegadaian\vendor\dompdf\dompdf\src\Cellmap.php(516): Dompdf\Cellmap->add_frame(Object(Dompdf\FrameDecorator\TableRowGroup))
#7 C:\xampp\htdocs\pegadaian\vendor\dompdf\dompdf\src\FrameReflower\Table.php(527): Dompdf\Cellmap->add_frame(Object(Dompdf\FrameDecorator\Table))
#8 C:\xampp\htdocs\pegadaian\vendor\dompdf\dompdf\src\FrameReflower\Table.php(395): Dompdf\FrameReflower\Table->get_min_max_width()
#9 C:\xampp\htdocs\pegadaian\vendor\dompdf\dompdf\src\FrameDecorator\AbstractFrameDecorator.php(865): Dompdf\FrameReflower\Table->reflow(Object(Dompdf\FrameDecorator\Block))
#10 C:\xampp\htdocs\pegadaian\vendor\dompdf\dompdf\src\FrameReflower\Block.php(871): Dompdf\FrameDecorator\AbstractFrameDecorator->reflow(Object(Dompdf\FrameDecorator\Block))
#11 C:\xampp\htdocs\pegadaian\vendor\dompdf\dompdf\src\FrameDecorator\AbstractFrameDecorator.php(865): Dompdf\FrameReflower\Block->reflow(NULL)
#12 C:\xampp\htdocs\pegadaian\vendor\dompdf\dompdf\src\FrameReflower\Page.php(141): Dompdf\FrameDecorator\AbstractFrameDecorator->reflow()
#13 C:\xampp\htdocs\pegadaian\vendor\dompdf\dompdf\src\FrameDecorator\AbstractFrameDecorator.php(865): Dompdf\FrameReflower\Page->reflow(NULL)
#14 C:\xampp\htdocs\pegadaian\vendor\dompdf\dompdf\src\Dompdf.php(837): Dompdf\FrameDecorator\AbstractFrameDecorator->reflow()
#15 C:\xampp\htdocs\pegadaian\app\Controllers\Export.php(61): Dompdf\Dompdf->render()
#16 C:\xampp\htdocs\pegadaian\vendor\codeigniter4\framework\system\CodeIgniter.php(825): App\Controllers\Export->generate()
#17 C:\xampp\htdocs\pegadaian\vendor\codeigniter4\framework\system\CodeIgniter.php(412): CodeIgniter\CodeIgniter->runController(Object(App\Controllers\Export))
#18 C:\xampp\htdocs\pegadaian\vendor\codeigniter4\framework\system\CodeIgniter.php(320): CodeIgniter\CodeIgniter->handleRequest(NULL, Object(Config\Cache), false)
#19 C:\xampp\htdocs\pegadaian\public\index.php(37): CodeIgniter\CodeIgniter->run()
#20 C:\xampp\htdocs\pegadaian\vendor\codeigniter4\framework\system\Commands\Server\rewrite.php(43): require_once('C:\\xampp\\htdocs...')
#21 {main}
CRITICAL - 2022-01-25 01:47:21 --> Allowed memory size of 46137344 bytes exhausted (tried to allocate 16781312 bytes)
#0 [internal function]: CodeIgniter\Debug\Exceptions->shutdownHandler()
#1 {main}
CRITICAL - 2022-01-25 01:48:15 --> Undefined property: App\Controllers\Export::$load
#0 C:\xampp\htdocs\pegadaian\app\Controllers\Export.php(67): CodeIgniter\Debug\Exceptions->errorHandler(8, 'Undefined prope...', 'C:\\xampp\\htdocs...', 67, Array)
#1 C:\xampp\htdocs\pegadaian\vendor\codeigniter4\framework\system\CodeIgniter.php(825): App\Controllers\Export->generate()
#2 C:\xampp\htdocs\pegadaian\vendor\codeigniter4\framework\system\CodeIgniter.php(412): CodeIgniter\CodeIgniter->runController(Object(App\Controllers\Export))
#3 C:\xampp\htdocs\pegadaian\vendor\codeigniter4\framework\system\CodeIgniter.php(320): CodeIgniter\CodeIgniter->handleRequest(NULL, Object(Config\Cache), false)
#4 C:\xampp\htdocs\pegadaian\public\index.php(37): CodeIgniter\CodeIgniter->run()
#5 C:\xampp\htdocs\pegadaian\vendor\codeigniter4\framework\system\Commands\Server\rewrite.php(43): require_once('C:\\xampp\\htdocs...')
#6 {main}
CRITICAL - 2022-01-25 01:48:42 --> Undefined variable: gadai
#0 C:\xampp\htdocs\pegadaian\app\Views\layout\pdf.php(50): CodeIgniter\Debug\Exceptions->errorHandler(8, 'Undefined varia...', 'C:\\xampp\\htdocs...', 50, Array)
#1 C:\xampp\htdocs\pegadaian\vendor\codeigniter4\framework\system\View\View.php(210): include('C:\\xampp\\htdocs...')
#2 C:\xampp\htdocs\pegadaian\vendor\codeigniter4\framework\system\View\View.php(213): CodeIgniter\View\View->CodeIgniter\View\{closure}()
#3 C:\xampp\htdocs\pegadaian\vendor\codeigniter4\framework\system\Common.php(1089): CodeIgniter\View\View->render('layout/pdf', Array, true)
#4 C:\xampp\htdocs\pegadaian\app\Controllers\Export.php(67): view('layout/pdf')
#5 C:\xampp\htdocs\pegadaian\vendor\codeigniter4\framework\system\CodeIgniter.php(825): App\Controllers\Export->generate()
#6 C:\xampp\htdocs\pegadaian\vendor\codeigniter4\framework\system\CodeIgniter.php(412): CodeIgniter\CodeIgniter->runController(Object(App\Controllers\Export))
#7 C:\xampp\htdocs\pegadaian\vendor\codeigniter4\framework\system\CodeIgniter.php(320): CodeIgniter\CodeIgniter->handleRequest(NULL, Object(Config\Cache), false)
#8 C:\xampp\htdocs\pegadaian\public\index.php(37): CodeIgniter\CodeIgniter->run()
#9 C:\xampp\htdocs\pegadaian\vendor\codeigniter4\framework\system\Commands\Server\rewrite.php(43): require_once('C:\\xampp\\htdocs...')
#10 {main}
CRITICAL - 2022-01-25 01:50:09 --> Min/max width is undefined for table rows
#0 C:\xampp\htdocs\pegadaian\vendor\dompdf\dompdf\src\FrameDecorator\AbstractFrameDecorator.php(873): Dompdf\FrameReflower\TableRow->get_min_max_width()
#1 C:\xampp\htdocs\pegadaian\vendor\dompdf\dompdf\src\FrameReflower\AbstractFrameReflower.php(349): Dompdf\FrameDecorator\AbstractFrameDecorator->get_min_max_width()
#2 C:\xampp\htdocs\pegadaian\vendor\dompdf\dompdf\src\FrameReflower\AbstractFrameReflower.php(389): Dompdf\FrameReflower\AbstractFrameReflower->get_min_max_content_width()
#3 C:\xampp\htdocs\pegadaian\vendor\dompdf\dompdf\src\FrameDecorator\AbstractFrameDecorator.php(873): Dompdf\FrameReflower\AbstractFrameReflower->get_min_max_width()
#4 C:\xampp\htdocs\pegadaian\vendor\dompdf\dompdf\src\Cellmap.php(634): Dompdf\FrameDecorator\AbstractFrameDecorator->get_min_max_width()
#5 C:\xampp\htdocs\pegadaian\vendor\dompdf\dompdf\src\Cellmap.php(516): Dompdf\Cellmap->add_frame(Object(Dompdf\FrameDecorator\Block))
#6 C:\xampp\htdocs\pegadaian\vendor\dompdf\dompdf\src\Cellmap.php(516): Dompdf\Cellmap->add_frame(Object(Dompdf\FrameDecorator\TableRowGroup))
#7 C:\xampp\htdocs\pegadaian\vendor\dompdf\dompdf\src\FrameReflower\Table.php(527): Dompdf\Cellmap->add_frame(Object(Dompdf\FrameDecorator\Table))
#8 C:\xampp\htdocs\pegadaian\vendor\dompdf\dompdf\src\FrameReflower\Table.php(395): Dompdf\FrameReflower\Table->get_min_max_width()
#9 C:\xampp\htdocs\pegadaian\vendor\dompdf\dompdf\src\FrameDecorator\AbstractFrameDecorator.php(865): Dompdf\FrameReflower\Table->reflow(Object(Dompdf\FrameDecorator\Block))
#10 C:\xampp\htdocs\pegadaian\vendor\dompdf\dompdf\src\FrameReflower\Block.php(871): Dompdf\FrameDecorator\AbstractFrameDecorator->reflow(Object(Dompdf\FrameDecorator\Block))
#11 C:\xampp\htdocs\pegadaian\vendor\dompdf\dompdf\src\FrameDecorator\AbstractFrameDecorator.php(865): Dompdf\FrameReflower\Block->reflow(NULL)
#12 C:\xampp\htdocs\pegadaian\vendor\dompdf\dompdf\src\FrameReflower\Page.php(141): Dompdf\FrameDecorator\AbstractFrameDecorator->reflow()
#13 C:\xampp\htdocs\pegadaian\vendor\dompdf\dompdf\src\FrameDecorator\AbstractFrameDecorator.php(865): Dompdf\FrameReflower\Page->reflow(NULL)
#14 C:\xampp\htdocs\pegadaian\vendor\dompdf\dompdf\src\Dompdf.php(837): Dompdf\FrameDecorator\AbstractFrameDecorator->reflow()
#15 C:\xampp\htdocs\pegadaian\app\Controllers\Export.php(61): Dompdf\Dompdf->render()
#16 C:\xampp\htdocs\pegadaian\vendor\codeigniter4\framework\system\CodeIgniter.php(825): App\Controllers\Export->generate()
#17 C:\xampp\htdocs\pegadaian\vendor\codeigniter4\framework\system\CodeIgniter.php(412): CodeIgniter\CodeIgniter->runController(Object(App\Controllers\Export))
#18 C:\xampp\htdocs\pegadaian\vendor\codeigniter4\framework\system\CodeIgniter.php(320): CodeIgniter\CodeIgniter->handleRequest(NULL, Object(Config\Cache), false)
#19 C:\xampp\htdocs\pegadaian\public\index.php(37): CodeIgniter\CodeIgniter->run()
#20 C:\xampp\htdocs\pegadaian\vendor\codeigniter4\framework\system\Commands\Server\rewrite.php(43): require_once('C:\\xampp\\htdocs...')
#21 {main}
CRITICAL - 2022-01-25 01:50:16 --> Allowed memory size of 536870912 bytes exhausted (tried to allocate 264245248 bytes)
#0 [internal function]: CodeIgniter\Debug\Exceptions->shutdownHandler()
#1 {main}
CRITICAL - 2022-01-25 01:53:04 --> Min/max width is undefined for table rows
#0 C:\xampp\htdocs\pegadaian\vendor\dompdf\dompdf\src\FrameDecorator\AbstractFrameDecorator.php(873): Dompdf\FrameReflower\TableRow->get_min_max_width()
#1 C:\xampp\htdocs\pegadaian\vendor\dompdf\dompdf\src\FrameReflower\AbstractFrameReflower.php(349): Dompdf\FrameDecorator\AbstractFrameDecorator->get_min_max_width()
#2 C:\xampp\htdocs\pegadaian\vendor\dompdf\dompdf\src\FrameReflower\AbstractFrameReflower.php(389): Dompdf\FrameReflower\AbstractFrameReflower->get_min_max_content_width()
#3 C:\xampp\htdocs\pegadaian\vendor\dompdf\dompdf\src\FrameDecorator\AbstractFrameDecorator.php(873): Dompdf\FrameReflower\AbstractFrameReflower->get_min_max_width()
#4 C:\xampp\htdocs\pegadaian\vendor\dompdf\dompdf\src\Cellmap.php(634): Dompdf\FrameDecorator\AbstractFrameDecorator->get_min_max_width()
#5 C:\xampp\htdocs\pegadaian\vendor\dompdf\dompdf\src\Cellmap.php(516): Dompdf\Cellmap->add_frame(Object(Dompdf\FrameDecorator\Block))
#6 C:\xampp\htdocs\pegadaian\vendor\dompdf\dompdf\src\Cellmap.php(516): Dompdf\Cellmap->add_frame(Object(Dompdf\FrameDecorator\TableRowGroup))
#7 C:\xampp\htdocs\pegadaian\vendor\dompdf\dompdf\src\FrameReflower\Table.php(527): Dompdf\Cellmap->add_frame(Object(Dompdf\FrameDecorator\Table))
#8 C:\xampp\htdocs\pegadaian\vendor\dompdf\dompdf\src\FrameReflower\Table.php(395): Dompdf\FrameReflower\Table->get_min_max_width()
#9 C:\xampp\htdocs\pegadaian\vendor\dompdf\dompdf\src\FrameDecorator\AbstractFrameDecorator.php(865): Dompdf\FrameReflower\Table->reflow(Object(Dompdf\FrameDecorator\Block))
#10 C:\xampp\htdocs\pegadaian\vendor\dompdf\dompdf\src\FrameReflower\Block.php(871): Dompdf\FrameDecorator\AbstractFrameDecorator->reflow(Object(Dompdf\FrameDecorator\Block))
#11 C:\xampp\htdocs\pegadaian\vendor\dompdf\dompdf\src\FrameDecorator\AbstractFrameDecorator.php(865): Dompdf\FrameReflower\Block->reflow(NULL)
#12 C:\xampp\htdocs\pegadaian\vendor\dompdf\dompdf\src\FrameReflower\Page.php(141): Dompdf\FrameDecorator\AbstractFrameDecorator->reflow()
#13 C:\xampp\htdocs\pegadaian\vendor\dompdf\dompdf\src\FrameDecorator\AbstractFrameDecorator.php(865): Dompdf\FrameReflower\Page->reflow(NULL)
#14 C:\xampp\htdocs\pegadaian\vendor\dompdf\dompdf\src\Dompdf.php(837): Dompdf\FrameDecorator\AbstractFrameDecorator->reflow()
#15 C:\xampp\htdocs\pegadaian\app\Controllers\Export.php(61): Dompdf\Dompdf->render()
#16 C:\xampp\htdocs\pegadaian\vendor\codeigniter4\framework\system\CodeIgniter.php(825): App\Controllers\Export->generate()
#17 C:\xampp\htdocs\pegadaian\vendor\codeigniter4\framework\system\CodeIgniter.php(412): CodeIgniter\CodeIgniter->runController(Object(App\Controllers\Export))
#18 C:\xampp\htdocs\pegadaian\vendor\codeigniter4\framework\system\CodeIgniter.php(320): CodeIgniter\CodeIgniter->handleRequest(NULL, Object(Config\Cache), false)
#19 C:\xampp\htdocs\pegadaian\public\index.php(37): CodeIgniter\CodeIgniter->run()
#20 C:\xampp\htdocs\pegadaian\vendor\codeigniter4\framework\system\Commands\Server\rewrite.php(43): require_once('C:\\xampp\\htdocs...')
#21 {main}
CRITICAL - 2022-01-25 01:53:05 --> Allowed memory size of 268435456 bytes exhausted (tried to allocate 130027520 bytes)
#0 [internal function]: CodeIgniter\Debug\Exceptions->shutdownHandler()
#1 {main}
CRITICAL - 2022-01-25 01:53:29 --> Min/max width is undefined for table rows
#0 C:\xampp\htdocs\pegadaian\vendor\dompdf\dompdf\src\FrameDecorator\AbstractFrameDecorator.php(873): Dompdf\FrameReflower\TableRow->get_min_max_width()
#1 C:\xampp\htdocs\pegadaian\vendor\dompdf\dompdf\src\FrameReflower\AbstractFrameReflower.php(349): Dompdf\FrameDecorator\AbstractFrameDecorator->get_min_max_width()
#2 C:\xampp\htdocs\pegadaian\vendor\dompdf\dompdf\src\FrameReflower\AbstractFrameReflower.php(389): Dompdf\FrameReflower\AbstractFrameReflower->get_min_max_content_width()
#3 C:\xampp\htdocs\pegadaian\vendor\dompdf\dompdf\src\FrameDecorator\AbstractFrameDecorator.php(873): Dompdf\FrameReflower\AbstractFrameReflower->get_min_max_width()
#4 C:\xampp\htdocs\pegadaian\vendor\dompdf\dompdf\src\Cellmap.php(634): Dompdf\FrameDecorator\AbstractFrameDecorator->get_min_max_width()
#5 C:\xampp\htdocs\pegadaian\vendor\dompdf\dompdf\src\Cellmap.php(516): Dompdf\Cellmap->add_frame(Object(Dompdf\FrameDecorator\Block))
#6 C:\xampp\htdocs\pegadaian\vendor\dompdf\dompdf\src\Cellmap.php(516): Dompdf\Cellmap->add_frame(Object(Dompdf\FrameDecorator\TableRowGroup))
#7 C:\xampp\htdocs\pegadaian\vendor\dompdf\dompdf\src\FrameReflower\Table.php(527): Dompdf\Cellmap->add_frame(Object(Dompdf\FrameDecorator\Table))
#8 C:\xampp\htdocs\pegadaian\vendor\dompdf\dompdf\src\FrameReflower\Table.php(395): Dompdf\FrameReflower\Table->get_min_max_width()
#9 C:\xampp\htdocs\pegadaian\vendor\dompdf\dompdf\src\FrameDecorator\AbstractFrameDecorator.php(865): Dompdf\FrameReflower\Table->reflow(Object(Dompdf\FrameDecorator\Block))
#10 C:\xampp\htdocs\pegadaian\vendor\dompdf\dompdf\src\FrameReflower\Block.php(871): Dompdf\FrameDecorator\AbstractFrameDecorator->reflow(Object(Dompdf\FrameDecorator\Block))
#11 C:\xampp\htdocs\pegadaian\vendor\dompdf\dompdf\src\FrameDecorator\AbstractFrameDecorator.php(865): Dompdf\FrameReflower\Block->reflow(NULL)
#12 C:\xampp\htdocs\pegadaian\vendor\dompdf\dompdf\src\FrameReflower\Page.php(141): Dompdf\FrameDecorator\AbstractFrameDecorator->reflow()
#13 C:\xampp\htdocs\pegadaian\vendor\dompdf\dompdf\src\FrameDecorator\AbstractFrameDecorator.php(865): Dompdf\FrameReflower\Page->reflow(NULL)
#14 C:\xampp\htdocs\pegadaian\vendor\dompdf\dompdf\src\Dompdf.php(837): Dompdf\FrameDecorator\AbstractFrameDecorator->reflow()
#15 C:\xampp\htdocs\pegadaian\app\Controllers\Export.php(61): Dompdf\Dompdf->render()
#16 C:\xampp\htdocs\pegadaian\vendor\codeigniter4\framework\system\CodeIgniter.php(825): App\Controllers\Export->generate()
#17 C:\xampp\htdocs\pegadaian\vendor\codeigniter4\framework\system\CodeIgniter.php(412): CodeIgniter\CodeIgniter->runController(Object(App\Controllers\Export))
#18 C:\xampp\htdocs\pegadaian\vendor\codeigniter4\framework\system\CodeIgniter.php(320): CodeIgniter\CodeIgniter->handleRequest(NULL, Object(Config\Cache), false)
#19 C:\xampp\htdocs\pegadaian\public\index.php(37): CodeIgniter\CodeIgniter->run()
#20 C:\xampp\htdocs\pegadaian\vendor\codeigniter4\framework\system\Commands\Server\rewrite.php(43): require_once('C:\\xampp\\htdocs...')
#21 {main}
CRITICAL - 2022-01-25 01:53:55 --> Allowed memory size of 1048576000 bytes exhausted (tried to allocate 518000640 bytes)
#0 [internal function]: CodeIgniter\Debug\Exceptions->shutdownHandler()
#1 {main}
CRITICAL - 2022-01-25 01:54:16 --> Min/max width is undefined for table rows
#0 C:\xampp\htdocs\pegadaian\vendor\dompdf\dompdf\src\FrameDecorator\AbstractFrameDecorator.php(873): Dompdf\FrameReflower\TableRow->get_min_max_width()
#1 C:\xampp\htdocs\pegadaian\vendor\dompdf\dompdf\src\FrameReflower\AbstractFrameReflower.php(349): Dompdf\FrameDecorator\AbstractFrameDecorator->get_min_max_width()
#2 C:\xampp\htdocs\pegadaian\vendor\dompdf\dompdf\src\FrameReflower\AbstractFrameReflower.php(389): Dompdf\FrameReflower\AbstractFrameReflower->get_min_max_content_width()
#3 C:\xampp\htdocs\pegadaian\vendor\dompdf\dompdf\src\FrameDecorator\AbstractFrameDecorator.php(873): Dompdf\FrameReflower\AbstractFrameReflower->get_min_max_width()
#4 C:\xampp\htdocs\pegadaian\vendor\dompdf\dompdf\src\Cellmap.php(634): Dompdf\FrameDecorator\AbstractFrameDecorator->get_min_max_width()
#5 C:\xampp\htdocs\pegadaian\vendor\dompdf\dompdf\src\Cellmap.php(516): Dompdf\Cellmap->add_frame(Object(Dompdf\FrameDecorator\Block))
#6 C:\xampp\htdocs\pegadaian\vendor\dompdf\dompdf\src\Cellmap.php(516): Dompdf\Cellmap->add_frame(Object(Dompdf\FrameDecorator\TableRowGroup))
#7 C:\xampp\htdocs\pegadaian\vendor\dompdf\dompdf\src\FrameReflower\Table.php(527): Dompdf\Cellmap->add_frame(Object(Dompdf\FrameDecorator\Table))
#8 C:\xampp\htdocs\pegadaian\vendor\dompdf\dompdf\src\FrameReflower\Table.php(395): Dompdf\FrameReflower\Table->get_min_max_width()
#9 C:\xampp\htdocs\pegadaian\vendor\dompdf\dompdf\src\FrameDecorator\AbstractFrameDecorator.php(865): Dompdf\FrameReflower\Table->reflow(Object(Dompdf\FrameDecorator\Block))
#10 C:\xampp\htdocs\pegadaian\vendor\dompdf\dompdf\src\FrameReflower\Block.php(871): Dompdf\FrameDecorator\AbstractFrameDecorator->reflow(Object(Dompdf\FrameDecorator\Block))
#11 C:\xampp\htdocs\pegadaian\vendor\dompdf\dompdf\src\FrameDecorator\AbstractFrameDecorator.php(865): Dompdf\FrameReflower\Block->reflow(NULL)
#12 C:\xampp\htdocs\pegadaian\vendor\dompdf\dompdf\src\FrameReflower\Page.php(141): Dompdf\FrameDecorator\AbstractFrameDecorator->reflow()
#13 C:\xampp\htdocs\pegadaian\vendor\dompdf\dompdf\src\FrameDecorator\AbstractFrameDecorator.php(865): Dompdf\FrameReflower\Page->reflow(NULL)
#14 C:\xampp\htdocs\pegadaian\vendor\dompdf\dompdf\src\Dompdf.php(837): Dompdf\FrameDecorator\AbstractFrameDecorator->reflow()
#15 C:\xampp\htdocs\pegadaian\app\Controllers\Export.php(61): Dompdf\Dompdf->render()
#16 C:\xampp\htdocs\pegadaian\vendor\codeigniter4\framework\system\CodeIgniter.php(825): App\Controllers\Export->generate()
#17 C:\xampp\htdocs\pegadaian\vendor\codeigniter4\framework\system\CodeIgniter.php(412): CodeIgniter\CodeIgniter->runController(Object(App\Controllers\Export))
#18 C:\xampp\htdocs\pegadaian\vendor\codeigniter4\framework\system\CodeIgniter.php(320): CodeIgniter\CodeIgniter->handleRequest(NULL, Object(Config\Cache), false)
#19 C:\xampp\htdocs\pegadaian\public\index.php(37): CodeIgniter\CodeIgniter->run()
#20 C:\xampp\htdocs\pegadaian\vendor\codeigniter4\framework\system\Commands\Server\rewrite.php(43): require_once('C:\\xampp\\htdocs...')
#21 {main}
ERROR - 2022-01-25 16:05:38 --> Duplicate entry 'FG1-72501' for key 'PRIMARY'
CRITICAL - 2022-01-25 16:05:38 --> Duplicate entry 'FG1-72501' for key 'PRIMARY'
#0 C:\xampp\htdocs\pegadaian\vendor\codeigniter4\framework\system\Database\MySQLi\Connection.php(292): mysqli->query('INSERT INTO `pi...', 0)
#1 C:\xampp\htdocs\pegadaian\vendor\codeigniter4\framework\system\Database\BaseConnection.php(670): CodeIgniter\Database\MySQLi\Connection->execute('INSERT INTO `pi...')
#2 C:\xampp\htdocs\pegadaian\vendor\codeigniter4\framework\system\Database\BaseConnection.php(598): CodeIgniter\Database\BaseConnection->simpleQuery('INSERT INTO `pi...')
#3 C:\xampp\htdocs\pegadaian\vendor\codeigniter4\framework\system\Database\BaseBuilder.php(1771): CodeIgniter\Database\BaseConnection->query('INSERT INTO `pi...', Array, false)
#4 C:\xampp\htdocs\pegadaian\app\Models\PegadaianModel.php(68): CodeIgniter\Database\BaseBuilder->insert(Array)
#5 C:\xampp\htdocs\pegadaian\app\Controllers\Pegadaian.php(193): App\Models\PegadaianModel->simpan(Array)
#6 C:\xampp\htdocs\pegadaian\vendor\codeigniter4\framework\system\CodeIgniter.php(825): App\Controllers\Pegadaian->save()
#7 C:\xampp\htdocs\pegadaian\vendor\codeigniter4\framework\system\CodeIgniter.php(412): CodeIgniter\CodeIgniter->runController(Object(App\Controllers\Pegadaian))
#8 C:\xampp\htdocs\pegadaian\vendor\codeigniter4\framework\system\CodeIgniter.php(320): CodeIgniter\CodeIgniter->handleRequest(NULL, Object(Config\Cache), false)
#9 C:\xampp\htdocs\pegadaian\public\index.php(37): CodeIgniter\CodeIgniter->run()
#10 C:\xampp\htdocs\pegadaian\vendor\codeigniter4\framework\system\Commands\Server\rewrite.php(43): require_once('C:\\xampp\\htdocs...')
#11 {main}
CRITICAL - 2022-01-25 17:00:07 --> A non well formed numeric value encountered
#0 C:\xampp\htdocs\pegadaian\app\Controllers\Dashboard.php(44): CodeIgniter\Debug\Exceptions->errorHandler(8, 'A non well form...', 'C:\\xampp\\htdocs...', 44, Array)
#1 C:\xampp\htdocs\pegadaian\vendor\codeigniter4\framework\system\CodeIgniter.php(825): App\Controllers\Dashboard->index()
#2 C:\xampp\htdocs\pegadaian\vendor\codeigniter4\framework\system\CodeIgniter.php(412): CodeIgniter\CodeIgniter->runController(Object(App\Controllers\Dashboard))
#3 C:\xampp\htdocs\pegadaian\vendor\codeigniter4\framework\system\CodeIgniter.php(320): CodeIgniter\CodeIgniter->handleRequest(NULL, Object(Config\Cache), false)
#4 C:\xampp\htdocs\pegadaian\public\index.php(37): CodeIgniter\CodeIgniter->run()
#5 C:\xampp\htdocs\pegadaian\vendor\codeigniter4\framework\system\Commands\Server\rewrite.php(43): require_once('C:\\xampp\\htdocs...')
#6 {main}
CRITICAL - 2022-01-25 17:01:51 --> A non well formed numeric value encountered
#0 C:\xampp\htdocs\pegadaian\app\Controllers\Dashboard.php(47): CodeIgniter\Debug\Exceptions->errorHandler(8, 'A non well form...', 'C:\\xampp\\htdocs...', 47, Array)
#1 C:\xampp\htdocs\pegadaian\vendor\codeigniter4\framework\system\CodeIgniter.php(825): App\Controllers\Dashboard->index()
#2 C:\xampp\htdocs\pegadaian\vendor\codeigniter4\framework\system\CodeIgniter.php(412): CodeIgniter\CodeIgniter->runController(Object(App\Controllers\Dashboard))
#3 C:\xampp\htdocs\pegadaian\vendor\codeigniter4\framework\system\CodeIgniter.php(320): CodeIgniter\CodeIgniter->handleRequest(NULL, Object(Config\Cache), false)
#4 C:\xampp\htdocs\pegadaian\public\index.php(37): CodeIgniter\CodeIgniter->run()
#5 C:\xampp\htdocs\pegadaian\vendor\codeigniter4\framework\system\Commands\Server\rewrite.php(43): require_once('C:\\xampp\\htdocs...')
#6 {main}
CRITICAL - 2022-01-25 03:05:51 --> syntax error, unexpected 'k' (T_STRING)
#0 C:\xampp\htdocs\pegadaian\vendor\codeigniter4\framework\system\Router\Router.php(175): CodeIgniter\Router\Router->autoRoute('dashboard')
#1 C:\xampp\htdocs\pegadaian\vendor\codeigniter4\framework\system\CodeIgniter.php(719): CodeIgniter\Router\Router->handle('dashboard')
#2 C:\xampp\htdocs\pegadaian\vendor\codeigniter4\framework\system\CodeIgniter.php(361): CodeIgniter\CodeIgniter->tryToRouteIt(Object(CodeIgniter\Router\RouteCollection))
#3 C:\xampp\htdocs\pegadaian\vendor\codeigniter4\framework\system\CodeIgniter.php(320): CodeIgniter\CodeIgniter->handleRequest(NULL, Object(Config\Cache), false)
#4 C:\xampp\htdocs\pegadaian\public\index.php(37): CodeIgniter\CodeIgniter->run()
#5 C:\xampp\htdocs\pegadaian\vendor\codeigniter4\framework\system\Commands\Server\rewrite.php(43): require_once('C:\\xampp\\htdocs...')
#6 {main}
CRITICAL - 2022-01-25 21:26:29 --> require(vendor/autoload.php): failed to open stream: No such file or directory
#0 C:\xampp\htdocs\pegadaian\app\Controllers\Excel.php(5): CodeIgniter\Debug\Exceptions->errorHandler(2, 'require(vendor/...', 'C:\\xampp\\htdocs...', 5, Array)
#1 C:\xampp\htdocs\pegadaian\app\Controllers\Excel.php(5): require()
#2 C:\xampp\htdocs\pegadaian\vendor\codeigniter4\framework\system\Router\Router.php(518): include_once('C:\\xampp\\htdocs...')
#3 C:\xampp\htdocs\pegadaian\vendor\codeigniter4\framework\system\Router\Router.php(175): CodeIgniter\Router\Router->autoRoute('excel/export')
#4 C:\xampp\htdocs\pegadaian\vendor\codeigniter4\framework\system\CodeIgniter.php(719): CodeIgniter\Router\Router->handle('excel/export')
#5 C:\xampp\htdocs\pegadaian\vendor\codeigniter4\framework\system\CodeIgniter.php(361): CodeIgniter\CodeIgniter->tryToRouteIt(Object(CodeIgniter\Router\RouteCollection))
#6 C:\xampp\htdocs\pegadaian\vendor\codeigniter4\framework\system\CodeIgniter.php(320): CodeIgniter\CodeIgniter->handleRequest(NULL, Object(Config\Cache), false)
#7 C:\xampp\htdocs\pegadaian\public\index.php(37): CodeIgniter\CodeIgniter->run()
#8 C:\xampp\htdocs\pegadaian\vendor\codeigniter4\framework\system\Commands\Server\rewrite.php(43): require_once('C:\\xampp\\htdocs...')
#9 {main}
