CRITICAL - 2022-01-06 00:18:23 --> Undefined variable: row
#0 C:\xampp\htdocs\pegadaian\app\Views\Pegadaian\datagadai.php(106): CodeIgniter\Debug\Exceptions->errorHandler(8, 'Undefined varia...', 'C:\\xampp\\htdocs...', 106, Array)
#1 C:\xampp\htdocs\pegadaian\vendor\codeigniter4\framework\system\View\View.php(214): include('C:\\xampp\\htdocs...')
#2 C:\xampp\htdocs\pegadaian\vendor\codeigniter4\framework\system\View\View.php(217): CodeIgniter\View\View->CodeIgniter\View\{closure}()
#3 C:\xampp\htdocs\pegadaian\vendor\codeigniter4\framework\system\Common.php(1097): CodeIgniter\View\View->render('pegadaian/datag...', Array, true)
#4 C:\xampp\htdocs\pegadaian\app\Controllers\Pegadaian.php(28): view('pegadaian/datag...', Array)
#5 C:\xampp\htdocs\pegadaian\vendor\codeigniter4\framework\system\CodeIgniter.php(824): App\Controllers\Pegadaian->index()
#6 C:\xampp\htdocs\pegadaian\vendor\codeigniter4\framework\system\CodeIgniter.php(410): CodeIgniter\CodeIgniter->runController(Object(App\Controllers\Pegadaian))
#7 C:\xampp\htdocs\pegadaian\vendor\codeigniter4\framework\system\CodeIgniter.php(318): CodeIgniter\CodeIgniter->handleRequest(NULL, Object(Config\Cache), false)
#8 C:\xampp\htdocs\pegadaian\public\index.php(37): CodeIgniter\CodeIgniter->run()
#9 C:\xampp\htdocs\pegadaian\vendor\codeigniter4\framework\system\Commands\Server\rewrite.php(43): require_once('C:\\xampp\\htdocs...')
#10 {main}
CRITICAL - 2022-01-06 00:19:03 --> Undefined variable: row
#0 C:\xampp\htdocs\pegadaian\app\Views\Pegadaian\datagadai.php(106): CodeIgniter\Debug\Exceptions->errorHandler(8, 'Undefined varia...', 'C:\\xampp\\htdocs...', 106, Array)
#1 C:\xampp\htdocs\pegadaian\vendor\codeigniter4\framework\system\View\View.php(214): include('C:\\xampp\\htdocs...')
#2 C:\xampp\htdocs\pegadaian\vendor\codeigniter4\framework\system\View\View.php(217): CodeIgniter\View\View->CodeIgniter\View\{closure}()
#3 C:\xampp\htdocs\pegadaian\vendor\codeigniter4\framework\system\Common.php(1097): CodeIgniter\View\View->render('pegadaian/datag...', Array, true)
#4 C:\xampp\htdocs\pegadaian\app\Controllers\Pegadaian.php(28): view('pegadaian/datag...', Array)
#5 C:\xampp\htdocs\pegadaian\vendor\codeigniter4\framework\system\CodeIgniter.php(824): App\Controllers\Pegadaian->index()
#6 C:\xampp\htdocs\pegadaian\vendor\codeigniter4\framework\system\CodeIgniter.php(410): CodeIgniter\CodeIgniter->runController(Object(App\Controllers\Pegadaian))
#7 C:\xampp\htdocs\pegadaian\vendor\codeigniter4\framework\system\CodeIgniter.php(318): CodeIgniter\CodeIgniter->handleRequest(NULL, Object(Config\Cache), false)
#8 C:\xampp\htdocs\pegadaian\public\index.php(37): CodeIgniter\CodeIgniter->run()
#9 C:\xampp\htdocs\pegadaian\vendor\codeigniter4\framework\system\Commands\Server\rewrite.php(43): require_once('C:\\xampp\\htdocs...')
#10 {main}
CRITICAL - 2022-01-06 00:19:32 --> Undefined variable: row
#0 C:\xampp\htdocs\pegadaian\app\Views\Pegadaian\datagadai.php(105): CodeIgniter\Debug\Exceptions->errorHandler(8, 'Undefined varia...', 'C:\\xampp\\htdocs...', 105, Array)
#1 C:\xampp\htdocs\pegadaian\vendor\codeigniter4\framework\system\View\View.php(214): include('C:\\xampp\\htdocs...')
#2 C:\xampp\htdocs\pegadaian\vendor\codeigniter4\framework\system\View\View.php(217): CodeIgniter\View\View->CodeIgniter\View\{closure}()
#3 C:\xampp\htdocs\pegadaian\vendor\codeigniter4\framework\system\Common.php(1097): CodeIgniter\View\View->render('pegadaian/datag...', Array, true)
#4 C:\xampp\htdocs\pegadaian\app\Controllers\Pegadaian.php(28): view('pegadaian/datag...', Array)
#5 C:\xampp\htdocs\pegadaian\vendor\codeigniter4\framework\system\CodeIgniter.php(824): App\Controllers\Pegadaian->index()
#6 C:\xampp\htdocs\pegadaian\vendor\codeigniter4\framework\system\CodeIgniter.php(410): CodeIgniter\CodeIgniter->runController(Object(App\Controllers\Pegadaian))
#7 C:\xampp\htdocs\pegadaian\vendor\codeigniter4\framework\system\CodeIgniter.php(318): CodeIgniter\CodeIgniter->handleRequest(NULL, Object(Config\Cache), false)
#8 C:\xampp\htdocs\pegadaian\public\index.php(37): CodeIgniter\CodeIgniter->run()
#9 C:\xampp\htdocs\pegadaian\vendor\codeigniter4\framework\system\Commands\Server\rewrite.php(43): require_once('C:\\xampp\\htdocs...')
#10 {main}
CRITICAL - 2022-01-06 00:19:33 --> Undefined variable: row
#0 C:\xampp\htdocs\pegadaian\app\Views\Pegadaian\datagadai.php(105): CodeIgniter\Debug\Exceptions->errorHandler(8, 'Undefined varia...', 'C:\\xampp\\htdocs...', 105, Array)
#1 C:\xampp\htdocs\pegadaian\vendor\codeigniter4\framework\system\View\View.php(214): include('C:\\xampp\\htdocs...')
#2 C:\xampp\htdocs\pegadaian\vendor\codeigniter4\framework\system\View\View.php(217): CodeIgniter\View\View->CodeIgniter\View\{closure}()
#3 C:\xampp\htdocs\pegadaian\vendor\codeigniter4\framework\system\Common.php(1097): CodeIgniter\View\View->render('pegadaian/datag...', Array, true)
#4 C:\xampp\htdocs\pegadaian\app\Controllers\Pegadaian.php(28): view('pegadaian/datag...', Array)
#5 C:\xampp\htdocs\pegadaian\vendor\codeigniter4\framework\system\CodeIgniter.php(824): App\Controllers\Pegadaian->index()
#6 C:\xampp\htdocs\pegadaian\vendor\codeigniter4\framework\system\CodeIgniter.php(410): CodeIgniter\CodeIgniter->runController(Object(App\Controllers\Pegadaian))
#7 C:\xampp\htdocs\pegadaian\vendor\codeigniter4\framework\system\CodeIgniter.php(318): CodeIgniter\CodeIgniter->handleRequest(NULL, Object(Config\Cache), false)
#8 C:\xampp\htdocs\pegadaian\public\index.php(37): CodeIgniter\CodeIgniter->run()
#9 C:\xampp\htdocs\pegadaian\vendor\codeigniter4\framework\system\Commands\Server\rewrite.php(43): require_once('C:\\xampp\\htdocs...')
#10 {main}
CRITICAL - 2022-01-06 02:24:25 --> Too few arguments to function App\Controllers\Cabang::edit(), 0 passed in C:\xampp\htdocs\pegadaian\vendor\codeigniter4\framework\system\CodeIgniter.php on line 824 and exactly 1 expected
#0 C:\xampp\htdocs\pegadaian\vendor\codeigniter4\framework\system\CodeIgniter.php(824): App\Controllers\Cabang->edit()
#1 C:\xampp\htdocs\pegadaian\vendor\codeigniter4\framework\system\CodeIgniter.php(410): CodeIgniter\CodeIgniter->runController(Object(App\Controllers\Cabang))
#2 C:\xampp\htdocs\pegadaian\vendor\codeigniter4\framework\system\CodeIgniter.php(318): CodeIgniter\CodeIgniter->handleRequest(NULL, Object(Config\Cache), false)
#3 C:\xampp\htdocs\pegadaian\public\index.php(37): CodeIgniter\CodeIgniter->run()
#4 C:\xampp\htdocs\pegadaian\vendor\codeigniter4\framework\system\Commands\Server\rewrite.php(43): require_once('C:\\xampp\\htdocs...')
#5 {main}
ERROR - 2022-01-06 19:31:12 --> Error connecting to the database: No connection could be made because the target machine actively refused it.

CRITICAL - 2022-01-06 19:31:12 --> Unable to connect to the database.
Main connection [MySQLi]: No connection could be made because the target machine actively refused it.

#0 C:\xampp\htdocs\pegadaian\vendor\codeigniter4\framework\system\Database\BaseConnection.php(577): CodeIgniter\Database\BaseConnection->initialize()
#1 C:\xampp\htdocs\pegadaian\vendor\codeigniter4\framework\system\Database\BaseBuilder.php(1443): CodeIgniter\Database\BaseConnection->query('SELECT *\nFROM `...', Array, false)
#2 C:\xampp\htdocs\pegadaian\app\Models\PegadaianModel.php(19): CodeIgniter\Database\BaseBuilder->get()
#3 C:\xampp\htdocs\pegadaian\app\Controllers\Pegadaian.php(26): App\Models\PegadaianModel->getDataGadai()
#4 C:\xampp\htdocs\pegadaian\vendor\codeigniter4\framework\system\CodeIgniter.php(824): App\Controllers\Pegadaian->index()
#5 C:\xampp\htdocs\pegadaian\vendor\codeigniter4\framework\system\CodeIgniter.php(410): CodeIgniter\CodeIgniter->runController(Object(App\Controllers\Pegadaian))
#6 C:\xampp\htdocs\pegadaian\vendor\codeigniter4\framework\system\CodeIgniter.php(318): CodeIgniter\CodeIgniter->handleRequest(NULL, Object(Config\Cache), false)
#7 C:\xampp\htdocs\pegadaian\public\index.php(37): CodeIgniter\CodeIgniter->run()
#8 C:\xampp\htdocs\pegadaian\vendor\codeigniter4\framework\system\Commands\Server\rewrite.php(43): require_once('C:\\xampp\\htdocs...')
#9 {main}
ERROR - 2022-01-06 19:31:17 --> Error connecting to the database: No connection could be made because the target machine actively refused it.

CRITICAL - 2022-01-06 19:31:17 --> Unable to connect to the database.
Main connection [MySQLi]: No connection could be made because the target machine actively refused it.

#0 C:\xampp\htdocs\pegadaian\vendor\codeigniter4\framework\system\Database\BaseConnection.php(577): CodeIgniter\Database\BaseConnection->initialize()
#1 C:\xampp\htdocs\pegadaian\vendor\codeigniter4\framework\system\Database\BaseBuilder.php(1443): CodeIgniter\Database\BaseConnection->query('SELECT *\nFROM `...', Array, false)
#2 C:\xampp\htdocs\pegadaian\app\Models\PegadaianModel.php(19): CodeIgniter\Database\BaseBuilder->get()
#3 C:\xampp\htdocs\pegadaian\app\Controllers\Pegadaian.php(26): App\Models\PegadaianModel->getDataGadai()
#4 C:\xampp\htdocs\pegadaian\vendor\codeigniter4\framework\system\CodeIgniter.php(824): App\Controllers\Pegadaian->index()
#5 C:\xampp\htdocs\pegadaian\vendor\codeigniter4\framework\system\CodeIgniter.php(410): CodeIgniter\CodeIgniter->runController(Object(App\Controllers\Pegadaian))
#6 C:\xampp\htdocs\pegadaian\vendor\codeigniter4\framework\system\CodeIgniter.php(318): CodeIgniter\CodeIgniter->handleRequest(NULL, Object(Config\Cache), false)
#7 C:\xampp\htdocs\pegadaian\public\index.php(37): CodeIgniter\CodeIgniter->run()
#8 C:\xampp\htdocs\pegadaian\vendor\codeigniter4\framework\system\Commands\Server\rewrite.php(43): require_once('C:\\xampp\\htdocs...')
#9 {main}
CRITICAL - 2022-01-06 19:31:34 --> Undefined variable: pegadaian
#0 C:\xampp\htdocs\pegadaian\app\Views\Pegadaian\edit.php(13): CodeIgniter\Debug\Exceptions->errorHandler(8, 'Undefined varia...', 'C:\\xampp\\htdocs...', 13, Array)
#1 C:\xampp\htdocs\pegadaian\vendor\codeigniter4\framework\system\View\View.php(214): include('C:\\xampp\\htdocs...')
#2 C:\xampp\htdocs\pegadaian\vendor\codeigniter4\framework\system\View\View.php(217): CodeIgniter\View\View->CodeIgniter\View\{closure}()
#3 C:\xampp\htdocs\pegadaian\vendor\codeigniter4\framework\system\Common.php(1097): CodeIgniter\View\View->render('pegadaian/edit', Array, true)
#4 C:\xampp\htdocs\pegadaian\app\Controllers\Pegadaian.php(165): view('pegadaian/edit', Array)
#5 C:\xampp\htdocs\pegadaian\vendor\codeigniter4\framework\system\CodeIgniter.php(824): App\Controllers\Pegadaian->edit('4')
#6 C:\xampp\htdocs\pegadaian\vendor\codeigniter4\framework\system\CodeIgniter.php(410): CodeIgniter\CodeIgniter->runController(Object(App\Controllers\Pegadaian))
#7 C:\xampp\htdocs\pegadaian\vendor\codeigniter4\framework\system\CodeIgniter.php(318): CodeIgniter\CodeIgniter->handleRequest(NULL, Object(Config\Cache), false)
#8 C:\xampp\htdocs\pegadaian\public\index.php(37): CodeIgniter\CodeIgniter->run()
#9 C:\xampp\htdocs\pegadaian\vendor\codeigniter4\framework\system\Commands\Server\rewrite.php(43): require_once('C:\\xampp\\htdocs...')
#10 {main}
CRITICAL - 2022-01-06 20:17:03 --> Undefined index: kode_pinjaman
#0 C:\xampp\htdocs\pegadaian\app\Views\Pegadaian\datagadai.php(88): CodeIgniter\Debug\Exceptions->errorHandler(8, 'Undefined index...', 'C:\\xampp\\htdocs...', 88, Array)
#1 C:\xampp\htdocs\pegadaian\vendor\codeigniter4\framework\system\View\View.php(214): include('C:\\xampp\\htdocs...')
#2 C:\xampp\htdocs\pegadaian\vendor\codeigniter4\framework\system\View\View.php(217): CodeIgniter\View\View->CodeIgniter\View\{closure}()
#3 C:\xampp\htdocs\pegadaian\vendor\codeigniter4\framework\system\Common.php(1097): CodeIgniter\View\View->render('pegadaian/datag...', Array, true)
#4 C:\xampp\htdocs\pegadaian\app\Controllers\Pegadaian.php(28): view('pegadaian/datag...', Array)
#5 C:\xampp\htdocs\pegadaian\vendor\codeigniter4\framework\system\CodeIgniter.php(824): App\Controllers\Pegadaian->index()
#6 C:\xampp\htdocs\pegadaian\vendor\codeigniter4\framework\system\CodeIgniter.php(410): CodeIgniter\CodeIgniter->runController(Object(App\Controllers\Pegadaian))
#7 C:\xampp\htdocs\pegadaian\vendor\codeigniter4\framework\system\CodeIgniter.php(318): CodeIgniter\CodeIgniter->handleRequest(NULL, Object(Config\Cache), false)
#8 C:\xampp\htdocs\pegadaian\public\index.php(37): CodeIgniter\CodeIgniter->run()
#9 C:\xampp\htdocs\pegadaian\vendor\codeigniter4\framework\system\Commands\Server\rewrite.php(43): require_once('C:\\xampp\\htdocs...')
#10 {main}
CRITICAL - 2022-01-06 20:35:53 --> Array to string conversion
#0 C:\xampp\htdocs\pegadaian\app\Views\Pegadaian\datagadai.php(49): CodeIgniter\Debug\Exceptions->errorHandler(8, 'Array to string...', 'C:\\xampp\\htdocs...', 49, Array)
#1 C:\xampp\htdocs\pegadaian\vendor\codeigniter4\framework\system\View\View.php(214): include('C:\\xampp\\htdocs...')
#2 C:\xampp\htdocs\pegadaian\vendor\codeigniter4\framework\system\View\View.php(217): CodeIgniter\View\View->CodeIgniter\View\{closure}()
#3 C:\xampp\htdocs\pegadaian\vendor\codeigniter4\framework\system\Common.php(1097): CodeIgniter\View\View->render('pegadaian/datag...', Array, true)
#4 C:\xampp\htdocs\pegadaian\app\Controllers\Pegadaian.php(28): view('pegadaian/datag...', Array)
#5 C:\xampp\htdocs\pegadaian\vendor\codeigniter4\framework\system\CodeIgniter.php(824): App\Controllers\Pegadaian->index()
#6 C:\xampp\htdocs\pegadaian\vendor\codeigniter4\framework\system\CodeIgniter.php(410): CodeIgniter\CodeIgniter->runController(Object(App\Controllers\Pegadaian))
#7 C:\xampp\htdocs\pegadaian\vendor\codeigniter4\framework\system\CodeIgniter.php(318): CodeIgniter\CodeIgniter->handleRequest(NULL, Object(Config\Cache), false)
#8 C:\xampp\htdocs\pegadaian\public\index.php(37): CodeIgniter\CodeIgniter->run()
#9 C:\xampp\htdocs\pegadaian\vendor\codeigniter4\framework\system\Commands\Server\rewrite.php(43): require_once('C:\\xampp\\htdocs...')
#10 {main}
CRITICAL - 2022-01-06 23:09:43 --> Undefined property: App\Controllers\Pegadaian::$load
#0 C:\xampp\htdocs\pegadaian\app\Controllers\Pegadaian.php(20): CodeIgniter\Debug\Exceptions->errorHandler(8, 'Undefined prope...', 'C:\\xampp\\htdocs...', 20, Array)
#1 C:\xampp\htdocs\pegadaian\vendor\codeigniter4\framework\system\CodeIgniter.php(801): App\Controllers\Pegadaian->__construct()
#2 C:\xampp\htdocs\pegadaian\vendor\codeigniter4\framework\system\CodeIgniter.php(401): CodeIgniter\CodeIgniter->createController()
#3 C:\xampp\htdocs\pegadaian\vendor\codeigniter4\framework\system\CodeIgniter.php(318): CodeIgniter\CodeIgniter->handleRequest(NULL, Object(Config\Cache), false)
#4 C:\xampp\htdocs\pegadaian\public\index.php(37): CodeIgniter\CodeIgniter->run()
#5 C:\xampp\htdocs\pegadaian\vendor\codeigniter4\framework\system\Commands\Server\rewrite.php(43): require_once('C:\\xampp\\htdocs...')
#6 {main}
