ERROR - 2022-01-24 08:49:44 --> Unknown column 'kode_pinjaman' in 'field list'
CRITICAL - 2022-01-24 08:49:44 --> Unknown column 'kode_pinjaman' in 'field list'
#0 C:\xampp\htdocs\pegadaian\vendor\codeigniter4\framework\system\Database\MySQLi\Connection.php(292): mysqli->query('INSERT INTO `ka...', 0)
#1 C:\xampp\htdocs\pegadaian\vendor\codeigniter4\framework\system\Database\BaseConnection.php(670): CodeIgniter\Database\MySQLi\Connection->execute('INSERT INTO `ka...')
#2 C:\xampp\htdocs\pegadaian\vendor\codeigniter4\framework\system\Database\BaseConnection.php(598): CodeIgniter\Database\BaseConnection->simpleQuery('INSERT INTO `ka...')
#3 C:\xampp\htdocs\pegadaian\vendor\codeigniter4\framework\system\Database\BaseBuilder.php(1759): CodeIgniter\Database\BaseConnection->query('INSERT INTO `ka...', Array, false)
#4 C:\xampp\htdocs\pegadaian\app\Models\LelangModel.php(18): CodeIgniter\Database\BaseBuilder->insert(Array)
#5 C:\xampp\htdocs\pegadaian\app\Controllers\Pegadaian.php(377): App\Models\LelangModel->simpan(Array)
#6 C:\xampp\htdocs\pegadaian\vendor\codeigniter4\framework\system\CodeIgniter.php(824): App\Controllers\Pegadaian->saveLelang()
#7 C:\xampp\htdocs\pegadaian\vendor\codeigniter4\framework\system\CodeIgniter.php(410): CodeIgniter\CodeIgniter->runController(Object(App\Controllers\Pegadaian))
#8 C:\xampp\htdocs\pegadaian\vendor\codeigniter4\framework\system\CodeIgniter.php(318): CodeIgniter\CodeIgniter->handleRequest(NULL, Object(Config\Cache), false)
#9 C:\xampp\htdocs\pegadaian\public\index.php(37): CodeIgniter\CodeIgniter->run()
#10 C:\xampp\htdocs\pegadaian\vendor\codeigniter4\framework\system\Commands\Server\rewrite.php(43): require_once('C:\\xampp\\htdocs...')
#11 {main}
ERROR - 2022-01-24 08:53:28 --> Column 'keterangan' cannot be null
CRITICAL - 2022-01-24 08:53:28 --> Column 'keterangan' cannot be null
#0 C:\xampp\htdocs\pegadaian\vendor\codeigniter4\framework\system\Database\MySQLi\Connection.php(292): mysqli->query('INSERT INTO `ka...', 0)
#1 C:\xampp\htdocs\pegadaian\vendor\codeigniter4\framework\system\Database\BaseConnection.php(670): CodeIgniter\Database\MySQLi\Connection->execute('INSERT INTO `ka...')
#2 C:\xampp\htdocs\pegadaian\vendor\codeigniter4\framework\system\Database\BaseConnection.php(598): CodeIgniter\Database\BaseConnection->simpleQuery('INSERT INTO `ka...')
#3 C:\xampp\htdocs\pegadaian\vendor\codeigniter4\framework\system\Database\BaseBuilder.php(1759): CodeIgniter\Database\BaseConnection->query('INSERT INTO `ka...', Array, false)
#4 C:\xampp\htdocs\pegadaian\vendor\codeigniter4\framework\system\Model.php(239): CodeIgniter\Database\BaseBuilder->insert()
#5 C:\xampp\htdocs\pegadaian\vendor\codeigniter4\framework\system\BaseModel.php(738): CodeIgniter\Model->doInsert(Array)
#6 C:\xampp\htdocs\pegadaian\vendor\codeigniter4\framework\system\Model.php(620): CodeIgniter\BaseModel->insert(Array, false)
#7 C:\xampp\htdocs\pegadaian\vendor\codeigniter4\framework\system\BaseModel.php(658): CodeIgniter\Model->insert(Array, false)
#8 C:\xampp\htdocs\pegadaian\app\Controllers\Pegadaian.php(392): CodeIgniter\BaseModel->save(Array)
#9 C:\xampp\htdocs\pegadaian\vendor\codeigniter4\framework\system\CodeIgniter.php(824): App\Controllers\Pegadaian->saveLelang()
#10 C:\xampp\htdocs\pegadaian\vendor\codeigniter4\framework\system\CodeIgniter.php(410): CodeIgniter\CodeIgniter->runController(Object(App\Controllers\Pegadaian))
#11 C:\xampp\htdocs\pegadaian\vendor\codeigniter4\framework\system\CodeIgniter.php(318): CodeIgniter\CodeIgniter->handleRequest(NULL, Object(Config\Cache), false)
#12 C:\xampp\htdocs\pegadaian\public\index.php(37): CodeIgniter\CodeIgniter->run()
#13 C:\xampp\htdocs\pegadaian\vendor\codeigniter4\framework\system\Commands\Server\rewrite.php(43): require_once('C:\\xampp\\htdocs...')
#14 {main}
ERROR - 2022-01-24 08:55:08 --> Column 'kode_cabang' cannot be null
CRITICAL - 2022-01-24 08:55:08 --> Column 'kode_cabang' cannot be null
#0 C:\xampp\htdocs\pegadaian\vendor\codeigniter4\framework\system\Database\MySQLi\Connection.php(292): mysqli->query('INSERT INTO `ka...', 0)
#1 C:\xampp\htdocs\pegadaian\vendor\codeigniter4\framework\system\Database\BaseConnection.php(670): CodeIgniter\Database\MySQLi\Connection->execute('INSERT INTO `ka...')
#2 C:\xampp\htdocs\pegadaian\vendor\codeigniter4\framework\system\Database\BaseConnection.php(598): CodeIgniter\Database\BaseConnection->simpleQuery('INSERT INTO `ka...')
#3 C:\xampp\htdocs\pegadaian\vendor\codeigniter4\framework\system\Database\BaseBuilder.php(1759): CodeIgniter\Database\BaseConnection->query('INSERT INTO `ka...', Array, false)
#4 C:\xampp\htdocs\pegadaian\vendor\codeigniter4\framework\system\Model.php(239): CodeIgniter\Database\BaseBuilder->insert()
#5 C:\xampp\htdocs\pegadaian\vendor\codeigniter4\framework\system\BaseModel.php(738): CodeIgniter\Model->doInsert(Array)
#6 C:\xampp\htdocs\pegadaian\vendor\codeigniter4\framework\system\Model.php(620): CodeIgniter\BaseModel->insert(Array, false)
#7 C:\xampp\htdocs\pegadaian\vendor\codeigniter4\framework\system\BaseModel.php(658): CodeIgniter\Model->insert(Array, false)
#8 C:\xampp\htdocs\pegadaian\app\Controllers\Pegadaian.php(392): CodeIgniter\BaseModel->save(Array)
#9 C:\xampp\htdocs\pegadaian\vendor\codeigniter4\framework\system\CodeIgniter.php(824): App\Controllers\Pegadaian->saveLelang()
#10 C:\xampp\htdocs\pegadaian\vendor\codeigniter4\framework\system\CodeIgniter.php(410): CodeIgniter\CodeIgniter->runController(Object(App\Controllers\Pegadaian))
#11 C:\xampp\htdocs\pegadaian\vendor\codeigniter4\framework\system\CodeIgniter.php(318): CodeIgniter\CodeIgniter->handleRequest(NULL, Object(Config\Cache), false)
#12 C:\xampp\htdocs\pegadaian\public\index.php(37): CodeIgniter\CodeIgniter->run()
#13 C:\xampp\htdocs\pegadaian\vendor\codeigniter4\framework\system\Commands\Server\rewrite.php(43): require_once('C:\\xampp\\htdocs...')
#14 {main}
CRITICAL - 2022-01-24 09:10:07 --> Undefined variable: gadai
#0 C:\xampp\htdocs\pegadaian\app\Views\Pegadaian\datagadai.php(49): CodeIgniter\Debug\Exceptions->errorHandler(8, 'Undefined varia...', 'C:\\xampp\\htdocs...', 49, Array)
#1 C:\xampp\htdocs\pegadaian\vendor\codeigniter4\framework\system\View\View.php(214): include('C:\\xampp\\htdocs...')
#2 C:\xampp\htdocs\pegadaian\vendor\codeigniter4\framework\system\View\View.php(217): CodeIgniter\View\View->CodeIgniter\View\{closure}()
#3 C:\xampp\htdocs\pegadaian\vendor\codeigniter4\framework\system\Common.php(1097): CodeIgniter\View\View->render('pegadaian/datag...', Array, true)
#4 C:\xampp\htdocs\pegadaian\app\Controllers\Pegadaian.php(337): view('pegadaian/datag...', Array)
#5 C:\xampp\htdocs\pegadaian\vendor\codeigniter4\framework\system\CodeIgniter.php(824): App\Controllers\Pegadaian->lelang()
#6 C:\xampp\htdocs\pegadaian\vendor\codeigniter4\framework\system\CodeIgniter.php(410): CodeIgniter\CodeIgniter->runController(Object(App\Controllers\Pegadaian))
#7 C:\xampp\htdocs\pegadaian\vendor\codeigniter4\framework\system\CodeIgniter.php(318): CodeIgniter\CodeIgniter->handleRequest(NULL, Object(Config\Cache), false)
#8 C:\xampp\htdocs\pegadaian\public\index.php(37): CodeIgniter\CodeIgniter->run()
#9 C:\xampp\htdocs\pegadaian\vendor\codeigniter4\framework\system\Commands\Server\rewrite.php(43): require_once('C:\\xampp\\htdocs...')
#10 {main}
CRITICAL - 2022-01-24 09:10:30 --> Cannot use object of type stdClass as array
#0 C:\xampp\htdocs\pegadaian\vendor\codeigniter4\framework\system\View\View.php(214): include()
#1 C:\xampp\htdocs\pegadaian\vendor\codeigniter4\framework\system\View\View.php(217): CodeIgniter\View\View->CodeIgniter\View\{closure}()
#2 C:\xampp\htdocs\pegadaian\vendor\codeigniter4\framework\system\Common.php(1097): CodeIgniter\View\View->render('lelang/datalela...', Array, true)
#3 C:\xampp\htdocs\pegadaian\app\Controllers\Pegadaian.php(337): view('lelang/datalela...', Array)
#4 C:\xampp\htdocs\pegadaian\vendor\codeigniter4\framework\system\CodeIgniter.php(824): App\Controllers\Pegadaian->lelang()
#5 C:\xampp\htdocs\pegadaian\vendor\codeigniter4\framework\system\CodeIgniter.php(410): CodeIgniter\CodeIgniter->runController(Object(App\Controllers\Pegadaian))
#6 C:\xampp\htdocs\pegadaian\vendor\codeigniter4\framework\system\CodeIgniter.php(318): CodeIgniter\CodeIgniter->handleRequest(NULL, Object(Config\Cache), false)
#7 C:\xampp\htdocs\pegadaian\public\index.php(37): CodeIgniter\CodeIgniter->run()
#8 C:\xampp\htdocs\pegadaian\vendor\codeigniter4\framework\system\Commands\Server\rewrite.php(43): require_once('C:\\xampp\\htdocs...')
#9 {main}
CRITICAL - 2022-01-24 09:32:13 --> Undefined variable: title
#0 C:\xampp\htdocs\pegadaian\app\Views\layout\default.php(7): CodeIgniter\Debug\Exceptions->errorHandler(8, 'Undefined varia...', 'C:\\xampp\\htdocs...', 7, Array)
#1 C:\xampp\htdocs\pegadaian\vendor\codeigniter4\framework\system\View\View.php(214): include('C:\\xampp\\htdocs...')
#2 C:\xampp\htdocs\pegadaian\vendor\codeigniter4\framework\system\View\View.php(217): CodeIgniter\View\View->CodeIgniter\View\{closure}()
#3 C:\xampp\htdocs\pegadaian\vendor\codeigniter4\framework\system\View\View.php(230): CodeIgniter\View\View->render('layout/default', Array, true)
#4 C:\xampp\htdocs\pegadaian\vendor\codeigniter4\framework\system\Common.php(1097): CodeIgniter\View\View->render('laporan/datalap...', Array, true)
#5 C:\xampp\htdocs\pegadaian\app\Controllers\Laporan.php(19): view('laporan/datalap...')
#6 C:\xampp\htdocs\pegadaian\vendor\codeigniter4\framework\system\CodeIgniter.php(824): App\Controllers\Laporan->index()
#7 C:\xampp\htdocs\pegadaian\vendor\codeigniter4\framework\system\CodeIgniter.php(410): CodeIgniter\CodeIgniter->runController(Object(App\Controllers\Laporan))
#8 C:\xampp\htdocs\pegadaian\vendor\codeigniter4\framework\system\CodeIgniter.php(318): CodeIgniter\CodeIgniter->handleRequest(NULL, Object(Config\Cache), false)
#9 C:\xampp\htdocs\pegadaian\public\index.php(37): CodeIgniter\CodeIgniter->run()
#10 C:\xampp\htdocs\pegadaian\vendor\codeigniter4\framework\system\Commands\Server\rewrite.php(43): require_once('C:\\xampp\\htdocs...')
#11 {main}
CRITICAL - 2022-01-24 09:32:41 --> Undefined variable: title
#0 C:\xampp\htdocs\pegadaian\app\Views\layout\default.php(7): CodeIgniter\Debug\Exceptions->errorHandler(8, 'Undefined varia...', 'C:\\xampp\\htdocs...', 7, Array)
#1 C:\xampp\htdocs\pegadaian\vendor\codeigniter4\framework\system\View\View.php(214): include('C:\\xampp\\htdocs...')
#2 C:\xampp\htdocs\pegadaian\vendor\codeigniter4\framework\system\View\View.php(217): CodeIgniter\View\View->CodeIgniter\View\{closure}()
#3 C:\xampp\htdocs\pegadaian\vendor\codeigniter4\framework\system\View\View.php(230): CodeIgniter\View\View->render('layout/default', Array, true)
#4 C:\xampp\htdocs\pegadaian\vendor\codeigniter4\framework\system\Common.php(1097): CodeIgniter\View\View->render('laporan/datalap...', Array, true)
#5 C:\xampp\htdocs\pegadaian\app\Controllers\Laporan.php(19): view('laporan/datalap...')
#6 C:\xampp\htdocs\pegadaian\vendor\codeigniter4\framework\system\CodeIgniter.php(824): App\Controllers\Laporan->index()
#7 C:\xampp\htdocs\pegadaian\vendor\codeigniter4\framework\system\CodeIgniter.php(410): CodeIgniter\CodeIgniter->runController(Object(App\Controllers\Laporan))
#8 C:\xampp\htdocs\pegadaian\vendor\codeigniter4\framework\system\CodeIgniter.php(318): CodeIgniter\CodeIgniter->handleRequest(NULL, Object(Config\Cache), false)
#9 C:\xampp\htdocs\pegadaian\public\index.php(37): CodeIgniter\CodeIgniter->run()
#10 C:\xampp\htdocs\pegadaian\vendor\codeigniter4\framework\system\Commands\Server\rewrite.php(43): require_once('C:\\xampp\\htdocs...')
#11 {main}
CRITICAL - 2022-01-24 09:58:47 --> Undefined variable: title
#0 C:\xampp\htdocs\pegadaian\app\Views\layout\default.php(7): CodeIgniter\Debug\Exceptions->errorHandler(8, 'Undefined varia...', 'C:\\xampp\\htdocs...', 7, Array)
#1 C:\xampp\htdocs\pegadaian\vendor\codeigniter4\framework\system\View\View.php(214): include('C:\\xampp\\htdocs...')
#2 C:\xampp\htdocs\pegadaian\vendor\codeigniter4\framework\system\View\View.php(217): CodeIgniter\View\View->CodeIgniter\View\{closure}()
#3 C:\xampp\htdocs\pegadaian\vendor\codeigniter4\framework\system\View\View.php(230): CodeIgniter\View\View->render('layout/default', Array, true)
#4 C:\xampp\htdocs\pegadaian\vendor\codeigniter4\framework\system\Common.php(1097): CodeIgniter\View\View->render('pegadaian/formg...', Array, true)
#5 C:\xampp\htdocs\pegadaian\app\Controllers\Pegadaian.php(84): view('pegadaian/formg...', Array)
#6 C:\xampp\htdocs\pegadaian\vendor\codeigniter4\framework\system\CodeIgniter.php(824): App\Controllers\Pegadaian->create()
#7 C:\xampp\htdocs\pegadaian\vendor\codeigniter4\framework\system\CodeIgniter.php(410): CodeIgniter\CodeIgniter->runController(Object(App\Controllers\Pegadaian))
#8 C:\xampp\htdocs\pegadaian\vendor\codeigniter4\framework\system\CodeIgniter.php(318): CodeIgniter\CodeIgniter->handleRequest(NULL, Object(Config\Cache), false)
#9 C:\xampp\htdocs\pegadaian\public\index.php(37): CodeIgniter\CodeIgniter->run()
#10 C:\xampp\htdocs\pegadaian\vendor\codeigniter4\framework\system\Commands\Server\rewrite.php(43): require_once('C:\\xampp\\htdocs...')
#11 {main}
CRITICAL - 2022-01-24 10:08:19 --> [] operator not supported for strings
#0 C:\xampp\htdocs\pegadaian\vendor\codeigniter4\framework\system\CodeIgniter.php(824): App\Controllers\Cabang->myTable()
#1 C:\xampp\htdocs\pegadaian\vendor\codeigniter4\framework\system\CodeIgniter.php(410): CodeIgniter\CodeIgniter->runController(Object(App\Controllers\Cabang))
#2 C:\xampp\htdocs\pegadaian\vendor\codeigniter4\framework\system\CodeIgniter.php(318): CodeIgniter\CodeIgniter->handleRequest(NULL, Object(Config\Cache), false)
#3 C:\xampp\htdocs\pegadaian\public\index.php(37): CodeIgniter\CodeIgniter->run()
#4 C:\xampp\htdocs\pegadaian\vendor\codeigniter4\framework\system\Commands\Server\rewrite.php(43): require_once('C:\\xampp\\htdocs...')
#5 {main}
CRITICAL - 2022-01-24 10:38:23 --> Undefined variable: query
#0 C:\xampp\htdocs\pegadaian\app\Models\PegadaianModel.php(95): CodeIgniter\Debug\Exceptions->errorHandler(8, 'Undefined varia...', 'C:\\xampp\\htdocs...', 95, Array)
#1 C:\xampp\htdocs\pegadaian\app\Controllers\Dashboard.php(46): App\Models\PegadaianModel->getTotalPinjaman()
#2 C:\xampp\htdocs\pegadaian\vendor\codeigniter4\framework\system\CodeIgniter.php(824): App\Controllers\Dashboard->index()
#3 C:\xampp\htdocs\pegadaian\vendor\codeigniter4\framework\system\CodeIgniter.php(410): CodeIgniter\CodeIgniter->runController(Object(App\Controllers\Dashboard))
#4 C:\xampp\htdocs\pegadaian\vendor\codeigniter4\framework\system\CodeIgniter.php(318): CodeIgniter\CodeIgniter->handleRequest(NULL, Object(Config\Cache), false)
#5 C:\xampp\htdocs\pegadaian\public\index.php(37): CodeIgniter\CodeIgniter->run()
#6 C:\xampp\htdocs\pegadaian\vendor\codeigniter4\framework\system\Commands\Server\rewrite.php(43): require_once('C:\\xampp\\htdocs...')
#7 {main}
CRITICAL - 2022-01-24 10:38:34 --> Undefined variable: query
#0 C:\xampp\htdocs\pegadaian\app\Models\PegadaianModel.php(95): CodeIgniter\Debug\Exceptions->errorHandler(8, 'Undefined varia...', 'C:\\xampp\\htdocs...', 95, Array)
#1 C:\xampp\htdocs\pegadaian\app\Controllers\Dashboard.php(46): App\Models\PegadaianModel->getTotalPinjaman()
#2 C:\xampp\htdocs\pegadaian\vendor\codeigniter4\framework\system\CodeIgniter.php(824): App\Controllers\Dashboard->index()
#3 C:\xampp\htdocs\pegadaian\vendor\codeigniter4\framework\system\CodeIgniter.php(410): CodeIgniter\CodeIgniter->runController(Object(App\Controllers\Dashboard))
#4 C:\xampp\htdocs\pegadaian\vendor\codeigniter4\framework\system\CodeIgniter.php(318): CodeIgniter\CodeIgniter->handleRequest(NULL, Object(Config\Cache), false)
#5 C:\xampp\htdocs\pegadaian\public\index.php(37): CodeIgniter\CodeIgniter->run()
#6 C:\xampp\htdocs\pegadaian\vendor\codeigniter4\framework\system\Commands\Server\rewrite.php(43): require_once('C:\\xampp\\htdocs...')
#7 {main}
ERROR - 2022-01-24 10:56:40 --> You have an error in your SQL syntax; check the manual that corresponds to your MariaDB server version for the right syntax to use near 'WHERE tgl_gadai = date(NOW())) AS jumlah_pinjaman WHERE tgl_gadai = date(NOW(...' at line 1
CRITICAL - 2022-01-24 10:56:40 --> You have an error in your SQL syntax; check the manual that corresponds to your MariaDB server version for the right syntax to use near 'WHERE tgl_gadai = date(NOW())) AS jumlah_pinjaman WHERE tgl_gadai = date(NOW(...' at line 1
#0 C:\xampp\htdocs\pegadaian\vendor\codeigniter4\framework\system\Database\MySQLi\Connection.php(292): mysqli->query('SELECT SUM(juml...', 0)
#1 C:\xampp\htdocs\pegadaian\vendor\codeigniter4\framework\system\Database\BaseConnection.php(670): CodeIgniter\Database\MySQLi\Connection->execute('SELECT SUM(juml...')
#2 C:\xampp\htdocs\pegadaian\vendor\codeigniter4\framework\system\Database\BaseConnection.php(598): CodeIgniter\Database\BaseConnection->simpleQuery('SELECT SUM(juml...')
#3 C:\xampp\htdocs\pegadaian\vendor\codeigniter4\framework\system\Database\BaseBuilder.php(1443): CodeIgniter\Database\BaseConnection->query('SELECT SUM(juml...', Array, false)
#4 C:\xampp\htdocs\pegadaian\vendor\codeigniter4\framework\system\Model.php(723): CodeIgniter\Database\BaseBuilder->get()
#5 C:\xampp\htdocs\pegadaian\app\Models\PegadaianModel.php(99): CodeIgniter\Model->__call('get', Array)
#6 C:\xampp\htdocs\pegadaian\app\Controllers\Dashboard.php(46): App\Models\PegadaianModel->getTotalPinjaman()
#7 C:\xampp\htdocs\pegadaian\vendor\codeigniter4\framework\system\CodeIgniter.php(824): App\Controllers\Dashboard->index()
#8 C:\xampp\htdocs\pegadaian\vendor\codeigniter4\framework\system\CodeIgniter.php(410): CodeIgniter\CodeIgniter->runController(Object(App\Controllers\Dashboard))
#9 C:\xampp\htdocs\pegadaian\vendor\codeigniter4\framework\system\CodeIgniter.php(318): CodeIgniter\CodeIgniter->handleRequest(NULL, Object(Config\Cache), false)
#10 C:\xampp\htdocs\pegadaian\public\index.php(37): CodeIgniter\CodeIgniter->run()
#11 C:\xampp\htdocs\pegadaian\vendor\codeigniter4\framework\system\Commands\Server\rewrite.php(43): require_once('C:\\xampp\\htdocs...')
#12 {main}
CRITICAL - 2022-01-24 11:00:12 --> Argument 1 passed to CodeIgniter\Database\BaseBuilder::selectSum() must be of the type string, object given, called in C:\xampp\htdocs\pegadaian\vendor\codeigniter4\framework\system\Model.php on line 723
#0 C:\xampp\htdocs\pegadaian\vendor\codeigniter4\framework\system\Model.php(723): CodeIgniter\Database\BaseBuilder->selectSum(Object(CodeIgniter\Database\MySQLi\Result))
#1 C:\xampp\htdocs\pegadaian\app\Models\PegadaianModel.php(91): CodeIgniter\Model->__call('selectSum', Array)
#2 C:\xampp\htdocs\pegadaian\app\Controllers\Dashboard.php(46): App\Models\PegadaianModel->getTotalPinjaman()
#3 C:\xampp\htdocs\pegadaian\vendor\codeigniter4\framework\system\CodeIgniter.php(824): App\Controllers\Dashboard->index()
#4 C:\xampp\htdocs\pegadaian\vendor\codeigniter4\framework\system\CodeIgniter.php(410): CodeIgniter\CodeIgniter->runController(Object(App\Controllers\Dashboard))
#5 C:\xampp\htdocs\pegadaian\vendor\codeigniter4\framework\system\CodeIgniter.php(318): CodeIgniter\CodeIgniter->handleRequest(NULL, Object(Config\Cache), false)
#6 C:\xampp\htdocs\pegadaian\public\index.php(37): CodeIgniter\CodeIgniter->run()
#7 C:\xampp\htdocs\pegadaian\vendor\codeigniter4\framework\system\Commands\Server\rewrite.php(43): require_once('C:\\xampp\\htdocs...')
#8 {main}
CRITICAL - 2022-01-24 11:01:53 --> Call to undefined method App\Models\PegadaianModel::getResultArray
#0 C:\xampp\htdocs\pegadaian\app\Models\PegadaianModel.php(94): CodeIgniter\Model->__call('getResultArray', Array)
#1 C:\xampp\htdocs\pegadaian\app\Controllers\Dashboard.php(46): App\Models\PegadaianModel->getTotalPinjaman()
#2 C:\xampp\htdocs\pegadaian\vendor\codeigniter4\framework\system\CodeIgniter.php(824): App\Controllers\Dashboard->index()
#3 C:\xampp\htdocs\pegadaian\vendor\codeigniter4\framework\system\CodeIgniter.php(410): CodeIgniter\CodeIgniter->runController(Object(App\Controllers\Dashboard))
#4 C:\xampp\htdocs\pegadaian\vendor\codeigniter4\framework\system\CodeIgniter.php(318): CodeIgniter\CodeIgniter->handleRequest(NULL, Object(Config\Cache), false)
#5 C:\xampp\htdocs\pegadaian\public\index.php(37): CodeIgniter\CodeIgniter->run()
#6 C:\xampp\htdocs\pegadaian\vendor\codeigniter4\framework\system\Commands\Server\rewrite.php(43): require_once('C:\\xampp\\htdocs...')
#7 {main}
CRITICAL - 2022-01-24 11:04:55 --> Cannot use object of type App\Models\PegadaianModel as array
#0 C:\xampp\htdocs\pegadaian\vendor\codeigniter4\framework\system\CodeIgniter.php(824): App\Controllers\Dashboard->index()
#1 C:\xampp\htdocs\pegadaian\vendor\codeigniter4\framework\system\CodeIgniter.php(410): CodeIgniter\CodeIgniter->runController(Object(App\Controllers\Dashboard))
#2 C:\xampp\htdocs\pegadaian\vendor\codeigniter4\framework\system\CodeIgniter.php(318): CodeIgniter\CodeIgniter->handleRequest(NULL, Object(Config\Cache), false)
#3 C:\xampp\htdocs\pegadaian\public\index.php(37): CodeIgniter\CodeIgniter->run()
#4 C:\xampp\htdocs\pegadaian\vendor\codeigniter4\framework\system\Commands\Server\rewrite.php(43): require_once('C:\\xampp\\htdocs...')
#5 {main}
CRITICAL - 2022-01-24 11:07:46 --> number_format() expects parameter 1 to be float, array given
#0 [internal function]: CodeIgniter\Debug\Exceptions->errorHandler(2, 'number_format()...', 'C:\\xampp\\htdocs...', 4, Array)
#1 C:\xampp\htdocs\pegadaian\app\Helpers\currency_helper.php(4): number_format(Array)
#2 C:\xampp\htdocs\pegadaian\app\Views\Dashboard\homepage.php(83): rupiah(Array)
#3 C:\xampp\htdocs\pegadaian\vendor\codeigniter4\framework\system\View\View.php(214): include('C:\\xampp\\htdocs...')
#4 C:\xampp\htdocs\pegadaian\vendor\codeigniter4\framework\system\View\View.php(217): CodeIgniter\View\View->CodeIgniter\View\{closure}()
#5 C:\xampp\htdocs\pegadaian\vendor\codeigniter4\framework\system\Common.php(1097): CodeIgniter\View\View->render('dashboard/homep...', Array, true)
#6 C:\xampp\htdocs\pegadaian\app\Controllers\Dashboard.php(49): view('dashboard/homep...', Array)
#7 C:\xampp\htdocs\pegadaian\vendor\codeigniter4\framework\system\CodeIgniter.php(824): App\Controllers\Dashboard->index()
#8 C:\xampp\htdocs\pegadaian\vendor\codeigniter4\framework\system\CodeIgniter.php(410): CodeIgniter\CodeIgniter->runController(Object(App\Controllers\Dashboard))
#9 C:\xampp\htdocs\pegadaian\vendor\codeigniter4\framework\system\CodeIgniter.php(318): CodeIgniter\CodeIgniter->handleRequest(NULL, Object(Config\Cache), false)
#10 C:\xampp\htdocs\pegadaian\public\index.php(37): CodeIgniter\CodeIgniter->run()
#11 C:\xampp\htdocs\pegadaian\vendor\codeigniter4\framework\system\Commands\Server\rewrite.php(43): require_once('C:\\xampp\\htdocs...')
#12 {main}
CRITICAL - 2022-01-24 11:16:04 --> Argument 1 passed to CodeIgniter\Database\BaseBuilder::selectSum() must be of the type string, object given, called in C:\xampp\htdocs\pegadaian\vendor\codeigniter4\framework\system\Model.php on line 723
#0 C:\xampp\htdocs\pegadaian\vendor\codeigniter4\framework\system\Model.php(723): CodeIgniter\Database\BaseBuilder->selectSum(Object(CodeIgniter\Database\MySQLi\Result))
#1 C:\xampp\htdocs\pegadaian\app\Models\PegadaianModel.php(99): CodeIgniter\Model->__call('selectSum', Array)
#2 C:\xampp\htdocs\pegadaian\app\Controllers\Dashboard.php(46): App\Models\PegadaianModel->getTotalPinjaman()
#3 C:\xampp\htdocs\pegadaian\vendor\codeigniter4\framework\system\CodeIgniter.php(824): App\Controllers\Dashboard->index()
#4 C:\xampp\htdocs\pegadaian\vendor\codeigniter4\framework\system\CodeIgniter.php(410): CodeIgniter\CodeIgniter->runController(Object(App\Controllers\Dashboard))
#5 C:\xampp\htdocs\pegadaian\vendor\codeigniter4\framework\system\CodeIgniter.php(318): CodeIgniter\CodeIgniter->handleRequest(NULL, Object(Config\Cache), false)
#6 C:\xampp\htdocs\pegadaian\public\index.php(37): CodeIgniter\CodeIgniter->run()
#7 C:\xampp\htdocs\pegadaian\vendor\codeigniter4\framework\system\Commands\Server\rewrite.php(43): require_once('C:\\xampp\\htdocs...')
#8 {main}
CRITICAL - 2022-01-24 11:16:34 --> count(): Parameter must be an array or an object that implements Countable
#0 [internal function]: CodeIgniter\Debug\Exceptions->errorHandler(2, 'count(): Parame...', 'C:\\xampp\\htdocs...', 99, Array)
#1 C:\xampp\htdocs\pegadaian\app\Models\PegadaianModel.php(99): count(Object(CodeIgniter\Database\MySQLi\Result))
#2 C:\xampp\htdocs\pegadaian\app\Controllers\Dashboard.php(46): App\Models\PegadaianModel->getTotalPinjaman()
#3 C:\xampp\htdocs\pegadaian\vendor\codeigniter4\framework\system\CodeIgniter.php(824): App\Controllers\Dashboard->index()
#4 C:\xampp\htdocs\pegadaian\vendor\codeigniter4\framework\system\CodeIgniter.php(410): CodeIgniter\CodeIgniter->runController(Object(App\Controllers\Dashboard))
#5 C:\xampp\htdocs\pegadaian\vendor\codeigniter4\framework\system\CodeIgniter.php(318): CodeIgniter\CodeIgniter->handleRequest(NULL, Object(Config\Cache), false)
#6 C:\xampp\htdocs\pegadaian\public\index.php(37): CodeIgniter\CodeIgniter->run()
#7 C:\xampp\htdocs\pegadaian\vendor\codeigniter4\framework\system\Commands\Server\rewrite.php(43): require_once('C:\\xampp\\htdocs...')
#8 {main}
CRITICAL - 2022-01-24 11:18:17 --> Trying to access array offset on value of type int
#0 C:\xampp\htdocs\pegadaian\app\Controllers\Dashboard.php(46): CodeIgniter\Debug\Exceptions->errorHandler(8, 'Trying to acces...', 'C:\\xampp\\htdocs...', 46, Array)
#1 C:\xampp\htdocs\pegadaian\vendor\codeigniter4\framework\system\CodeIgniter.php(824): App\Controllers\Dashboard->index()
#2 C:\xampp\htdocs\pegadaian\vendor\codeigniter4\framework\system\CodeIgniter.php(410): CodeIgniter\CodeIgniter->runController(Object(App\Controllers\Dashboard))
#3 C:\xampp\htdocs\pegadaian\vendor\codeigniter4\framework\system\CodeIgniter.php(318): CodeIgniter\CodeIgniter->handleRequest(NULL, Object(Config\Cache), false)
#4 C:\xampp\htdocs\pegadaian\public\index.php(37): CodeIgniter\CodeIgniter->run()
#5 C:\xampp\htdocs\pegadaian\vendor\codeigniter4\framework\system\Commands\Server\rewrite.php(43): require_once('C:\\xampp\\htdocs...')
#6 {main}
CRITICAL - 2022-01-24 11:19:12 --> Call to undefined method CodeIgniter\Database\MySQLi\Result::selectSum()
#0 C:\xampp\htdocs\pegadaian\app\Controllers\Dashboard.php(46): App\Models\PegadaianModel->getTotalPinjaman()
#1 C:\xampp\htdocs\pegadaian\vendor\codeigniter4\framework\system\CodeIgniter.php(824): App\Controllers\Dashboard->index()
#2 C:\xampp\htdocs\pegadaian\vendor\codeigniter4\framework\system\CodeIgniter.php(410): CodeIgniter\CodeIgniter->runController(Object(App\Controllers\Dashboard))
#3 C:\xampp\htdocs\pegadaian\vendor\codeigniter4\framework\system\CodeIgniter.php(318): CodeIgniter\CodeIgniter->handleRequest(NULL, Object(Config\Cache), false)
#4 C:\xampp\htdocs\pegadaian\public\index.php(37): CodeIgniter\CodeIgniter->run()
#5 C:\xampp\htdocs\pegadaian\vendor\codeigniter4\framework\system\Commands\Server\rewrite.php(43): require_once('C:\\xampp\\htdocs...')
#6 {main}
CRITICAL - 2022-01-24 11:24:07 --> Cannot use object of type CodeIgniter\Database\MySQLi\Result as array
#0 C:\xampp\htdocs\pegadaian\vendor\codeigniter4\framework\system\CodeIgniter.php(824): App\Controllers\Dashboard->index()
#1 C:\xampp\htdocs\pegadaian\vendor\codeigniter4\framework\system\CodeIgniter.php(410): CodeIgniter\CodeIgniter->runController(Object(App\Controllers\Dashboard))
#2 C:\xampp\htdocs\pegadaian\vendor\codeigniter4\framework\system\CodeIgniter.php(318): CodeIgniter\CodeIgniter->handleRequest(NULL, Object(Config\Cache), false)
#3 C:\xampp\htdocs\pegadaian\public\index.php(37): CodeIgniter\CodeIgniter->run()
#4 C:\xampp\htdocs\pegadaian\vendor\codeigniter4\framework\system\Commands\Server\rewrite.php(43): require_once('C:\\xampp\\htdocs...')
#5 {main}
CRITICAL - 2022-01-24 11:35:42 --> Undefined index: jumlah_pinjaman
#0 C:\xampp\htdocs\pegadaian\app\Controllers\Dashboard.php(46): CodeIgniter\Debug\Exceptions->errorHandler(8, 'Undefined index...', 'C:\\xampp\\htdocs...', 46, Array)
#1 C:\xampp\htdocs\pegadaian\vendor\codeigniter4\framework\system\CodeIgniter.php(824): App\Controllers\Dashboard->index()
#2 C:\xampp\htdocs\pegadaian\vendor\codeigniter4\framework\system\CodeIgniter.php(410): CodeIgniter\CodeIgniter->runController(Object(App\Controllers\Dashboard))
#3 C:\xampp\htdocs\pegadaian\vendor\codeigniter4\framework\system\CodeIgniter.php(318): CodeIgniter\CodeIgniter->handleRequest(NULL, Object(Config\Cache), false)
#4 C:\xampp\htdocs\pegadaian\public\index.php(37): CodeIgniter\CodeIgniter->run()
#5 C:\xampp\htdocs\pegadaian\vendor\codeigniter4\framework\system\Commands\Server\rewrite.php(43): require_once('C:\\xampp\\htdocs...')
#6 {main}
CRITICAL - 2022-01-24 11:36:15 --> Undefined index: jumlah_pinjaman
#0 C:\xampp\htdocs\pegadaian\app\Controllers\Dashboard.php(46): CodeIgniter\Debug\Exceptions->errorHandler(8, 'Undefined index...', 'C:\\xampp\\htdocs...', 46, Array)
#1 C:\xampp\htdocs\pegadaian\vendor\codeigniter4\framework\system\CodeIgniter.php(824): App\Controllers\Dashboard->index()
#2 C:\xampp\htdocs\pegadaian\vendor\codeigniter4\framework\system\CodeIgniter.php(410): CodeIgniter\CodeIgniter->runController(Object(App\Controllers\Dashboard))
#3 C:\xampp\htdocs\pegadaian\vendor\codeigniter4\framework\system\CodeIgniter.php(318): CodeIgniter\CodeIgniter->handleRequest(NULL, Object(Config\Cache), false)
#4 C:\xampp\htdocs\pegadaian\public\index.php(37): CodeIgniter\CodeIgniter->run()
#5 C:\xampp\htdocs\pegadaian\vendor\codeigniter4\framework\system\Commands\Server\rewrite.php(43): require_once('C:\\xampp\\htdocs...')
#6 {main}
CRITICAL - 2022-01-24 11:36:32 --> Undefined index: jumlah_pinjaman
#0 C:\xampp\htdocs\pegadaian\app\Controllers\Dashboard.php(46): CodeIgniter\Debug\Exceptions->errorHandler(8, 'Undefined index...', 'C:\\xampp\\htdocs...', 46, Array)
#1 C:\xampp\htdocs\pegadaian\vendor\codeigniter4\framework\system\CodeIgniter.php(824): App\Controllers\Dashboard->index()
#2 C:\xampp\htdocs\pegadaian\vendor\codeigniter4\framework\system\CodeIgniter.php(410): CodeIgniter\CodeIgniter->runController(Object(App\Controllers\Dashboard))
#3 C:\xampp\htdocs\pegadaian\vendor\codeigniter4\framework\system\CodeIgniter.php(318): CodeIgniter\CodeIgniter->handleRequest(NULL, Object(Config\Cache), false)
#4 C:\xampp\htdocs\pegadaian\public\index.php(37): CodeIgniter\CodeIgniter->run()
#5 C:\xampp\htdocs\pegadaian\vendor\codeigniter4\framework\system\Commands\Server\rewrite.php(43): require_once('C:\\xampp\\htdocs...')
#6 {main}
CRITICAL - 2022-01-24 11:37:33 --> Undefined index: jumlah_pinjaman
#0 C:\xampp\htdocs\pegadaian\app\Controllers\Dashboard.php(46): CodeIgniter\Debug\Exceptions->errorHandler(8, 'Undefined index...', 'C:\\xampp\\htdocs...', 46, Array)
#1 C:\xampp\htdocs\pegadaian\vendor\codeigniter4\framework\system\CodeIgniter.php(824): App\Controllers\Dashboard->index()
#2 C:\xampp\htdocs\pegadaian\vendor\codeigniter4\framework\system\CodeIgniter.php(410): CodeIgniter\CodeIgniter->runController(Object(App\Controllers\Dashboard))
#3 C:\xampp\htdocs\pegadaian\vendor\codeigniter4\framework\system\CodeIgniter.php(318): CodeIgniter\CodeIgniter->handleRequest(NULL, Object(Config\Cache), false)
#4 C:\xampp\htdocs\pegadaian\public\index.php(37): CodeIgniter\CodeIgniter->run()
#5 C:\xampp\htdocs\pegadaian\vendor\codeigniter4\framework\system\Commands\Server\rewrite.php(43): require_once('C:\\xampp\\htdocs...')
#6 {main}
CRITICAL - 2022-01-24 11:38:14 --> number_format() expects parameter 1 to be float, array given
#0 [internal function]: CodeIgniter\Debug\Exceptions->errorHandler(2, 'number_format()...', 'C:\\xampp\\htdocs...', 4, Array)
#1 C:\xampp\htdocs\pegadaian\app\Helpers\currency_helper.php(4): number_format(Array)
#2 C:\xampp\htdocs\pegadaian\app\Views\Dashboard\homepage.php(83): rupiah(Array)
#3 C:\xampp\htdocs\pegadaian\vendor\codeigniter4\framework\system\View\View.php(214): include('C:\\xampp\\htdocs...')
#4 C:\xampp\htdocs\pegadaian\vendor\codeigniter4\framework\system\View\View.php(217): CodeIgniter\View\View->CodeIgniter\View\{closure}()
#5 C:\xampp\htdocs\pegadaian\vendor\codeigniter4\framework\system\Common.php(1097): CodeIgniter\View\View->render('dashboard/homep...', Array, true)
#6 C:\xampp\htdocs\pegadaian\app\Controllers\Dashboard.php(49): view('dashboard/homep...', Array)
#7 C:\xampp\htdocs\pegadaian\vendor\codeigniter4\framework\system\CodeIgniter.php(824): App\Controllers\Dashboard->index()
#8 C:\xampp\htdocs\pegadaian\vendor\codeigniter4\framework\system\CodeIgniter.php(410): CodeIgniter\CodeIgniter->runController(Object(App\Controllers\Dashboard))
#9 C:\xampp\htdocs\pegadaian\vendor\codeigniter4\framework\system\CodeIgniter.php(318): CodeIgniter\CodeIgniter->handleRequest(NULL, Object(Config\Cache), false)
#10 C:\xampp\htdocs\pegadaian\public\index.php(37): CodeIgniter\CodeIgniter->run()
#11 C:\xampp\htdocs\pegadaian\vendor\codeigniter4\framework\system\Commands\Server\rewrite.php(43): require_once('C:\\xampp\\htdocs...')
#12 {main}
CRITICAL - 2022-01-24 15:38:56 --> Undefined variable: gadai
#0 C:\xampp\htdocs\pegadaian\app\Views\Laporan\datalaporan.php(46): CodeIgniter\Debug\Exceptions->errorHandler(8, 'Undefined varia...', 'C:\\xampp\\htdocs...', 46, Array)
#1 C:\xampp\htdocs\pegadaian\vendor\codeigniter4\framework\system\View\View.php(214): include('C:\\xampp\\htdocs...')
#2 C:\xampp\htdocs\pegadaian\vendor\codeigniter4\framework\system\View\View.php(217): CodeIgniter\View\View->CodeIgniter\View\{closure}()
#3 C:\xampp\htdocs\pegadaian\vendor\codeigniter4\framework\system\Common.php(1097): CodeIgniter\View\View->render('laporan/datalap...', Array, true)
#4 C:\xampp\htdocs\pegadaian\app\Controllers\Laporan.php(21): view('laporan/datalap...', Array)
#5 C:\xampp\htdocs\pegadaian\vendor\codeigniter4\framework\system\CodeIgniter.php(824): App\Controllers\Laporan->index()
#6 C:\xampp\htdocs\pegadaian\vendor\codeigniter4\framework\system\CodeIgniter.php(410): CodeIgniter\CodeIgniter->runController(Object(App\Controllers\Laporan))
#7 C:\xampp\htdocs\pegadaian\vendor\codeigniter4\framework\system\CodeIgniter.php(318): CodeIgniter\CodeIgniter->handleRequest(NULL, Object(Config\Cache), false)
#8 C:\xampp\htdocs\pegadaian\public\index.php(37): CodeIgniter\CodeIgniter->run()
#9 C:\xampp\htdocs\pegadaian\vendor\codeigniter4\framework\system\Commands\Server\rewrite.php(43): require_once('C:\\xampp\\htdocs...')
#10 {main}
CRITICAL - 2022-01-24 01:40:56 --> Class 'PhpOffice\PhpSpreadsheet\Spreadsheet' not found
#0 C:\xampp\htdocs\pegadaian\vendor\codeigniter4\framework\system\CodeIgniter.php(824): App\Controllers\Excel->export()
#1 C:\xampp\htdocs\pegadaian\vendor\codeigniter4\framework\system\CodeIgniter.php(410): CodeIgniter\CodeIgniter->runController(Object(App\Controllers\Excel))
#2 C:\xampp\htdocs\pegadaian\vendor\codeigniter4\framework\system\CodeIgniter.php(318): CodeIgniter\CodeIgniter->handleRequest(NULL, Object(Config\Cache), false)
#3 C:\xampp\htdocs\pegadaian\public\index.php(37): CodeIgniter\CodeIgniter->run()
#4 C:\xampp\htdocs\pegadaian\vendor\codeigniter4\framework\system\Commands\Server\rewrite.php(43): require_once('C:\\xampp\\htdocs...')
#5 {main}
CRITICAL - 2022-01-24 01:41:03 --> Class 'Dompdf\Dompdf' not found
#0 C:\xampp\htdocs\pegadaian\vendor\codeigniter4\framework\system\CodeIgniter.php(824): App\Controllers\Export->generate()
#1 C:\xampp\htdocs\pegadaian\vendor\codeigniter4\framework\system\CodeIgniter.php(410): CodeIgniter\CodeIgniter->runController(Object(App\Controllers\Export))
#2 C:\xampp\htdocs\pegadaian\vendor\codeigniter4\framework\system\CodeIgniter.php(318): CodeIgniter\CodeIgniter->handleRequest(NULL, Object(Config\Cache), false)
#3 C:\xampp\htdocs\pegadaian\public\index.php(37): CodeIgniter\CodeIgniter->run()
#4 C:\xampp\htdocs\pegadaian\vendor\codeigniter4\framework\system\Commands\Server\rewrite.php(43): require_once('C:\\xampp\\htdocs...')
#5 {main}
CRITICAL - 2022-01-24 02:16:37 --> Undefined index: nama
#0 C:\xampp\htdocs\pegadaian\app\Controllers\Excel.php(48): CodeIgniter\Debug\Exceptions->errorHandler(8, 'Undefined index...', 'C:\\xampp\\htdocs...', 48, Array)
#1 C:\xampp\htdocs\pegadaian\vendor\codeigniter4\framework\system\CodeIgniter.php(825): App\Controllers\Excel->export()
#2 C:\xampp\htdocs\pegadaian\vendor\codeigniter4\framework\system\CodeIgniter.php(412): CodeIgniter\CodeIgniter->runController(Object(App\Controllers\Excel))
#3 C:\xampp\htdocs\pegadaian\vendor\codeigniter4\framework\system\CodeIgniter.php(320): CodeIgniter\CodeIgniter->handleRequest(NULL, Object(Config\Cache), false)
#4 C:\xampp\htdocs\pegadaian\public\index.php(37): CodeIgniter\CodeIgniter->run()
#5 C:\xampp\htdocs\pegadaian\vendor\codeigniter4\framework\system\Commands\Server\rewrite.php(43): require_once('C:\\xampp\\htdocs...')
#6 {main}
CRITICAL - 2022-01-24 02:23:38 --> Undefined property: App\Controllers\Excel::$PegadaianModel
#0 C:\xampp\htdocs\pegadaian\app\Controllers\Excel.php(24): CodeIgniter\Debug\Exceptions->errorHandler(8, 'Undefined prope...', 'C:\\xampp\\htdocs...', 24, Array)
#1 C:\xampp\htdocs\pegadaian\vendor\codeigniter4\framework\system\CodeIgniter.php(825): App\Controllers\Excel->export()
#2 C:\xampp\htdocs\pegadaian\vendor\codeigniter4\framework\system\CodeIgniter.php(412): CodeIgniter\CodeIgniter->runController(Object(App\Controllers\Excel))
#3 C:\xampp\htdocs\pegadaian\vendor\codeigniter4\framework\system\CodeIgniter.php(320): CodeIgniter\CodeIgniter->handleRequest(NULL, Object(Config\Cache), false)
#4 C:\xampp\htdocs\pegadaian\public\index.php(37): CodeIgniter\CodeIgniter->run()
#5 C:\xampp\htdocs\pegadaian\vendor\codeigniter4\framework\system\Commands\Server\rewrite.php(43): require_once('C:\\xampp\\htdocs...')
#6 {main}
CRITICAL - 2022-01-24 02:25:06 --> Cannot use object of type stdClass as array
#0 C:\xampp\htdocs\pegadaian\vendor\codeigniter4\framework\system\CodeIgniter.php(825): App\Controllers\Excel->export()
#1 C:\xampp\htdocs\pegadaian\vendor\codeigniter4\framework\system\CodeIgniter.php(412): CodeIgniter\CodeIgniter->runController(Object(App\Controllers\Excel))
#2 C:\xampp\htdocs\pegadaian\vendor\codeigniter4\framework\system\CodeIgniter.php(320): CodeIgniter\CodeIgniter->handleRequest(NULL, Object(Config\Cache), false)
#3 C:\xampp\htdocs\pegadaian\public\index.php(37): CodeIgniter\CodeIgniter->run()
#4 C:\xampp\htdocs\pegadaian\vendor\codeigniter4\framework\system\Commands\Server\rewrite.php(43): require_once('C:\\xampp\\htdocs...')
#5 {main}
CRITICAL - 2022-01-24 19:06:21 --> Undefined variable: gadai
#0 C:\xampp\htdocs\pegadaian\app\Views\layout\pdf.php(47): CodeIgniter\Debug\Exceptions->errorHandler(8, 'Undefined varia...', 'C:\\xampp\\htdocs...', 47, Array)
#1 C:\xampp\htdocs\pegadaian\vendor\codeigniter4\framework\system\View\View.php(210): include('C:\\xampp\\htdocs...')
#2 C:\xampp\htdocs\pegadaian\vendor\codeigniter4\framework\system\View\View.php(213): CodeIgniter\View\View->CodeIgniter\View\{closure}()
#3 C:\xampp\htdocs\pegadaian\vendor\codeigniter4\framework\system\Common.php(1089): CodeIgniter\View\View->render('layout/pdf', Array, true)
#4 C:\xampp\htdocs\pegadaian\app\Controllers\Export.php(68): view('layout/pdf')
#5 C:\xampp\htdocs\pegadaian\vendor\codeigniter4\framework\system\CodeIgniter.php(825): App\Controllers\Export->generate()
#6 C:\xampp\htdocs\pegadaian\vendor\codeigniter4\framework\system\CodeIgniter.php(412): CodeIgniter\CodeIgniter->runController(Object(App\Controllers\Export))
#7 C:\xampp\htdocs\pegadaian\vendor\codeigniter4\framework\system\CodeIgniter.php(320): CodeIgniter\CodeIgniter->handleRequest(NULL, Object(Config\Cache), false)
#8 C:\xampp\htdocs\pegadaian\public\index.php(37): CodeIgniter\CodeIgniter->run()
#9 C:\xampp\htdocs\pegadaian\vendor\codeigniter4\framework\system\Commands\Server\rewrite.php(43): require_once('C:\\xampp\\htdocs...')
#10 {main}
CRITICAL - 2022-01-24 19:08:23 --> Undefined variable: gadai
#0 C:\xampp\htdocs\pegadaian\app\Views\layout\pdf.php(50): CodeIgniter\Debug\Exceptions->errorHandler(8, 'Undefined varia...', 'C:\\xampp\\htdocs...', 50, Array)
#1 C:\xampp\htdocs\pegadaian\vendor\codeigniter4\framework\system\View\View.php(210): include('C:\\xampp\\htdocs...')
#2 C:\xampp\htdocs\pegadaian\vendor\codeigniter4\framework\system\View\View.php(213): CodeIgniter\View\View->CodeIgniter\View\{closure}()
#3 C:\xampp\htdocs\pegadaian\vendor\codeigniter4\framework\system\Common.php(1089): CodeIgniter\View\View->render('layout/pdf', Array, true)
#4 C:\xampp\htdocs\pegadaian\app\Controllers\Export.php(68): view('layout/pdf')
#5 C:\xampp\htdocs\pegadaian\vendor\codeigniter4\framework\system\CodeIgniter.php(825): App\Controllers\Export->generate()
#6 C:\xampp\htdocs\pegadaian\vendor\codeigniter4\framework\system\CodeIgniter.php(412): CodeIgniter\CodeIgniter->runController(Object(App\Controllers\Export))
#7 C:\xampp\htdocs\pegadaian\vendor\codeigniter4\framework\system\CodeIgniter.php(320): CodeIgniter\CodeIgniter->handleRequest(NULL, Object(Config\Cache), false)
#8 C:\xampp\htdocs\pegadaian\public\index.php(37): CodeIgniter\CodeIgniter->run()
#9 C:\xampp\htdocs\pegadaian\vendor\codeigniter4\framework\system\Commands\Server\rewrite.php(43): require_once('C:\\xampp\\htdocs...')
#10 {main}
CRITICAL - 2022-01-24 19:09:46 --> Undefined variable: gadai
#0 C:\xampp\htdocs\pegadaian\app\Views\layout\pdf.php(50): CodeIgniter\Debug\Exceptions->errorHandler(8, 'Undefined varia...', 'C:\\xampp\\htdocs...', 50, Array)
#1 C:\xampp\htdocs\pegadaian\vendor\codeigniter4\framework\system\View\View.php(210): include('C:\\xampp\\htdocs...')
#2 C:\xampp\htdocs\pegadaian\vendor\codeigniter4\framework\system\View\View.php(213): CodeIgniter\View\View->CodeIgniter\View\{closure}()
#3 C:\xampp\htdocs\pegadaian\vendor\codeigniter4\framework\system\Common.php(1089): CodeIgniter\View\View->render('layout/pdf', Array, true)
#4 C:\xampp\htdocs\pegadaian\app\Controllers\Export.php(78): view('layout/pdf')
#5 C:\xampp\htdocs\pegadaian\vendor\codeigniter4\framework\system\CodeIgniter.php(825): App\Controllers\Export->generate()
#6 C:\xampp\htdocs\pegadaian\vendor\codeigniter4\framework\system\CodeIgniter.php(412): CodeIgniter\CodeIgniter->runController(Object(App\Controllers\Export))
#7 C:\xampp\htdocs\pegadaian\vendor\codeigniter4\framework\system\CodeIgniter.php(320): CodeIgniter\CodeIgniter->handleRequest(NULL, Object(Config\Cache), false)
#8 C:\xampp\htdocs\pegadaian\public\index.php(37): CodeIgniter\CodeIgniter->run()
#9 C:\xampp\htdocs\pegadaian\vendor\codeigniter4\framework\system\Commands\Server\rewrite.php(43): require_once('C:\\xampp\\htdocs...')
#10 {main}
CRITICAL - 2022-01-24 19:09:48 --> Undefined variable: gadai
#0 C:\xampp\htdocs\pegadaian\app\Views\layout\pdf.php(50): CodeIgniter\Debug\Exceptions->errorHandler(8, 'Undefined varia...', 'C:\\xampp\\htdocs...', 50, Array)
#1 C:\xampp\htdocs\pegadaian\vendor\codeigniter4\framework\system\View\View.php(210): include('C:\\xampp\\htdocs...')
#2 C:\xampp\htdocs\pegadaian\vendor\codeigniter4\framework\system\View\View.php(213): CodeIgniter\View\View->CodeIgniter\View\{closure}()
#3 C:\xampp\htdocs\pegadaian\vendor\codeigniter4\framework\system\Common.php(1089): CodeIgniter\View\View->render('layout/pdf', Array, true)
#4 C:\xampp\htdocs\pegadaian\app\Controllers\Export.php(78): view('layout/pdf')
#5 C:\xampp\htdocs\pegadaian\vendor\codeigniter4\framework\system\CodeIgniter.php(825): App\Controllers\Export->generate()
#6 C:\xampp\htdocs\pegadaian\vendor\codeigniter4\framework\system\CodeIgniter.php(412): CodeIgniter\CodeIgniter->runController(Object(App\Controllers\Export))
#7 C:\xampp\htdocs\pegadaian\vendor\codeigniter4\framework\system\CodeIgniter.php(320): CodeIgniter\CodeIgniter->handleRequest(NULL, Object(Config\Cache), false)
#8 C:\xampp\htdocs\pegadaian\public\index.php(37): CodeIgniter\CodeIgniter->run()
#9 C:\xampp\htdocs\pegadaian\vendor\codeigniter4\framework\system\Commands\Server\rewrite.php(43): require_once('C:\\xampp\\htdocs...')
#10 {main}
CRITICAL - 2022-01-24 19:09:54 --> Undefined variable: gadai
#0 C:\xampp\htdocs\pegadaian\app\Views\layout\pdf.php(50): CodeIgniter\Debug\Exceptions->errorHandler(8, 'Undefined varia...', 'C:\\xampp\\htdocs...', 50, Array)
#1 C:\xampp\htdocs\pegadaian\vendor\codeigniter4\framework\system\View\View.php(210): include('C:\\xampp\\htdocs...')
#2 C:\xampp\htdocs\pegadaian\vendor\codeigniter4\framework\system\View\View.php(213): CodeIgniter\View\View->CodeIgniter\View\{closure}()
#3 C:\xampp\htdocs\pegadaian\vendor\codeigniter4\framework\system\Common.php(1089): CodeIgniter\View\View->render('layout/pdf', Array, true)
#4 C:\xampp\htdocs\pegadaian\app\Controllers\Export.php(78): view('layout/pdf')
#5 C:\xampp\htdocs\pegadaian\vendor\codeigniter4\framework\system\CodeIgniter.php(825): App\Controllers\Export->generate()
#6 C:\xampp\htdocs\pegadaian\vendor\codeigniter4\framework\system\CodeIgniter.php(412): CodeIgniter\CodeIgniter->runController(Object(App\Controllers\Export))
#7 C:\xampp\htdocs\pegadaian\vendor\codeigniter4\framework\system\CodeIgniter.php(320): CodeIgniter\CodeIgniter->handleRequest(NULL, Object(Config\Cache), false)
#8 C:\xampp\htdocs\pegadaian\public\index.php(37): CodeIgniter\CodeIgniter->run()
#9 C:\xampp\htdocs\pegadaian\vendor\codeigniter4\framework\system\Commands\Server\rewrite.php(43): require_once('C:\\xampp\\htdocs...')
#10 {main}
CRITICAL - 2022-01-24 19:10:31 --> Min/max width is undefined for table rows
#0 C:\xampp\htdocs\pegadaian\vendor\dompdf\dompdf\src\FrameDecorator\AbstractFrameDecorator.php(873): Dompdf\FrameReflower\TableRow->get_min_max_width()
#1 C:\xampp\htdocs\pegadaian\vendor\dompdf\dompdf\src\FrameReflower\AbstractFrameReflower.php(349): Dompdf\FrameDecorator\AbstractFrameDecorator->get_min_max_width()
#2 C:\xampp\htdocs\pegadaian\vendor\dompdf\dompdf\src\FrameReflower\AbstractFrameReflower.php(389): Dompdf\FrameReflower\AbstractFrameReflower->get_min_max_content_width()
#3 C:\xampp\htdocs\pegadaian\vendor\dompdf\dompdf\src\FrameDecorator\AbstractFrameDecorator.php(873): Dompdf\FrameReflower\AbstractFrameReflower->get_min_max_width()
#4 C:\xampp\htdocs\pegadaian\vendor\dompdf\dompdf\src\Cellmap.php(634): Dompdf\FrameDecorator\AbstractFrameDecorator->get_min_max_width()
#5 C:\xampp\htdocs\pegadaian\vendor\dompdf\dompdf\src\Cellmap.php(516): Dompdf\Cellmap->add_frame(Object(Dompdf\FrameDecorator\Block))
#6 C:\xampp\htdocs\pegadaian\vendor\dompdf\dompdf\src\Cellmap.php(516): Dompdf\Cellmap->add_frame(Object(Dompdf\FrameDecorator\TableRowGroup))
#7 C:\xampp\htdocs\pegadaian\vendor\dompdf\dompdf\src\FrameReflower\Table.php(527): Dompdf\Cellmap->add_frame(Object(Dompdf\FrameDecorator\Table))
#8 C:\xampp\htdocs\pegadaian\vendor\dompdf\dompdf\src\FrameReflower\Table.php(395): Dompdf\FrameReflower\Table->get_min_max_width()
#9 C:\xampp\htdocs\pegadaian\vendor\dompdf\dompdf\src\FrameDecorator\AbstractFrameDecorator.php(865): Dompdf\FrameReflower\Table->reflow(Object(Dompdf\FrameDecorator\Block))
#10 C:\xampp\htdocs\pegadaian\vendor\dompdf\dompdf\src\FrameReflower\Block.php(871): Dompdf\FrameDecorator\AbstractFrameDecorator->reflow(Object(Dompdf\FrameDecorator\Block))
#11 C:\xampp\htdocs\pegadaian\vendor\dompdf\dompdf\src\FrameDecorator\AbstractFrameDecorator.php(865): Dompdf\FrameReflower\Block->reflow(NULL)
#12 C:\xampp\htdocs\pegadaian\vendor\dompdf\dompdf\src\FrameReflower\Page.php(141): Dompdf\FrameDecorator\AbstractFrameDecorator->reflow()
#13 C:\xampp\htdocs\pegadaian\vendor\dompdf\dompdf\src\FrameDecorator\AbstractFrameDecorator.php(865): Dompdf\FrameReflower\Page->reflow(NULL)
#14 C:\xampp\htdocs\pegadaian\vendor\dompdf\dompdf\src\Dompdf.php(837): Dompdf\FrameDecorator\AbstractFrameDecorator->reflow()
#15 C:\xampp\htdocs\pegadaian\app\Controllers\Export.php(85): Dompdf\Dompdf->render()
#16 C:\xampp\htdocs\pegadaian\vendor\codeigniter4\framework\system\CodeIgniter.php(825): App\Controllers\Export->generate()
#17 C:\xampp\htdocs\pegadaian\vendor\codeigniter4\framework\system\CodeIgniter.php(412): CodeIgniter\CodeIgniter->runController(Object(App\Controllers\Export))
#18 C:\xampp\htdocs\pegadaian\vendor\codeigniter4\framework\system\CodeIgniter.php(320): CodeIgniter\CodeIgniter->handleRequest(NULL, Object(Config\Cache), false)
#19 C:\xampp\htdocs\pegadaian\public\index.php(37): CodeIgniter\CodeIgniter->run()
#20 C:\xampp\htdocs\pegadaian\vendor\codeigniter4\framework\system\Commands\Server\rewrite.php(43): require_once('C:\\xampp\\htdocs...')
#21 {main}
CRITICAL - 2022-01-24 19:10:38 --> Allowed memory size of 536870912 bytes exhausted (tried to allocate 266342400 bytes)
#0 [internal function]: CodeIgniter\Debug\Exceptions->shutdownHandler()
#1 {main}
CRITICAL - 2022-01-24 19:15:35 --> Min/max width is undefined for table rows
#0 C:\xampp\htdocs\pegadaian\vendor\dompdf\dompdf\src\FrameDecorator\AbstractFrameDecorator.php(873): Dompdf\FrameReflower\TableRow->get_min_max_width()
#1 C:\xampp\htdocs\pegadaian\vendor\dompdf\dompdf\src\FrameReflower\AbstractFrameReflower.php(349): Dompdf\FrameDecorator\AbstractFrameDecorator->get_min_max_width()
#2 C:\xampp\htdocs\pegadaian\vendor\dompdf\dompdf\src\FrameReflower\AbstractFrameReflower.php(389): Dompdf\FrameReflower\AbstractFrameReflower->get_min_max_content_width()
#3 C:\xampp\htdocs\pegadaian\vendor\dompdf\dompdf\src\FrameDecorator\AbstractFrameDecorator.php(873): Dompdf\FrameReflower\AbstractFrameReflower->get_min_max_width()
#4 C:\xampp\htdocs\pegadaian\vendor\dompdf\dompdf\src\Cellmap.php(634): Dompdf\FrameDecorator\AbstractFrameDecorator->get_min_max_width()
#5 C:\xampp\htdocs\pegadaian\vendor\dompdf\dompdf\src\Cellmap.php(516): Dompdf\Cellmap->add_frame(Object(Dompdf\FrameDecorator\Block))
#6 C:\xampp\htdocs\pegadaian\vendor\dompdf\dompdf\src\Cellmap.php(516): Dompdf\Cellmap->add_frame(Object(Dompdf\FrameDecorator\TableRowGroup))
#7 C:\xampp\htdocs\pegadaian\vendor\dompdf\dompdf\src\FrameReflower\Table.php(527): Dompdf\Cellmap->add_frame(Object(Dompdf\FrameDecorator\Table))
#8 C:\xampp\htdocs\pegadaian\vendor\dompdf\dompdf\src\FrameReflower\Table.php(395): Dompdf\FrameReflower\Table->get_min_max_width()
#9 C:\xampp\htdocs\pegadaian\vendor\dompdf\dompdf\src\FrameDecorator\AbstractFrameDecorator.php(865): Dompdf\FrameReflower\Table->reflow(Object(Dompdf\FrameDecorator\Block))
#10 C:\xampp\htdocs\pegadaian\vendor\dompdf\dompdf\src\FrameReflower\Block.php(871): Dompdf\FrameDecorator\AbstractFrameDecorator->reflow(Object(Dompdf\FrameDecorator\Block))
#11 C:\xampp\htdocs\pegadaian\vendor\dompdf\dompdf\src\FrameDecorator\AbstractFrameDecorator.php(865): Dompdf\FrameReflower\Block->reflow(NULL)
#12 C:\xampp\htdocs\pegadaian\vendor\dompdf\dompdf\src\FrameReflower\Page.php(141): Dompdf\FrameDecorator\AbstractFrameDecorator->reflow()
#13 C:\xampp\htdocs\pegadaian\vendor\dompdf\dompdf\src\FrameDecorator\AbstractFrameDecorator.php(865): Dompdf\FrameReflower\Page->reflow(NULL)
#14 C:\xampp\htdocs\pegadaian\vendor\dompdf\dompdf\src\Dompdf.php(837): Dompdf\FrameDecorator\AbstractFrameDecorator->reflow()
#15 C:\xampp\htdocs\pegadaian\app\Controllers\Export.php(59): Dompdf\Dompdf->render()
#16 C:\xampp\htdocs\pegadaian\vendor\codeigniter4\framework\system\CodeIgniter.php(825): App\Controllers\Export->generate()
#17 C:\xampp\htdocs\pegadaian\vendor\codeigniter4\framework\system\CodeIgniter.php(412): CodeIgniter\CodeIgniter->runController(Object(App\Controllers\Export))
#18 C:\xampp\htdocs\pegadaian\vendor\codeigniter4\framework\system\CodeIgniter.php(320): CodeIgniter\CodeIgniter->handleRequest(NULL, Object(Config\Cache), false)
#19 C:\xampp\htdocs\pegadaian\public\index.php(37): CodeIgniter\CodeIgniter->run()
#20 C:\xampp\htdocs\pegadaian\vendor\codeigniter4\framework\system\Commands\Server\rewrite.php(43): require_once('C:\\xampp\\htdocs...')
#21 {main}
CRITICAL - 2022-01-24 19:15:42 --> Allowed memory size of 536870912 bytes exhausted (tried to allocate 264245248 bytes)
#0 [internal function]: CodeIgniter\Debug\Exceptions->shutdownHandler()
#1 {main}
CRITICAL - 2022-01-24 19:20:28 --> Min/max width is undefined for table rows
#0 C:\xampp\htdocs\pegadaian\vendor\dompdf\dompdf\src\FrameDecorator\AbstractFrameDecorator.php(873): Dompdf\FrameReflower\TableRow->get_min_max_width()
#1 C:\xampp\htdocs\pegadaian\vendor\dompdf\dompdf\src\FrameReflower\AbstractFrameReflower.php(349): Dompdf\FrameDecorator\AbstractFrameDecorator->get_min_max_width()
#2 C:\xampp\htdocs\pegadaian\vendor\dompdf\dompdf\src\FrameReflower\AbstractFrameReflower.php(389): Dompdf\FrameReflower\AbstractFrameReflower->get_min_max_content_width()
#3 C:\xampp\htdocs\pegadaian\vendor\dompdf\dompdf\src\FrameDecorator\AbstractFrameDecorator.php(873): Dompdf\FrameReflower\AbstractFrameReflower->get_min_max_width()
#4 C:\xampp\htdocs\pegadaian\vendor\dompdf\dompdf\src\Cellmap.php(634): Dompdf\FrameDecorator\AbstractFrameDecorator->get_min_max_width()
#5 C:\xampp\htdocs\pegadaian\vendor\dompdf\dompdf\src\Cellmap.php(516): Dompdf\Cellmap->add_frame(Object(Dompdf\FrameDecorator\Block))
#6 C:\xampp\htdocs\pegadaian\vendor\dompdf\dompdf\src\Cellmap.php(516): Dompdf\Cellmap->add_frame(Object(Dompdf\FrameDecorator\TableRowGroup))
#7 C:\xampp\htdocs\pegadaian\vendor\dompdf\dompdf\src\FrameReflower\Table.php(527): Dompdf\Cellmap->add_frame(Object(Dompdf\FrameDecorator\Table))
#8 C:\xampp\htdocs\pegadaian\vendor\dompdf\dompdf\src\FrameReflower\Table.php(395): Dompdf\FrameReflower\Table->get_min_max_width()
#9 C:\xampp\htdocs\pegadaian\vendor\dompdf\dompdf\src\FrameDecorator\AbstractFrameDecorator.php(865): Dompdf\FrameReflower\Table->reflow(Object(Dompdf\FrameDecorator\Block))
#10 C:\xampp\htdocs\pegadaian\vendor\dompdf\dompdf\src\FrameReflower\Block.php(871): Dompdf\FrameDecorator\AbstractFrameDecorator->reflow(Object(Dompdf\FrameDecorator\Block))
#11 C:\xampp\htdocs\pegadaian\vendor\dompdf\dompdf\src\FrameDecorator\AbstractFrameDecorator.php(865): Dompdf\FrameReflower\Block->reflow(NULL)
#12 C:\xampp\htdocs\pegadaian\vendor\dompdf\dompdf\src\FrameReflower\Page.php(141): Dompdf\FrameDecorator\AbstractFrameDecorator->reflow()
#13 C:\xampp\htdocs\pegadaian\vendor\dompdf\dompdf\src\FrameDecorator\AbstractFrameDecorator.php(865): Dompdf\FrameReflower\Page->reflow(NULL)
#14 C:\xampp\htdocs\pegadaian\vendor\dompdf\dompdf\src\Dompdf.php(837): Dompdf\FrameDecorator\AbstractFrameDecorator->reflow()
#15 C:\xampp\htdocs\pegadaian\app\Controllers\Export.php(61): Dompdf\Dompdf->render()
#16 C:\xampp\htdocs\pegadaian\vendor\codeigniter4\framework\system\CodeIgniter.php(825): App\Controllers\Export->generate()
#17 C:\xampp\htdocs\pegadaian\vendor\codeigniter4\framework\system\CodeIgniter.php(412): CodeIgniter\CodeIgniter->runController(Object(App\Controllers\Export))
#18 C:\xampp\htdocs\pegadaian\vendor\codeigniter4\framework\system\CodeIgniter.php(320): CodeIgniter\CodeIgniter->handleRequest(NULL, Object(Config\Cache), false)
#19 C:\xampp\htdocs\pegadaian\public\index.php(37): CodeIgniter\CodeIgniter->run()
#20 C:\xampp\htdocs\pegadaian\vendor\codeigniter4\framework\system\Commands\Server\rewrite.php(43): require_once('C:\\xampp\\htdocs...')
#21 {main}
CRITICAL - 2022-01-24 19:20:35 --> Allowed memory size of 536870912 bytes exhausted (tried to allocate 264245248 bytes)
#0 [internal function]: CodeIgniter\Debug\Exceptions->shutdownHandler()
#1 {main}
CRITICAL - 2022-01-24 19:24:35 --> Min/max width is undefined for table rows
#0 C:\xampp\htdocs\pegadaian\vendor\dompdf\dompdf\src\FrameDecorator\AbstractFrameDecorator.php(873): Dompdf\FrameReflower\TableRow->get_min_max_width()
#1 C:\xampp\htdocs\pegadaian\vendor\dompdf\dompdf\src\FrameReflower\AbstractFrameReflower.php(349): Dompdf\FrameDecorator\AbstractFrameDecorator->get_min_max_width()
#2 C:\xampp\htdocs\pegadaian\vendor\dompdf\dompdf\src\FrameReflower\AbstractFrameReflower.php(389): Dompdf\FrameReflower\AbstractFrameReflower->get_min_max_content_width()
#3 C:\xampp\htdocs\pegadaian\vendor\dompdf\dompdf\src\FrameDecorator\AbstractFrameDecorator.php(873): Dompdf\FrameReflower\AbstractFrameReflower->get_min_max_width()
#4 C:\xampp\htdocs\pegadaian\vendor\dompdf\dompdf\src\Cellmap.php(634): Dompdf\FrameDecorator\AbstractFrameDecorator->get_min_max_width()
#5 C:\xampp\htdocs\pegadaian\vendor\dompdf\dompdf\src\Cellmap.php(516): Dompdf\Cellmap->add_frame(Object(Dompdf\FrameDecorator\Block))
#6 C:\xampp\htdocs\pegadaian\vendor\dompdf\dompdf\src\Cellmap.php(516): Dompdf\Cellmap->add_frame(Object(Dompdf\FrameDecorator\TableRowGroup))
#7 C:\xampp\htdocs\pegadaian\vendor\dompdf\dompdf\src\FrameReflower\Table.php(527): Dompdf\Cellmap->add_frame(Object(Dompdf\FrameDecorator\Table))
#8 C:\xampp\htdocs\pegadaian\vendor\dompdf\dompdf\src\FrameReflower\Table.php(395): Dompdf\FrameReflower\Table->get_min_max_width()
#9 C:\xampp\htdocs\pegadaian\vendor\dompdf\dompdf\src\FrameDecorator\AbstractFrameDecorator.php(865): Dompdf\FrameReflower\Table->reflow(Object(Dompdf\FrameDecorator\Block))
#10 C:\xampp\htdocs\pegadaian\vendor\dompdf\dompdf\src\FrameReflower\Block.php(871): Dompdf\FrameDecorator\AbstractFrameDecorator->reflow(Object(Dompdf\FrameDecorator\Block))
#11 C:\xampp\htdocs\pegadaian\vendor\dompdf\dompdf\src\FrameDecorator\AbstractFrameDecorator.php(865): Dompdf\FrameReflower\Block->reflow(NULL)
#12 C:\xampp\htdocs\pegadaian\vendor\dompdf\dompdf\src\FrameReflower\Page.php(141): Dompdf\FrameDecorator\AbstractFrameDecorator->reflow()
#13 C:\xampp\htdocs\pegadaian\vendor\dompdf\dompdf\src\FrameDecorator\AbstractFrameDecorator.php(865): Dompdf\FrameReflower\Page->reflow(NULL)
#14 C:\xampp\htdocs\pegadaian\vendor\dompdf\dompdf\src\Dompdf.php(837): Dompdf\FrameDecorator\AbstractFrameDecorator->reflow()
#15 C:\xampp\htdocs\pegadaian\app\Controllers\Export.php(60): Dompdf\Dompdf->render()
#16 C:\xampp\htdocs\pegadaian\vendor\codeigniter4\framework\system\CodeIgniter.php(825): App\Controllers\Export->generate()
#17 C:\xampp\htdocs\pegadaian\vendor\codeigniter4\framework\system\CodeIgniter.php(412): CodeIgniter\CodeIgniter->runController(Object(App\Controllers\Export))
#18 C:\xampp\htdocs\pegadaian\vendor\codeigniter4\framework\system\CodeIgniter.php(320): CodeIgniter\CodeIgniter->handleRequest(NULL, Object(Config\Cache), false)
#19 C:\xampp\htdocs\pegadaian\public\index.php(37): CodeIgniter\CodeIgniter->run()
#20 C:\xampp\htdocs\pegadaian\vendor\codeigniter4\framework\system\Commands\Server\rewrite.php(43): require_once('C:\\xampp\\htdocs...')
#21 {main}
CRITICAL - 2022-01-24 19:24:42 --> Allowed memory size of 536870912 bytes exhausted (tried to allocate 264245248 bytes)
#0 [internal function]: CodeIgniter\Debug\Exceptions->shutdownHandler()
#1 {main}
CRITICAL - 2022-01-24 19:29:40 --> Min/max width is undefined for table rows
#0 C:\xampp\htdocs\pegadaian\vendor\dompdf\dompdf\src\FrameDecorator\AbstractFrameDecorator.php(873): Dompdf\FrameReflower\TableRow->get_min_max_width()
#1 C:\xampp\htdocs\pegadaian\vendor\dompdf\dompdf\src\FrameReflower\AbstractFrameReflower.php(349): Dompdf\FrameDecorator\AbstractFrameDecorator->get_min_max_width()
#2 C:\xampp\htdocs\pegadaian\vendor\dompdf\dompdf\src\FrameReflower\AbstractFrameReflower.php(389): Dompdf\FrameReflower\AbstractFrameReflower->get_min_max_content_width()
#3 C:\xampp\htdocs\pegadaian\vendor\dompdf\dompdf\src\FrameDecorator\AbstractFrameDecorator.php(873): Dompdf\FrameReflower\AbstractFrameReflower->get_min_max_width()
#4 C:\xampp\htdocs\pegadaian\vendor\dompdf\dompdf\src\Cellmap.php(634): Dompdf\FrameDecorator\AbstractFrameDecorator->get_min_max_width()
#5 C:\xampp\htdocs\pegadaian\vendor\dompdf\dompdf\src\Cellmap.php(516): Dompdf\Cellmap->add_frame(Object(Dompdf\FrameDecorator\Block))
#6 C:\xampp\htdocs\pegadaian\vendor\dompdf\dompdf\src\Cellmap.php(516): Dompdf\Cellmap->add_frame(Object(Dompdf\FrameDecorator\TableRowGroup))
#7 C:\xampp\htdocs\pegadaian\vendor\dompdf\dompdf\src\FrameReflower\Table.php(527): Dompdf\Cellmap->add_frame(Object(Dompdf\FrameDecorator\Table))
#8 C:\xampp\htdocs\pegadaian\vendor\dompdf\dompdf\src\FrameReflower\Table.php(395): Dompdf\FrameReflower\Table->get_min_max_width()
#9 C:\xampp\htdocs\pegadaian\vendor\dompdf\dompdf\src\FrameDecorator\AbstractFrameDecorator.php(865): Dompdf\FrameReflower\Table->reflow(Object(Dompdf\FrameDecorator\Block))
#10 C:\xampp\htdocs\pegadaian\vendor\dompdf\dompdf\src\FrameReflower\Block.php(871): Dompdf\FrameDecorator\AbstractFrameDecorator->reflow(Object(Dompdf\FrameDecorator\Block))
#11 C:\xampp\htdocs\pegadaian\vendor\dompdf\dompdf\src\FrameDecorator\AbstractFrameDecorator.php(865): Dompdf\FrameReflower\Block->reflow(NULL)
#12 C:\xampp\htdocs\pegadaian\vendor\dompdf\dompdf\src\FrameReflower\Page.php(141): Dompdf\FrameDecorator\AbstractFrameDecorator->reflow()
#13 C:\xampp\htdocs\pegadaian\vendor\dompdf\dompdf\src\FrameDecorator\AbstractFrameDecorator.php(865): Dompdf\FrameReflower\Page->reflow(NULL)
#14 C:\xampp\htdocs\pegadaian\vendor\dompdf\dompdf\src\Dompdf.php(837): Dompdf\FrameDecorator\AbstractFrameDecorator->reflow()
#15 C:\xampp\htdocs\pegadaian\app\Controllers\Export.php(61): Dompdf\Dompdf->render()
#16 C:\xampp\htdocs\pegadaian\vendor\codeigniter4\framework\system\CodeIgniter.php(825): App\Controllers\Export->generate()
#17 C:\xampp\htdocs\pegadaian\vendor\codeigniter4\framework\system\CodeIgniter.php(412): CodeIgniter\CodeIgniter->runController(Object(App\Controllers\Export))
#18 C:\xampp\htdocs\pegadaian\vendor\codeigniter4\framework\system\CodeIgniter.php(320): CodeIgniter\CodeIgniter->handleRequest(NULL, Object(Config\Cache), false)
#19 C:\xampp\htdocs\pegadaian\public\index.php(37): CodeIgniter\CodeIgniter->run()
#20 C:\xampp\htdocs\pegadaian\vendor\codeigniter4\framework\system\Commands\Server\rewrite.php(43): require_once('C:\\xampp\\htdocs...')
#21 {main}
CRITICAL - 2022-01-24 19:29:40 --> Allowed memory size of 46137344 bytes exhausted (tried to allocate 18878464 bytes)
#0 [internal function]: CodeIgniter\Debug\Exceptions->shutdownHandler()
#1 {main}
CRITICAL - 2022-01-24 21:41:01 --> Min/max width is undefined for table rows
#0 C:\xampp\htdocs\pegadaian\vendor\dompdf\dompdf\src\FrameDecorator\AbstractFrameDecorator.php(873): Dompdf\FrameReflower\TableRow->get_min_max_width()
#1 C:\xampp\htdocs\pegadaian\vendor\dompdf\dompdf\src\FrameReflower\AbstractFrameReflower.php(349): Dompdf\FrameDecorator\AbstractFrameDecorator->get_min_max_width()
#2 C:\xampp\htdocs\pegadaian\vendor\dompdf\dompdf\src\FrameReflower\AbstractFrameReflower.php(389): Dompdf\FrameReflower\AbstractFrameReflower->get_min_max_content_width()
#3 C:\xampp\htdocs\pegadaian\vendor\dompdf\dompdf\src\FrameDecorator\AbstractFrameDecorator.php(873): Dompdf\FrameReflower\AbstractFrameReflower->get_min_max_width()
#4 C:\xampp\htdocs\pegadaian\vendor\dompdf\dompdf\src\Cellmap.php(634): Dompdf\FrameDecorator\AbstractFrameDecorator->get_min_max_width()
#5 C:\xampp\htdocs\pegadaian\vendor\dompdf\dompdf\src\Cellmap.php(516): Dompdf\Cellmap->add_frame(Object(Dompdf\FrameDecorator\Block))
#6 C:\xampp\htdocs\pegadaian\vendor\dompdf\dompdf\src\Cellmap.php(516): Dompdf\Cellmap->add_frame(Object(Dompdf\FrameDecorator\TableRowGroup))
#7 C:\xampp\htdocs\pegadaian\vendor\dompdf\dompdf\src\FrameReflower\Table.php(527): Dompdf\Cellmap->add_frame(Object(Dompdf\FrameDecorator\Table))
#8 C:\xampp\htdocs\pegadaian\vendor\dompdf\dompdf\src\FrameReflower\Table.php(395): Dompdf\FrameReflower\Table->get_min_max_width()
#9 C:\xampp\htdocs\pegadaian\vendor\dompdf\dompdf\src\FrameDecorator\AbstractFrameDecorator.php(865): Dompdf\FrameReflower\Table->reflow(Object(Dompdf\FrameDecorator\Block))
#10 C:\xampp\htdocs\pegadaian\vendor\dompdf\dompdf\src\FrameReflower\Block.php(871): Dompdf\FrameDecorator\AbstractFrameDecorator->reflow(Object(Dompdf\FrameDecorator\Block))
#11 C:\xampp\htdocs\pegadaian\vendor\dompdf\dompdf\src\FrameDecorator\AbstractFrameDecorator.php(865): Dompdf\FrameReflower\Block->reflow(NULL)
#12 C:\xampp\htdocs\pegadaian\vendor\dompdf\dompdf\src\FrameReflower\Page.php(141): Dompdf\FrameDecorator\AbstractFrameDecorator->reflow()
#13 C:\xampp\htdocs\pegadaian\vendor\dompdf\dompdf\src\FrameDecorator\AbstractFrameDecorator.php(865): Dompdf\FrameReflower\Page->reflow(NULL)
#14 C:\xampp\htdocs\pegadaian\vendor\dompdf\dompdf\src\Dompdf.php(837): Dompdf\FrameDecorator\AbstractFrameDecorator->reflow()
#15 C:\xampp\htdocs\pegadaian\app\Controllers\Export.php(61): Dompdf\Dompdf->render()
#16 C:\xampp\htdocs\pegadaian\vendor\codeigniter4\framework\system\CodeIgniter.php(825): App\Controllers\Export->generate()
#17 C:\xampp\htdocs\pegadaian\vendor\codeigniter4\framework\system\CodeIgniter.php(412): CodeIgniter\CodeIgniter->runController(Object(App\Controllers\Export))
#18 C:\xampp\htdocs\pegadaian\vendor\codeigniter4\framework\system\CodeIgniter.php(320): CodeIgniter\CodeIgniter->handleRequest(NULL, Object(Config\Cache), false)
#19 C:\xampp\htdocs\pegadaian\public\index.php(37): CodeIgniter\CodeIgniter->run()
#20 C:\xampp\htdocs\pegadaian\vendor\codeigniter4\framework\system\Commands\Server\rewrite.php(43): require_once('C:\\xampp\\htdocs...')
#21 {main}
CRITICAL - 2022-01-24 21:41:01 --> Allowed memory size of 46137344 bytes exhausted (tried to allocate 18878464 bytes)
#0 [internal function]: CodeIgniter\Debug\Exceptions->shutdownHandler()
#1 {main}
CRITICAL - 2022-01-24 21:41:09 --> Min/max width is undefined for table rows
#0 C:\xampp\htdocs\pegadaian\vendor\dompdf\dompdf\src\FrameDecorator\AbstractFrameDecorator.php(873): Dompdf\FrameReflower\TableRow->get_min_max_width()
#1 C:\xampp\htdocs\pegadaian\vendor\dompdf\dompdf\src\FrameReflower\AbstractFrameReflower.php(349): Dompdf\FrameDecorator\AbstractFrameDecorator->get_min_max_width()
#2 C:\xampp\htdocs\pegadaian\vendor\dompdf\dompdf\src\FrameReflower\AbstractFrameReflower.php(389): Dompdf\FrameReflower\AbstractFrameReflower->get_min_max_content_width()
#3 C:\xampp\htdocs\pegadaian\vendor\dompdf\dompdf\src\FrameDecorator\AbstractFrameDecorator.php(873): Dompdf\FrameReflower\AbstractFrameReflower->get_min_max_width()
#4 C:\xampp\htdocs\pegadaian\vendor\dompdf\dompdf\src\Cellmap.php(634): Dompdf\FrameDecorator\AbstractFrameDecorator->get_min_max_width()
#5 C:\xampp\htdocs\pegadaian\vendor\dompdf\dompdf\src\Cellmap.php(516): Dompdf\Cellmap->add_frame(Object(Dompdf\FrameDecorator\Block))
#6 C:\xampp\htdocs\pegadaian\vendor\dompdf\dompdf\src\Cellmap.php(516): Dompdf\Cellmap->add_frame(Object(Dompdf\FrameDecorator\TableRowGroup))
#7 C:\xampp\htdocs\pegadaian\vendor\dompdf\dompdf\src\FrameReflower\Table.php(527): Dompdf\Cellmap->add_frame(Object(Dompdf\FrameDecorator\Table))
#8 C:\xampp\htdocs\pegadaian\vendor\dompdf\dompdf\src\FrameReflower\Table.php(395): Dompdf\FrameReflower\Table->get_min_max_width()
#9 C:\xampp\htdocs\pegadaian\vendor\dompdf\dompdf\src\FrameDecorator\AbstractFrameDecorator.php(865): Dompdf\FrameReflower\Table->reflow(Object(Dompdf\FrameDecorator\Block))
#10 C:\xampp\htdocs\pegadaian\vendor\dompdf\dompdf\src\FrameReflower\Block.php(871): Dompdf\FrameDecorator\AbstractFrameDecorator->reflow(Object(Dompdf\FrameDecorator\Block))
#11 C:\xampp\htdocs\pegadaian\vendor\dompdf\dompdf\src\FrameDecorator\AbstractFrameDecorator.php(865): Dompdf\FrameReflower\Block->reflow(NULL)
#12 C:\xampp\htdocs\pegadaian\vendor\dompdf\dompdf\src\FrameReflower\Page.php(141): Dompdf\FrameDecorator\AbstractFrameDecorator->reflow()
#13 C:\xampp\htdocs\pegadaian\vendor\dompdf\dompdf\src\FrameDecorator\AbstractFrameDecorator.php(865): Dompdf\FrameReflower\Page->reflow(NULL)
#14 C:\xampp\htdocs\pegadaian\vendor\dompdf\dompdf\src\Dompdf.php(837): Dompdf\FrameDecorator\AbstractFrameDecorator->reflow()
#15 C:\xampp\htdocs\pegadaian\app\Controllers\Export.php(61): Dompdf\Dompdf->render()
#16 C:\xampp\htdocs\pegadaian\vendor\codeigniter4\framework\system\CodeIgniter.php(825): App\Controllers\Export->generate()
#17 C:\xampp\htdocs\pegadaian\vendor\codeigniter4\framework\system\CodeIgniter.php(412): CodeIgniter\CodeIgniter->runController(Object(App\Controllers\Export))
#18 C:\xampp\htdocs\pegadaian\vendor\codeigniter4\framework\system\CodeIgniter.php(320): CodeIgniter\CodeIgniter->handleRequest(NULL, Object(Config\Cache), false)
#19 C:\xampp\htdocs\pegadaian\public\index.php(37): CodeIgniter\CodeIgniter->run()
#20 C:\xampp\htdocs\pegadaian\vendor\codeigniter4\framework\system\Commands\Server\rewrite.php(43): require_once('C:\\xampp\\htdocs...')
#21 {main}
CRITICAL - 2022-01-24 21:41:09 --> Allowed memory size of 46137344 bytes exhausted (tried to allocate 18878464 bytes)
#0 [internal function]: CodeIgniter\Debug\Exceptions->shutdownHandler()
#1 {main}
CRITICAL - 2022-01-24 22:47:01 --> Min/max width is undefined for table rows
#0 C:\xampp\htdocs\pegadaian\vendor\dompdf\dompdf\src\FrameDecorator\AbstractFrameDecorator.php(873): Dompdf\FrameReflower\TableRow->get_min_max_width()
#1 C:\xampp\htdocs\pegadaian\vendor\dompdf\dompdf\src\FrameReflower\AbstractFrameReflower.php(349): Dompdf\FrameDecorator\AbstractFrameDecorator->get_min_max_width()
#2 C:\xampp\htdocs\pegadaian\vendor\dompdf\dompdf\src\FrameReflower\AbstractFrameReflower.php(389): Dompdf\FrameReflower\AbstractFrameReflower->get_min_max_content_width()
#3 C:\xampp\htdocs\pegadaian\vendor\dompdf\dompdf\src\FrameDecorator\AbstractFrameDecorator.php(873): Dompdf\FrameReflower\AbstractFrameReflower->get_min_max_width()
#4 C:\xampp\htdocs\pegadaian\vendor\dompdf\dompdf\src\Cellmap.php(634): Dompdf\FrameDecorator\AbstractFrameDecorator->get_min_max_width()
#5 C:\xampp\htdocs\pegadaian\vendor\dompdf\dompdf\src\Cellmap.php(516): Dompdf\Cellmap->add_frame(Object(Dompdf\FrameDecorator\Block))
#6 C:\xampp\htdocs\pegadaian\vendor\dompdf\dompdf\src\Cellmap.php(516): Dompdf\Cellmap->add_frame(Object(Dompdf\FrameDecorator\TableRowGroup))
#7 C:\xampp\htdocs\pegadaian\vendor\dompdf\dompdf\src\FrameReflower\Table.php(527): Dompdf\Cellmap->add_frame(Object(Dompdf\FrameDecorator\Table))
#8 C:\xampp\htdocs\pegadaian\vendor\dompdf\dompdf\src\FrameReflower\Table.php(395): Dompdf\FrameReflower\Table->get_min_max_width()
#9 C:\xampp\htdocs\pegadaian\vendor\dompdf\dompdf\src\FrameDecorator\AbstractFrameDecorator.php(865): Dompdf\FrameReflower\Table->reflow(Object(Dompdf\FrameDecorator\Block))
#10 C:\xampp\htdocs\pegadaian\vendor\dompdf\dompdf\src\FrameReflower\Block.php(871): Dompdf\FrameDecorator\AbstractFrameDecorator->reflow(Object(Dompdf\FrameDecorator\Block))
#11 C:\xampp\htdocs\pegadaian\vendor\dompdf\dompdf\src\FrameDecorator\AbstractFrameDecorator.php(865): Dompdf\FrameReflower\Block->reflow(NULL)
#12 C:\xampp\htdocs\pegadaian\vendor\dompdf\dompdf\src\FrameReflower\Page.php(141): Dompdf\FrameDecorator\AbstractFrameDecorator->reflow()
#13 C:\xampp\htdocs\pegadaian\vendor\dompdf\dompdf\src\FrameDecorator\AbstractFrameDecorator.php(865): Dompdf\FrameReflower\Page->reflow(NULL)
#14 C:\xampp\htdocs\pegadaian\vendor\dompdf\dompdf\src\Dompdf.php(837): Dompdf\FrameDecorator\AbstractFrameDecorator->reflow()
#15 C:\xampp\htdocs\pegadaian\app\Controllers\Export.php(61): Dompdf\Dompdf->render()
#16 C:\xampp\htdocs\pegadaian\vendor\codeigniter4\framework\system\CodeIgniter.php(825): App\Controllers\Export->generate()
#17 C:\xampp\htdocs\pegadaian\vendor\codeigniter4\framework\system\CodeIgniter.php(412): CodeIgniter\CodeIgniter->runController(Object(App\Controllers\Export))
#18 C:\xampp\htdocs\pegadaian\vendor\codeigniter4\framework\system\CodeIgniter.php(320): CodeIgniter\CodeIgniter->handleRequest(NULL, Object(Config\Cache), false)
#19 C:\xampp\htdocs\pegadaian\public\index.php(37): CodeIgniter\CodeIgniter->run()
#20 C:\xampp\htdocs\pegadaian\vendor\codeigniter4\framework\system\Commands\Server\rewrite.php(43): require_once('C:\\xampp\\htdocs...')
#21 {main}
CRITICAL - 2022-01-24 22:47:01 --> Allowed memory size of 46137344 bytes exhausted (tried to allocate 18878464 bytes)
#0 [internal function]: CodeIgniter\Debug\Exceptions->shutdownHandler()
#1 {main}
CRITICAL - 2022-01-24 22:49:56 --> Min/max width is undefined for table rows
#0 C:\xampp\htdocs\pegadaian\vendor\dompdf\dompdf\src\FrameDecorator\AbstractFrameDecorator.php(873): Dompdf\FrameReflower\TableRow->get_min_max_width()
#1 C:\xampp\htdocs\pegadaian\vendor\dompdf\dompdf\src\FrameReflower\AbstractFrameReflower.php(349): Dompdf\FrameDecorator\AbstractFrameDecorator->get_min_max_width()
#2 C:\xampp\htdocs\pegadaian\vendor\dompdf\dompdf\src\FrameReflower\AbstractFrameReflower.php(389): Dompdf\FrameReflower\AbstractFrameReflower->get_min_max_content_width()
#3 C:\xampp\htdocs\pegadaian\vendor\dompdf\dompdf\src\FrameDecorator\AbstractFrameDecorator.php(873): Dompdf\FrameReflower\AbstractFrameReflower->get_min_max_width()
#4 C:\xampp\htdocs\pegadaian\vendor\dompdf\dompdf\src\Cellmap.php(634): Dompdf\FrameDecorator\AbstractFrameDecorator->get_min_max_width()
#5 C:\xampp\htdocs\pegadaian\vendor\dompdf\dompdf\src\Cellmap.php(516): Dompdf\Cellmap->add_frame(Object(Dompdf\FrameDecorator\Block))
#6 C:\xampp\htdocs\pegadaian\vendor\dompdf\dompdf\src\Cellmap.php(516): Dompdf\Cellmap->add_frame(Object(Dompdf\FrameDecorator\TableRowGroup))
#7 C:\xampp\htdocs\pegadaian\vendor\dompdf\dompdf\src\FrameReflower\Table.php(527): Dompdf\Cellmap->add_frame(Object(Dompdf\FrameDecorator\Table))
#8 C:\xampp\htdocs\pegadaian\vendor\dompdf\dompdf\src\FrameReflower\Table.php(395): Dompdf\FrameReflower\Table->get_min_max_width()
#9 C:\xampp\htdocs\pegadaian\vendor\dompdf\dompdf\src\FrameDecorator\AbstractFrameDecorator.php(865): Dompdf\FrameReflower\Table->reflow(Object(Dompdf\FrameDecorator\Block))
#10 C:\xampp\htdocs\pegadaian\vendor\dompdf\dompdf\src\FrameReflower\Block.php(871): Dompdf\FrameDecorator\AbstractFrameDecorator->reflow(Object(Dompdf\FrameDecorator\Block))
#11 C:\xampp\htdocs\pegadaian\vendor\dompdf\dompdf\src\FrameDecorator\AbstractFrameDecorator.php(865): Dompdf\FrameReflower\Block->reflow(NULL)
#12 C:\xampp\htdocs\pegadaian\vendor\dompdf\dompdf\src\FrameReflower\Page.php(141): Dompdf\FrameDecorator\AbstractFrameDecorator->reflow()
#13 C:\xampp\htdocs\pegadaian\vendor\dompdf\dompdf\src\FrameDecorator\AbstractFrameDecorator.php(865): Dompdf\FrameReflower\Page->reflow(NULL)
#14 C:\xampp\htdocs\pegadaian\vendor\dompdf\dompdf\src\Dompdf.php(837): Dompdf\FrameDecorator\AbstractFrameDecorator->reflow()
#15 C:\xampp\htdocs\pegadaian\app\Controllers\Export.php(61): Dompdf\Dompdf->render()
#16 C:\xampp\htdocs\pegadaian\vendor\codeigniter4\framework\system\CodeIgniter.php(825): App\Controllers\Export->generate()
#17 C:\xampp\htdocs\pegadaian\vendor\codeigniter4\framework\system\CodeIgniter.php(412): CodeIgniter\CodeIgniter->runController(Object(App\Controllers\Export))
#18 C:\xampp\htdocs\pegadaian\vendor\codeigniter4\framework\system\CodeIgniter.php(320): CodeIgniter\CodeIgniter->handleRequest(NULL, Object(Config\Cache), false)
#19 C:\xampp\htdocs\pegadaian\public\index.php(37): CodeIgniter\CodeIgniter->run()
#20 C:\xampp\htdocs\pegadaian\vendor\codeigniter4\framework\system\Commands\Server\rewrite.php(43): require_once('C:\\xampp\\htdocs...')
#21 {main}
CRITICAL - 2022-01-24 22:49:56 --> Allowed memory size of 46137344 bytes exhausted (tried to allocate 20975616 bytes)
#0 [internal function]: CodeIgniter\Debug\Exceptions->shutdownHandler()
#1 {main}
