ERROR - 2022-01-27 09:02:43 --> Error connecting to the database: No connection could be made because the target machine actively refused it.

CRITICAL - 2022-01-27 09:02:43 --> Unable to connect to the database.
Main connection [MySQLi]: No connection could be made because the target machine actively refused it.

#0 C:\xampp\htdocs\pegadaian\vendor\codeigniter4\framework\system\Database\BaseConnection.php(577): CodeIgniter\Database\BaseConnection->initialize()
#1 C:\xampp\htdocs\pegadaian\vendor\codeigniter4\framework\system\Database\BaseBuilder.php(1455): CodeIgniter\Database\BaseConnection->query('SELECT *\nFROM `...', Array, false)
#2 C:\xampp\htdocs\pegadaian\vendor\codeigniter4\framework\system\Model.php(210): CodeIgniter\Database\BaseBuilder->get()
#3 C:\xampp\htdocs\pegadaian\vendor\codeigniter4\framework\system\BaseModel.php(622): CodeIgniter\Model->doFirst()
#4 C:\xampp\htdocs\pegadaian\app\Controllers\Login.php(30): CodeIgniter\BaseModel->first()
#5 C:\xampp\htdocs\pegadaian\vendor\codeigniter4\framework\system\CodeIgniter.php(825): App\Controllers\Login->login()
#6 C:\xampp\htdocs\pegadaian\vendor\codeigniter4\framework\system\CodeIgniter.php(412): CodeIgniter\CodeIgniter->runController(Object(App\Controllers\Login))
#7 C:\xampp\htdocs\pegadaian\vendor\codeigniter4\framework\system\CodeIgniter.php(320): CodeIgniter\CodeIgniter->handleRequest(NULL, Object(Config\Cache), false)
#8 C:\xampp\htdocs\pegadaian\public\index.php(37): CodeIgniter\CodeIgniter->run()
#9 C:\xampp\htdocs\pegadaian\vendor\codeigniter4\framework\system\Commands\Server\rewrite.php(43): require_once('C:\\xampp\\htdocs...')
#10 {main}
CRITICAL - 2022-01-27 09:31:38 --> Too few arguments to function App\Controllers\Barang::update(), 0 passed in C:\xampp\htdocs\pegadaian\vendor\codeigniter4\framework\system\CodeIgniter.php on line 825 and exactly 1 expected
#0 C:\xampp\htdocs\pegadaian\vendor\codeigniter4\framework\system\CodeIgniter.php(825): App\Controllers\Barang->update()
#1 C:\xampp\htdocs\pegadaian\vendor\codeigniter4\framework\system\CodeIgniter.php(412): CodeIgniter\CodeIgniter->runController(Object(App\Controllers\Barang))
#2 C:\xampp\htdocs\pegadaian\vendor\codeigniter4\framework\system\CodeIgniter.php(320): CodeIgniter\CodeIgniter->handleRequest(NULL, Object(Config\Cache), false)
#3 C:\xampp\htdocs\pegadaian\public\index.php(37): CodeIgniter\CodeIgniter->run()
#4 C:\xampp\htdocs\pegadaian\vendor\codeigniter4\framework\system\Commands\Server\rewrite.php(43): require_once('C:\\xampp\\htdocs...')
#5 {main}
CRITICAL - 2022-01-27 09:35:08 --> Undefined variable: contact
#0 C:\xampp\htdocs\pegadaian\app\Views\Barang\databarang.php(45): CodeIgniter\Debug\Exceptions->errorHandler(8, 'Undefined varia...', 'C:\\xampp\\htdocs...', 45, Array)
#1 C:\xampp\htdocs\pegadaian\vendor\codeigniter4\framework\system\View\View.php(210): include('C:\\xampp\\htdocs...')
#2 C:\xampp\htdocs\pegadaian\vendor\codeigniter4\framework\system\View\View.php(213): CodeIgniter\View\View->CodeIgniter\View\{closure}()
#3 C:\xampp\htdocs\pegadaian\vendor\codeigniter4\framework\system\Common.php(1089): CodeIgniter\View\View->render('barang/databara...', Array, true)
#4 C:\xampp\htdocs\pegadaian\app\Controllers\Barang.php(22): view('barang/databara...', Array)
#5 C:\xampp\htdocs\pegadaian\vendor\codeigniter4\framework\system\CodeIgniter.php(825): App\Controllers\Barang->index()
#6 C:\xampp\htdocs\pegadaian\vendor\codeigniter4\framework\system\CodeIgniter.php(412): CodeIgniter\CodeIgniter->runController(Object(App\Controllers\Barang))
#7 C:\xampp\htdocs\pegadaian\vendor\codeigniter4\framework\system\CodeIgniter.php(320): CodeIgniter\CodeIgniter->handleRequest(NULL, Object(Config\Cache), false)
#8 C:\xampp\htdocs\pegadaian\public\index.php(37): CodeIgniter\CodeIgniter->run()
#9 C:\xampp\htdocs\pegadaian\vendor\codeigniter4\framework\system\Commands\Server\rewrite.php(43): require_once('C:\\xampp\\htdocs...')
#10 {main}
CRITICAL - 2022-01-27 09:37:21 --> Undefined index: id_barang
#0 C:\xampp\htdocs\pegadaian\app\Views\Barang\databarang.php(100): CodeIgniter\Debug\Exceptions->errorHandler(8, 'Undefined index...', 'C:\\xampp\\htdocs...', 100, Array)
#1 C:\xampp\htdocs\pegadaian\vendor\codeigniter4\framework\system\View\View.php(210): include('C:\\xampp\\htdocs...')
#2 C:\xampp\htdocs\pegadaian\vendor\codeigniter4\framework\system\View\View.php(213): CodeIgniter\View\View->CodeIgniter\View\{closure}()
#3 C:\xampp\htdocs\pegadaian\vendor\codeigniter4\framework\system\Common.php(1089): CodeIgniter\View\View->render('barang/databara...', Array, true)
#4 C:\xampp\htdocs\pegadaian\app\Controllers\Barang.php(22): view('barang/databara...', Array)
#5 C:\xampp\htdocs\pegadaian\vendor\codeigniter4\framework\system\CodeIgniter.php(825): App\Controllers\Barang->index()
#6 C:\xampp\htdocs\pegadaian\vendor\codeigniter4\framework\system\CodeIgniter.php(412): CodeIgniter\CodeIgniter->runController(Object(App\Controllers\Barang))
#7 C:\xampp\htdocs\pegadaian\vendor\codeigniter4\framework\system\CodeIgniter.php(320): CodeIgniter\CodeIgniter->handleRequest(NULL, Object(Config\Cache), false)
#8 C:\xampp\htdocs\pegadaian\public\index.php(37): CodeIgniter\CodeIgniter->run()
#9 C:\xampp\htdocs\pegadaian\vendor\codeigniter4\framework\system\Commands\Server\rewrite.php(43): require_once('C:\\xampp\\htdocs...')
#10 {main}
CRITICAL - 2022-01-27 09:39:19 --> Too few arguments to function App\Controllers\Barang::index(), 0 passed in C:\xampp\htdocs\pegadaian\vendor\codeigniter4\framework\system\CodeIgniter.php on line 825 and exactly 1 expected
#0 C:\xampp\htdocs\pegadaian\vendor\codeigniter4\framework\system\CodeIgniter.php(825): App\Controllers\Barang->index()
#1 C:\xampp\htdocs\pegadaian\vendor\codeigniter4\framework\system\CodeIgniter.php(412): CodeIgniter\CodeIgniter->runController(Object(App\Controllers\Barang))
#2 C:\xampp\htdocs\pegadaian\vendor\codeigniter4\framework\system\CodeIgniter.php(320): CodeIgniter\CodeIgniter->handleRequest(NULL, Object(Config\Cache), false)
#3 C:\xampp\htdocs\pegadaian\public\index.php(37): CodeIgniter\CodeIgniter->run()
#4 C:\xampp\htdocs\pegadaian\vendor\codeigniter4\framework\system\Commands\Server\rewrite.php(43): require_once('C:\\xampp\\htdocs...')
#5 {main}
CRITICAL - 2022-01-27 09:39:28 --> Undefined index: id_barang
#0 C:\xampp\htdocs\pegadaian\app\Views\Barang\databarang.php(100): CodeIgniter\Debug\Exceptions->errorHandler(8, 'Undefined index...', 'C:\\xampp\\htdocs...', 100, Array)
#1 C:\xampp\htdocs\pegadaian\vendor\codeigniter4\framework\system\View\View.php(210): include('C:\\xampp\\htdocs...')
#2 C:\xampp\htdocs\pegadaian\vendor\codeigniter4\framework\system\View\View.php(213): CodeIgniter\View\View->CodeIgniter\View\{closure}()
#3 C:\xampp\htdocs\pegadaian\vendor\codeigniter4\framework\system\Common.php(1089): CodeIgniter\View\View->render('barang/databara...', Array, true)
#4 C:\xampp\htdocs\pegadaian\app\Controllers\Barang.php(22): view('barang/databara...', Array)
#5 C:\xampp\htdocs\pegadaian\vendor\codeigniter4\framework\system\CodeIgniter.php(825): App\Controllers\Barang->index()
#6 C:\xampp\htdocs\pegadaian\vendor\codeigniter4\framework\system\CodeIgniter.php(412): CodeIgniter\CodeIgniter->runController(Object(App\Controllers\Barang))
#7 C:\xampp\htdocs\pegadaian\vendor\codeigniter4\framework\system\CodeIgniter.php(320): CodeIgniter\CodeIgniter->handleRequest(NULL, Object(Config\Cache), false)
#8 C:\xampp\htdocs\pegadaian\public\index.php(37): CodeIgniter\CodeIgniter->run()
#9 C:\xampp\htdocs\pegadaian\vendor\codeigniter4\framework\system\Commands\Server\rewrite.php(43): require_once('C:\\xampp\\htdocs...')
#10 {main}
CRITICAL - 2022-01-27 13:20:27 --> Trying to access array offset on value of type null
#0 C:\xampp\htdocs\pegadaian\app\Views\Nasabah\edit.php(17): CodeIgniter\Debug\Exceptions->errorHandler(8, 'Trying to acces...', 'C:\\xampp\\htdocs...', 17, Array)
#1 C:\xampp\htdocs\pegadaian\vendor\codeigniter4\framework\system\View\View.php(210): include('C:\\xampp\\htdocs...')
#2 C:\xampp\htdocs\pegadaian\vendor\codeigniter4\framework\system\View\View.php(213): CodeIgniter\View\View->CodeIgniter\View\{closure}()
#3 C:\xampp\htdocs\pegadaian\vendor\codeigniter4\framework\system\Common.php(1089): CodeIgniter\View\View->render('nasabah/edit', Array, true)
#4 C:\xampp\htdocs\pegadaian\app\Controllers\Nasabah.php(187): view('nasabah/edit', Array)
#5 C:\xampp\htdocs\pegadaian\vendor\codeigniter4\framework\system\CodeIgniter.php(825): App\Controllers\Nasabah->edit('FG00')
#6 C:\xampp\htdocs\pegadaian\vendor\codeigniter4\framework\system\CodeIgniter.php(412): CodeIgniter\CodeIgniter->runController(Object(App\Controllers\Nasabah))
#7 C:\xampp\htdocs\pegadaian\vendor\codeigniter4\framework\system\CodeIgniter.php(320): CodeIgniter\CodeIgniter->handleRequest(NULL, Object(Config\Cache), false)
#8 C:\xampp\htdocs\pegadaian\public\index.php(37): CodeIgniter\CodeIgniter->run()
#9 C:\xampp\htdocs\pegadaian\vendor\codeigniter4\framework\system\Commands\Server\rewrite.php(43): require_once('C:\\xampp\\htdocs...')
#10 {main}
CRITICAL - 2022-01-27 13:20:38 --> Trying to access array offset on value of type null
#0 C:\xampp\htdocs\pegadaian\app\Views\Nasabah\edit.php(17): CodeIgniter\Debug\Exceptions->errorHandler(8, 'Trying to acces...', 'C:\\xampp\\htdocs...', 17, Array)
#1 C:\xampp\htdocs\pegadaian\vendor\codeigniter4\framework\system\View\View.php(210): include('C:\\xampp\\htdocs...')
#2 C:\xampp\htdocs\pegadaian\vendor\codeigniter4\framework\system\View\View.php(213): CodeIgniter\View\View->CodeIgniter\View\{closure}()
#3 C:\xampp\htdocs\pegadaian\vendor\codeigniter4\framework\system\Common.php(1089): CodeIgniter\View\View->render('nasabah/edit', Array, true)
#4 C:\xampp\htdocs\pegadaian\app\Controllers\Nasabah.php(187): view('nasabah/edit', Array)
#5 C:\xampp\htdocs\pegadaian\vendor\codeigniter4\framework\system\CodeIgniter.php(825): App\Controllers\Nasabah->edit('FG01')
#6 C:\xampp\htdocs\pegadaian\vendor\codeigniter4\framework\system\CodeIgniter.php(412): CodeIgniter\CodeIgniter->runController(Object(App\Controllers\Nasabah))
#7 C:\xampp\htdocs\pegadaian\vendor\codeigniter4\framework\system\CodeIgniter.php(320): CodeIgniter\CodeIgniter->handleRequest(NULL, Object(Config\Cache), false)
#8 C:\xampp\htdocs\pegadaian\public\index.php(37): CodeIgniter\CodeIgniter->run()
#9 C:\xampp\htdocs\pegadaian\vendor\codeigniter4\framework\system\Commands\Server\rewrite.php(43): require_once('C:\\xampp\\htdocs...')
#10 {main}
CRITICAL - 2022-01-27 13:21:22 --> Trying to access array offset on value of type null
#0 C:\xampp\htdocs\pegadaian\app\Views\Nasabah\edit.php(17): CodeIgniter\Debug\Exceptions->errorHandler(8, 'Trying to acces...', 'C:\\xampp\\htdocs...', 17, Array)
#1 C:\xampp\htdocs\pegadaian\vendor\codeigniter4\framework\system\View\View.php(210): include('C:\\xampp\\htdocs...')
#2 C:\xampp\htdocs\pegadaian\vendor\codeigniter4\framework\system\View\View.php(213): CodeIgniter\View\View->CodeIgniter\View\{closure}()
#3 C:\xampp\htdocs\pegadaian\vendor\codeigniter4\framework\system\Common.php(1089): CodeIgniter\View\View->render('nasabah/edit', Array, true)
#4 C:\xampp\htdocs\pegadaian\app\Controllers\Nasabah.php(187): view('nasabah/edit', Array)
#5 C:\xampp\htdocs\pegadaian\vendor\codeigniter4\framework\system\CodeIgniter.php(825): App\Controllers\Nasabah->edit('FG02')
#6 C:\xampp\htdocs\pegadaian\vendor\codeigniter4\framework\system\CodeIgniter.php(412): CodeIgniter\CodeIgniter->runController(Object(App\Controllers\Nasabah))
#7 C:\xampp\htdocs\pegadaian\vendor\codeigniter4\framework\system\CodeIgniter.php(320): CodeIgniter\CodeIgniter->handleRequest(NULL, Object(Config\Cache), false)
#8 C:\xampp\htdocs\pegadaian\public\index.php(37): CodeIgniter\CodeIgniter->run()
#9 C:\xampp\htdocs\pegadaian\vendor\codeigniter4\framework\system\Commands\Server\rewrite.php(43): require_once('C:\\xampp\\htdocs...')
#10 {main}
CRITICAL - 2022-01-27 13:21:34 --> Trying to access array offset on value of type null
#0 C:\xampp\htdocs\pegadaian\app\Views\Nasabah\edit.php(17): CodeIgniter\Debug\Exceptions->errorHandler(8, 'Trying to acces...', 'C:\\xampp\\htdocs...', 17, Array)
#1 C:\xampp\htdocs\pegadaian\vendor\codeigniter4\framework\system\View\View.php(210): include('C:\\xampp\\htdocs...')
#2 C:\xampp\htdocs\pegadaian\vendor\codeigniter4\framework\system\View\View.php(213): CodeIgniter\View\View->CodeIgniter\View\{closure}()
#3 C:\xampp\htdocs\pegadaian\vendor\codeigniter4\framework\system\Common.php(1089): CodeIgniter\View\View->render('nasabah/edit', Array, true)
#4 C:\xampp\htdocs\pegadaian\app\Controllers\Nasabah.php(187): view('nasabah/edit', Array)
#5 C:\xampp\htdocs\pegadaian\vendor\codeigniter4\framework\system\CodeIgniter.php(825): App\Controllers\Nasabah->edit('FG02')
#6 C:\xampp\htdocs\pegadaian\vendor\codeigniter4\framework\system\CodeIgniter.php(412): CodeIgniter\CodeIgniter->runController(Object(App\Controllers\Nasabah))
#7 C:\xampp\htdocs\pegadaian\vendor\codeigniter4\framework\system\CodeIgniter.php(320): CodeIgniter\CodeIgniter->handleRequest(NULL, Object(Config\Cache), false)
#8 C:\xampp\htdocs\pegadaian\public\index.php(37): CodeIgniter\CodeIgniter->run()
#9 C:\xampp\htdocs\pegadaian\vendor\codeigniter4\framework\system\Commands\Server\rewrite.php(43): require_once('C:\\xampp\\htdocs...')
#10 {main}
CRITICAL - 2022-01-27 13:23:17 --> Trying to access array offset on value of type null
#0 C:\xampp\htdocs\pegadaian\app\Views\Nasabah\edit.php(24): CodeIgniter\Debug\Exceptions->errorHandler(8, 'Trying to acces...', 'C:\\xampp\\htdocs...', 24, Array)
#1 C:\xampp\htdocs\pegadaian\vendor\codeigniter4\framework\system\View\View.php(210): include('C:\\xampp\\htdocs...')
#2 C:\xampp\htdocs\pegadaian\vendor\codeigniter4\framework\system\View\View.php(213): CodeIgniter\View\View->CodeIgniter\View\{closure}()
#3 C:\xampp\htdocs\pegadaian\vendor\codeigniter4\framework\system\Common.php(1089): CodeIgniter\View\View->render('nasabah/edit', Array, true)
#4 C:\xampp\htdocs\pegadaian\app\Controllers\Nasabah.php(187): view('nasabah/edit', Array)
#5 C:\xampp\htdocs\pegadaian\vendor\codeigniter4\framework\system\CodeIgniter.php(825): App\Controllers\Nasabah->edit('FG02')
#6 C:\xampp\htdocs\pegadaian\vendor\codeigniter4\framework\system\CodeIgniter.php(412): CodeIgniter\CodeIgniter->runController(Object(App\Controllers\Nasabah))
#7 C:\xampp\htdocs\pegadaian\vendor\codeigniter4\framework\system\CodeIgniter.php(320): CodeIgniter\CodeIgniter->handleRequest(NULL, Object(Config\Cache), false)
#8 C:\xampp\htdocs\pegadaian\public\index.php(37): CodeIgniter\CodeIgniter->run()
#9 C:\xampp\htdocs\pegadaian\vendor\codeigniter4\framework\system\Commands\Server\rewrite.php(43): require_once('C:\\xampp\\htdocs...')
#10 {main}
CRITICAL - 2022-01-27 13:24:08 --> Trying to access array offset on value of type null
#0 C:\xampp\htdocs\pegadaian\app\Views\Nasabah\edit.php(20): CodeIgniter\Debug\Exceptions->errorHandler(8, 'Trying to acces...', 'C:\\xampp\\htdocs...', 20, Array)
#1 C:\xampp\htdocs\pegadaian\vendor\codeigniter4\framework\system\View\View.php(210): include('C:\\xampp\\htdocs...')
#2 C:\xampp\htdocs\pegadaian\vendor\codeigniter4\framework\system\View\View.php(213): CodeIgniter\View\View->CodeIgniter\View\{closure}()
#3 C:\xampp\htdocs\pegadaian\vendor\codeigniter4\framework\system\Common.php(1089): CodeIgniter\View\View->render('nasabah/edit', Array, true)
#4 C:\xampp\htdocs\pegadaian\app\Controllers\Nasabah.php(187): view('nasabah/edit', Array)
#5 C:\xampp\htdocs\pegadaian\vendor\codeigniter4\framework\system\CodeIgniter.php(825): App\Controllers\Nasabah->edit('FG02')
#6 C:\xampp\htdocs\pegadaian\vendor\codeigniter4\framework\system\CodeIgniter.php(412): CodeIgniter\CodeIgniter->runController(Object(App\Controllers\Nasabah))
#7 C:\xampp\htdocs\pegadaian\vendor\codeigniter4\framework\system\CodeIgniter.php(320): CodeIgniter\CodeIgniter->handleRequest(NULL, Object(Config\Cache), false)
#8 C:\xampp\htdocs\pegadaian\public\index.php(37): CodeIgniter\CodeIgniter->run()
#9 C:\xampp\htdocs\pegadaian\vendor\codeigniter4\framework\system\Commands\Server\rewrite.php(43): require_once('C:\\xampp\\htdocs...')
#10 {main}
CRITICAL - 2022-01-27 13:26:02 --> Trying to access array offset on value of type null
#0 C:\xampp\htdocs\pegadaian\app\Views\Nasabah\edit.php(17): CodeIgniter\Debug\Exceptions->errorHandler(8, 'Trying to acces...', 'C:\\xampp\\htdocs...', 17, Array)
#1 C:\xampp\htdocs\pegadaian\vendor\codeigniter4\framework\system\View\View.php(210): include('C:\\xampp\\htdocs...')
#2 C:\xampp\htdocs\pegadaian\vendor\codeigniter4\framework\system\View\View.php(213): CodeIgniter\View\View->CodeIgniter\View\{closure}()
#3 C:\xampp\htdocs\pegadaian\vendor\codeigniter4\framework\system\Common.php(1089): CodeIgniter\View\View->render('nasabah/edit', Array, true)
#4 C:\xampp\htdocs\pegadaian\app\Controllers\Nasabah.php(187): view('nasabah/edit', Array)
#5 C:\xampp\htdocs\pegadaian\vendor\codeigniter4\framework\system\CodeIgniter.php(825): App\Controllers\Nasabah->edit('FG00')
#6 C:\xampp\htdocs\pegadaian\vendor\codeigniter4\framework\system\CodeIgniter.php(412): CodeIgniter\CodeIgniter->runController(Object(App\Controllers\Nasabah))
#7 C:\xampp\htdocs\pegadaian\vendor\codeigniter4\framework\system\CodeIgniter.php(320): CodeIgniter\CodeIgniter->handleRequest(NULL, Object(Config\Cache), false)
#8 C:\xampp\htdocs\pegadaian\public\index.php(37): CodeIgniter\CodeIgniter->run()
#9 C:\xampp\htdocs\pegadaian\vendor\codeigniter4\framework\system\Commands\Server\rewrite.php(43): require_once('C:\\xampp\\htdocs...')
#10 {main}
CRITICAL - 2022-01-27 13:26:44 --> Trying to access array offset on value of type null
#0 C:\xampp\htdocs\pegadaian\app\Views\Nasabah\edit.php(17): CodeIgniter\Debug\Exceptions->errorHandler(8, 'Trying to acces...', 'C:\\xampp\\htdocs...', 17, Array)
#1 C:\xampp\htdocs\pegadaian\vendor\codeigniter4\framework\system\View\View.php(210): include('C:\\xampp\\htdocs...')
#2 C:\xampp\htdocs\pegadaian\vendor\codeigniter4\framework\system\View\View.php(213): CodeIgniter\View\View->CodeIgniter\View\{closure}()
#3 C:\xampp\htdocs\pegadaian\vendor\codeigniter4\framework\system\Common.php(1089): CodeIgniter\View\View->render('nasabah/edit', Array, true)
#4 C:\xampp\htdocs\pegadaian\app\Controllers\Nasabah.php(187): view('nasabah/edit', Array)
#5 C:\xampp\htdocs\pegadaian\vendor\codeigniter4\framework\system\CodeIgniter.php(825): App\Controllers\Nasabah->edit('FG00')
#6 C:\xampp\htdocs\pegadaian\vendor\codeigniter4\framework\system\CodeIgniter.php(412): CodeIgniter\CodeIgniter->runController(Object(App\Controllers\Nasabah))
#7 C:\xampp\htdocs\pegadaian\vendor\codeigniter4\framework\system\CodeIgniter.php(320): CodeIgniter\CodeIgniter->handleRequest(NULL, Object(Config\Cache), false)
#8 C:\xampp\htdocs\pegadaian\public\index.php(37): CodeIgniter\CodeIgniter->run()
#9 C:\xampp\htdocs\pegadaian\vendor\codeigniter4\framework\system\Commands\Server\rewrite.php(43): require_once('C:\\xampp\\htdocs...')
#10 {main}
CRITICAL - 2022-01-27 13:29:47 --> Undefined index: kode_cabang
#0 C:\xampp\htdocs\pegadaian\app\Views\Cabang\datacabang.php(139): CodeIgniter\Debug\Exceptions->errorHandler(8, 'Undefined index...', 'C:\\xampp\\htdocs...', 139, Array)
#1 C:\xampp\htdocs\pegadaian\vendor\codeigniter4\framework\system\View\View.php(210): include('C:\\xampp\\htdocs...')
#2 C:\xampp\htdocs\pegadaian\vendor\codeigniter4\framework\system\View\View.php(213): CodeIgniter\View\View->CodeIgniter\View\{closure}()
#3 C:\xampp\htdocs\pegadaian\vendor\codeigniter4\framework\system\Common.php(1089): CodeIgniter\View\View->render('cabang/datacaba...', Array, true)
#4 C:\xampp\htdocs\pegadaian\app\Controllers\Cabang.php(24): view('cabang/datacaba...', Array)
#5 C:\xampp\htdocs\pegadaian\vendor\codeigniter4\framework\system\CodeIgniter.php(825): App\Controllers\Cabang->index()
#6 C:\xampp\htdocs\pegadaian\vendor\codeigniter4\framework\system\CodeIgniter.php(412): CodeIgniter\CodeIgniter->runController(Object(App\Controllers\Cabang))
#7 C:\xampp\htdocs\pegadaian\vendor\codeigniter4\framework\system\CodeIgniter.php(320): CodeIgniter\CodeIgniter->handleRequest(NULL, Object(Config\Cache), false)
#8 C:\xampp\htdocs\pegadaian\public\index.php(37): CodeIgniter\CodeIgniter->run()
#9 C:\xampp\htdocs\pegadaian\vendor\codeigniter4\framework\system\Commands\Server\rewrite.php(43): require_once('C:\\xampp\\htdocs...')
#10 {main}
CRITICAL - 2022-01-27 13:32:36 --> Undefined index: id_barang
#0 C:\xampp\htdocs\pegadaian\app\Views\Cabang\datacabang.php(54): CodeIgniter\Debug\Exceptions->errorHandler(8, 'Undefined index...', 'C:\\xampp\\htdocs...', 54, Array)
#1 C:\xampp\htdocs\pegadaian\vendor\codeigniter4\framework\system\View\View.php(210): include('C:\\xampp\\htdocs...')
#2 C:\xampp\htdocs\pegadaian\vendor\codeigniter4\framework\system\View\View.php(213): CodeIgniter\View\View->CodeIgniter\View\{closure}()
#3 C:\xampp\htdocs\pegadaian\vendor\codeigniter4\framework\system\Common.php(1089): CodeIgniter\View\View->render('cabang/datacaba...', Array, true)
#4 C:\xampp\htdocs\pegadaian\app\Controllers\Cabang.php(24): view('cabang/datacaba...', Array)
#5 C:\xampp\htdocs\pegadaian\vendor\codeigniter4\framework\system\CodeIgniter.php(825): App\Controllers\Cabang->index()
#6 C:\xampp\htdocs\pegadaian\vendor\codeigniter4\framework\system\CodeIgniter.php(412): CodeIgniter\CodeIgniter->runController(Object(App\Controllers\Cabang))
#7 C:\xampp\htdocs\pegadaian\vendor\codeigniter4\framework\system\CodeIgniter.php(320): CodeIgniter\CodeIgniter->handleRequest(NULL, Object(Config\Cache), false)
#8 C:\xampp\htdocs\pegadaian\public\index.php(37): CodeIgniter\CodeIgniter->run()
#9 C:\xampp\htdocs\pegadaian\vendor\codeigniter4\framework\system\Commands\Server\rewrite.php(43): require_once('C:\\xampp\\htdocs...')
#10 {main}
CRITICAL - 2022-01-27 13:33:05 --> Undefined index: id_barang
#0 C:\xampp\htdocs\pegadaian\app\Views\Cabang\datacabang.php(54): CodeIgniter\Debug\Exceptions->errorHandler(8, 'Undefined index...', 'C:\\xampp\\htdocs...', 54, Array)
#1 C:\xampp\htdocs\pegadaian\vendor\codeigniter4\framework\system\View\View.php(210): include('C:\\xampp\\htdocs...')
#2 C:\xampp\htdocs\pegadaian\vendor\codeigniter4\framework\system\View\View.php(213): CodeIgniter\View\View->CodeIgniter\View\{closure}()
#3 C:\xampp\htdocs\pegadaian\vendor\codeigniter4\framework\system\Common.php(1089): CodeIgniter\View\View->render('cabang/datacaba...', Array, true)
#4 C:\xampp\htdocs\pegadaian\app\Controllers\Cabang.php(24): view('cabang/datacaba...', Array)
#5 C:\xampp\htdocs\pegadaian\vendor\codeigniter4\framework\system\CodeIgniter.php(825): App\Controllers\Cabang->index()
#6 C:\xampp\htdocs\pegadaian\vendor\codeigniter4\framework\system\CodeIgniter.php(412): CodeIgniter\CodeIgniter->runController(Object(App\Controllers\Cabang))
#7 C:\xampp\htdocs\pegadaian\vendor\codeigniter4\framework\system\CodeIgniter.php(320): CodeIgniter\CodeIgniter->handleRequest(NULL, Object(Config\Cache), false)
#8 C:\xampp\htdocs\pegadaian\public\index.php(37): CodeIgniter\CodeIgniter->run()
#9 C:\xampp\htdocs\pegadaian\vendor\codeigniter4\framework\system\Commands\Server\rewrite.php(43): require_once('C:\\xampp\\htdocs...')
#10 {main}
CRITICAL - 2022-01-27 14:09:06 --> Cannot use object of type stdClass as array
#0 C:\xampp\htdocs\pegadaian\vendor\codeigniter4\framework\system\View\View.php(210): include()
#1 C:\xampp\htdocs\pegadaian\vendor\codeigniter4\framework\system\View\View.php(213): CodeIgniter\View\View->CodeIgniter\View\{closure}()
#2 C:\xampp\htdocs\pegadaian\vendor\codeigniter4\framework\system\Common.php(1089): CodeIgniter\View\View->render('nasabah/datanas...', Array, true)
#3 C:\xampp\htdocs\pegadaian\app\Controllers\Nasabah.php(34): view('nasabah/datanas...', Array)
#4 C:\xampp\htdocs\pegadaian\vendor\codeigniter4\framework\system\CodeIgniter.php(825): App\Controllers\Nasabah->index()
#5 C:\xampp\htdocs\pegadaian\vendor\codeigniter4\framework\system\CodeIgniter.php(412): CodeIgniter\CodeIgniter->runController(Object(App\Controllers\Nasabah))
#6 C:\xampp\htdocs\pegadaian\vendor\codeigniter4\framework\system\CodeIgniter.php(320): CodeIgniter\CodeIgniter->handleRequest(NULL, Object(Config\Cache), false)
#7 C:\xampp\htdocs\pegadaian\public\index.php(37): CodeIgniter\CodeIgniter->run()
#8 C:\xampp\htdocs\pegadaian\vendor\codeigniter4\framework\system\Commands\Server\rewrite.php(43): require_once('C:\\xampp\\htdocs...')
#9 {main}
CRITICAL - 2022-01-27 14:10:00 --> Undefined index: nama
#0 C:\xampp\htdocs\pegadaian\app\Views\Nasabah\datanasabah.php(204): CodeIgniter\Debug\Exceptions->errorHandler(8, 'Undefined index...', 'C:\\xampp\\htdocs...', 204, Array)
#1 C:\xampp\htdocs\pegadaian\vendor\codeigniter4\framework\system\View\View.php(210): include('C:\\xampp\\htdocs...')
#2 C:\xampp\htdocs\pegadaian\vendor\codeigniter4\framework\system\View\View.php(213): CodeIgniter\View\View->CodeIgniter\View\{closure}()
#3 C:\xampp\htdocs\pegadaian\vendor\codeigniter4\framework\system\Common.php(1089): CodeIgniter\View\View->render('nasabah/datanas...', Array, true)
#4 C:\xampp\htdocs\pegadaian\app\Controllers\Nasabah.php(34): view('nasabah/datanas...', Array)
#5 C:\xampp\htdocs\pegadaian\vendor\codeigniter4\framework\system\CodeIgniter.php(825): App\Controllers\Nasabah->index()
#6 C:\xampp\htdocs\pegadaian\vendor\codeigniter4\framework\system\CodeIgniter.php(412): CodeIgniter\CodeIgniter->runController(Object(App\Controllers\Nasabah))
#7 C:\xampp\htdocs\pegadaian\vendor\codeigniter4\framework\system\CodeIgniter.php(320): CodeIgniter\CodeIgniter->handleRequest(NULL, Object(Config\Cache), false)
#8 C:\xampp\htdocs\pegadaian\public\index.php(37): CodeIgniter\CodeIgniter->run()
#9 C:\xampp\htdocs\pegadaian\vendor\codeigniter4\framework\system\Commands\Server\rewrite.php(43): require_once('C:\\xampp\\htdocs...')
#10 {main}
CRITICAL - 2022-01-27 15:42:52 --> Too few arguments to function App\Controllers\Barang::delete(), 0 passed in C:\xampp\htdocs\pegadaian\vendor\codeigniter4\framework\system\CodeIgniter.php on line 825 and exactly 1 expected
#0 C:\xampp\htdocs\pegadaian\vendor\codeigniter4\framework\system\CodeIgniter.php(825): App\Controllers\Barang->delete()
#1 C:\xampp\htdocs\pegadaian\vendor\codeigniter4\framework\system\CodeIgniter.php(412): CodeIgniter\CodeIgniter->runController(Object(App\Controllers\Barang))
#2 C:\xampp\htdocs\pegadaian\vendor\codeigniter4\framework\system\CodeIgniter.php(320): CodeIgniter\CodeIgniter->handleRequest(NULL, Object(Config\Cache), false)
#3 C:\xampp\htdocs\pegadaian\public\index.php(37): CodeIgniter\CodeIgniter->run()
#4 C:\xampp\htdocs\pegadaian\vendor\codeigniter4\framework\system\Commands\Server\rewrite.php(43): require_once('C:\\xampp\\htdocs...')
#5 {main}
CRITICAL - 2022-01-27 15:42:56 --> Too few arguments to function App\Controllers\Barang::delete(), 0 passed in C:\xampp\htdocs\pegadaian\vendor\codeigniter4\framework\system\CodeIgniter.php on line 825 and exactly 1 expected
#0 C:\xampp\htdocs\pegadaian\vendor\codeigniter4\framework\system\CodeIgniter.php(825): App\Controllers\Barang->delete()
#1 C:\xampp\htdocs\pegadaian\vendor\codeigniter4\framework\system\CodeIgniter.php(412): CodeIgniter\CodeIgniter->runController(Object(App\Controllers\Barang))
#2 C:\xampp\htdocs\pegadaian\vendor\codeigniter4\framework\system\CodeIgniter.php(320): CodeIgniter\CodeIgniter->handleRequest(NULL, Object(Config\Cache), false)
#3 C:\xampp\htdocs\pegadaian\public\index.php(37): CodeIgniter\CodeIgniter->run()
#4 C:\xampp\htdocs\pegadaian\vendor\codeigniter4\framework\system\Commands\Server\rewrite.php(43): require_once('C:\\xampp\\htdocs...')
#5 {main}
CRITICAL - 2022-01-27 15:43:36 --> Too few arguments to function App\Controllers\Barang::delete(), 0 passed in C:\xampp\htdocs\pegadaian\vendor\codeigniter4\framework\system\CodeIgniter.php on line 825 and exactly 1 expected
#0 C:\xampp\htdocs\pegadaian\vendor\codeigniter4\framework\system\CodeIgniter.php(825): App\Controllers\Barang->delete()
#1 C:\xampp\htdocs\pegadaian\vendor\codeigniter4\framework\system\CodeIgniter.php(412): CodeIgniter\CodeIgniter->runController(Object(App\Controllers\Barang))
#2 C:\xampp\htdocs\pegadaian\vendor\codeigniter4\framework\system\CodeIgniter.php(320): CodeIgniter\CodeIgniter->handleRequest(NULL, Object(Config\Cache), false)
#3 C:\xampp\htdocs\pegadaian\public\index.php(37): CodeIgniter\CodeIgniter->run()
#4 C:\xampp\htdocs\pegadaian\vendor\codeigniter4\framework\system\Commands\Server\rewrite.php(43): require_once('C:\\xampp\\htdocs...')
#5 {main}
CRITICAL - 2022-01-27 15:44:04 --> Too few arguments to function App\Controllers\Barang::delete(), 0 passed in C:\xampp\htdocs\pegadaian\vendor\codeigniter4\framework\system\CodeIgniter.php on line 825 and exactly 1 expected
#0 C:\xampp\htdocs\pegadaian\vendor\codeigniter4\framework\system\CodeIgniter.php(825): App\Controllers\Barang->delete()
#1 C:\xampp\htdocs\pegadaian\vendor\codeigniter4\framework\system\CodeIgniter.php(412): CodeIgniter\CodeIgniter->runController(Object(App\Controllers\Barang))
#2 C:\xampp\htdocs\pegadaian\vendor\codeigniter4\framework\system\CodeIgniter.php(320): CodeIgniter\CodeIgniter->handleRequest(NULL, Object(Config\Cache), false)
#3 C:\xampp\htdocs\pegadaian\public\index.php(37): CodeIgniter\CodeIgniter->run()
#4 C:\xampp\htdocs\pegadaian\vendor\codeigniter4\framework\system\Commands\Server\rewrite.php(43): require_once('C:\\xampp\\htdocs...')
#5 {main}
CRITICAL - 2022-01-27 15:44:58 --> Too few arguments to function App\Controllers\Barang::delete(), 0 passed in C:\xampp\htdocs\pegadaian\vendor\codeigniter4\framework\system\CodeIgniter.php on line 825 and exactly 1 expected
#0 C:\xampp\htdocs\pegadaian\vendor\codeigniter4\framework\system\CodeIgniter.php(825): App\Controllers\Barang->delete()
#1 C:\xampp\htdocs\pegadaian\vendor\codeigniter4\framework\system\CodeIgniter.php(412): CodeIgniter\CodeIgniter->runController(Object(App\Controllers\Barang))
#2 C:\xampp\htdocs\pegadaian\vendor\codeigniter4\framework\system\CodeIgniter.php(320): CodeIgniter\CodeIgniter->handleRequest(NULL, Object(Config\Cache), false)
#3 C:\xampp\htdocs\pegadaian\public\index.php(37): CodeIgniter\CodeIgniter->run()
#4 C:\xampp\htdocs\pegadaian\vendor\codeigniter4\framework\system\Commands\Server\rewrite.php(43): require_once('C:\\xampp\\htdocs...')
#5 {main}
CRITICAL - 2022-01-27 15:45:53 --> Too few arguments to function App\Controllers\Barang::delete(), 0 passed in C:\xampp\htdocs\pegadaian\vendor\codeigniter4\framework\system\CodeIgniter.php on line 825 and exactly 1 expected
#0 C:\xampp\htdocs\pegadaian\vendor\codeigniter4\framework\system\CodeIgniter.php(825): App\Controllers\Barang->delete()
#1 C:\xampp\htdocs\pegadaian\vendor\codeigniter4\framework\system\CodeIgniter.php(412): CodeIgniter\CodeIgniter->runController(Object(App\Controllers\Barang))
#2 C:\xampp\htdocs\pegadaian\vendor\codeigniter4\framework\system\CodeIgniter.php(320): CodeIgniter\CodeIgniter->handleRequest(NULL, Object(Config\Cache), false)
#3 C:\xampp\htdocs\pegadaian\public\index.php(37): CodeIgniter\CodeIgniter->run()
#4 C:\xampp\htdocs\pegadaian\vendor\codeigniter4\framework\system\Commands\Server\rewrite.php(43): require_once('C:\\xampp\\htdocs...')
#5 {main}
CRITICAL - 2022-01-27 15:46:05 --> Too few arguments to function App\Controllers\Barang::delete(), 0 passed in C:\xampp\htdocs\pegadaian\vendor\codeigniter4\framework\system\CodeIgniter.php on line 825 and exactly 1 expected
#0 C:\xampp\htdocs\pegadaian\vendor\codeigniter4\framework\system\CodeIgniter.php(825): App\Controllers\Barang->delete()
#1 C:\xampp\htdocs\pegadaian\vendor\codeigniter4\framework\system\CodeIgniter.php(412): CodeIgniter\CodeIgniter->runController(Object(App\Controllers\Barang))
#2 C:\xampp\htdocs\pegadaian\vendor\codeigniter4\framework\system\CodeIgniter.php(320): CodeIgniter\CodeIgniter->handleRequest(NULL, Object(Config\Cache), false)
#3 C:\xampp\htdocs\pegadaian\public\index.php(37): CodeIgniter\CodeIgniter->run()
#4 C:\xampp\htdocs\pegadaian\vendor\codeigniter4\framework\system\Commands\Server\rewrite.php(43): require_once('C:\\xampp\\htdocs...')
#5 {main}
CRITICAL - 2022-01-27 15:50:58 --> Deletes are not allowed unless they contain a "where" or "like" clause.
#0 C:\xampp\htdocs\pegadaian\vendor\codeigniter4\framework\system\Model.php(359): CodeIgniter\Database\BaseBuilder->delete()
#1 C:\xampp\htdocs\pegadaian\vendor\codeigniter4\framework\system\BaseModel.php(963): CodeIgniter\Model->doDelete(NULL, false)
#2 C:\xampp\htdocs\pegadaian\app\Controllers\Barang.php(94): CodeIgniter\BaseModel->delete(NULL)
#3 C:\xampp\htdocs\pegadaian\vendor\codeigniter4\framework\system\CodeIgniter.php(825): App\Controllers\Barang->delete()
#4 C:\xampp\htdocs\pegadaian\vendor\codeigniter4\framework\system\CodeIgniter.php(412): CodeIgniter\CodeIgniter->runController(Object(App\Controllers\Barang))
#5 C:\xampp\htdocs\pegadaian\vendor\codeigniter4\framework\system\CodeIgniter.php(320): CodeIgniter\CodeIgniter->handleRequest(NULL, Object(Config\Cache), false)
#6 C:\xampp\htdocs\pegadaian\public\index.php(37): CodeIgniter\CodeIgniter->run()
#7 C:\xampp\htdocs\pegadaian\vendor\codeigniter4\framework\system\Commands\Server\rewrite.php(43): require_once('C:\\xampp\\htdocs...')
#8 {main}
CRITICAL - 2022-01-27 15:52:30 --> Deletes are not allowed unless they contain a "where" or "like" clause.
#0 C:\xampp\htdocs\pegadaian\vendor\codeigniter4\framework\system\Model.php(359): CodeIgniter\Database\BaseBuilder->delete()
#1 C:\xampp\htdocs\pegadaian\vendor\codeigniter4\framework\system\BaseModel.php(963): CodeIgniter\Model->doDelete(NULL, false)
#2 C:\xampp\htdocs\pegadaian\app\Controllers\Barang.php(94): CodeIgniter\BaseModel->delete(NULL)
#3 C:\xampp\htdocs\pegadaian\vendor\codeigniter4\framework\system\CodeIgniter.php(825): App\Controllers\Barang->delete()
#4 C:\xampp\htdocs\pegadaian\vendor\codeigniter4\framework\system\CodeIgniter.php(412): CodeIgniter\CodeIgniter->runController(Object(App\Controllers\Barang))
#5 C:\xampp\htdocs\pegadaian\vendor\codeigniter4\framework\system\CodeIgniter.php(320): CodeIgniter\CodeIgniter->handleRequest(NULL, Object(Config\Cache), false)
#6 C:\xampp\htdocs\pegadaian\public\index.php(37): CodeIgniter\CodeIgniter->run()
#7 C:\xampp\htdocs\pegadaian\vendor\codeigniter4\framework\system\Commands\Server\rewrite.php(43): require_once('C:\\xampp\\htdocs...')
#8 {main}
CRITICAL - 2022-01-27 15:52:41 --> Deletes are not allowed unless they contain a "where" or "like" clause.
#0 C:\xampp\htdocs\pegadaian\vendor\codeigniter4\framework\system\Model.php(359): CodeIgniter\Database\BaseBuilder->delete()
#1 C:\xampp\htdocs\pegadaian\vendor\codeigniter4\framework\system\BaseModel.php(963): CodeIgniter\Model->doDelete(NULL, false)
#2 C:\xampp\htdocs\pegadaian\app\Controllers\Barang.php(94): CodeIgniter\BaseModel->delete(NULL)
#3 C:\xampp\htdocs\pegadaian\vendor\codeigniter4\framework\system\CodeIgniter.php(825): App\Controllers\Barang->delete()
#4 C:\xampp\htdocs\pegadaian\vendor\codeigniter4\framework\system\CodeIgniter.php(412): CodeIgniter\CodeIgniter->runController(Object(App\Controllers\Barang))
#5 C:\xampp\htdocs\pegadaian\vendor\codeigniter4\framework\system\CodeIgniter.php(320): CodeIgniter\CodeIgniter->handleRequest(NULL, Object(Config\Cache), false)
#6 C:\xampp\htdocs\pegadaian\public\index.php(37): CodeIgniter\CodeIgniter->run()
#7 C:\xampp\htdocs\pegadaian\vendor\codeigniter4\framework\system\Commands\Server\rewrite.php(43): require_once('C:\\xampp\\htdocs...')
#8 {main}
CRITICAL - 2022-01-27 15:58:26 --> Deletes are not allowed unless they contain a "where" or "like" clause.
#0 C:\xampp\htdocs\pegadaian\vendor\codeigniter4\framework\system\Model.php(359): CodeIgniter\Database\BaseBuilder->delete()
#1 C:\xampp\htdocs\pegadaian\vendor\codeigniter4\framework\system\BaseModel.php(963): CodeIgniter\Model->doDelete(NULL, false)
#2 C:\xampp\htdocs\pegadaian\app\Controllers\Barang.php(94): CodeIgniter\BaseModel->delete(NULL)
#3 C:\xampp\htdocs\pegadaian\vendor\codeigniter4\framework\system\CodeIgniter.php(825): App\Controllers\Barang->delete()
#4 C:\xampp\htdocs\pegadaian\vendor\codeigniter4\framework\system\CodeIgniter.php(412): CodeIgniter\CodeIgniter->runController(Object(App\Controllers\Barang))
#5 C:\xampp\htdocs\pegadaian\vendor\codeigniter4\framework\system\CodeIgniter.php(320): CodeIgniter\CodeIgniter->handleRequest(NULL, Object(Config\Cache), false)
#6 C:\xampp\htdocs\pegadaian\public\index.php(37): CodeIgniter\CodeIgniter->run()
#7 C:\xampp\htdocs\pegadaian\vendor\codeigniter4\framework\system\Commands\Server\rewrite.php(43): require_once('C:\\xampp\\htdocs...')
#8 {main}
CRITICAL - 2022-01-27 16:00:10 --> Deletes are not allowed unless they contain a "where" or "like" clause.
#0 C:\xampp\htdocs\pegadaian\vendor\codeigniter4\framework\system\Model.php(359): CodeIgniter\Database\BaseBuilder->delete()
#1 C:\xampp\htdocs\pegadaian\vendor\codeigniter4\framework\system\BaseModel.php(963): CodeIgniter\Model->doDelete(NULL, false)
#2 C:\xampp\htdocs\pegadaian\app\Controllers\Barang.php(94): CodeIgniter\BaseModel->delete(NULL)
#3 C:\xampp\htdocs\pegadaian\vendor\codeigniter4\framework\system\CodeIgniter.php(825): App\Controllers\Barang->delete()
#4 C:\xampp\htdocs\pegadaian\vendor\codeigniter4\framework\system\CodeIgniter.php(412): CodeIgniter\CodeIgniter->runController(Object(App\Controllers\Barang))
#5 C:\xampp\htdocs\pegadaian\vendor\codeigniter4\framework\system\CodeIgniter.php(320): CodeIgniter\CodeIgniter->handleRequest(NULL, Object(Config\Cache), false)
#6 C:\xampp\htdocs\pegadaian\public\index.php(37): CodeIgniter\CodeIgniter->run()
#7 C:\xampp\htdocs\pegadaian\vendor\codeigniter4\framework\system\Commands\Server\rewrite.php(43): require_once('C:\\xampp\\htdocs...')
#8 {main}
CRITICAL - 2022-01-27 16:01:08 --> Deletes are not allowed unless they contain a "where" or "like" clause.
#0 C:\xampp\htdocs\pegadaian\vendor\codeigniter4\framework\system\Model.php(359): CodeIgniter\Database\BaseBuilder->delete()
#1 C:\xampp\htdocs\pegadaian\vendor\codeigniter4\framework\system\BaseModel.php(963): CodeIgniter\Model->doDelete(NULL, false)
#2 C:\xampp\htdocs\pegadaian\app\Controllers\Barang.php(94): CodeIgniter\BaseModel->delete(NULL)
#3 C:\xampp\htdocs\pegadaian\vendor\codeigniter4\framework\system\CodeIgniter.php(825): App\Controllers\Barang->delete()
#4 C:\xampp\htdocs\pegadaian\vendor\codeigniter4\framework\system\CodeIgniter.php(412): CodeIgniter\CodeIgniter->runController(Object(App\Controllers\Barang))
#5 C:\xampp\htdocs\pegadaian\vendor\codeigniter4\framework\system\CodeIgniter.php(320): CodeIgniter\CodeIgniter->handleRequest(NULL, Object(Config\Cache), false)
#6 C:\xampp\htdocs\pegadaian\public\index.php(37): CodeIgniter\CodeIgniter->run()
#7 C:\xampp\htdocs\pegadaian\vendor\codeigniter4\framework\system\Commands\Server\rewrite.php(43): require_once('C:\\xampp\\htdocs...')
#8 {main}
CRITICAL - 2022-01-27 16:01:15 --> Deletes are not allowed unless they contain a "where" or "like" clause.
#0 C:\xampp\htdocs\pegadaian\vendor\codeigniter4\framework\system\Model.php(359): CodeIgniter\Database\BaseBuilder->delete()
#1 C:\xampp\htdocs\pegadaian\vendor\codeigniter4\framework\system\BaseModel.php(963): CodeIgniter\Model->doDelete(NULL, false)
#2 C:\xampp\htdocs\pegadaian\app\Controllers\Barang.php(94): CodeIgniter\BaseModel->delete(NULL)
#3 C:\xampp\htdocs\pegadaian\vendor\codeigniter4\framework\system\CodeIgniter.php(825): App\Controllers\Barang->delete()
#4 C:\xampp\htdocs\pegadaian\vendor\codeigniter4\framework\system\CodeIgniter.php(412): CodeIgniter\CodeIgniter->runController(Object(App\Controllers\Barang))
#5 C:\xampp\htdocs\pegadaian\vendor\codeigniter4\framework\system\CodeIgniter.php(320): CodeIgniter\CodeIgniter->handleRequest(NULL, Object(Config\Cache), false)
#6 C:\xampp\htdocs\pegadaian\public\index.php(37): CodeIgniter\CodeIgniter->run()
#7 C:\xampp\htdocs\pegadaian\vendor\codeigniter4\framework\system\Commands\Server\rewrite.php(43): require_once('C:\\xampp\\htdocs...')
#8 {main}
CRITICAL - 2022-01-27 16:04:33 --> Deletes are not allowed unless they contain a "where" or "like" clause.
#0 C:\xampp\htdocs\pegadaian\vendor\codeigniter4\framework\system\Model.php(359): CodeIgniter\Database\BaseBuilder->delete()
#1 C:\xampp\htdocs\pegadaian\vendor\codeigniter4\framework\system\BaseModel.php(963): CodeIgniter\Model->doDelete(NULL, false)
#2 C:\xampp\htdocs\pegadaian\app\Controllers\Barang.php(94): CodeIgniter\BaseModel->delete(NULL)
#3 C:\xampp\htdocs\pegadaian\vendor\codeigniter4\framework\system\CodeIgniter.php(825): App\Controllers\Barang->delete()
#4 C:\xampp\htdocs\pegadaian\vendor\codeigniter4\framework\system\CodeIgniter.php(412): CodeIgniter\CodeIgniter->runController(Object(App\Controllers\Barang))
#5 C:\xampp\htdocs\pegadaian\vendor\codeigniter4\framework\system\CodeIgniter.php(320): CodeIgniter\CodeIgniter->handleRequest(NULL, Object(Config\Cache), false)
#6 C:\xampp\htdocs\pegadaian\public\index.php(37): CodeIgniter\CodeIgniter->run()
#7 C:\xampp\htdocs\pegadaian\vendor\codeigniter4\framework\system\Commands\Server\rewrite.php(43): require_once('C:\\xampp\\htdocs...')
#8 {main}
CRITICAL - 2022-01-27 16:04:37 --> Deletes are not allowed unless they contain a "where" or "like" clause.
#0 C:\xampp\htdocs\pegadaian\vendor\codeigniter4\framework\system\Model.php(359): CodeIgniter\Database\BaseBuilder->delete()
#1 C:\xampp\htdocs\pegadaian\vendor\codeigniter4\framework\system\BaseModel.php(963): CodeIgniter\Model->doDelete(NULL, false)
#2 C:\xampp\htdocs\pegadaian\app\Controllers\Barang.php(94): CodeIgniter\BaseModel->delete(NULL)
#3 C:\xampp\htdocs\pegadaian\vendor\codeigniter4\framework\system\CodeIgniter.php(825): App\Controllers\Barang->delete()
#4 C:\xampp\htdocs\pegadaian\vendor\codeigniter4\framework\system\CodeIgniter.php(412): CodeIgniter\CodeIgniter->runController(Object(App\Controllers\Barang))
#5 C:\xampp\htdocs\pegadaian\vendor\codeigniter4\framework\system\CodeIgniter.php(320): CodeIgniter\CodeIgniter->handleRequest(NULL, Object(Config\Cache), false)
#6 C:\xampp\htdocs\pegadaian\public\index.php(37): CodeIgniter\CodeIgniter->run()
#7 C:\xampp\htdocs\pegadaian\vendor\codeigniter4\framework\system\Commands\Server\rewrite.php(43): require_once('C:\\xampp\\htdocs...')
#8 {main}
CRITICAL - 2022-01-27 16:04:48 --> Deletes are not allowed unless they contain a "where" or "like" clause.
#0 C:\xampp\htdocs\pegadaian\vendor\codeigniter4\framework\system\Model.php(359): CodeIgniter\Database\BaseBuilder->delete()
#1 C:\xampp\htdocs\pegadaian\vendor\codeigniter4\framework\system\BaseModel.php(963): CodeIgniter\Model->doDelete(NULL, false)
#2 C:\xampp\htdocs\pegadaian\app\Controllers\Barang.php(94): CodeIgniter\BaseModel->delete(NULL)
#3 C:\xampp\htdocs\pegadaian\vendor\codeigniter4\framework\system\CodeIgniter.php(825): App\Controllers\Barang->delete()
#4 C:\xampp\htdocs\pegadaian\vendor\codeigniter4\framework\system\CodeIgniter.php(412): CodeIgniter\CodeIgniter->runController(Object(App\Controllers\Barang))
#5 C:\xampp\htdocs\pegadaian\vendor\codeigniter4\framework\system\CodeIgniter.php(320): CodeIgniter\CodeIgniter->handleRequest(NULL, Object(Config\Cache), false)
#6 C:\xampp\htdocs\pegadaian\public\index.php(37): CodeIgniter\CodeIgniter->run()
#7 C:\xampp\htdocs\pegadaian\vendor\codeigniter4\framework\system\Commands\Server\rewrite.php(43): require_once('C:\\xampp\\htdocs...')
#8 {main}
CRITICAL - 2022-01-27 16:07:05 --> Deletes are not allowed unless they contain a "where" or "like" clause.
#0 C:\xampp\htdocs\pegadaian\vendor\codeigniter4\framework\system\Model.php(359): CodeIgniter\Database\BaseBuilder->delete()
#1 C:\xampp\htdocs\pegadaian\vendor\codeigniter4\framework\system\BaseModel.php(963): CodeIgniter\Model->doDelete(NULL, false)
#2 C:\xampp\htdocs\pegadaian\app\Controllers\Barang.php(94): CodeIgniter\BaseModel->delete(NULL)
#3 C:\xampp\htdocs\pegadaian\vendor\codeigniter4\framework\system\CodeIgniter.php(825): App\Controllers\Barang->delete()
#4 C:\xampp\htdocs\pegadaian\vendor\codeigniter4\framework\system\CodeIgniter.php(412): CodeIgniter\CodeIgniter->runController(Object(App\Controllers\Barang))
#5 C:\xampp\htdocs\pegadaian\vendor\codeigniter4\framework\system\CodeIgniter.php(320): CodeIgniter\CodeIgniter->handleRequest(NULL, Object(Config\Cache), false)
#6 C:\xampp\htdocs\pegadaian\public\index.php(37): CodeIgniter\CodeIgniter->run()
#7 C:\xampp\htdocs\pegadaian\vendor\codeigniter4\framework\system\Commands\Server\rewrite.php(43): require_once('C:\\xampp\\htdocs...')
#8 {main}
CRITICAL - 2022-01-27 16:08:50 --> Undefined variable: barang
#0 C:\xampp\htdocs\pegadaian\app\Views\Barang\databarang.php(32): CodeIgniter\Debug\Exceptions->errorHandler(8, 'Undefined varia...', 'C:\\xampp\\htdocs...', 32, Array)
#1 C:\xampp\htdocs\pegadaian\vendor\codeigniter4\framework\system\View\View.php(210): include('C:\\xampp\\htdocs...')
#2 C:\xampp\htdocs\pegadaian\vendor\codeigniter4\framework\system\View\View.php(213): CodeIgniter\View\View->CodeIgniter\View\{closure}()
#3 C:\xampp\htdocs\pegadaian\vendor\codeigniter4\framework\system\Common.php(1089): CodeIgniter\View\View->render('barang/databara...', Array, true)
#4 C:\xampp\htdocs\pegadaian\app\Controllers\Barang.php(100): view('barang/databara...', Array)
#5 C:\xampp\htdocs\pegadaian\vendor\codeigniter4\framework\system\CodeIgniter.php(825): App\Controllers\Barang->delete('9')
#6 C:\xampp\htdocs\pegadaian\vendor\codeigniter4\framework\system\CodeIgniter.php(412): CodeIgniter\CodeIgniter->runController(Object(App\Controllers\Barang))
#7 C:\xampp\htdocs\pegadaian\vendor\codeigniter4\framework\system\CodeIgniter.php(320): CodeIgniter\CodeIgniter->handleRequest(NULL, Object(Config\Cache), false)
#8 C:\xampp\htdocs\pegadaian\public\index.php(37): CodeIgniter\CodeIgniter->run()
#9 C:\xampp\htdocs\pegadaian\vendor\codeigniter4\framework\system\Commands\Server\rewrite.php(43): require_once('C:\\xampp\\htdocs...')
#10 {main}
CRITICAL - 2022-01-27 16:51:59 --> Undefined variable: title
#0 C:\xampp\htdocs\pegadaian\app\Views\layout\default.php(7): CodeIgniter\Debug\Exceptions->errorHandler(8, 'Undefined varia...', 'C:\\xampp\\htdocs...', 7, Array)
#1 C:\xampp\htdocs\pegadaian\vendor\codeigniter4\framework\system\View\View.php(210): include('C:\\xampp\\htdocs...')
#2 C:\xampp\htdocs\pegadaian\vendor\codeigniter4\framework\system\View\View.php(213): CodeIgniter\View\View->CodeIgniter\View\{closure}()
#3 C:\xampp\htdocs\pegadaian\vendor\codeigniter4\framework\system\View\View.php(226): CodeIgniter\View\View->render('layout/default', Array, true)
#4 C:\xampp\htdocs\pegadaian\vendor\codeigniter4\framework\system\Common.php(1089): CodeIgniter\View\View->render('laporan/upload', Array, true)
#5 C:\xampp\htdocs\pegadaian\app\Controllers\Laporan.php(68): view('laporan/upload')
#6 C:\xampp\htdocs\pegadaian\vendor\codeigniter4\framework\system\CodeIgniter.php(825): App\Controllers\Laporan->uploadForm()
#7 C:\xampp\htdocs\pegadaian\vendor\codeigniter4\framework\system\CodeIgniter.php(412): CodeIgniter\CodeIgniter->runController(Object(App\Controllers\Laporan))
#8 C:\xampp\htdocs\pegadaian\vendor\codeigniter4\framework\system\CodeIgniter.php(320): CodeIgniter\CodeIgniter->handleRequest(NULL, Object(Config\Cache), false)
#9 C:\xampp\htdocs\pegadaian\public\index.php(37): CodeIgniter\CodeIgniter->run()
#10 C:\xampp\htdocs\pegadaian\vendor\codeigniter4\framework\system\Commands\Server\rewrite.php(43): require_once('C:\\xampp\\htdocs...')
#11 {main}
CRITICAL - 2022-01-27 18:06:02 --> Undefined variable: semua_data_bulanan
#0 C:\xampp\htdocs\pegadaian\app\Views\Pegadaian\datagadai.php(84): CodeIgniter\Debug\Exceptions->errorHandler(8, 'Undefined varia...', 'C:\\xampp\\htdocs...', 84, Array)
#1 C:\xampp\htdocs\pegadaian\vendor\codeigniter4\framework\system\View\View.php(210): include('C:\\xampp\\htdocs...')
#2 C:\xampp\htdocs\pegadaian\vendor\codeigniter4\framework\system\View\View.php(213): CodeIgniter\View\View->CodeIgniter\View\{closure}()
#3 C:\xampp\htdocs\pegadaian\vendor\codeigniter4\framework\system\Common.php(1089): CodeIgniter\View\View->render('pegadaian/datag...', Array, true)
#4 C:\xampp\htdocs\pegadaian\app\Controllers\Pegadaian.php(69): view('pegadaian/datag...', Array)
#5 C:\xampp\htdocs\pegadaian\vendor\codeigniter4\framework\system\CodeIgniter.php(825): App\Controllers\Pegadaian->index()
#6 C:\xampp\htdocs\pegadaian\vendor\codeigniter4\framework\system\CodeIgniter.php(412): CodeIgniter\CodeIgniter->runController(Object(App\Controllers\Pegadaian))
#7 C:\xampp\htdocs\pegadaian\vendor\codeigniter4\framework\system\CodeIgniter.php(320): CodeIgniter\CodeIgniter->handleRequest(NULL, Object(Config\Cache), false)
#8 C:\xampp\htdocs\pegadaian\public\index.php(37): CodeIgniter\CodeIgniter->run()
#9 C:\xampp\htdocs\pegadaian\vendor\codeigniter4\framework\system\Commands\Server\rewrite.php(43): require_once('C:\\xampp\\htdocs...')
#10 {main}
ERROR - 2022-01-27 18:20:30 --> Column 'kode_pinjaman' in where clause is ambiguous
CRITICAL - 2022-01-27 18:20:30 --> Column 'kode_pinjaman' in where clause is ambiguous
#0 C:\xampp\htdocs\pegadaian\vendor\codeigniter4\framework\system\Database\MySQLi\Connection.php(292): mysqli->query('SELECT *\nFROM `...', 0)
#1 C:\xampp\htdocs\pegadaian\vendor\codeigniter4\framework\system\Database\BaseConnection.php(670): CodeIgniter\Database\MySQLi\Connection->execute('SELECT *\nFROM `...')
#2 C:\xampp\htdocs\pegadaian\vendor\codeigniter4\framework\system\Database\BaseConnection.php(598): CodeIgniter\Database\BaseConnection->simpleQuery('SELECT *\nFROM `...')
#3 C:\xampp\htdocs\pegadaian\vendor\codeigniter4\framework\system\Database\BaseBuilder.php(1455): CodeIgniter\Database\BaseConnection->query('SELECT *\nFROM `...', Array, false)
#4 C:\xampp\htdocs\pegadaian\vendor\codeigniter4\framework\system\Model.php(728): CodeIgniter\Database\BaseBuilder->get(10, 0)
#5 C:\xampp\htdocs\pegadaian\app\Models\PegadaianModel.php(122): CodeIgniter\Model->__call('get', Array)
#6 C:\xampp\htdocs\pegadaian\app\Controllers\Pegadaian.php(600): App\Models\PegadaianModel->listDataGadai('0', '10', '', 'kode_pinjaman')
#7 C:\xampp\htdocs\pegadaian\vendor\codeigniter4\framework\system\CodeIgniter.php(825): App\Controllers\Pegadaian->list()
#8 C:\xampp\htdocs\pegadaian\vendor\codeigniter4\framework\system\CodeIgniter.php(412): CodeIgniter\CodeIgniter->runController(Object(App\Controllers\Pegadaian))
#9 C:\xampp\htdocs\pegadaian\vendor\codeigniter4\framework\system\CodeIgniter.php(320): CodeIgniter\CodeIgniter->handleRequest(NULL, Object(Config\Cache), false)
#10 C:\xampp\htdocs\pegadaian\public\index.php(37): CodeIgniter\CodeIgniter->run()
#11 C:\xampp\htdocs\pegadaian\vendor\codeigniter4\framework\system\Commands\Server\rewrite.php(43): require_once('C:\\xampp\\htdocs...')
#12 {main}
CRITICAL - 2022-01-27 18:32:17 --> syntax error, unexpected 'endif' (T_ENDIF), expecting end of file
#0 C:\xampp\htdocs\pegadaian\vendor\codeigniter4\framework\system\View\View.php(213): CodeIgniter\View\View->CodeIgniter\View\{closure}()
#1 C:\xampp\htdocs\pegadaian\vendor\codeigniter4\framework\system\Common.php(1089): CodeIgniter\View\View->render('pegadaian/datag...', Array, true)
#2 C:\xampp\htdocs\pegadaian\app\Controllers\Pegadaian.php(71): view('pegadaian/datag...', Array)
#3 C:\xampp\htdocs\pegadaian\vendor\codeigniter4\framework\system\CodeIgniter.php(825): App\Controllers\Pegadaian->index()
#4 C:\xampp\htdocs\pegadaian\vendor\codeigniter4\framework\system\CodeIgniter.php(412): CodeIgniter\CodeIgniter->runController(Object(App\Controllers\Pegadaian))
#5 C:\xampp\htdocs\pegadaian\vendor\codeigniter4\framework\system\CodeIgniter.php(320): CodeIgniter\CodeIgniter->handleRequest(NULL, Object(Config\Cache), false)
#6 C:\xampp\htdocs\pegadaian\public\index.php(37): CodeIgniter\CodeIgniter->run()
#7 C:\xampp\htdocs\pegadaian\vendor\codeigniter4\framework\system\Commands\Server\rewrite.php(43): require_once('C:\\xampp\\htdocs...')
#8 {main}
