ERROR - 2022-02-11 12:59:04 --> Unknown column 'keterangan' in 'field list'
CRITICAL - 2022-02-11 12:59:04 --> Unknown column 'keterangan' in 'field list'
#0 C:\Users\ASUS\Documents\su\wp\flobamoragadai\pegadaian_new\pegadaian\vendor\codeigniter4\framework\system\Database\MySQLi\Connection.php(292): mysqli->query('INSERT INTO `le...', 0)
#1 C:\Users\ASUS\Documents\su\wp\flobamoragadai\pegadaian_new\pegadaian\vendor\codeigniter4\framework\system\Database\BaseConnection.php(670): CodeIgniter\Database\MySQLi\Connection->execute('INSERT INTO `le...')
#2 C:\Users\ASUS\Documents\su\wp\flobamoragadai\pegadaian_new\pegadaian\vendor\codeigniter4\framework\system\Database\BaseConnection.php(598): CodeIgniter\Database\BaseConnection->simpleQuery('INSERT INTO `le...')
#3 C:\Users\ASUS\Documents\su\wp\flobamoragadai\pegadaian_new\pegadaian\vendor\codeigniter4\framework\system\Database\BaseBuilder.php(1771): CodeIgniter\Database\BaseConnection->query('INSERT INTO `le...', Array, false)
#4 C:\Users\ASUS\Documents\su\wp\flobamoragadai\pegadaian_new\pegadaian\app\Models\LelangModel.php(27): CodeIgniter\Database\BaseBuilder->insert(Array)
#5 C:\Users\ASUS\Documents\su\wp\flobamoragadai\pegadaian_new\pegadaian\app\Controllers\Pegadaian.php(611): App\Models\LelangModel->simpan(Array)
#6 C:\Users\ASUS\Documents\su\wp\flobamoragadai\pegadaian_new\pegadaian\vendor\codeigniter4\framework\system\CodeIgniter.php(825): App\Controllers\Pegadaian->saveLelang()
#7 C:\Users\ASUS\Documents\su\wp\flobamoragadai\pegadaian_new\pegadaian\vendor\codeigniter4\framework\system\CodeIgniter.php(412): CodeIgniter\CodeIgniter->runController(Object(App\Controllers\Pegadaian))
#8 C:\Users\ASUS\Documents\su\wp\flobamoragadai\pegadaian_new\pegadaian\vendor\codeigniter4\framework\system\CodeIgniter.php(320): CodeIgniter\CodeIgniter->handleRequest(NULL, Object(Config\Cache), false)
#9 C:\Users\ASUS\Documents\su\wp\flobamoragadai\pegadaian_new\pegadaian\public\index.php(37): CodeIgniter\CodeIgniter->run()
#10 C:\Users\ASUS\Documents\su\wp\flobamoragadai\pegadaian_new\pegadaian\vendor\codeigniter4\framework\system\Commands\Server\rewrite.php(43): require_once('C:\\Users\\ASUS\\D...')
#11 {main}
ERROR - 2022-02-11 13:01:26 --> Unknown column 'keterangan' in 'field list'
CRITICAL - 2022-02-11 13:01:26 --> Unknown column 'keterangan' in 'field list'
#0 C:\Users\ASUS\Documents\su\wp\flobamoragadai\pegadaian_new\pegadaian\vendor\codeigniter4\framework\system\Database\MySQLi\Connection.php(292): mysqli->query('INSERT INTO `le...', 0)
#1 C:\Users\ASUS\Documents\su\wp\flobamoragadai\pegadaian_new\pegadaian\vendor\codeigniter4\framework\system\Database\BaseConnection.php(670): CodeIgniter\Database\MySQLi\Connection->execute('INSERT INTO `le...')
#2 C:\Users\ASUS\Documents\su\wp\flobamoragadai\pegadaian_new\pegadaian\vendor\codeigniter4\framework\system\Database\BaseConnection.php(598): CodeIgniter\Database\BaseConnection->simpleQuery('INSERT INTO `le...')
#3 C:\Users\ASUS\Documents\su\wp\flobamoragadai\pegadaian_new\pegadaian\vendor\codeigniter4\framework\system\Database\BaseBuilder.php(1771): CodeIgniter\Database\BaseConnection->query('INSERT INTO `le...', Array, false)
#4 C:\Users\ASUS\Documents\su\wp\flobamoragadai\pegadaian_new\pegadaian\app\Models\LelangModel.php(27): CodeIgniter\Database\BaseBuilder->insert(Array)
#5 C:\Users\ASUS\Documents\su\wp\flobamoragadai\pegadaian_new\pegadaian\app\Controllers\Pegadaian.php(576): App\Models\LelangModel->simpan(Array)
#6 C:\Users\ASUS\Documents\su\wp\flobamoragadai\pegadaian_new\pegadaian\vendor\codeigniter4\framework\system\CodeIgniter.php(825): App\Controllers\Pegadaian->saveLelang()
#7 C:\Users\ASUS\Documents\su\wp\flobamoragadai\pegadaian_new\pegadaian\vendor\codeigniter4\framework\system\CodeIgniter.php(412): CodeIgniter\CodeIgniter->runController(Object(App\Controllers\Pegadaian))
#8 C:\Users\ASUS\Documents\su\wp\flobamoragadai\pegadaian_new\pegadaian\vendor\codeigniter4\framework\system\CodeIgniter.php(320): CodeIgniter\CodeIgniter->handleRequest(NULL, Object(Config\Cache), false)
#9 C:\Users\ASUS\Documents\su\wp\flobamoragadai\pegadaian_new\pegadaian\public\index.php(37): CodeIgniter\CodeIgniter->run()
#10 C:\Users\ASUS\Documents\su\wp\flobamoragadai\pegadaian_new\pegadaian\vendor\codeigniter4\framework\system\Commands\Server\rewrite.php(43): require_once('C:\\Users\\ASUS\\D...')
#11 {main}
ERROR - 2022-02-11 13:08:30 --> Unknown column 'keterangana' in 'field list'
CRITICAL - 2022-02-11 13:08:30 --> Unknown column 'keterangana' in 'field list'
#0 C:\Users\ASUS\Documents\su\wp\flobamoragadai\pegadaian_new\pegadaian\vendor\codeigniter4\framework\system\Database\MySQLi\Connection.php(292): mysqli->query('INSERT INTO `le...', 0)
#1 C:\Users\ASUS\Documents\su\wp\flobamoragadai\pegadaian_new\pegadaian\vendor\codeigniter4\framework\system\Database\BaseConnection.php(670): CodeIgniter\Database\MySQLi\Connection->execute('INSERT INTO `le...')
#2 C:\Users\ASUS\Documents\su\wp\flobamoragadai\pegadaian_new\pegadaian\vendor\codeigniter4\framework\system\Database\BaseConnection.php(598): CodeIgniter\Database\BaseConnection->simpleQuery('INSERT INTO `le...')
#3 C:\Users\ASUS\Documents\su\wp\flobamoragadai\pegadaian_new\pegadaian\vendor\codeigniter4\framework\system\Database\BaseBuilder.php(1771): CodeIgniter\Database\BaseConnection->query('INSERT INTO `le...', Array, false)
#4 C:\Users\ASUS\Documents\su\wp\flobamoragadai\pegadaian_new\pegadaian\app\Models\LelangModel.php(27): CodeIgniter\Database\BaseBuilder->insert(Array)
#5 C:\Users\ASUS\Documents\su\wp\flobamoragadai\pegadaian_new\pegadaian\app\Controllers\Pegadaian.php(570): App\Models\LelangModel->simpan(Array)
#6 C:\Users\ASUS\Documents\su\wp\flobamoragadai\pegadaian_new\pegadaian\vendor\codeigniter4\framework\system\CodeIgniter.php(825): App\Controllers\Pegadaian->saveLelang()
#7 C:\Users\ASUS\Documents\su\wp\flobamoragadai\pegadaian_new\pegadaian\vendor\codeigniter4\framework\system\CodeIgniter.php(412): CodeIgniter\CodeIgniter->runController(Object(App\Controllers\Pegadaian))
#8 C:\Users\ASUS\Documents\su\wp\flobamoragadai\pegadaian_new\pegadaian\vendor\codeigniter4\framework\system\CodeIgniter.php(320): CodeIgniter\CodeIgniter->handleRequest(NULL, Object(Config\Cache), false)
#9 C:\Users\ASUS\Documents\su\wp\flobamoragadai\pegadaian_new\pegadaian\public\index.php(37): CodeIgniter\CodeIgniter->run()
#10 C:\Users\ASUS\Documents\su\wp\flobamoragadai\pegadaian_new\pegadaian\vendor\codeigniter4\framework\system\Commands\Server\rewrite.php(43): require_once('C:\\Users\\ASUS\\D...')
#11 {main}
CRITICAL - 2022-02-11 13:08:36 --> A non-numeric value encountered
#0 C:\Users\ASUS\Documents\su\wp\flobamoragadai\pegadaian_new\pegadaian\app\Controllers\Pegadaian.php(554): CodeIgniter\Debug\Exceptions->errorHandler(2, 'A non-numeric v...', 'C:\\Users\\ASUS\\D...', 554, Array)
#1 C:\Users\ASUS\Documents\su\wp\flobamoragadai\pegadaian_new\pegadaian\vendor\codeigniter4\framework\system\CodeIgniter.php(825): App\Controllers\Pegadaian->saveLelang()
#2 C:\Users\ASUS\Documents\su\wp\flobamoragadai\pegadaian_new\pegadaian\vendor\codeigniter4\framework\system\CodeIgniter.php(412): CodeIgniter\CodeIgniter->runController(Object(App\Controllers\Pegadaian))
#3 C:\Users\ASUS\Documents\su\wp\flobamoragadai\pegadaian_new\pegadaian\vendor\codeigniter4\framework\system\CodeIgniter.php(320): CodeIgniter\CodeIgniter->handleRequest(NULL, Object(Config\Cache), false)
#4 C:\Users\ASUS\Documents\su\wp\flobamoragadai\pegadaian_new\pegadaian\public\index.php(37): CodeIgniter\CodeIgniter->run()
#5 C:\Users\ASUS\Documents\su\wp\flobamoragadai\pegadaian_new\pegadaian\vendor\codeigniter4\framework\system\Commands\Server\rewrite.php(43): require_once('C:\\Users\\ASUS\\D...')
#6 {main}
CRITICAL - 2022-02-11 13:09:29 --> A non-numeric value encountered
#0 C:\Users\ASUS\Documents\su\wp\flobamoragadai\pegadaian_new\pegadaian\app\Controllers\Pegadaian.php(555): CodeIgniter\Debug\Exceptions->errorHandler(2, 'A non-numeric v...', 'C:\\Users\\ASUS\\D...', 555, Array)
#1 C:\Users\ASUS\Documents\su\wp\flobamoragadai\pegadaian_new\pegadaian\vendor\codeigniter4\framework\system\CodeIgniter.php(825): App\Controllers\Pegadaian->saveLelang()
#2 C:\Users\ASUS\Documents\su\wp\flobamoragadai\pegadaian_new\pegadaian\vendor\codeigniter4\framework\system\CodeIgniter.php(412): CodeIgniter\CodeIgniter->runController(Object(App\Controllers\Pegadaian))
#3 C:\Users\ASUS\Documents\su\wp\flobamoragadai\pegadaian_new\pegadaian\vendor\codeigniter4\framework\system\CodeIgniter.php(320): CodeIgniter\CodeIgniter->handleRequest(NULL, Object(Config\Cache), false)
#4 C:\Users\ASUS\Documents\su\wp\flobamoragadai\pegadaian_new\pegadaian\public\index.php(37): CodeIgniter\CodeIgniter->run()
#5 C:\Users\ASUS\Documents\su\wp\flobamoragadai\pegadaian_new\pegadaian\vendor\codeigniter4\framework\system\Commands\Server\rewrite.php(43): require_once('C:\\Users\\ASUS\\D...')
#6 {main}
CRITICAL - 2022-02-11 13:09:37 --> A non-numeric value encountered
#0 C:\Users\ASUS\Documents\su\wp\flobamoragadai\pegadaian_new\pegadaian\app\Controllers\Pegadaian.php(555): CodeIgniter\Debug\Exceptions->errorHandler(2, 'A non-numeric v...', 'C:\\Users\\ASUS\\D...', 555, Array)
#1 C:\Users\ASUS\Documents\su\wp\flobamoragadai\pegadaian_new\pegadaian\vendor\codeigniter4\framework\system\CodeIgniter.php(825): App\Controllers\Pegadaian->saveLelang()
#2 C:\Users\ASUS\Documents\su\wp\flobamoragadai\pegadaian_new\pegadaian\vendor\codeigniter4\framework\system\CodeIgniter.php(412): CodeIgniter\CodeIgniter->runController(Object(App\Controllers\Pegadaian))
#3 C:\Users\ASUS\Documents\su\wp\flobamoragadai\pegadaian_new\pegadaian\vendor\codeigniter4\framework\system\CodeIgniter.php(320): CodeIgniter\CodeIgniter->handleRequest(NULL, Object(Config\Cache), false)
#4 C:\Users\ASUS\Documents\su\wp\flobamoragadai\pegadaian_new\pegadaian\public\index.php(37): CodeIgniter\CodeIgniter->run()
#5 C:\Users\ASUS\Documents\su\wp\flobamoragadai\pegadaian_new\pegadaian\vendor\codeigniter4\framework\system\Commands\Server\rewrite.php(43): require_once('C:\\Users\\ASUS\\D...')
#6 {main}
ERROR - 2022-02-11 13:11:33 --> Unknown column 'keterangana' in 'field list'
CRITICAL - 2022-02-11 13:11:33 --> Unknown column 'keterangana' in 'field list'
#0 C:\Users\ASUS\Documents\su\wp\flobamoragadai\pegadaian_new\pegadaian\vendor\codeigniter4\framework\system\Database\MySQLi\Connection.php(292): mysqli->query('INSERT INTO `le...', 0)
#1 C:\Users\ASUS\Documents\su\wp\flobamoragadai\pegadaian_new\pegadaian\vendor\codeigniter4\framework\system\Database\BaseConnection.php(670): CodeIgniter\Database\MySQLi\Connection->execute('INSERT INTO `le...')
#2 C:\Users\ASUS\Documents\su\wp\flobamoragadai\pegadaian_new\pegadaian\vendor\codeigniter4\framework\system\Database\BaseConnection.php(598): CodeIgniter\Database\BaseConnection->simpleQuery('INSERT INTO `le...')
#3 C:\Users\ASUS\Documents\su\wp\flobamoragadai\pegadaian_new\pegadaian\vendor\codeigniter4\framework\system\Database\BaseBuilder.php(1771): CodeIgniter\Database\BaseConnection->query('INSERT INTO `le...', Array, false)
#4 C:\Users\ASUS\Documents\su\wp\flobamoragadai\pegadaian_new\pegadaian\app\Models\LelangModel.php(27): CodeIgniter\Database\BaseBuilder->insert(Array)
#5 C:\Users\ASUS\Documents\su\wp\flobamoragadai\pegadaian_new\pegadaian\app\Controllers\Pegadaian.php(570): App\Models\LelangModel->simpan(Array)
#6 C:\Users\ASUS\Documents\su\wp\flobamoragadai\pegadaian_new\pegadaian\vendor\codeigniter4\framework\system\CodeIgniter.php(825): App\Controllers\Pegadaian->saveLelang()
#7 C:\Users\ASUS\Documents\su\wp\flobamoragadai\pegadaian_new\pegadaian\vendor\codeigniter4\framework\system\CodeIgniter.php(412): CodeIgniter\CodeIgniter->runController(Object(App\Controllers\Pegadaian))
#8 C:\Users\ASUS\Documents\su\wp\flobamoragadai\pegadaian_new\pegadaian\vendor\codeigniter4\framework\system\CodeIgniter.php(320): CodeIgniter\CodeIgniter->handleRequest(NULL, Object(Config\Cache), false)
#9 C:\Users\ASUS\Documents\su\wp\flobamoragadai\pegadaian_new\pegadaian\public\index.php(37): CodeIgniter\CodeIgniter->run()
#10 C:\Users\ASUS\Documents\su\wp\flobamoragadai\pegadaian_new\pegadaian\vendor\codeigniter4\framework\system\Commands\Server\rewrite.php(43): require_once('C:\\Users\\ASUS\\D...')
#11 {main}
CRITICAL - 2022-02-11 13:24:03 --> Cannot use object of type stdClass as array
#0 C:\Users\ASUS\Documents\su\wp\flobamoragadai\pegadaian_new\pegadaian\vendor\codeigniter4\framework\system\View\View.php(210): include()
#1 C:\Users\ASUS\Documents\su\wp\flobamoragadai\pegadaian_new\pegadaian\vendor\codeigniter4\framework\system\View\View.php(213): CodeIgniter\View\View->CodeIgniter\View\{closure}()
#2 C:\Users\ASUS\Documents\su\wp\flobamoragadai\pegadaian_new\pegadaian\vendor\codeigniter4\framework\system\Common.php(1089): CodeIgniter\View\View->render('Lelang/formlela...', Array, true)
#3 C:\Users\ASUS\Documents\su\wp\flobamoragadai\pegadaian_new\pegadaian\app\Controllers\Pegadaian.php(547): view('Lelang/formlela...', Array)
#4 C:\Users\ASUS\Documents\su\wp\flobamoragadai\pegadaian_new\pegadaian\vendor\codeigniter4\framework\system\CodeIgniter.php(825): App\Controllers\Pegadaian->createLelang('FG2-650502')
#5 C:\Users\ASUS\Documents\su\wp\flobamoragadai\pegadaian_new\pegadaian\vendor\codeigniter4\framework\system\CodeIgniter.php(412): CodeIgniter\CodeIgniter->runController(Object(App\Controllers\Pegadaian))
#6 C:\Users\ASUS\Documents\su\wp\flobamoragadai\pegadaian_new\pegadaian\vendor\codeigniter4\framework\system\CodeIgniter.php(320): CodeIgniter\CodeIgniter->handleRequest(NULL, Object(Config\Cache), false)
#7 C:\Users\ASUS\Documents\su\wp\flobamoragadai\pegadaian_new\pegadaian\public\index.php(37): CodeIgniter\CodeIgniter->run()
#8 C:\Users\ASUS\Documents\su\wp\flobamoragadai\pegadaian_new\pegadaian\vendor\codeigniter4\framework\system\Commands\Server\rewrite.php(43): require_once('C:\\Users\\ASUS\\D...')
#9 {main}
CRITICAL - 2022-02-11 13:24:50 --> Cannot use object of type stdClass as array
#0 C:\Users\ASUS\Documents\su\wp\flobamoragadai\pegadaian_new\pegadaian\vendor\codeigniter4\framework\system\View\View.php(210): include()
#1 C:\Users\ASUS\Documents\su\wp\flobamoragadai\pegadaian_new\pegadaian\vendor\codeigniter4\framework\system\View\View.php(213): CodeIgniter\View\View->CodeIgniter\View\{closure}()
#2 C:\Users\ASUS\Documents\su\wp\flobamoragadai\pegadaian_new\pegadaian\vendor\codeigniter4\framework\system\Common.php(1089): CodeIgniter\View\View->render('Lelang/formlela...', Array, true)
#3 C:\Users\ASUS\Documents\su\wp\flobamoragadai\pegadaian_new\pegadaian\app\Controllers\Pegadaian.php(547): view('Lelang/formlela...', Array)
#4 C:\Users\ASUS\Documents\su\wp\flobamoragadai\pegadaian_new\pegadaian\vendor\codeigniter4\framework\system\CodeIgniter.php(825): App\Controllers\Pegadaian->createLelang('FG2-650502')
#5 C:\Users\ASUS\Documents\su\wp\flobamoragadai\pegadaian_new\pegadaian\vendor\codeigniter4\framework\system\CodeIgniter.php(412): CodeIgniter\CodeIgniter->runController(Object(App\Controllers\Pegadaian))
#6 C:\Users\ASUS\Documents\su\wp\flobamoragadai\pegadaian_new\pegadaian\vendor\codeigniter4\framework\system\CodeIgniter.php(320): CodeIgniter\CodeIgniter->handleRequest(NULL, Object(Config\Cache), false)
#7 C:\Users\ASUS\Documents\su\wp\flobamoragadai\pegadaian_new\pegadaian\public\index.php(37): CodeIgniter\CodeIgniter->run()
#8 C:\Users\ASUS\Documents\su\wp\flobamoragadai\pegadaian_new\pegadaian\vendor\codeigniter4\framework\system\Commands\Server\rewrite.php(43): require_once('C:\\Users\\ASUS\\D...')
#9 {main}
CRITICAL - 2022-02-11 14:11:49 --> Argument 2 passed to CodeIgniter\Database\BaseBuilder::orLike() must be of the type string, null given, called in C:\Users\ASUS\Documents\su\wp\flobamoragadai\pegadaian_new\pegadaian\vendor\codeigniter4\framework\system\Model.php on line 728
#0 C:\Users\ASUS\Documents\su\wp\flobamoragadai\pegadaian_new\pegadaian\vendor\codeigniter4\framework\system\Model.php(728): CodeIgniter\Database\BaseBuilder->orLike('kode_pinjaman', NULL, 'BOTH')
#1 C:\Users\ASUS\Documents\su\wp\flobamoragadai\pegadaian_new\pegadaian\app\Models\PegadaianModel.php(248): CodeIgniter\Model->__call('orLike', Array)
#2 C:\Users\ASUS\Documents\su\wp\flobamoragadai\pegadaian_new\pegadaian\app\Controllers\Pegadaian.php(685): App\Models\PegadaianModel->count_filter(NULL, 'FG02', NULL)
#3 C:\Users\ASUS\Documents\su\wp\flobamoragadai\pegadaian_new\pegadaian\vendor\codeigniter4\framework\system\CodeIgniter.php(825): App\Controllers\Pegadaian->list()
#4 C:\Users\ASUS\Documents\su\wp\flobamoragadai\pegadaian_new\pegadaian\vendor\codeigniter4\framework\system\CodeIgniter.php(412): CodeIgniter\CodeIgniter->runController(Object(App\Controllers\Pegadaian))
#5 C:\Users\ASUS\Documents\su\wp\flobamoragadai\pegadaian_new\pegadaian\vendor\codeigniter4\framework\system\CodeIgniter.php(320): CodeIgniter\CodeIgniter->handleRequest(NULL, Object(Config\Cache), false)
#6 C:\Users\ASUS\Documents\su\wp\flobamoragadai\pegadaian_new\pegadaian\public\index.php(37): CodeIgniter\CodeIgniter->run()
#7 C:\Users\ASUS\Documents\su\wp\flobamoragadai\pegadaian_new\pegadaian\vendor\codeigniter4\framework\system\Commands\Server\rewrite.php(43): require_once('C:\\Users\\ASUS\\D...')
#8 {main}
CRITICAL - 2022-02-11 14:13:32 --> Argument 2 passed to CodeIgniter\Database\BaseBuilder::orLike() must be of the type string, null given, called in C:\Users\ASUS\Documents\su\wp\flobamoragadai\pegadaian_new\pegadaian\vendor\codeigniter4\framework\system\Model.php on line 728
#0 C:\Users\ASUS\Documents\su\wp\flobamoragadai\pegadaian_new\pegadaian\vendor\codeigniter4\framework\system\Model.php(728): CodeIgniter\Database\BaseBuilder->orLike('kode_pinjaman', NULL, 'BOTH')
#1 C:\Users\ASUS\Documents\su\wp\flobamoragadai\pegadaian_new\pegadaian\app\Models\PegadaianModel.php(248): CodeIgniter\Model->__call('orLike', Array)
#2 C:\Users\ASUS\Documents\su\wp\flobamoragadai\pegadaian_new\pegadaian\app\Controllers\Pegadaian.php(685): App\Models\PegadaianModel->count_filter(NULL, 'FG02', '')
#3 C:\Users\ASUS\Documents\su\wp\flobamoragadai\pegadaian_new\pegadaian\vendor\codeigniter4\framework\system\CodeIgniter.php(825): App\Controllers\Pegadaian->list()
#4 C:\Users\ASUS\Documents\su\wp\flobamoragadai\pegadaian_new\pegadaian\vendor\codeigniter4\framework\system\CodeIgniter.php(412): CodeIgniter\CodeIgniter->runController(Object(App\Controllers\Pegadaian))
#5 C:\Users\ASUS\Documents\su\wp\flobamoragadai\pegadaian_new\pegadaian\vendor\codeigniter4\framework\system\CodeIgniter.php(320): CodeIgniter\CodeIgniter->handleRequest(NULL, Object(Config\Cache), false)
#6 C:\Users\ASUS\Documents\su\wp\flobamoragadai\pegadaian_new\pegadaian\public\index.php(37): CodeIgniter\CodeIgniter->run()
#7 C:\Users\ASUS\Documents\su\wp\flobamoragadai\pegadaian_new\pegadaian\vendor\codeigniter4\framework\system\Commands\Server\rewrite.php(43): require_once('C:\\Users\\ASUS\\D...')
#8 {main}
CRITICAL - 2022-02-11 14:26:29 --> Undefined offset: 1
#0 C:\Users\ASUS\Documents\su\wp\flobamoragadai\pegadaian_new\pegadaian\app\Controllers\Pegadaian.php(689): CodeIgniter\Debug\Exceptions->errorHandler(8, 'Undefined offse...', 'C:\\Users\\ASUS\\D...', 689, Array)
#1 C:\Users\ASUS\Documents\su\wp\flobamoragadai\pegadaian_new\pegadaian\vendor\codeigniter4\framework\system\CodeIgniter.php(825): App\Controllers\Pegadaian->list()
#2 C:\Users\ASUS\Documents\su\wp\flobamoragadai\pegadaian_new\pegadaian\vendor\codeigniter4\framework\system\CodeIgniter.php(412): CodeIgniter\CodeIgniter->runController(Object(App\Controllers\Pegadaian))
#3 C:\Users\ASUS\Documents\su\wp\flobamoragadai\pegadaian_new\pegadaian\vendor\codeigniter4\framework\system\CodeIgniter.php(320): CodeIgniter\CodeIgniter->handleRequest(NULL, Object(Config\Cache), false)
#4 C:\Users\ASUS\Documents\su\wp\flobamoragadai\pegadaian_new\pegadaian\public\index.php(37): CodeIgniter\CodeIgniter->run()
#5 C:\Users\ASUS\Documents\su\wp\flobamoragadai\pegadaian_new\pegadaian\vendor\codeigniter4\framework\system\Commands\Server\rewrite.php(43): require_once('C:\\Users\\ASUS\\D...')
#6 {main}
CRITICAL - 2022-02-11 14:26:29 --> Undefined offset: 1
#0 C:\Users\ASUS\Documents\su\wp\flobamoragadai\pegadaian_new\pegadaian\app\Controllers\Pegadaian.php(689): CodeIgniter\Debug\Exceptions->errorHandler(8, 'Undefined offse...', 'C:\\Users\\ASUS\\D...', 689, Array)
#1 C:\Users\ASUS\Documents\su\wp\flobamoragadai\pegadaian_new\pegadaian\vendor\codeigniter4\framework\system\CodeIgniter.php(825): App\Controllers\Pegadaian->list()
#2 C:\Users\ASUS\Documents\su\wp\flobamoragadai\pegadaian_new\pegadaian\vendor\codeigniter4\framework\system\CodeIgniter.php(412): CodeIgniter\CodeIgniter->runController(Object(App\Controllers\Pegadaian))
#3 C:\Users\ASUS\Documents\su\wp\flobamoragadai\pegadaian_new\pegadaian\vendor\codeigniter4\framework\system\CodeIgniter.php(320): CodeIgniter\CodeIgniter->handleRequest(NULL, Object(Config\Cache), false)
#4 C:\Users\ASUS\Documents\su\wp\flobamoragadai\pegadaian_new\pegadaian\public\index.php(37): CodeIgniter\CodeIgniter->run()
#5 C:\Users\ASUS\Documents\su\wp\flobamoragadai\pegadaian_new\pegadaian\vendor\codeigniter4\framework\system\Commands\Server\rewrite.php(43): require_once('C:\\Users\\ASUS\\D...')
#6 {main}
CRITICAL - 2022-02-11 14:26:35 --> Undefined offset: 1
#0 C:\Users\ASUS\Documents\su\wp\flobamoragadai\pegadaian_new\pegadaian\app\Controllers\Pegadaian.php(689): CodeIgniter\Debug\Exceptions->errorHandler(8, 'Undefined offse...', 'C:\\Users\\ASUS\\D...', 689, Array)
#1 C:\Users\ASUS\Documents\su\wp\flobamoragadai\pegadaian_new\pegadaian\vendor\codeigniter4\framework\system\CodeIgniter.php(825): App\Controllers\Pegadaian->list()
#2 C:\Users\ASUS\Documents\su\wp\flobamoragadai\pegadaian_new\pegadaian\vendor\codeigniter4\framework\system\CodeIgniter.php(412): CodeIgniter\CodeIgniter->runController(Object(App\Controllers\Pegadaian))
#3 C:\Users\ASUS\Documents\su\wp\flobamoragadai\pegadaian_new\pegadaian\vendor\codeigniter4\framework\system\CodeIgniter.php(320): CodeIgniter\CodeIgniter->handleRequest(NULL, Object(Config\Cache), false)
#4 C:\Users\ASUS\Documents\su\wp\flobamoragadai\pegadaian_new\pegadaian\public\index.php(37): CodeIgniter\CodeIgniter->run()
#5 C:\Users\ASUS\Documents\su\wp\flobamoragadai\pegadaian_new\pegadaian\vendor\codeigniter4\framework\system\Commands\Server\rewrite.php(43): require_once('C:\\Users\\ASUS\\D...')
#6 {main}
CRITICAL - 2022-02-11 14:26:46 --> Undefined offset: 1
#0 C:\Users\ASUS\Documents\su\wp\flobamoragadai\pegadaian_new\pegadaian\app\Controllers\Pegadaian.php(689): CodeIgniter\Debug\Exceptions->errorHandler(8, 'Undefined offse...', 'C:\\Users\\ASUS\\D...', 689, Array)
#1 C:\Users\ASUS\Documents\su\wp\flobamoragadai\pegadaian_new\pegadaian\vendor\codeigniter4\framework\system\CodeIgniter.php(825): App\Controllers\Pegadaian->list()
#2 C:\Users\ASUS\Documents\su\wp\flobamoragadai\pegadaian_new\pegadaian\vendor\codeigniter4\framework\system\CodeIgniter.php(412): CodeIgniter\CodeIgniter->runController(Object(App\Controllers\Pegadaian))
#3 C:\Users\ASUS\Documents\su\wp\flobamoragadai\pegadaian_new\pegadaian\vendor\codeigniter4\framework\system\CodeIgniter.php(320): CodeIgniter\CodeIgniter->handleRequest(NULL, Object(Config\Cache), false)
#4 C:\Users\ASUS\Documents\su\wp\flobamoragadai\pegadaian_new\pegadaian\public\index.php(37): CodeIgniter\CodeIgniter->run()
#5 C:\Users\ASUS\Documents\su\wp\flobamoragadai\pegadaian_new\pegadaian\vendor\codeigniter4\framework\system\Commands\Server\rewrite.php(43): require_once('C:\\Users\\ASUS\\D...')
#6 {main}
CRITICAL - 2022-02-11 14:29:59 --> Undefined offset: 1
#0 C:\Users\ASUS\Documents\su\wp\flobamoragadai\pegadaian_new\pegadaian\app\Controllers\Pegadaian.php(690): CodeIgniter\Debug\Exceptions->errorHandler(8, 'Undefined offse...', 'C:\\Users\\ASUS\\D...', 690, Array)
#1 C:\Users\ASUS\Documents\su\wp\flobamoragadai\pegadaian_new\pegadaian\vendor\codeigniter4\framework\system\CodeIgniter.php(825): App\Controllers\Pegadaian->list()
#2 C:\Users\ASUS\Documents\su\wp\flobamoragadai\pegadaian_new\pegadaian\vendor\codeigniter4\framework\system\CodeIgniter.php(412): CodeIgniter\CodeIgniter->runController(Object(App\Controllers\Pegadaian))
#3 C:\Users\ASUS\Documents\su\wp\flobamoragadai\pegadaian_new\pegadaian\vendor\codeigniter4\framework\system\CodeIgniter.php(320): CodeIgniter\CodeIgniter->handleRequest(NULL, Object(Config\Cache), false)
#4 C:\Users\ASUS\Documents\su\wp\flobamoragadai\pegadaian_new\pegadaian\public\index.php(37): CodeIgniter\CodeIgniter->run()
#5 C:\Users\ASUS\Documents\su\wp\flobamoragadai\pegadaian_new\pegadaian\vendor\codeigniter4\framework\system\Commands\Server\rewrite.php(43): require_once('C:\\Users\\ASUS\\D...')
#6 {main}
CRITICAL - 2022-02-11 14:53:41 --> Undefined offset: 1
#0 C:\Users\ASUS\Documents\su\wp\flobamoragadai\pegadaian_new\pegadaian\app\Controllers\Pegadaian.php(688): CodeIgniter\Debug\Exceptions->errorHandler(8, 'Undefined offse...', 'C:\\Users\\ASUS\\D...', 688, Array)
#1 C:\Users\ASUS\Documents\su\wp\flobamoragadai\pegadaian_new\pegadaian\vendor\codeigniter4\framework\system\CodeIgniter.php(825): App\Controllers\Pegadaian->list()
#2 C:\Users\ASUS\Documents\su\wp\flobamoragadai\pegadaian_new\pegadaian\vendor\codeigniter4\framework\system\CodeIgniter.php(412): CodeIgniter\CodeIgniter->runController(Object(App\Controllers\Pegadaian))
#3 C:\Users\ASUS\Documents\su\wp\flobamoragadai\pegadaian_new\pegadaian\vendor\codeigniter4\framework\system\CodeIgniter.php(320): CodeIgniter\CodeIgniter->handleRequest(NULL, Object(Config\Cache), false)
#4 C:\Users\ASUS\Documents\su\wp\flobamoragadai\pegadaian_new\pegadaian\public\index.php(37): CodeIgniter\CodeIgniter->run()
#5 C:\Users\ASUS\Documents\su\wp\flobamoragadai\pegadaian_new\pegadaian\vendor\codeigniter4\framework\system\Commands\Server\rewrite.php(43): require_once('C:\\Users\\ASUS\\D...')
#6 {main}
CRITICAL - 2022-02-11 14:53:41 --> Undefined offset: 1
#0 C:\Users\ASUS\Documents\su\wp\flobamoragadai\pegadaian_new\pegadaian\app\Controllers\Pegadaian.php(688): CodeIgniter\Debug\Exceptions->errorHandler(8, 'Undefined offse...', 'C:\\Users\\ASUS\\D...', 688, Array)
#1 C:\Users\ASUS\Documents\su\wp\flobamoragadai\pegadaian_new\pegadaian\vendor\codeigniter4\framework\system\CodeIgniter.php(825): App\Controllers\Pegadaian->list()
#2 C:\Users\ASUS\Documents\su\wp\flobamoragadai\pegadaian_new\pegadaian\vendor\codeigniter4\framework\system\CodeIgniter.php(412): CodeIgniter\CodeIgniter->runController(Object(App\Controllers\Pegadaian))
#3 C:\Users\ASUS\Documents\su\wp\flobamoragadai\pegadaian_new\pegadaian\vendor\codeigniter4\framework\system\CodeIgniter.php(320): CodeIgniter\CodeIgniter->handleRequest(NULL, Object(Config\Cache), false)
#4 C:\Users\ASUS\Documents\su\wp\flobamoragadai\pegadaian_new\pegadaian\public\index.php(37): CodeIgniter\CodeIgniter->run()
#5 C:\Users\ASUS\Documents\su\wp\flobamoragadai\pegadaian_new\pegadaian\vendor\codeigniter4\framework\system\Commands\Server\rewrite.php(43): require_once('C:\\Users\\ASUS\\D...')
#6 {main}
CRITICAL - 2022-02-11 14:53:51 --> Undefined offset: 1
#0 C:\Users\ASUS\Documents\su\wp\flobamoragadai\pegadaian_new\pegadaian\app\Controllers\Pegadaian.php(688): CodeIgniter\Debug\Exceptions->errorHandler(8, 'Undefined offse...', 'C:\\Users\\ASUS\\D...', 688, Array)
#1 C:\Users\ASUS\Documents\su\wp\flobamoragadai\pegadaian_new\pegadaian\vendor\codeigniter4\framework\system\CodeIgniter.php(825): App\Controllers\Pegadaian->list()
#2 C:\Users\ASUS\Documents\su\wp\flobamoragadai\pegadaian_new\pegadaian\vendor\codeigniter4\framework\system\CodeIgniter.php(412): CodeIgniter\CodeIgniter->runController(Object(App\Controllers\Pegadaian))
#3 C:\Users\ASUS\Documents\su\wp\flobamoragadai\pegadaian_new\pegadaian\vendor\codeigniter4\framework\system\CodeIgniter.php(320): CodeIgniter\CodeIgniter->handleRequest(NULL, Object(Config\Cache), false)
#4 C:\Users\ASUS\Documents\su\wp\flobamoragadai\pegadaian_new\pegadaian\public\index.php(37): CodeIgniter\CodeIgniter->run()
#5 C:\Users\ASUS\Documents\su\wp\flobamoragadai\pegadaian_new\pegadaian\vendor\codeigniter4\framework\system\Commands\Server\rewrite.php(43): require_once('C:\\Users\\ASUS\\D...')
#6 {main}
CRITICAL - 2022-02-11 15:07:24 --> Invalid argument supplied for foreach()
#0 C:\Users\ASUS\Documents\su\wp\flobamoragadai\pegadaian_new\pegadaian\app\Controllers\Pegadaian.php(705): CodeIgniter\Debug\Exceptions->errorHandler(2, 'Invalid argumen...', 'C:\\Users\\ASUS\\D...', 705, Array)
#1 C:\Users\ASUS\Documents\su\wp\flobamoragadai\pegadaian_new\pegadaian\vendor\codeigniter4\framework\system\CodeIgniter.php(825): App\Controllers\Pegadaian->list()
#2 C:\Users\ASUS\Documents\su\wp\flobamoragadai\pegadaian_new\pegadaian\vendor\codeigniter4\framework\system\CodeIgniter.php(412): CodeIgniter\CodeIgniter->runController(Object(App\Controllers\Pegadaian))
#3 C:\Users\ASUS\Documents\su\wp\flobamoragadai\pegadaian_new\pegadaian\vendor\codeigniter4\framework\system\CodeIgniter.php(320): CodeIgniter\CodeIgniter->handleRequest(NULL, Object(Config\Cache), false)
#4 C:\Users\ASUS\Documents\su\wp\flobamoragadai\pegadaian_new\pegadaian\public\index.php(37): CodeIgniter\CodeIgniter->run()
#5 C:\Users\ASUS\Documents\su\wp\flobamoragadai\pegadaian_new\pegadaian\vendor\codeigniter4\framework\system\Commands\Server\rewrite.php(43): require_once('C:\\Users\\ASUS\\D...')
#6 {main}
CRITICAL - 2022-02-11 15:17:48 --> Invalid argument supplied for foreach()
#0 C:\Users\ASUS\Documents\su\wp\flobamoragadai\pegadaian_new\pegadaian\app\Controllers\Pegadaian.php(705): CodeIgniter\Debug\Exceptions->errorHandler(2, 'Invalid argumen...', 'C:\\Users\\ASUS\\D...', 705, Array)
#1 C:\Users\ASUS\Documents\su\wp\flobamoragadai\pegadaian_new\pegadaian\vendor\codeigniter4\framework\system\CodeIgniter.php(825): App\Controllers\Pegadaian->list()
#2 C:\Users\ASUS\Documents\su\wp\flobamoragadai\pegadaian_new\pegadaian\vendor\codeigniter4\framework\system\CodeIgniter.php(412): CodeIgniter\CodeIgniter->runController(Object(App\Controllers\Pegadaian))
#3 C:\Users\ASUS\Documents\su\wp\flobamoragadai\pegadaian_new\pegadaian\vendor\codeigniter4\framework\system\CodeIgniter.php(320): CodeIgniter\CodeIgniter->handleRequest(NULL, Object(Config\Cache), false)
#4 C:\Users\ASUS\Documents\su\wp\flobamoragadai\pegadaian_new\pegadaian\public\index.php(37): CodeIgniter\CodeIgniter->run()
#5 C:\Users\ASUS\Documents\su\wp\flobamoragadai\pegadaian_new\pegadaian\vendor\codeigniter4\framework\system\Commands\Server\rewrite.php(43): require_once('C:\\Users\\ASUS\\D...')
#6 {main}
CRITICAL - 2022-02-11 15:22:07 --> Invalid argument supplied for foreach()
#0 C:\Users\ASUS\Documents\su\wp\flobamoragadai\pegadaian_new\pegadaian\app\Controllers\Pegadaian.php(708): CodeIgniter\Debug\Exceptions->errorHandler(2, 'Invalid argumen...', 'C:\\Users\\ASUS\\D...', 708, Array)
#1 C:\Users\ASUS\Documents\su\wp\flobamoragadai\pegadaian_new\pegadaian\vendor\codeigniter4\framework\system\CodeIgniter.php(825): App\Controllers\Pegadaian->list()
#2 C:\Users\ASUS\Documents\su\wp\flobamoragadai\pegadaian_new\pegadaian\vendor\codeigniter4\framework\system\CodeIgniter.php(412): CodeIgniter\CodeIgniter->runController(Object(App\Controllers\Pegadaian))
#3 C:\Users\ASUS\Documents\su\wp\flobamoragadai\pegadaian_new\pegadaian\vendor\codeigniter4\framework\system\CodeIgniter.php(320): CodeIgniter\CodeIgniter->handleRequest(NULL, Object(Config\Cache), false)
#4 C:\Users\ASUS\Documents\su\wp\flobamoragadai\pegadaian_new\pegadaian\public\index.php(37): CodeIgniter\CodeIgniter->run()
#5 C:\Users\ASUS\Documents\su\wp\flobamoragadai\pegadaian_new\pegadaian\vendor\codeigniter4\framework\system\Commands\Server\rewrite.php(43): require_once('C:\\Users\\ASUS\\D...')
#6 {main}
CRITICAL - 2022-02-11 15:23:24 --> Invalid argument supplied for foreach()
#0 C:\Users\ASUS\Documents\su\wp\flobamoragadai\pegadaian_new\pegadaian\app\Controllers\Pegadaian.php(708): CodeIgniter\Debug\Exceptions->errorHandler(2, 'Invalid argumen...', 'C:\\Users\\ASUS\\D...', 708, Array)
#1 C:\Users\ASUS\Documents\su\wp\flobamoragadai\pegadaian_new\pegadaian\vendor\codeigniter4\framework\system\CodeIgniter.php(825): App\Controllers\Pegadaian->list()
#2 C:\Users\ASUS\Documents\su\wp\flobamoragadai\pegadaian_new\pegadaian\vendor\codeigniter4\framework\system\CodeIgniter.php(412): CodeIgniter\CodeIgniter->runController(Object(App\Controllers\Pegadaian))
#3 C:\Users\ASUS\Documents\su\wp\flobamoragadai\pegadaian_new\pegadaian\vendor\codeigniter4\framework\system\CodeIgniter.php(320): CodeIgniter\CodeIgniter->handleRequest(NULL, Object(Config\Cache), false)
#4 C:\Users\ASUS\Documents\su\wp\flobamoragadai\pegadaian_new\pegadaian\public\index.php(37): CodeIgniter\CodeIgniter->run()
#5 C:\Users\ASUS\Documents\su\wp\flobamoragadai\pegadaian_new\pegadaian\vendor\codeigniter4\framework\system\Commands\Server\rewrite.php(43): require_once('C:\\Users\\ASUS\\D...')
#6 {main}
CRITICAL - 2022-02-11 15:23:53 --> Function name must be a string
#0 C:\Users\ASUS\Documents\su\wp\flobamoragadai\pegadaian_new\pegadaian\app\Controllers\Pegadaian.php(705): App\Models\PegadaianModel->listDataGadai('0', '10', '2022-01-25', 'kode_pinjaman', 'FG02', '')
#1 C:\Users\ASUS\Documents\su\wp\flobamoragadai\pegadaian_new\pegadaian\vendor\codeigniter4\framework\system\CodeIgniter.php(825): App\Controllers\Pegadaian->list()
#2 C:\Users\ASUS\Documents\su\wp\flobamoragadai\pegadaian_new\pegadaian\vendor\codeigniter4\framework\system\CodeIgniter.php(412): CodeIgniter\CodeIgniter->runController(Object(App\Controllers\Pegadaian))
#3 C:\Users\ASUS\Documents\su\wp\flobamoragadai\pegadaian_new\pegadaian\vendor\codeigniter4\framework\system\CodeIgniter.php(320): CodeIgniter\CodeIgniter->handleRequest(NULL, Object(Config\Cache), false)
#4 C:\Users\ASUS\Documents\su\wp\flobamoragadai\pegadaian_new\pegadaian\public\index.php(37): CodeIgniter\CodeIgniter->run()
#5 C:\Users\ASUS\Documents\su\wp\flobamoragadai\pegadaian_new\pegadaian\vendor\codeigniter4\framework\system\Commands\Server\rewrite.php(43): require_once('C:\\Users\\ASUS\\D...')
#6 {main}
CRITICAL - 2022-02-11 15:24:56 --> Invalid argument supplied for foreach()
#0 C:\Users\ASUS\Documents\su\wp\flobamoragadai\pegadaian_new\pegadaian\app\Controllers\Pegadaian.php(708): CodeIgniter\Debug\Exceptions->errorHandler(2, 'Invalid argumen...', 'C:\\Users\\ASUS\\D...', 708, Array)
#1 C:\Users\ASUS\Documents\su\wp\flobamoragadai\pegadaian_new\pegadaian\vendor\codeigniter4\framework\system\CodeIgniter.php(825): App\Controllers\Pegadaian->list()
#2 C:\Users\ASUS\Documents\su\wp\flobamoragadai\pegadaian_new\pegadaian\vendor\codeigniter4\framework\system\CodeIgniter.php(412): CodeIgniter\CodeIgniter->runController(Object(App\Controllers\Pegadaian))
#3 C:\Users\ASUS\Documents\su\wp\flobamoragadai\pegadaian_new\pegadaian\vendor\codeigniter4\framework\system\CodeIgniter.php(320): CodeIgniter\CodeIgniter->handleRequest(NULL, Object(Config\Cache), false)
#4 C:\Users\ASUS\Documents\su\wp\flobamoragadai\pegadaian_new\pegadaian\public\index.php(37): CodeIgniter\CodeIgniter->run()
#5 C:\Users\ASUS\Documents\su\wp\flobamoragadai\pegadaian_new\pegadaian\vendor\codeigniter4\framework\system\Commands\Server\rewrite.php(43): require_once('C:\\Users\\ASUS\\D...')
#6 {main}
CRITICAL - 2022-02-11 15:25:47 --> Invalid argument supplied for foreach()
#0 C:\Users\ASUS\Documents\su\wp\flobamoragadai\pegadaian_new\pegadaian\app\Controllers\Pegadaian.php(708): CodeIgniter\Debug\Exceptions->errorHandler(2, 'Invalid argumen...', 'C:\\Users\\ASUS\\D...', 708, Array)
#1 C:\Users\ASUS\Documents\su\wp\flobamoragadai\pegadaian_new\pegadaian\vendor\codeigniter4\framework\system\CodeIgniter.php(825): App\Controllers\Pegadaian->list()
#2 C:\Users\ASUS\Documents\su\wp\flobamoragadai\pegadaian_new\pegadaian\vendor\codeigniter4\framework\system\CodeIgniter.php(412): CodeIgniter\CodeIgniter->runController(Object(App\Controllers\Pegadaian))
#3 C:\Users\ASUS\Documents\su\wp\flobamoragadai\pegadaian_new\pegadaian\vendor\codeigniter4\framework\system\CodeIgniter.php(320): CodeIgniter\CodeIgniter->handleRequest(NULL, Object(Config\Cache), false)
#4 C:\Users\ASUS\Documents\su\wp\flobamoragadai\pegadaian_new\pegadaian\public\index.php(37): CodeIgniter\CodeIgniter->run()
#5 C:\Users\ASUS\Documents\su\wp\flobamoragadai\pegadaian_new\pegadaian\vendor\codeigniter4\framework\system\Commands\Server\rewrite.php(43): require_once('C:\\Users\\ASUS\\D...')
#6 {main}
CRITICAL - 2022-02-11 15:26:32 --> Invalid argument supplied for foreach()
#0 C:\Users\ASUS\Documents\su\wp\flobamoragadai\pegadaian_new\pegadaian\app\Controllers\Pegadaian.php(708): CodeIgniter\Debug\Exceptions->errorHandler(2, 'Invalid argumen...', 'C:\\Users\\ASUS\\D...', 708, Array)
#1 C:\Users\ASUS\Documents\su\wp\flobamoragadai\pegadaian_new\pegadaian\vendor\codeigniter4\framework\system\CodeIgniter.php(825): App\Controllers\Pegadaian->list()
#2 C:\Users\ASUS\Documents\su\wp\flobamoragadai\pegadaian_new\pegadaian\vendor\codeigniter4\framework\system\CodeIgniter.php(412): CodeIgniter\CodeIgniter->runController(Object(App\Controllers\Pegadaian))
#3 C:\Users\ASUS\Documents\su\wp\flobamoragadai\pegadaian_new\pegadaian\vendor\codeigniter4\framework\system\CodeIgniter.php(320): CodeIgniter\CodeIgniter->handleRequest(NULL, Object(Config\Cache), false)
#4 C:\Users\ASUS\Documents\su\wp\flobamoragadai\pegadaian_new\pegadaian\public\index.php(37): CodeIgniter\CodeIgniter->run()
#5 C:\Users\ASUS\Documents\su\wp\flobamoragadai\pegadaian_new\pegadaian\vendor\codeigniter4\framework\system\Commands\Server\rewrite.php(43): require_once('C:\\Users\\ASUS\\D...')
#6 {main}
CRITICAL - 2022-02-11 15:26:33 --> Invalid argument supplied for foreach()
#0 C:\Users\ASUS\Documents\su\wp\flobamoragadai\pegadaian_new\pegadaian\app\Controllers\Pegadaian.php(708): CodeIgniter\Debug\Exceptions->errorHandler(2, 'Invalid argumen...', 'C:\\Users\\ASUS\\D...', 708, Array)
#1 C:\Users\ASUS\Documents\su\wp\flobamoragadai\pegadaian_new\pegadaian\vendor\codeigniter4\framework\system\CodeIgniter.php(825): App\Controllers\Pegadaian->list()
#2 C:\Users\ASUS\Documents\su\wp\flobamoragadai\pegadaian_new\pegadaian\vendor\codeigniter4\framework\system\CodeIgniter.php(412): CodeIgniter\CodeIgniter->runController(Object(App\Controllers\Pegadaian))
#3 C:\Users\ASUS\Documents\su\wp\flobamoragadai\pegadaian_new\pegadaian\vendor\codeigniter4\framework\system\CodeIgniter.php(320): CodeIgniter\CodeIgniter->handleRequest(NULL, Object(Config\Cache), false)
#4 C:\Users\ASUS\Documents\su\wp\flobamoragadai\pegadaian_new\pegadaian\public\index.php(37): CodeIgniter\CodeIgniter->run()
#5 C:\Users\ASUS\Documents\su\wp\flobamoragadai\pegadaian_new\pegadaian\vendor\codeigniter4\framework\system\Commands\Server\rewrite.php(43): require_once('C:\\Users\\ASUS\\D...')
#6 {main}
CRITICAL - 2022-02-11 15:27:29 --> Invalid argument supplied for foreach()
#0 C:\Users\ASUS\Documents\su\wp\flobamoragadai\pegadaian_new\pegadaian\app\Controllers\Pegadaian.php(708): CodeIgniter\Debug\Exceptions->errorHandler(2, 'Invalid argumen...', 'C:\\Users\\ASUS\\D...', 708, Array)
#1 C:\Users\ASUS\Documents\su\wp\flobamoragadai\pegadaian_new\pegadaian\vendor\codeigniter4\framework\system\CodeIgniter.php(825): App\Controllers\Pegadaian->list()
#2 C:\Users\ASUS\Documents\su\wp\flobamoragadai\pegadaian_new\pegadaian\vendor\codeigniter4\framework\system\CodeIgniter.php(412): CodeIgniter\CodeIgniter->runController(Object(App\Controllers\Pegadaian))
#3 C:\Users\ASUS\Documents\su\wp\flobamoragadai\pegadaian_new\pegadaian\vendor\codeigniter4\framework\system\CodeIgniter.php(320): CodeIgniter\CodeIgniter->handleRequest(NULL, Object(Config\Cache), false)
#4 C:\Users\ASUS\Documents\su\wp\flobamoragadai\pegadaian_new\pegadaian\public\index.php(37): CodeIgniter\CodeIgniter->run()
#5 C:\Users\ASUS\Documents\su\wp\flobamoragadai\pegadaian_new\pegadaian\vendor\codeigniter4\framework\system\Commands\Server\rewrite.php(43): require_once('C:\\Users\\ASUS\\D...')
#6 {main}
CRITICAL - 2022-02-11 15:27:54 --> Invalid argument supplied for foreach()
#0 C:\Users\ASUS\Documents\su\wp\flobamoragadai\pegadaian_new\pegadaian\app\Controllers\Pegadaian.php(708): CodeIgniter\Debug\Exceptions->errorHandler(2, 'Invalid argumen...', 'C:\\Users\\ASUS\\D...', 708, Array)
#1 C:\Users\ASUS\Documents\su\wp\flobamoragadai\pegadaian_new\pegadaian\vendor\codeigniter4\framework\system\CodeIgniter.php(825): App\Controllers\Pegadaian->list()
#2 C:\Users\ASUS\Documents\su\wp\flobamoragadai\pegadaian_new\pegadaian\vendor\codeigniter4\framework\system\CodeIgniter.php(412): CodeIgniter\CodeIgniter->runController(Object(App\Controllers\Pegadaian))
#3 C:\Users\ASUS\Documents\su\wp\flobamoragadai\pegadaian_new\pegadaian\vendor\codeigniter4\framework\system\CodeIgniter.php(320): CodeIgniter\CodeIgniter->handleRequest(NULL, Object(Config\Cache), false)
#4 C:\Users\ASUS\Documents\su\wp\flobamoragadai\pegadaian_new\pegadaian\public\index.php(37): CodeIgniter\CodeIgniter->run()
#5 C:\Users\ASUS\Documents\su\wp\flobamoragadai\pegadaian_new\pegadaian\vendor\codeigniter4\framework\system\Commands\Server\rewrite.php(43): require_once('C:\\Users\\ASUS\\D...')
#6 {main}
CRITICAL - 2022-02-11 15:38:53 --> Invalid argument supplied for foreach()
#0 C:\Users\ASUS\Documents\su\wp\flobamoragadai\pegadaian_new\pegadaian\app\Controllers\Pegadaian.php(708): CodeIgniter\Debug\Exceptions->errorHandler(2, 'Invalid argumen...', 'C:\\Users\\ASUS\\D...', 708, Array)
#1 C:\Users\ASUS\Documents\su\wp\flobamoragadai\pegadaian_new\pegadaian\vendor\codeigniter4\framework\system\CodeIgniter.php(825): App\Controllers\Pegadaian->list()
#2 C:\Users\ASUS\Documents\su\wp\flobamoragadai\pegadaian_new\pegadaian\vendor\codeigniter4\framework\system\CodeIgniter.php(412): CodeIgniter\CodeIgniter->runController(Object(App\Controllers\Pegadaian))
#3 C:\Users\ASUS\Documents\su\wp\flobamoragadai\pegadaian_new\pegadaian\vendor\codeigniter4\framework\system\CodeIgniter.php(320): CodeIgniter\CodeIgniter->handleRequest(NULL, Object(Config\Cache), false)
#4 C:\Users\ASUS\Documents\su\wp\flobamoragadai\pegadaian_new\pegadaian\public\index.php(37): CodeIgniter\CodeIgniter->run()
#5 C:\Users\ASUS\Documents\su\wp\flobamoragadai\pegadaian_new\pegadaian\vendor\codeigniter4\framework\system\Commands\Server\rewrite.php(43): require_once('C:\\Users\\ASUS\\D...')
#6 {main}
CRITICAL - 2022-02-11 15:58:04 --> Invalid argument supplied for foreach()
#0 C:\Users\ASUS\Documents\su\wp\flobamoragadai\pegadaian_new\pegadaian\app\Controllers\Pegadaian.php(708): CodeIgniter\Debug\Exceptions->errorHandler(2, 'Invalid argumen...', 'C:\\Users\\ASUS\\D...', 708, Array)
#1 C:\Users\ASUS\Documents\su\wp\flobamoragadai\pegadaian_new\pegadaian\vendor\codeigniter4\framework\system\CodeIgniter.php(825): App\Controllers\Pegadaian->list()
#2 C:\Users\ASUS\Documents\su\wp\flobamoragadai\pegadaian_new\pegadaian\vendor\codeigniter4\framework\system\CodeIgniter.php(412): CodeIgniter\CodeIgniter->runController(Object(App\Controllers\Pegadaian))
#3 C:\Users\ASUS\Documents\su\wp\flobamoragadai\pegadaian_new\pegadaian\vendor\codeigniter4\framework\system\CodeIgniter.php(320): CodeIgniter\CodeIgniter->handleRequest(NULL, Object(Config\Cache), false)
#4 C:\Users\ASUS\Documents\su\wp\flobamoragadai\pegadaian_new\pegadaian\public\index.php(37): CodeIgniter\CodeIgniter->run()
#5 C:\Users\ASUS\Documents\su\wp\flobamoragadai\pegadaian_new\pegadaian\vendor\codeigniter4\framework\system\Commands\Server\rewrite.php(43): require_once('C:\\Users\\ASUS\\D...')
#6 {main}
CRITICAL - 2022-02-11 15:58:51 --> Invalid argument supplied for foreach()
#0 C:\Users\ASUS\Documents\su\wp\flobamoragadai\pegadaian_new\pegadaian\app\Controllers\Pegadaian.php(708): CodeIgniter\Debug\Exceptions->errorHandler(2, 'Invalid argumen...', 'C:\\Users\\ASUS\\D...', 708, Array)
#1 C:\Users\ASUS\Documents\su\wp\flobamoragadai\pegadaian_new\pegadaian\vendor\codeigniter4\framework\system\CodeIgniter.php(825): App\Controllers\Pegadaian->list()
#2 C:\Users\ASUS\Documents\su\wp\flobamoragadai\pegadaian_new\pegadaian\vendor\codeigniter4\framework\system\CodeIgniter.php(412): CodeIgniter\CodeIgniter->runController(Object(App\Controllers\Pegadaian))
#3 C:\Users\ASUS\Documents\su\wp\flobamoragadai\pegadaian_new\pegadaian\vendor\codeigniter4\framework\system\CodeIgniter.php(320): CodeIgniter\CodeIgniter->handleRequest(NULL, Object(Config\Cache), false)
#4 C:\Users\ASUS\Documents\su\wp\flobamoragadai\pegadaian_new\pegadaian\public\index.php(37): CodeIgniter\CodeIgniter->run()
#5 C:\Users\ASUS\Documents\su\wp\flobamoragadai\pegadaian_new\pegadaian\vendor\codeigniter4\framework\system\Commands\Server\rewrite.php(43): require_once('C:\\Users\\ASUS\\D...')
#6 {main}
CRITICAL - 2022-02-11 16:04:30 --> Undefined variable: keysearch
#0 C:\Users\ASUS\Documents\su\wp\flobamoragadai\pegadaian_new\pegadaian\app\Models\PegadaianModel.php(247): CodeIgniter\Debug\Exceptions->errorHandler(8, 'Undefined varia...', 'C:\\Users\\ASUS\\D...', 247, Array)
#1 C:\Users\ASUS\Documents\su\wp\flobamoragadai\pegadaian_new\pegadaian\app\Controllers\Pegadaian.php(703): App\Models\PegadaianModel->count_filter('2022-01-25', 'FG02', '', 'tgl_gadai')
#2 C:\Users\ASUS\Documents\su\wp\flobamoragadai\pegadaian_new\pegadaian\vendor\codeigniter4\framework\system\CodeIgniter.php(825): App\Controllers\Pegadaian->list()
#3 C:\Users\ASUS\Documents\su\wp\flobamoragadai\pegadaian_new\pegadaian\vendor\codeigniter4\framework\system\CodeIgniter.php(412): CodeIgniter\CodeIgniter->runController(Object(App\Controllers\Pegadaian))
#4 C:\Users\ASUS\Documents\su\wp\flobamoragadai\pegadaian_new\pegadaian\vendor\codeigniter4\framework\system\CodeIgniter.php(320): CodeIgniter\CodeIgniter->handleRequest(NULL, Object(Config\Cache), false)
#5 C:\Users\ASUS\Documents\su\wp\flobamoragadai\pegadaian_new\pegadaian\public\index.php(37): CodeIgniter\CodeIgniter->run()
#6 C:\Users\ASUS\Documents\su\wp\flobamoragadai\pegadaian_new\pegadaian\vendor\codeigniter4\framework\system\Commands\Server\rewrite.php(43): require_once('C:\\Users\\ASUS\\D...')
#7 {main}
CRITICAL - 2022-02-11 16:17:02 --> Invalid argument supplied for foreach()
#0 C:\Users\ASUS\Documents\su\wp\flobamoragadai\pegadaian_new\pegadaian\app\Controllers\Pegadaian.php(708): CodeIgniter\Debug\Exceptions->errorHandler(2, 'Invalid argumen...', 'C:\\Users\\ASUS\\D...', 708, Array)
#1 C:\Users\ASUS\Documents\su\wp\flobamoragadai\pegadaian_new\pegadaian\vendor\codeigniter4\framework\system\CodeIgniter.php(825): App\Controllers\Pegadaian->list()
#2 C:\Users\ASUS\Documents\su\wp\flobamoragadai\pegadaian_new\pegadaian\vendor\codeigniter4\framework\system\CodeIgniter.php(412): CodeIgniter\CodeIgniter->runController(Object(App\Controllers\Pegadaian))
#3 C:\Users\ASUS\Documents\su\wp\flobamoragadai\pegadaian_new\pegadaian\vendor\codeigniter4\framework\system\CodeIgniter.php(320): CodeIgniter\CodeIgniter->handleRequest(NULL, Object(Config\Cache), false)
#4 C:\Users\ASUS\Documents\su\wp\flobamoragadai\pegadaian_new\pegadaian\public\index.php(37): CodeIgniter\CodeIgniter->run()
#5 C:\Users\ASUS\Documents\su\wp\flobamoragadai\pegadaian_new\pegadaian\vendor\codeigniter4\framework\system\Commands\Server\rewrite.php(43): require_once('C:\\Users\\ASUS\\D...')
#6 {main}
CRITICAL - 2022-02-11 16:18:07 --> Invalid argument supplied for foreach()
#0 C:\Users\ASUS\Documents\su\wp\flobamoragadai\pegadaian_new\pegadaian\app\Controllers\Pegadaian.php(708): CodeIgniter\Debug\Exceptions->errorHandler(2, 'Invalid argumen...', 'C:\\Users\\ASUS\\D...', 708, Array)
#1 C:\Users\ASUS\Documents\su\wp\flobamoragadai\pegadaian_new\pegadaian\vendor\codeigniter4\framework\system\CodeIgniter.php(825): App\Controllers\Pegadaian->list()
#2 C:\Users\ASUS\Documents\su\wp\flobamoragadai\pegadaian_new\pegadaian\vendor\codeigniter4\framework\system\CodeIgniter.php(412): CodeIgniter\CodeIgniter->runController(Object(App\Controllers\Pegadaian))
#3 C:\Users\ASUS\Documents\su\wp\flobamoragadai\pegadaian_new\pegadaian\vendor\codeigniter4\framework\system\CodeIgniter.php(320): CodeIgniter\CodeIgniter->handleRequest(NULL, Object(Config\Cache), false)
#4 C:\Users\ASUS\Documents\su\wp\flobamoragadai\pegadaian_new\pegadaian\public\index.php(37): CodeIgniter\CodeIgniter->run()
#5 C:\Users\ASUS\Documents\su\wp\flobamoragadai\pegadaian_new\pegadaian\vendor\codeigniter4\framework\system\Commands\Server\rewrite.php(43): require_once('C:\\Users\\ASUS\\D...')
#6 {main}
CRITICAL - 2022-02-11 16:18:09 --> Invalid argument supplied for foreach()
#0 C:\Users\ASUS\Documents\su\wp\flobamoragadai\pegadaian_new\pegadaian\app\Controllers\Pegadaian.php(708): CodeIgniter\Debug\Exceptions->errorHandler(2, 'Invalid argumen...', 'C:\\Users\\ASUS\\D...', 708, Array)
#1 C:\Users\ASUS\Documents\su\wp\flobamoragadai\pegadaian_new\pegadaian\vendor\codeigniter4\framework\system\CodeIgniter.php(825): App\Controllers\Pegadaian->list()
#2 C:\Users\ASUS\Documents\su\wp\flobamoragadai\pegadaian_new\pegadaian\vendor\codeigniter4\framework\system\CodeIgniter.php(412): CodeIgniter\CodeIgniter->runController(Object(App\Controllers\Pegadaian))
#3 C:\Users\ASUS\Documents\su\wp\flobamoragadai\pegadaian_new\pegadaian\vendor\codeigniter4\framework\system\CodeIgniter.php(320): CodeIgniter\CodeIgniter->handleRequest(NULL, Object(Config\Cache), false)
#4 C:\Users\ASUS\Documents\su\wp\flobamoragadai\pegadaian_new\pegadaian\public\index.php(37): CodeIgniter\CodeIgniter->run()
#5 C:\Users\ASUS\Documents\su\wp\flobamoragadai\pegadaian_new\pegadaian\vendor\codeigniter4\framework\system\Commands\Server\rewrite.php(43): require_once('C:\\Users\\ASUS\\D...')
#6 {main}
CRITICAL - 2022-02-11 16:18:22 --> Invalid argument supplied for foreach()
#0 C:\Users\ASUS\Documents\su\wp\flobamoragadai\pegadaian_new\pegadaian\app\Controllers\Pegadaian.php(708): CodeIgniter\Debug\Exceptions->errorHandler(2, 'Invalid argumen...', 'C:\\Users\\ASUS\\D...', 708, Array)
#1 C:\Users\ASUS\Documents\su\wp\flobamoragadai\pegadaian_new\pegadaian\vendor\codeigniter4\framework\system\CodeIgniter.php(825): App\Controllers\Pegadaian->list()
#2 C:\Users\ASUS\Documents\su\wp\flobamoragadai\pegadaian_new\pegadaian\vendor\codeigniter4\framework\system\CodeIgniter.php(412): CodeIgniter\CodeIgniter->runController(Object(App\Controllers\Pegadaian))
#3 C:\Users\ASUS\Documents\su\wp\flobamoragadai\pegadaian_new\pegadaian\vendor\codeigniter4\framework\system\CodeIgniter.php(320): CodeIgniter\CodeIgniter->handleRequest(NULL, Object(Config\Cache), false)
#4 C:\Users\ASUS\Documents\su\wp\flobamoragadai\pegadaian_new\pegadaian\public\index.php(37): CodeIgniter\CodeIgniter->run()
#5 C:\Users\ASUS\Documents\su\wp\flobamoragadai\pegadaian_new\pegadaian\vendor\codeigniter4\framework\system\Commands\Server\rewrite.php(43): require_once('C:\\Users\\ASUS\\D...')
#6 {main}
CRITICAL - 2022-02-11 16:32:46 --> Out of memory (allocated 2097152) (tried to allocate 65536 bytes)
#0 [internal function]: CodeIgniter\Debug\Exceptions->shutdownHandler()
#1 {main}
CRITICAL - 2022-02-11 16:42:10 --> Too few arguments to function App\Models\PegadaianModel::count_filter(), 3 passed in C:\Users\ASUS\Documents\su\wp\flobamoragadai\pegadaian_new\pegadaian\app\Controllers\Pegadaian.php on line 766 and exactly 4 expected
#0 C:\Users\ASUS\Documents\su\wp\flobamoragadai\pegadaian_new\pegadaian\app\Controllers\Pegadaian.php(766): App\Models\PegadaianModel->count_filter(NULL, 'FG02', '')
#1 C:\Users\ASUS\Documents\su\wp\flobamoragadai\pegadaian_new\pegadaian\vendor\codeigniter4\framework\system\CodeIgniter.php(825): App\Controllers\Pegadaian->list_laporan()
#2 C:\Users\ASUS\Documents\su\wp\flobamoragadai\pegadaian_new\pegadaian\vendor\codeigniter4\framework\system\CodeIgniter.php(412): CodeIgniter\CodeIgniter->runController(Object(App\Controllers\Pegadaian))
#3 C:\Users\ASUS\Documents\su\wp\flobamoragadai\pegadaian_new\pegadaian\vendor\codeigniter4\framework\system\CodeIgniter.php(320): CodeIgniter\CodeIgniter->handleRequest(NULL, Object(Config\Cache), false)
#4 C:\Users\ASUS\Documents\su\wp\flobamoragadai\pegadaian_new\pegadaian\public\index.php(37): CodeIgniter\CodeIgniter->run()
#5 C:\Users\ASUS\Documents\su\wp\flobamoragadai\pegadaian_new\pegadaian\vendor\codeigniter4\framework\system\Commands\Server\rewrite.php(43): require_once('C:\\Users\\ASUS\\D...')
#6 {main}
CRITICAL - 2022-02-11 16:58:03 --> Undefined index: type
#0 C:\Users\ASUS\Documents\su\wp\flobamoragadai\pegadaian_new\pegadaian\app\Views\Pegadaian\datagadai.php(44): CodeIgniter\Debug\Exceptions->errorHandler(8, 'Undefined index...', 'C:\\Users\\ASUS\\D...', 44, Array)
#1 C:\Users\ASUS\Documents\su\wp\flobamoragadai\pegadaian_new\pegadaian\vendor\codeigniter4\framework\system\View\View.php(210): include('C:\\Users\\ASUS\\D...')
#2 C:\Users\ASUS\Documents\su\wp\flobamoragadai\pegadaian_new\pegadaian\vendor\codeigniter4\framework\system\View\View.php(213): CodeIgniter\View\View->CodeIgniter\View\{closure}()
#3 C:\Users\ASUS\Documents\su\wp\flobamoragadai\pegadaian_new\pegadaian\vendor\codeigniter4\framework\system\Common.php(1089): CodeIgniter\View\View->render('Pegadaian/datag...', Array, true)
#4 C:\Users\ASUS\Documents\su\wp\flobamoragadai\pegadaian_new\pegadaian\app\Controllers\Pegadaian.php(77): view('Pegadaian/datag...', Array)
#5 C:\Users\ASUS\Documents\su\wp\flobamoragadai\pegadaian_new\pegadaian\vendor\codeigniter4\framework\system\CodeIgniter.php(825): App\Controllers\Pegadaian->index()
#6 C:\Users\ASUS\Documents\su\wp\flobamoragadai\pegadaian_new\pegadaian\vendor\codeigniter4\framework\system\CodeIgniter.php(412): CodeIgniter\CodeIgniter->runController(Object(App\Controllers\Pegadaian))
#7 C:\Users\ASUS\Documents\su\wp\flobamoragadai\pegadaian_new\pegadaian\vendor\codeigniter4\framework\system\CodeIgniter.php(320): CodeIgniter\CodeIgniter->handleRequest(NULL, Object(Config\Cache), false)
#8 C:\Users\ASUS\Documents\su\wp\flobamoragadai\pegadaian_new\pegadaian\public\index.php(37): CodeIgniter\CodeIgniter->run()
#9 C:\Users\ASUS\Documents\su\wp\flobamoragadai\pegadaian_new\pegadaian\vendor\codeigniter4\framework\system\Commands\Server\rewrite.php(43): require_once('C:\\Users\\ASUS\\D...')
#10 {main}
ERROR - 2022-02-11 17:31:17 --> MySQL server has gone away
CRITICAL - 2022-02-11 17:31:17 --> MySQL server has gone away
#0 C:\Users\ASUS\Documents\su\wp\flobamoragadai\pegadaian_new\pegadaian\vendor\codeigniter4\framework\system\Database\MySQLi\Connection.php(292): mysqli->query('SELECT *\nFROM `...', 0)
#1 C:\Users\ASUS\Documents\su\wp\flobamoragadai\pegadaian_new\pegadaian\vendor\codeigniter4\framework\system\Database\BaseConnection.php(670): CodeIgniter\Database\MySQLi\Connection->execute('SELECT *\nFROM `...')
#2 C:\Users\ASUS\Documents\su\wp\flobamoragadai\pegadaian_new\pegadaian\vendor\codeigniter4\framework\system\Database\BaseConnection.php(598): CodeIgniter\Database\BaseConnection->simpleQuery('SELECT *\nFROM `...')
#3 C:\Users\ASUS\Documents\su\wp\flobamoragadai\pegadaian_new\pegadaian\vendor\codeigniter4\framework\system\Database\BaseBuilder.php(1455): CodeIgniter\Database\BaseConnection->query('SELECT *\nFROM `...', Array, false)
#4 C:\Users\ASUS\Documents\su\wp\flobamoragadai\pegadaian_new\pegadaian\vendor\codeigniter4\framework\system\Model.php(142): CodeIgniter\Database\BaseBuilder->get()
#5 C:\Users\ASUS\Documents\su\wp\flobamoragadai\pegadaian_new\pegadaian\vendor\codeigniter4\framework\system\BaseModel.php(523): CodeIgniter\Model->doFind(true, 'FG2-1280502')
#6 C:\Users\ASUS\Documents\su\wp\flobamoragadai\pegadaian_new\pegadaian\app\Controllers\Pegadaian.php(464): CodeIgniter\BaseModel->find('FG2-1280502')
#7 C:\Users\ASUS\Documents\su\wp\flobamoragadai\pegadaian_new\pegadaian\vendor\codeigniter4\framework\system\CodeIgniter.php(825): App\Controllers\Pegadaian->createBayar('FG2-1280502')
#8 C:\Users\ASUS\Documents\su\wp\flobamoragadai\pegadaian_new\pegadaian\vendor\codeigniter4\framework\system\CodeIgniter.php(412): CodeIgniter\CodeIgniter->runController(Object(App\Controllers\Pegadaian))
#9 C:\Users\ASUS\Documents\su\wp\flobamoragadai\pegadaian_new\pegadaian\vendor\codeigniter4\framework\system\CodeIgniter.php(320): CodeIgniter\CodeIgniter->handleRequest(NULL, Object(Config\Cache), false)
#10 C:\Users\ASUS\Documents\su\wp\flobamoragadai\pegadaian_new\pegadaian\public\index.php(37): CodeIgniter\CodeIgniter->run()
#11 C:\Users\ASUS\Documents\su\wp\flobamoragadai\pegadaian_new\pegadaian\vendor\codeigniter4\framework\system\Commands\Server\rewrite.php(43): require_once('C:\\Users\\ASUS\\D...')
#12 {main}
CRITICAL - 2022-02-11 17:52:09 --> Too few arguments to function App\Models\PegadaianModel::count_filter(), 3 passed in C:\Users\ASUS\Documents\su\wp\flobamoragadai\pegadaian_new\pegadaian\app\Controllers\Pegadaian.php on line 797 and exactly 4 expected
#0 C:\Users\ASUS\Documents\su\wp\flobamoragadai\pegadaian_new\pegadaian\app\Controllers\Pegadaian.php(797): App\Models\PegadaianModel->count_filter(NULL, 'FG02', '')
#1 C:\Users\ASUS\Documents\su\wp\flobamoragadai\pegadaian_new\pegadaian\vendor\codeigniter4\framework\system\CodeIgniter.php(825): App\Controllers\Pegadaian->list_laporan()
#2 C:\Users\ASUS\Documents\su\wp\flobamoragadai\pegadaian_new\pegadaian\vendor\codeigniter4\framework\system\CodeIgniter.php(412): CodeIgniter\CodeIgniter->runController(Object(App\Controllers\Pegadaian))
#3 C:\Users\ASUS\Documents\su\wp\flobamoragadai\pegadaian_new\pegadaian\vendor\codeigniter4\framework\system\CodeIgniter.php(320): CodeIgniter\CodeIgniter->handleRequest(NULL, Object(Config\Cache), false)
#4 C:\Users\ASUS\Documents\su\wp\flobamoragadai\pegadaian_new\pegadaian\public\index.php(37): CodeIgniter\CodeIgniter->run()
#5 C:\Users\ASUS\Documents\su\wp\flobamoragadai\pegadaian_new\pegadaian\vendor\codeigniter4\framework\system\Commands\Server\rewrite.php(43): require_once('C:\\Users\\ASUS\\D...')
#6 {main}
CRITICAL - 2022-02-11 17:52:16 --> Too few arguments to function App\Models\PegadaianModel::count_filter(), 3 passed in C:\Users\ASUS\Documents\su\wp\flobamoragadai\pegadaian_new\pegadaian\app\Controllers\Pegadaian.php on line 797 and exactly 4 expected
#0 C:\Users\ASUS\Documents\su\wp\flobamoragadai\pegadaian_new\pegadaian\app\Controllers\Pegadaian.php(797): App\Models\PegadaianModel->count_filter(NULL, 'FG02', '')
#1 C:\Users\ASUS\Documents\su\wp\flobamoragadai\pegadaian_new\pegadaian\vendor\codeigniter4\framework\system\CodeIgniter.php(825): App\Controllers\Pegadaian->list_laporan()
#2 C:\Users\ASUS\Documents\su\wp\flobamoragadai\pegadaian_new\pegadaian\vendor\codeigniter4\framework\system\CodeIgniter.php(412): CodeIgniter\CodeIgniter->runController(Object(App\Controllers\Pegadaian))
#3 C:\Users\ASUS\Documents\su\wp\flobamoragadai\pegadaian_new\pegadaian\vendor\codeigniter4\framework\system\CodeIgniter.php(320): CodeIgniter\CodeIgniter->handleRequest(NULL, Object(Config\Cache), false)
#4 C:\Users\ASUS\Documents\su\wp\flobamoragadai\pegadaian_new\pegadaian\public\index.php(37): CodeIgniter\CodeIgniter->run()
#5 C:\Users\ASUS\Documents\su\wp\flobamoragadai\pegadaian_new\pegadaian\vendor\codeigniter4\framework\system\Commands\Server\rewrite.php(43): require_once('C:\\Users\\ASUS\\D...')
#6 {main}
CRITICAL - 2022-02-11 17:55:20 --> Too few arguments to function App\Models\PegadaianModel::count_filter(), 3 passed in C:\Users\ASUS\Documents\su\wp\flobamoragadai\pegadaian_new\pegadaian\app\Controllers\Pegadaian.php on line 799 and exactly 4 expected
#0 C:\Users\ASUS\Documents\su\wp\flobamoragadai\pegadaian_new\pegadaian\app\Controllers\Pegadaian.php(799): App\Models\PegadaianModel->count_filter(NULL, 'FG02', '')
#1 C:\Users\ASUS\Documents\su\wp\flobamoragadai\pegadaian_new\pegadaian\vendor\codeigniter4\framework\system\CodeIgniter.php(825): App\Controllers\Pegadaian->list_laporan()
#2 C:\Users\ASUS\Documents\su\wp\flobamoragadai\pegadaian_new\pegadaian\vendor\codeigniter4\framework\system\CodeIgniter.php(412): CodeIgniter\CodeIgniter->runController(Object(App\Controllers\Pegadaian))
#3 C:\Users\ASUS\Documents\su\wp\flobamoragadai\pegadaian_new\pegadaian\vendor\codeigniter4\framework\system\CodeIgniter.php(320): CodeIgniter\CodeIgniter->handleRequest(NULL, Object(Config\Cache), false)
#4 C:\Users\ASUS\Documents\su\wp\flobamoragadai\pegadaian_new\pegadaian\public\index.php(37): CodeIgniter\CodeIgniter->run()
#5 C:\Users\ASUS\Documents\su\wp\flobamoragadai\pegadaian_new\pegadaian\vendor\codeigniter4\framework\system\Commands\Server\rewrite.php(43): require_once('C:\\Users\\ASUS\\D...')
#6 {main}
CRITICAL - 2022-02-11 17:56:01 --> Argument 2 passed to CodeIgniter\Database\BaseBuilder::orLike() must be of the type string, null given, called in C:\Users\ASUS\Documents\su\wp\flobamoragadai\pegadaian_new\pegadaian\vendor\codeigniter4\framework\system\Model.php on line 728
#0 C:\Users\ASUS\Documents\su\wp\flobamoragadai\pegadaian_new\pegadaian\vendor\codeigniter4\framework\system\Model.php(728): CodeIgniter\Database\BaseBuilder->orLike('tgl_gadai', NULL, 'BOTH')
#1 C:\Users\ASUS\Documents\su\wp\flobamoragadai\pegadaian_new\pegadaian\app\Models\PegadaianModel.php(54): CodeIgniter\Model->__call('orLike', Array)
#2 C:\Users\ASUS\Documents\su\wp\flobamoragadai\pegadaian_new\pegadaian\app\Controllers\Pegadaian.php(801): App\Models\PegadaianModel->getDataGadaiLaporan(NULL, NULL, NULL, 'tgl_gadai', 'FG02', '')
#3 C:\Users\ASUS\Documents\su\wp\flobamoragadai\pegadaian_new\pegadaian\vendor\codeigniter4\framework\system\CodeIgniter.php(825): App\Controllers\Pegadaian->list_laporan()
#4 C:\Users\ASUS\Documents\su\wp\flobamoragadai\pegadaian_new\pegadaian\vendor\codeigniter4\framework\system\CodeIgniter.php(412): CodeIgniter\CodeIgniter->runController(Object(App\Controllers\Pegadaian))
#5 C:\Users\ASUS\Documents\su\wp\flobamoragadai\pegadaian_new\pegadaian\vendor\codeigniter4\framework\system\CodeIgniter.php(320): CodeIgniter\CodeIgniter->handleRequest(NULL, Object(Config\Cache), false)
#6 C:\Users\ASUS\Documents\su\wp\flobamoragadai\pegadaian_new\pegadaian\public\index.php(37): CodeIgniter\CodeIgniter->run()
#7 C:\Users\ASUS\Documents\su\wp\flobamoragadai\pegadaian_new\pegadaian\vendor\codeigniter4\framework\system\Commands\Server\rewrite.php(43): require_once('C:\\Users\\ASUS\\D...')
#8 {main}
