ERROR - 2022-01-18 09:32:17 --> Error connecting to the database: No connection could be made because the target machine actively refused it.

CRITICAL - 2022-01-18 09:32:17 --> Unable to connect to the database.
Main connection [MySQLi]: No connection could be made because the target machine actively refused it.

#0 C:\xampp\htdocs\pegadaian\vendor\codeigniter4\framework\system\Database\BaseConnection.php(577): CodeIgniter\Database\BaseConnection->initialize()
#1 C:\xampp\htdocs\pegadaian\vendor\codeigniter4\framework\system\Database\BaseBuilder.php(1443): CodeIgniter\Database\BaseConnection->query('SELECT *\nFROM `...', Array, false)
#2 C:\xampp\htdocs\pegadaian\vendor\codeigniter4\framework\system\Model.php(210): CodeIgniter\Database\BaseBuilder->get()
#3 C:\xampp\htdocs\pegadaian\vendor\codeigniter4\framework\system\BaseModel.php(622): CodeIgniter\Model->doFirst()
#4 C:\xampp\htdocs\pegadaian\app\Controllers\Login.php(30): CodeIgniter\BaseModel->first()
#5 C:\xampp\htdocs\pegadaian\vendor\codeigniter4\framework\system\CodeIgniter.php(824): App\Controllers\Login->login()
#6 C:\xampp\htdocs\pegadaian\vendor\codeigniter4\framework\system\CodeIgniter.php(410): CodeIgniter\CodeIgniter->runController(Object(App\Controllers\Login))
#7 C:\xampp\htdocs\pegadaian\vendor\codeigniter4\framework\system\CodeIgniter.php(318): CodeIgniter\CodeIgniter->handleRequest(NULL, Object(Config\Cache), false)
#8 C:\xampp\htdocs\pegadaian\public\index.php(37): CodeIgniter\CodeIgniter->run()
#9 C:\xampp\htdocs\pegadaian\vendor\codeigniter4\framework\system\Commands\Server\rewrite.php(43): require_once('C:\\xampp\\htdocs...')
#10 {main}
CRITICAL - 2022-01-18 09:44:02 --> Undefined index: kode_pinjaman
#0 C:\xampp\htdocs\pegadaian\app\Views\Pegadaian\formdenda.php(18): CodeIgniter\Debug\Exceptions->errorHandler(8, 'Undefined index...', 'C:\\xampp\\htdocs...', 18, Array)
#1 C:\xampp\htdocs\pegadaian\vendor\codeigniter4\framework\system\View\View.php(214): include('C:\\xampp\\htdocs...')
#2 C:\xampp\htdocs\pegadaian\vendor\codeigniter4\framework\system\View\View.php(217): CodeIgniter\View\View->CodeIgniter\View\{closure}()
#3 C:\xampp\htdocs\pegadaian\vendor\codeigniter4\framework\system\Common.php(1097): CodeIgniter\View\View->render('pegadaian/formd...', Array, true)
#4 C:\xampp\htdocs\pegadaian\app\Controllers\Pegadaian.php(243): view('pegadaian/formd...', Array)
#5 C:\xampp\htdocs\pegadaian\vendor\codeigniter4\framework\system\CodeIgniter.php(824): App\Controllers\Pegadaian->create2('CB2-11301')
#6 C:\xampp\htdocs\pegadaian\vendor\codeigniter4\framework\system\CodeIgniter.php(410): CodeIgniter\CodeIgniter->runController(Object(App\Controllers\Pegadaian))
#7 C:\xampp\htdocs\pegadaian\vendor\codeigniter4\framework\system\CodeIgniter.php(318): CodeIgniter\CodeIgniter->handleRequest(NULL, Object(Config\Cache), false)
#8 C:\xampp\htdocs\pegadaian\public\index.php(37): CodeIgniter\CodeIgniter->run()
#9 C:\xampp\htdocs\pegadaian\vendor\codeigniter4\framework\system\Commands\Server\rewrite.php(43): require_once('C:\\xampp\\htdocs...')
#10 {main}
CRITICAL - 2022-01-18 09:44:24 --> Undefined index: kode_pinjaman
#0 C:\xampp\htdocs\pegadaian\app\Views\Pegadaian\formdenda.php(18): CodeIgniter\Debug\Exceptions->errorHandler(8, 'Undefined index...', 'C:\\xampp\\htdocs...', 18, Array)
#1 C:\xampp\htdocs\pegadaian\vendor\codeigniter4\framework\system\View\View.php(214): include('C:\\xampp\\htdocs...')
#2 C:\xampp\htdocs\pegadaian\vendor\codeigniter4\framework\system\View\View.php(217): CodeIgniter\View\View->CodeIgniter\View\{closure}()
#3 C:\xampp\htdocs\pegadaian\vendor\codeigniter4\framework\system\Common.php(1097): CodeIgniter\View\View->render('pegadaian/formd...', Array, true)
#4 C:\xampp\htdocs\pegadaian\app\Controllers\Pegadaian.php(243): view('pegadaian/formd...', Array)
#5 C:\xampp\htdocs\pegadaian\vendor\codeigniter4\framework\system\CodeIgniter.php(824): App\Controllers\Pegadaian->create2('CB2-51801')
#6 C:\xampp\htdocs\pegadaian\vendor\codeigniter4\framework\system\CodeIgniter.php(410): CodeIgniter\CodeIgniter->runController(Object(App\Controllers\Pegadaian))
#7 C:\xampp\htdocs\pegadaian\vendor\codeigniter4\framework\system\CodeIgniter.php(318): CodeIgniter\CodeIgniter->handleRequest(NULL, Object(Config\Cache), false)
#8 C:\xampp\htdocs\pegadaian\public\index.php(37): CodeIgniter\CodeIgniter->run()
#9 C:\xampp\htdocs\pegadaian\vendor\codeigniter4\framework\system\Commands\Server\rewrite.php(43): require_once('C:\\xampp\\htdocs...')
#10 {main}
CRITICAL - 2022-01-18 09:44:25 --> Undefined index: kode_pinjaman
#0 C:\xampp\htdocs\pegadaian\app\Views\Pegadaian\formdenda.php(18): CodeIgniter\Debug\Exceptions->errorHandler(8, 'Undefined index...', 'C:\\xampp\\htdocs...', 18, Array)
#1 C:\xampp\htdocs\pegadaian\vendor\codeigniter4\framework\system\View\View.php(214): include('C:\\xampp\\htdocs...')
#2 C:\xampp\htdocs\pegadaian\vendor\codeigniter4\framework\system\View\View.php(217): CodeIgniter\View\View->CodeIgniter\View\{closure}()
#3 C:\xampp\htdocs\pegadaian\vendor\codeigniter4\framework\system\Common.php(1097): CodeIgniter\View\View->render('pegadaian/formd...', Array, true)
#4 C:\xampp\htdocs\pegadaian\app\Controllers\Pegadaian.php(243): view('pegadaian/formd...', Array)
#5 C:\xampp\htdocs\pegadaian\vendor\codeigniter4\framework\system\CodeIgniter.php(824): App\Controllers\Pegadaian->create2('CB2-51801')
#6 C:\xampp\htdocs\pegadaian\vendor\codeigniter4\framework\system\CodeIgniter.php(410): CodeIgniter\CodeIgniter->runController(Object(App\Controllers\Pegadaian))
#7 C:\xampp\htdocs\pegadaian\vendor\codeigniter4\framework\system\CodeIgniter.php(318): CodeIgniter\CodeIgniter->handleRequest(NULL, Object(Config\Cache), false)
#8 C:\xampp\htdocs\pegadaian\public\index.php(37): CodeIgniter\CodeIgniter->run()
#9 C:\xampp\htdocs\pegadaian\vendor\codeigniter4\framework\system\Commands\Server\rewrite.php(43): require_once('C:\\xampp\\htdocs...')
#10 {main}
CRITICAL - 2022-01-18 10:01:51 --> Too few arguments to function App\Controllers\Pegadaian::save2(), 0 passed in C:\xampp\htdocs\pegadaian\vendor\codeigniter4\framework\system\CodeIgniter.php on line 824 and exactly 1 expected
#0 C:\xampp\htdocs\pegadaian\vendor\codeigniter4\framework\system\CodeIgniter.php(824): App\Controllers\Pegadaian->save2()
#1 C:\xampp\htdocs\pegadaian\vendor\codeigniter4\framework\system\CodeIgniter.php(410): CodeIgniter\CodeIgniter->runController(Object(App\Controllers\Pegadaian))
#2 C:\xampp\htdocs\pegadaian\vendor\codeigniter4\framework\system\CodeIgniter.php(318): CodeIgniter\CodeIgniter->handleRequest(NULL, Object(Config\Cache), false)
#3 C:\xampp\htdocs\pegadaian\public\index.php(37): CodeIgniter\CodeIgniter->run()
#4 C:\xampp\htdocs\pegadaian\vendor\codeigniter4\framework\system\Commands\Server\rewrite.php(43): require_once('C:\\xampp\\htdocs...')
#5 {main}
ERROR - 2022-01-18 17:06:35 --> You have an error in your SQL syntax; check the manual that corresponds to your MariaDB server version for the right syntax to use near ''pinjamangadai' WHERE tgl_jatuh_tempo >= date(NOW())' at line 1
CRITICAL - 2022-01-18 17:06:35 --> You have an error in your SQL syntax; check the manual that corresponds to your MariaDB server version for the right syntax to use near ''pinjamangadai' WHERE tgl_jatuh_tempo >= date(NOW())' at line 1
#0 C:\xampp\htdocs\pegadaian\vendor\codeigniter4\framework\system\Database\MySQLi\Connection.php(292): mysqli->query('SELECT * FROM '...', 0)
#1 C:\xampp\htdocs\pegadaian\vendor\codeigniter4\framework\system\Database\BaseConnection.php(670): CodeIgniter\Database\MySQLi\Connection->execute('SELECT * FROM '...')
#2 C:\xampp\htdocs\pegadaian\vendor\codeigniter4\framework\system\Database\BaseConnection.php(598): CodeIgniter\Database\BaseConnection->simpleQuery('SELECT * FROM '...')
#3 C:\xampp\htdocs\pegadaian\app\Models\PegadaianModel.php(19): CodeIgniter\Database\BaseConnection->query('SELECT * FROM '...')
#4 C:\xampp\htdocs\pegadaian\app\Controllers\Pegadaian.php(38): App\Models\PegadaianModel->getDataGadai('FG02')
#5 C:\xampp\htdocs\pegadaian\vendor\codeigniter4\framework\system\CodeIgniter.php(824): App\Controllers\Pegadaian->index()
#6 C:\xampp\htdocs\pegadaian\vendor\codeigniter4\framework\system\CodeIgniter.php(410): CodeIgniter\CodeIgniter->runController(Object(App\Controllers\Pegadaian))
#7 C:\xampp\htdocs\pegadaian\vendor\codeigniter4\framework\system\CodeIgniter.php(318): CodeIgniter\CodeIgniter->handleRequest(NULL, Object(Config\Cache), false)
#8 C:\xampp\htdocs\pegadaian\public\index.php(37): CodeIgniter\CodeIgniter->run()
#9 C:\xampp\htdocs\pegadaian\vendor\codeigniter4\framework\system\Commands\Server\rewrite.php(43): require_once('C:\\xampp\\htdocs...')
#10 {main}
