CRITICAL - 2022-01-30 02:07:36 --> Invalid argument supplied for foreach()
#0 C:\Users\ASUS\Documents\su\wp\flobamoragadai\pegadaian\app\Controllers\Pegadaian.php(670): CodeIgniter\Debug\Exceptions->errorHandler(2, 'Invalid argumen...', 'C:\\Users\\ASUS\\D...', 670, Array)
#1 C:\Users\ASUS\Documents\su\wp\flobamoragadai\pegadaian\vendor\codeigniter4\framework\system\CodeIgniter.php(825): App\Controllers\Pegadaian->list()
#2 C:\Users\ASUS\Documents\su\wp\flobamoragadai\pegadaian\vendor\codeigniter4\framework\system\CodeIgniter.php(412): CodeIgniter\CodeIgniter->runController(Object(App\Controllers\Pegadaian))
#3 C:\Users\ASUS\Documents\su\wp\flobamoragadai\pegadaian\vendor\codeigniter4\framework\system\CodeIgniter.php(320): CodeIgniter\CodeIgniter->handleRequest(NULL, Object(Config\Cache), false)
#4 C:\Users\ASUS\Documents\su\wp\flobamoragadai\pegadaian\public\index.php(37): CodeIgniter\CodeIgniter->run()
#5 C:\Users\ASUS\Documents\su\wp\flobamoragadai\pegadaian\vendor\codeigniter4\framework\system\Commands\Server\rewrite.php(43): require_once('C:\\Users\\ASUS\\D...')
#6 {main}
CRITICAL - 2022-01-30 02:08:12 --> Invalid argument supplied for foreach()
#0 C:\Users\ASUS\Documents\su\wp\flobamoragadai\pegadaian\app\Controllers\Pegadaian.php(670): CodeIgniter\Debug\Exceptions->errorHandler(2, 'Invalid argumen...', 'C:\\Users\\ASUS\\D...', 670, Array)
#1 C:\Users\ASUS\Documents\su\wp\flobamoragadai\pegadaian\vendor\codeigniter4\framework\system\CodeIgniter.php(825): App\Controllers\Pegadaian->list()
#2 C:\Users\ASUS\Documents\su\wp\flobamoragadai\pegadaian\vendor\codeigniter4\framework\system\CodeIgniter.php(412): CodeIgniter\CodeIgniter->runController(Object(App\Controllers\Pegadaian))
#3 C:\Users\ASUS\Documents\su\wp\flobamoragadai\pegadaian\vendor\codeigniter4\framework\system\CodeIgniter.php(320): CodeIgniter\CodeIgniter->handleRequest(NULL, Object(Config\Cache), false)
#4 C:\Users\ASUS\Documents\su\wp\flobamoragadai\pegadaian\public\index.php(37): CodeIgniter\CodeIgniter->run()
#5 C:\Users\ASUS\Documents\su\wp\flobamoragadai\pegadaian\vendor\codeigniter4\framework\system\Commands\Server\rewrite.php(43): require_once('C:\\Users\\ASUS\\D...')
#6 {main}
CRITICAL - 2022-01-30 02:14:24 --> Invalid argument supplied for foreach()
#0 C:\Users\ASUS\Documents\su\wp\flobamoragadai\pegadaian\app\Controllers\Pegadaian.php(670): CodeIgniter\Debug\Exceptions->errorHandler(2, 'Invalid argumen...', 'C:\\Users\\ASUS\\D...', 670, Array)
#1 C:\Users\ASUS\Documents\su\wp\flobamoragadai\pegadaian\vendor\codeigniter4\framework\system\CodeIgniter.php(825): App\Controllers\Pegadaian->list()
#2 C:\Users\ASUS\Documents\su\wp\flobamoragadai\pegadaian\vendor\codeigniter4\framework\system\CodeIgniter.php(412): CodeIgniter\CodeIgniter->runController(Object(App\Controllers\Pegadaian))
#3 C:\Users\ASUS\Documents\su\wp\flobamoragadai\pegadaian\vendor\codeigniter4\framework\system\CodeIgniter.php(320): CodeIgniter\CodeIgniter->handleRequest(NULL, Object(Config\Cache), false)
#4 C:\Users\ASUS\Documents\su\wp\flobamoragadai\pegadaian\public\index.php(37): CodeIgniter\CodeIgniter->run()
#5 C:\Users\ASUS\Documents\su\wp\flobamoragadai\pegadaian\vendor\codeigniter4\framework\system\Commands\Server\rewrite.php(43): require_once('C:\\Users\\ASUS\\D...')
#6 {main}
CRITICAL - 2022-01-30 02:25:05 --> Undefined property: App\Controllers\Pegadaian::$sudah_jatuh_tempo
#0 C:\Users\ASUS\Documents\su\wp\flobamoragadai\pegadaian\app\Controllers\Pegadaian.php(683): CodeIgniter\Debug\Exceptions->errorHandler(8, 'Undefined prope...', 'C:\\Users\\ASUS\\D...', 683, Array)
#1 C:\Users\ASUS\Documents\su\wp\flobamoragadai\pegadaian\vendor\codeigniter4\framework\system\CodeIgniter.php(825): App\Controllers\Pegadaian->list()
#2 C:\Users\ASUS\Documents\su\wp\flobamoragadai\pegadaian\vendor\codeigniter4\framework\system\CodeIgniter.php(412): CodeIgniter\CodeIgniter->runController(Object(App\Controllers\Pegadaian))
#3 C:\Users\ASUS\Documents\su\wp\flobamoragadai\pegadaian\vendor\codeigniter4\framework\system\CodeIgniter.php(320): CodeIgniter\CodeIgniter->handleRequest(NULL, Object(Config\Cache), false)
#4 C:\Users\ASUS\Documents\su\wp\flobamoragadai\pegadaian\public\index.php(37): CodeIgniter\CodeIgniter->run()
#5 C:\Users\ASUS\Documents\su\wp\flobamoragadai\pegadaian\vendor\codeigniter4\framework\system\Commands\Server\rewrite.php(43): require_once('C:\\Users\\ASUS\\D...')
#6 {main}
CRITICAL - 2022-01-30 05:08:33 --> Undefined variable: semua_data_bulanan
#0 C:\Users\ASUS\Documents\su\wp\flobamoragadai\pegadaian\app\Views\Lelang\datalelang.php(28): CodeIgniter\Debug\Exceptions->errorHandler(8, 'Undefined varia...', 'C:\\Users\\ASUS\\D...', 28, Array)
#1 C:\Users\ASUS\Documents\su\wp\flobamoragadai\pegadaian\vendor\codeigniter4\framework\system\View\View.php(210): include('C:\\Users\\ASUS\\D...')
#2 C:\Users\ASUS\Documents\su\wp\flobamoragadai\pegadaian\vendor\codeigniter4\framework\system\View\View.php(213): CodeIgniter\View\View->CodeIgniter\View\{closure}()
#3 C:\Users\ASUS\Documents\su\wp\flobamoragadai\pegadaian\vendor\codeigniter4\framework\system\Common.php(1089): CodeIgniter\View\View->render('lelang/datalela...', Array, true)
#4 C:\Users\ASUS\Documents\su\wp\flobamoragadai\pegadaian\app\Controllers\Pegadaian.php(506): view('lelang/datalela...', Array)
#5 C:\Users\ASUS\Documents\su\wp\flobamoragadai\pegadaian\vendor\codeigniter4\framework\system\CodeIgniter.php(825): App\Controllers\Pegadaian->AkanLelang()
#6 C:\Users\ASUS\Documents\su\wp\flobamoragadai\pegadaian\vendor\codeigniter4\framework\system\CodeIgniter.php(412): CodeIgniter\CodeIgniter->runController(Object(App\Controllers\Pegadaian))
#7 C:\Users\ASUS\Documents\su\wp\flobamoragadai\pegadaian\vendor\codeigniter4\framework\system\CodeIgniter.php(320): CodeIgniter\CodeIgniter->handleRequest(NULL, Object(Config\Cache), false)
#8 C:\Users\ASUS\Documents\su\wp\flobamoragadai\pegadaian\public\index.php(37): CodeIgniter\CodeIgniter->run()
#9 C:\Users\ASUS\Documents\su\wp\flobamoragadai\pegadaian\vendor\codeigniter4\framework\system\Commands\Server\rewrite.php(43): require_once('C:\\Users\\ASUS\\D...')
#10 {main}
CRITICAL - 2022-01-30 19:58:23 --> Undefined property: App\Controllers\Pegadaian::$load
#0 C:\Users\ASUS\Documents\su\wp\flobamoragadai\pegadaian\app\Controllers\Pegadaian.php(700): CodeIgniter\Debug\Exceptions->errorHandler(8, 'Undefined prope...', 'C:\\Users\\ASUS\\D...', 700, Array)
#1 C:\Users\ASUS\Documents\su\wp\flobamoragadai\pegadaian\vendor\codeigniter4\framework\system\CodeIgniter.php(825): App\Controllers\Pegadaian->import()
#2 C:\Users\ASUS\Documents\su\wp\flobamoragadai\pegadaian\vendor\codeigniter4\framework\system\CodeIgniter.php(412): CodeIgniter\CodeIgniter->runController(Object(App\Controllers\Pegadaian))
#3 C:\Users\ASUS\Documents\su\wp\flobamoragadai\pegadaian\vendor\codeigniter4\framework\system\CodeIgniter.php(320): CodeIgniter\CodeIgniter->handleRequest(NULL, Object(Config\Cache), false)
#4 C:\Users\ASUS\Documents\su\wp\flobamoragadai\pegadaian\public\index.php(37): CodeIgniter\CodeIgniter->run()
#5 C:\Users\ASUS\Documents\su\wp\flobamoragadai\pegadaian\vendor\codeigniter4\framework\system\Commands\Server\rewrite.php(43): require_once('C:\\Users\\ASUS\\D...')
#6 {main}
CRITICAL - 2022-01-30 20:02:32 --> Class 'App\Libraries\PHPExcel_Calculation' not found
#0 C:\Users\ASUS\Documents\su\wp\flobamoragadai\pegadaian\app\Controllers\Pegadaian.php(702): App\Libraries\PHPExcel->__construct()
#1 C:\Users\ASUS\Documents\su\wp\flobamoragadai\pegadaian\vendor\codeigniter4\framework\system\CodeIgniter.php(825): App\Controllers\Pegadaian->import()
#2 C:\Users\ASUS\Documents\su\wp\flobamoragadai\pegadaian\vendor\codeigniter4\framework\system\CodeIgniter.php(412): CodeIgniter\CodeIgniter->runController(Object(App\Controllers\Pegadaian))
#3 C:\Users\ASUS\Documents\su\wp\flobamoragadai\pegadaian\vendor\codeigniter4\framework\system\CodeIgniter.php(320): CodeIgniter\CodeIgniter->handleRequest(NULL, Object(Config\Cache), false)
#4 C:\Users\ASUS\Documents\su\wp\flobamoragadai\pegadaian\public\index.php(37): CodeIgniter\CodeIgniter->run()
#5 C:\Users\ASUS\Documents\su\wp\flobamoragadai\pegadaian\vendor\codeigniter4\framework\system\Commands\Server\rewrite.php(43): require_once('C:\\Users\\ASUS\\D...')
#6 {main}
CRITICAL - 2022-01-30 20:33:00 --> Class 'PHPExcel' not found
#0 C:\Users\ASUS\Documents\su\wp\flobamoragadai\pegadaian\vendor\codeigniter4\framework\system\CodeIgniter.php(825): App\Controllers\Pegadaian->import()
#1 C:\Users\ASUS\Documents\su\wp\flobamoragadai\pegadaian\vendor\codeigniter4\framework\system\CodeIgniter.php(412): CodeIgniter\CodeIgniter->runController(Object(App\Controllers\Pegadaian))
#2 C:\Users\ASUS\Documents\su\wp\flobamoragadai\pegadaian\vendor\codeigniter4\framework\system\CodeIgniter.php(320): CodeIgniter\CodeIgniter->handleRequest(NULL, Object(Config\Cache), false)
#3 C:\Users\ASUS\Documents\su\wp\flobamoragadai\pegadaian\public\index.php(37): CodeIgniter\CodeIgniter->run()
#4 C:\Users\ASUS\Documents\su\wp\flobamoragadai\pegadaian\vendor\codeigniter4\framework\system\Commands\Server\rewrite.php(43): require_once('C:\\Users\\ASUS\\D...')
#5 {main}
CRITICAL - 2022-01-30 10:41:37 --> Undefined property: stdClass::$jatuh_tempo_now
#0 C:\Users\ASUS\Documents\su\wp\flobamoragadai\pegadaian\app\Views\Laporan\tes.php(29): CodeIgniter\Debug\Exceptions->errorHandler(8, 'Undefined prope...', 'C:\\Users\\ASUS\\D...', 29, Array)
#1 C:\Users\ASUS\Documents\su\wp\flobamoragadai\pegadaian\vendor\codeigniter4\framework\system\View\View.php(210): include('C:\\Users\\ASUS\\D...')
#2 C:\Users\ASUS\Documents\su\wp\flobamoragadai\pegadaian\vendor\codeigniter4\framework\system\View\View.php(213): CodeIgniter\View\View->CodeIgniter\View\{closure}()
#3 C:\Users\ASUS\Documents\su\wp\flobamoragadai\pegadaian\vendor\codeigniter4\framework\system\Common.php(1089): CodeIgniter\View\View->render('laporan/tes', Array, true)
#4 C:\Users\ASUS\Documents\su\wp\flobamoragadai\pegadaian\app\Controllers\Excel.php(33): view('laporan/tes', Array)
#5 C:\Users\ASUS\Documents\su\wp\flobamoragadai\pegadaian\vendor\codeigniter4\framework\system\CodeIgniter.php(825): App\Controllers\Excel->tes()
#6 C:\Users\ASUS\Documents\su\wp\flobamoragadai\pegadaian\vendor\codeigniter4\framework\system\CodeIgniter.php(412): CodeIgniter\CodeIgniter->runController(Object(App\Controllers\Excel))
#7 C:\Users\ASUS\Documents\su\wp\flobamoragadai\pegadaian\vendor\codeigniter4\framework\system\CodeIgniter.php(320): CodeIgniter\CodeIgniter->handleRequest(NULL, Object(Config\Cache), false)
#8 C:\Users\ASUS\Documents\su\wp\flobamoragadai\pegadaian\public\index.php(37): CodeIgniter\CodeIgniter->run()
#9 C:\Users\ASUS\Documents\su\wp\flobamoragadai\pegadaian\vendor\codeigniter4\framework\system\Commands\Server\rewrite.php(43): require_once('C:\\Users\\ASUS\\D...')
#10 {main}
CRITICAL - 2022-01-30 10:41:55 --> Call to undefined function rupiah()
#0 C:\Users\ASUS\Documents\su\wp\flobamoragadai\pegadaian\vendor\codeigniter4\framework\system\View\View.php(210): include()
#1 C:\Users\ASUS\Documents\su\wp\flobamoragadai\pegadaian\vendor\codeigniter4\framework\system\View\View.php(213): CodeIgniter\View\View->CodeIgniter\View\{closure}()
#2 C:\Users\ASUS\Documents\su\wp\flobamoragadai\pegadaian\vendor\codeigniter4\framework\system\Common.php(1089): CodeIgniter\View\View->render('laporan/tes', Array, true)
#3 C:\Users\ASUS\Documents\su\wp\flobamoragadai\pegadaian\app\Controllers\Excel.php(33): view('laporan/tes', Array)
#4 C:\Users\ASUS\Documents\su\wp\flobamoragadai\pegadaian\vendor\codeigniter4\framework\system\CodeIgniter.php(825): App\Controllers\Excel->tes()
#5 C:\Users\ASUS\Documents\su\wp\flobamoragadai\pegadaian\vendor\codeigniter4\framework\system\CodeIgniter.php(412): CodeIgniter\CodeIgniter->runController(Object(App\Controllers\Excel))
#6 C:\Users\ASUS\Documents\su\wp\flobamoragadai\pegadaian\vendor\codeigniter4\framework\system\CodeIgniter.php(320): CodeIgniter\CodeIgniter->handleRequest(NULL, Object(Config\Cache), false)
#7 C:\Users\ASUS\Documents\su\wp\flobamoragadai\pegadaian\public\index.php(37): CodeIgniter\CodeIgniter->run()
#8 C:\Users\ASUS\Documents\su\wp\flobamoragadai\pegadaian\vendor\codeigniter4\framework\system\Commands\Server\rewrite.php(43): require_once('C:\\Users\\ASUS\\D...')
#9 {main}
ERROR - 2022-01-30 10:57:18 --> Unknown column 'kd_pinjaman' in 'where clause'
CRITICAL - 2022-01-30 10:57:18 --> Unknown column 'kd_pinjaman' in 'where clause'
#0 C:\Users\ASUS\Documents\su\wp\flobamoragadai\pegadaian\vendor\codeigniter4\framework\system\Database\MySQLi\Connection.php(292): mysqli->query('SELECT *\nFROM `...', 0)
#1 C:\Users\ASUS\Documents\su\wp\flobamoragadai\pegadaian\vendor\codeigniter4\framework\system\Database\BaseConnection.php(670): CodeIgniter\Database\MySQLi\Connection->execute('SELECT *\nFROM `...')
#2 C:\Users\ASUS\Documents\su\wp\flobamoragadai\pegadaian\vendor\codeigniter4\framework\system\Database\BaseConnection.php(598): CodeIgniter\Database\BaseConnection->simpleQuery('SELECT *\nFROM `...')
#3 C:\Users\ASUS\Documents\su\wp\flobamoragadai\pegadaian\vendor\codeigniter4\framework\system\Database\BaseBuilder.php(1455): CodeIgniter\Database\BaseConnection->query('SELECT *\nFROM `...', Array, false)
#4 C:\Users\ASUS\Documents\su\wp\flobamoragadai\pegadaian\vendor\codeigniter4\framework\system\Model.php(728): CodeIgniter\Database\BaseBuilder->get()
#5 C:\Users\ASUS\Documents\su\wp\flobamoragadai\pegadaian\app\Models\PegadaianModel.php(50): CodeIgniter\Model->__call('get', Array)
#6 C:\Users\ASUS\Documents\su\wp\flobamoragadai\pegadaian\app\Controllers\Excel.php(46): App\Models\PegadaianModel->cek_pendapatan_peminjaman('Denda', 'FG1-12801')
#7 C:\Users\ASUS\Documents\su\wp\flobamoragadai\pegadaian\vendor\codeigniter4\framework\system\CodeIgniter.php(825): App\Controllers\Excel->tes()
#8 C:\Users\ASUS\Documents\su\wp\flobamoragadai\pegadaian\vendor\codeigniter4\framework\system\CodeIgniter.php(412): CodeIgniter\CodeIgniter->runController(Object(App\Controllers\Excel))
#9 C:\Users\ASUS\Documents\su\wp\flobamoragadai\pegadaian\vendor\codeigniter4\framework\system\CodeIgniter.php(320): CodeIgniter\CodeIgniter->handleRequest(NULL, Object(Config\Cache), false)
#10 C:\Users\ASUS\Documents\su\wp\flobamoragadai\pegadaian\public\index.php(37): CodeIgniter\CodeIgniter->run()
#11 C:\Users\ASUS\Documents\su\wp\flobamoragadai\pegadaian\vendor\codeigniter4\framework\system\Commands\Server\rewrite.php(43): require_once('C:\\Users\\ASUS\\D...')
#12 {main}
CRITICAL - 2022-01-30 10:59:01 --> Array to string conversion
#0 C:\Users\ASUS\Documents\su\wp\flobamoragadai\pegadaian\app\Views\Laporan\tes.php(41): CodeIgniter\Debug\Exceptions->errorHandler(8, 'Array to string...', 'C:\\Users\\ASUS\\D...', 41, Array)
#1 C:\Users\ASUS\Documents\su\wp\flobamoragadai\pegadaian\vendor\codeigniter4\framework\system\View\View.php(210): include('C:\\Users\\ASUS\\D...')
#2 C:\Users\ASUS\Documents\su\wp\flobamoragadai\pegadaian\vendor\codeigniter4\framework\system\View\View.php(213): CodeIgniter\View\View->CodeIgniter\View\{closure}()
#3 C:\Users\ASUS\Documents\su\wp\flobamoragadai\pegadaian\vendor\codeigniter4\framework\system\Common.php(1089): CodeIgniter\View\View->render('laporan/tes', Array, true)
#4 C:\Users\ASUS\Documents\su\wp\flobamoragadai\pegadaian\app\Controllers\Excel.php(53): view('laporan/tes', Array)
#5 C:\Users\ASUS\Documents\su\wp\flobamoragadai\pegadaian\vendor\codeigniter4\framework\system\CodeIgniter.php(825): App\Controllers\Excel->tes()
#6 C:\Users\ASUS\Documents\su\wp\flobamoragadai\pegadaian\vendor\codeigniter4\framework\system\CodeIgniter.php(412): CodeIgniter\CodeIgniter->runController(Object(App\Controllers\Excel))
#7 C:\Users\ASUS\Documents\su\wp\flobamoragadai\pegadaian\vendor\codeigniter4\framework\system\CodeIgniter.php(320): CodeIgniter\CodeIgniter->handleRequest(NULL, Object(Config\Cache), false)
#8 C:\Users\ASUS\Documents\su\wp\flobamoragadai\pegadaian\public\index.php(37): CodeIgniter\CodeIgniter->run()
#9 C:\Users\ASUS\Documents\su\wp\flobamoragadai\pegadaian\vendor\codeigniter4\framework\system\Commands\Server\rewrite.php(43): require_once('C:\\Users\\ASUS\\D...')
#10 {main}
CRITICAL - 2022-01-30 11:00:55 --> Undefined index: jumlah_untung
#0 C:\Users\ASUS\Documents\su\wp\flobamoragadai\pegadaian\app\Views\Laporan\tes.php(41): CodeIgniter\Debug\Exceptions->errorHandler(8, 'Undefined index...', 'C:\\Users\\ASUS\\D...', 41, Array)
#1 C:\Users\ASUS\Documents\su\wp\flobamoragadai\pegadaian\vendor\codeigniter4\framework\system\View\View.php(210): include('C:\\Users\\ASUS\\D...')
#2 C:\Users\ASUS\Documents\su\wp\flobamoragadai\pegadaian\vendor\codeigniter4\framework\system\View\View.php(213): CodeIgniter\View\View->CodeIgniter\View\{closure}()
#3 C:\Users\ASUS\Documents\su\wp\flobamoragadai\pegadaian\vendor\codeigniter4\framework\system\Common.php(1089): CodeIgniter\View\View->render('laporan/tes', Array, true)
#4 C:\Users\ASUS\Documents\su\wp\flobamoragadai\pegadaian\app\Controllers\Excel.php(53): view('laporan/tes', Array)
#5 C:\Users\ASUS\Documents\su\wp\flobamoragadai\pegadaian\vendor\codeigniter4\framework\system\CodeIgniter.php(825): App\Controllers\Excel->tes()
#6 C:\Users\ASUS\Documents\su\wp\flobamoragadai\pegadaian\vendor\codeigniter4\framework\system\CodeIgniter.php(412): CodeIgniter\CodeIgniter->runController(Object(App\Controllers\Excel))
#7 C:\Users\ASUS\Documents\su\wp\flobamoragadai\pegadaian\vendor\codeigniter4\framework\system\CodeIgniter.php(320): CodeIgniter\CodeIgniter->handleRequest(NULL, Object(Config\Cache), false)
#8 C:\Users\ASUS\Documents\su\wp\flobamoragadai\pegadaian\public\index.php(37): CodeIgniter\CodeIgniter->run()
#9 C:\Users\ASUS\Documents\su\wp\flobamoragadai\pegadaian\vendor\codeigniter4\framework\system\Commands\Server\rewrite.php(43): require_once('C:\\Users\\ASUS\\D...')
#10 {main}
ERROR - 2022-01-30 11:02:33 --> Unknown column 'jumlah_pendapatan' in 'field list'
CRITICAL - 2022-01-30 11:02:33 --> Unknown column 'jumlah_pendapatan' in 'field list'
#0 C:\Users\ASUS\Documents\su\wp\flobamoragadai\pegadaian\vendor\codeigniter4\framework\system\Database\MySQLi\Connection.php(292): mysqli->query('SELECT `jumlah_...', 0)
#1 C:\Users\ASUS\Documents\su\wp\flobamoragadai\pegadaian\vendor\codeigniter4\framework\system\Database\BaseConnection.php(670): CodeIgniter\Database\MySQLi\Connection->execute('SELECT `jumlah_...')
#2 C:\Users\ASUS\Documents\su\wp\flobamoragadai\pegadaian\vendor\codeigniter4\framework\system\Database\BaseConnection.php(598): CodeIgniter\Database\BaseConnection->simpleQuery('SELECT `jumlah_...')
#3 C:\Users\ASUS\Documents\su\wp\flobamoragadai\pegadaian\vendor\codeigniter4\framework\system\Database\BaseBuilder.php(1455): CodeIgniter\Database\BaseConnection->query('SELECT `jumlah_...', Array, false)
#4 C:\Users\ASUS\Documents\su\wp\flobamoragadai\pegadaian\app\Models\PegadaianModel.php(53): CodeIgniter\Database\BaseBuilder->get()
#5 C:\Users\ASUS\Documents\su\wp\flobamoragadai\pegadaian\app\Controllers\Excel.php(46): App\Models\PegadaianModel->cek_pendapatan_peminjaman('Denda', 'FG1-12801')
#6 C:\Users\ASUS\Documents\su\wp\flobamoragadai\pegadaian\vendor\codeigniter4\framework\system\CodeIgniter.php(825): App\Controllers\Excel->tes()
#7 C:\Users\ASUS\Documents\su\wp\flobamoragadai\pegadaian\vendor\codeigniter4\framework\system\CodeIgniter.php(412): CodeIgniter\CodeIgniter->runController(Object(App\Controllers\Excel))
#8 C:\Users\ASUS\Documents\su\wp\flobamoragadai\pegadaian\vendor\codeigniter4\framework\system\CodeIgniter.php(320): CodeIgniter\CodeIgniter->handleRequest(NULL, Object(Config\Cache), false)
#9 C:\Users\ASUS\Documents\su\wp\flobamoragadai\pegadaian\public\index.php(37): CodeIgniter\CodeIgniter->run()
#10 C:\Users\ASUS\Documents\su\wp\flobamoragadai\pegadaian\vendor\codeigniter4\framework\system\Commands\Server\rewrite.php(43): require_once('C:\\Users\\ASUS\\D...')
#11 {main}
CRITICAL - 2022-01-30 11:03:40 --> Undefined index: jumlah_untung
#0 C:\Users\ASUS\Documents\su\wp\flobamoragadai\pegadaian\app\Controllers\Excel.php(46): CodeIgniter\Debug\Exceptions->errorHandler(8, 'Undefined index...', 'C:\\Users\\ASUS\\D...', 46, Array)
#1 C:\Users\ASUS\Documents\su\wp\flobamoragadai\pegadaian\vendor\codeigniter4\framework\system\CodeIgniter.php(825): App\Controllers\Excel->tes()
#2 C:\Users\ASUS\Documents\su\wp\flobamoragadai\pegadaian\vendor\codeigniter4\framework\system\CodeIgniter.php(412): CodeIgniter\CodeIgniter->runController(Object(App\Controllers\Excel))
#3 C:\Users\ASUS\Documents\su\wp\flobamoragadai\pegadaian\vendor\codeigniter4\framework\system\CodeIgniter.php(320): CodeIgniter\CodeIgniter->handleRequest(NULL, Object(Config\Cache), false)
#4 C:\Users\ASUS\Documents\su\wp\flobamoragadai\pegadaian\public\index.php(37): CodeIgniter\CodeIgniter->run()
#5 C:\Users\ASUS\Documents\su\wp\flobamoragadai\pegadaian\vendor\codeigniter4\framework\system\Commands\Server\rewrite.php(43): require_once('C:\\Users\\ASUS\\D...')
#6 {main}
CRITICAL - 2022-01-30 11:03:55 --> Undefined index: jumlah_untung
#0 C:\Users\ASUS\Documents\su\wp\flobamoragadai\pegadaian\app\Controllers\Excel.php(46): CodeIgniter\Debug\Exceptions->errorHandler(8, 'Undefined index...', 'C:\\Users\\ASUS\\D...', 46, Array)
#1 C:\Users\ASUS\Documents\su\wp\flobamoragadai\pegadaian\vendor\codeigniter4\framework\system\CodeIgniter.php(825): App\Controllers\Excel->tes()
#2 C:\Users\ASUS\Documents\su\wp\flobamoragadai\pegadaian\vendor\codeigniter4\framework\system\CodeIgniter.php(412): CodeIgniter\CodeIgniter->runController(Object(App\Controllers\Excel))
#3 C:\Users\ASUS\Documents\su\wp\flobamoragadai\pegadaian\vendor\codeigniter4\framework\system\CodeIgniter.php(320): CodeIgniter\CodeIgniter->handleRequest(NULL, Object(Config\Cache), false)
#4 C:\Users\ASUS\Documents\su\wp\flobamoragadai\pegadaian\public\index.php(37): CodeIgniter\CodeIgniter->run()
#5 C:\Users\ASUS\Documents\su\wp\flobamoragadai\pegadaian\vendor\codeigniter4\framework\system\Commands\Server\rewrite.php(43): require_once('C:\\Users\\ASUS\\D...')
#6 {main}
CRITICAL - 2022-01-30 11:04:07 --> Undefined index: jumlah_untung
#0 C:\Users\ASUS\Documents\su\wp\flobamoragadai\pegadaian\app\Views\Laporan\tes.php(41): CodeIgniter\Debug\Exceptions->errorHandler(8, 'Undefined index...', 'C:\\Users\\ASUS\\D...', 41, Array)
#1 C:\Users\ASUS\Documents\su\wp\flobamoragadai\pegadaian\vendor\codeigniter4\framework\system\View\View.php(210): include('C:\\Users\\ASUS\\D...')
#2 C:\Users\ASUS\Documents\su\wp\flobamoragadai\pegadaian\vendor\codeigniter4\framework\system\View\View.php(213): CodeIgniter\View\View->CodeIgniter\View\{closure}()
#3 C:\Users\ASUS\Documents\su\wp\flobamoragadai\pegadaian\vendor\codeigniter4\framework\system\Common.php(1089): CodeIgniter\View\View->render('laporan/tes', Array, true)
#4 C:\Users\ASUS\Documents\su\wp\flobamoragadai\pegadaian\app\Controllers\Excel.php(53): view('laporan/tes', Array)
#5 C:\Users\ASUS\Documents\su\wp\flobamoragadai\pegadaian\vendor\codeigniter4\framework\system\CodeIgniter.php(825): App\Controllers\Excel->tes()
#6 C:\Users\ASUS\Documents\su\wp\flobamoragadai\pegadaian\vendor\codeigniter4\framework\system\CodeIgniter.php(412): CodeIgniter\CodeIgniter->runController(Object(App\Controllers\Excel))
#7 C:\Users\ASUS\Documents\su\wp\flobamoragadai\pegadaian\vendor\codeigniter4\framework\system\CodeIgniter.php(320): CodeIgniter\CodeIgniter->handleRequest(NULL, Object(Config\Cache), false)
#8 C:\Users\ASUS\Documents\su\wp\flobamoragadai\pegadaian\public\index.php(37): CodeIgniter\CodeIgniter->run()
#9 C:\Users\ASUS\Documents\su\wp\flobamoragadai\pegadaian\vendor\codeigniter4\framework\system\Commands\Server\rewrite.php(43): require_once('C:\\Users\\ASUS\\D...')
#10 {main}
CRITICAL - 2022-01-30 11:04:16 --> Trying to get property 'jumlah_untung' of non-object
#0 C:\Users\ASUS\Documents\su\wp\flobamoragadai\pegadaian\app\Views\Laporan\tes.php(41): CodeIgniter\Debug\Exceptions->errorHandler(8, 'Trying to get p...', 'C:\\Users\\ASUS\\D...', 41, Array)
#1 C:\Users\ASUS\Documents\su\wp\flobamoragadai\pegadaian\vendor\codeigniter4\framework\system\View\View.php(210): include('C:\\Users\\ASUS\\D...')
#2 C:\Users\ASUS\Documents\su\wp\flobamoragadai\pegadaian\vendor\codeigniter4\framework\system\View\View.php(213): CodeIgniter\View\View->CodeIgniter\View\{closure}()
#3 C:\Users\ASUS\Documents\su\wp\flobamoragadai\pegadaian\vendor\codeigniter4\framework\system\Common.php(1089): CodeIgniter\View\View->render('laporan/tes', Array, true)
#4 C:\Users\ASUS\Documents\su\wp\flobamoragadai\pegadaian\app\Controllers\Excel.php(53): view('laporan/tes', Array)
#5 C:\Users\ASUS\Documents\su\wp\flobamoragadai\pegadaian\vendor\codeigniter4\framework\system\CodeIgniter.php(825): App\Controllers\Excel->tes()
#6 C:\Users\ASUS\Documents\su\wp\flobamoragadai\pegadaian\vendor\codeigniter4\framework\system\CodeIgniter.php(412): CodeIgniter\CodeIgniter->runController(Object(App\Controllers\Excel))
#7 C:\Users\ASUS\Documents\su\wp\flobamoragadai\pegadaian\vendor\codeigniter4\framework\system\CodeIgniter.php(320): CodeIgniter\CodeIgniter->handleRequest(NULL, Object(Config\Cache), false)
#8 C:\Users\ASUS\Documents\su\wp\flobamoragadai\pegadaian\public\index.php(37): CodeIgniter\CodeIgniter->run()
#9 C:\Users\ASUS\Documents\su\wp\flobamoragadai\pegadaian\vendor\codeigniter4\framework\system\Commands\Server\rewrite.php(43): require_once('C:\\Users\\ASUS\\D...')
#10 {main}
CRITICAL - 2022-01-30 11:04:21 --> Undefined offset: 0
#0 C:\Users\ASUS\Documents\su\wp\flobamoragadai\pegadaian\app\Views\Laporan\tes.php(41): CodeIgniter\Debug\Exceptions->errorHandler(8, 'Undefined offse...', 'C:\\Users\\ASUS\\D...', 41, Array)
#1 C:\Users\ASUS\Documents\su\wp\flobamoragadai\pegadaian\vendor\codeigniter4\framework\system\View\View.php(210): include('C:\\Users\\ASUS\\D...')
#2 C:\Users\ASUS\Documents\su\wp\flobamoragadai\pegadaian\vendor\codeigniter4\framework\system\View\View.php(213): CodeIgniter\View\View->CodeIgniter\View\{closure}()
#3 C:\Users\ASUS\Documents\su\wp\flobamoragadai\pegadaian\vendor\codeigniter4\framework\system\Common.php(1089): CodeIgniter\View\View->render('laporan/tes', Array, true)
#4 C:\Users\ASUS\Documents\su\wp\flobamoragadai\pegadaian\app\Controllers\Excel.php(53): view('laporan/tes', Array)
#5 C:\Users\ASUS\Documents\su\wp\flobamoragadai\pegadaian\vendor\codeigniter4\framework\system\CodeIgniter.php(825): App\Controllers\Excel->tes()
#6 C:\Users\ASUS\Documents\su\wp\flobamoragadai\pegadaian\vendor\codeigniter4\framework\system\CodeIgniter.php(412): CodeIgniter\CodeIgniter->runController(Object(App\Controllers\Excel))
#7 C:\Users\ASUS\Documents\su\wp\flobamoragadai\pegadaian\vendor\codeigniter4\framework\system\CodeIgniter.php(320): CodeIgniter\CodeIgniter->handleRequest(NULL, Object(Config\Cache), false)
#8 C:\Users\ASUS\Documents\su\wp\flobamoragadai\pegadaian\public\index.php(37): CodeIgniter\CodeIgniter->run()
#9 C:\Users\ASUS\Documents\su\wp\flobamoragadai\pegadaian\vendor\codeigniter4\framework\system\Commands\Server\rewrite.php(43): require_once('C:\\Users\\ASUS\\D...')
#10 {main}
CRITICAL - 2022-01-30 11:04:26 --> Undefined offset: 0
#0 C:\Users\ASUS\Documents\su\wp\flobamoragadai\pegadaian\app\Views\Laporan\tes.php(41): CodeIgniter\Debug\Exceptions->errorHandler(8, 'Undefined offse...', 'C:\\Users\\ASUS\\D...', 41, Array)
#1 C:\Users\ASUS\Documents\su\wp\flobamoragadai\pegadaian\vendor\codeigniter4\framework\system\View\View.php(210): include('C:\\Users\\ASUS\\D...')
#2 C:\Users\ASUS\Documents\su\wp\flobamoragadai\pegadaian\vendor\codeigniter4\framework\system\View\View.php(213): CodeIgniter\View\View->CodeIgniter\View\{closure}()
#3 C:\Users\ASUS\Documents\su\wp\flobamoragadai\pegadaian\vendor\codeigniter4\framework\system\Common.php(1089): CodeIgniter\View\View->render('laporan/tes', Array, true)
#4 C:\Users\ASUS\Documents\su\wp\flobamoragadai\pegadaian\app\Controllers\Excel.php(53): view('laporan/tes', Array)
#5 C:\Users\ASUS\Documents\su\wp\flobamoragadai\pegadaian\vendor\codeigniter4\framework\system\CodeIgniter.php(825): App\Controllers\Excel->tes()
#6 C:\Users\ASUS\Documents\su\wp\flobamoragadai\pegadaian\vendor\codeigniter4\framework\system\CodeIgniter.php(412): CodeIgniter\CodeIgniter->runController(Object(App\Controllers\Excel))
#7 C:\Users\ASUS\Documents\su\wp\flobamoragadai\pegadaian\vendor\codeigniter4\framework\system\CodeIgniter.php(320): CodeIgniter\CodeIgniter->handleRequest(NULL, Object(Config\Cache), false)
#8 C:\Users\ASUS\Documents\su\wp\flobamoragadai\pegadaian\public\index.php(37): CodeIgniter\CodeIgniter->run()
#9 C:\Users\ASUS\Documents\su\wp\flobamoragadai\pegadaian\vendor\codeigniter4\framework\system\Commands\Server\rewrite.php(43): require_once('C:\\Users\\ASUS\\D...')
#10 {main}
CRITICAL - 2022-01-30 11:04:29 --> Undefined offset: 0
#0 C:\Users\ASUS\Documents\su\wp\flobamoragadai\pegadaian\app\Views\Laporan\tes.php(41): CodeIgniter\Debug\Exceptions->errorHandler(8, 'Undefined offse...', 'C:\\Users\\ASUS\\D...', 41, Array)
#1 C:\Users\ASUS\Documents\su\wp\flobamoragadai\pegadaian\vendor\codeigniter4\framework\system\View\View.php(210): include('C:\\Users\\ASUS\\D...')
#2 C:\Users\ASUS\Documents\su\wp\flobamoragadai\pegadaian\vendor\codeigniter4\framework\system\View\View.php(213): CodeIgniter\View\View->CodeIgniter\View\{closure}()
#3 C:\Users\ASUS\Documents\su\wp\flobamoragadai\pegadaian\vendor\codeigniter4\framework\system\Common.php(1089): CodeIgniter\View\View->render('laporan/tes', Array, true)
#4 C:\Users\ASUS\Documents\su\wp\flobamoragadai\pegadaian\app\Controllers\Excel.php(53): view('laporan/tes', Array)
#5 C:\Users\ASUS\Documents\su\wp\flobamoragadai\pegadaian\vendor\codeigniter4\framework\system\CodeIgniter.php(825): App\Controllers\Excel->tes()
#6 C:\Users\ASUS\Documents\su\wp\flobamoragadai\pegadaian\vendor\codeigniter4\framework\system\CodeIgniter.php(412): CodeIgniter\CodeIgniter->runController(Object(App\Controllers\Excel))
#7 C:\Users\ASUS\Documents\su\wp\flobamoragadai\pegadaian\vendor\codeigniter4\framework\system\CodeIgniter.php(320): CodeIgniter\CodeIgniter->handleRequest(NULL, Object(Config\Cache), false)
#8 C:\Users\ASUS\Documents\su\wp\flobamoragadai\pegadaian\public\index.php(37): CodeIgniter\CodeIgniter->run()
#9 C:\Users\ASUS\Documents\su\wp\flobamoragadai\pegadaian\vendor\codeigniter4\framework\system\Commands\Server\rewrite.php(43): require_once('C:\\Users\\ASUS\\D...')
#10 {main}
CRITICAL - 2022-01-30 11:07:47 --> Undefined index: jumlah_untung
#0 C:\Users\ASUS\Documents\su\wp\flobamoragadai\pegadaian\app\Views\Laporan\tes.php(41): CodeIgniter\Debug\Exceptions->errorHandler(8, 'Undefined index...', 'C:\\Users\\ASUS\\D...', 41, Array)
#1 C:\Users\ASUS\Documents\su\wp\flobamoragadai\pegadaian\vendor\codeigniter4\framework\system\View\View.php(210): include('C:\\Users\\ASUS\\D...')
#2 C:\Users\ASUS\Documents\su\wp\flobamoragadai\pegadaian\vendor\codeigniter4\framework\system\View\View.php(213): CodeIgniter\View\View->CodeIgniter\View\{closure}()
#3 C:\Users\ASUS\Documents\su\wp\flobamoragadai\pegadaian\vendor\codeigniter4\framework\system\Common.php(1089): CodeIgniter\View\View->render('laporan/tes', Array, true)
#4 C:\Users\ASUS\Documents\su\wp\flobamoragadai\pegadaian\app\Controllers\Excel.php(53): view('laporan/tes', Array)
#5 C:\Users\ASUS\Documents\su\wp\flobamoragadai\pegadaian\vendor\codeigniter4\framework\system\CodeIgniter.php(825): App\Controllers\Excel->tes()
#6 C:\Users\ASUS\Documents\su\wp\flobamoragadai\pegadaian\vendor\codeigniter4\framework\system\CodeIgniter.php(412): CodeIgniter\CodeIgniter->runController(Object(App\Controllers\Excel))
#7 C:\Users\ASUS\Documents\su\wp\flobamoragadai\pegadaian\vendor\codeigniter4\framework\system\CodeIgniter.php(320): CodeIgniter\CodeIgniter->handleRequest(NULL, Object(Config\Cache), false)
#8 C:\Users\ASUS\Documents\su\wp\flobamoragadai\pegadaian\public\index.php(37): CodeIgniter\CodeIgniter->run()
#9 C:\Users\ASUS\Documents\su\wp\flobamoragadai\pegadaian\vendor\codeigniter4\framework\system\Commands\Server\rewrite.php(43): require_once('C:\\Users\\ASUS\\D...')
#10 {main}
CRITICAL - 2022-01-30 11:08:59 --> Trying to get property 'jumlah_untung' of non-object
#0 C:\Users\ASUS\Documents\su\wp\flobamoragadai\pegadaian\app\Models\PegadaianModel.php(53): CodeIgniter\Debug\Exceptions->errorHandler(8, 'Trying to get p...', 'C:\\Users\\ASUS\\D...', 53, Array)
#1 C:\Users\ASUS\Documents\su\wp\flobamoragadai\pegadaian\app\Controllers\Excel.php(46): App\Models\PegadaianModel->cek_pendapatan_peminjaman('Denda', 'FG1-12801')
#2 C:\Users\ASUS\Documents\su\wp\flobamoragadai\pegadaian\vendor\codeigniter4\framework\system\CodeIgniter.php(825): App\Controllers\Excel->tes()
#3 C:\Users\ASUS\Documents\su\wp\flobamoragadai\pegadaian\vendor\codeigniter4\framework\system\CodeIgniter.php(412): CodeIgniter\CodeIgniter->runController(Object(App\Controllers\Excel))
#4 C:\Users\ASUS\Documents\su\wp\flobamoragadai\pegadaian\vendor\codeigniter4\framework\system\CodeIgniter.php(320): CodeIgniter\CodeIgniter->handleRequest(NULL, Object(Config\Cache), false)
#5 C:\Users\ASUS\Documents\su\wp\flobamoragadai\pegadaian\public\index.php(37): CodeIgniter\CodeIgniter->run()
#6 C:\Users\ASUS\Documents\su\wp\flobamoragadai\pegadaian\vendor\codeigniter4\framework\system\Commands\Server\rewrite.php(43): require_once('C:\\Users\\ASUS\\D...')
#7 {main}
CRITICAL - 2022-01-30 11:09:25 --> Trying to get property 'jumlah_untung' of non-object
#0 C:\Users\ASUS\Documents\su\wp\flobamoragadai\pegadaian\app\Views\Laporan\tes.php(41): CodeIgniter\Debug\Exceptions->errorHandler(8, 'Trying to get p...', 'C:\\Users\\ASUS\\D...', 41, Array)
#1 C:\Users\ASUS\Documents\su\wp\flobamoragadai\pegadaian\vendor\codeigniter4\framework\system\View\View.php(210): include('C:\\Users\\ASUS\\D...')
#2 C:\Users\ASUS\Documents\su\wp\flobamoragadai\pegadaian\vendor\codeigniter4\framework\system\View\View.php(213): CodeIgniter\View\View->CodeIgniter\View\{closure}()
#3 C:\Users\ASUS\Documents\su\wp\flobamoragadai\pegadaian\vendor\codeigniter4\framework\system\Common.php(1089): CodeIgniter\View\View->render('laporan/tes', Array, true)
#4 C:\Users\ASUS\Documents\su\wp\flobamoragadai\pegadaian\app\Controllers\Excel.php(53): view('laporan/tes', Array)
#5 C:\Users\ASUS\Documents\su\wp\flobamoragadai\pegadaian\vendor\codeigniter4\framework\system\CodeIgniter.php(825): App\Controllers\Excel->tes()
#6 C:\Users\ASUS\Documents\su\wp\flobamoragadai\pegadaian\vendor\codeigniter4\framework\system\CodeIgniter.php(412): CodeIgniter\CodeIgniter->runController(Object(App\Controllers\Excel))
#7 C:\Users\ASUS\Documents\su\wp\flobamoragadai\pegadaian\vendor\codeigniter4\framework\system\CodeIgniter.php(320): CodeIgniter\CodeIgniter->handleRequest(NULL, Object(Config\Cache), false)
#8 C:\Users\ASUS\Documents\su\wp\flobamoragadai\pegadaian\public\index.php(37): CodeIgniter\CodeIgniter->run()
#9 C:\Users\ASUS\Documents\su\wp\flobamoragadai\pegadaian\vendor\codeigniter4\framework\system\Commands\Server\rewrite.php(43): require_once('C:\\Users\\ASUS\\D...')
#10 {main}
CRITICAL - 2022-01-30 11:09:31 --> Cannot use object of type stdClass as array
#0 C:\Users\ASUS\Documents\su\wp\flobamoragadai\pegadaian\vendor\codeigniter4\framework\system\View\View.php(210): include()
#1 C:\Users\ASUS\Documents\su\wp\flobamoragadai\pegadaian\vendor\codeigniter4\framework\system\View\View.php(213): CodeIgniter\View\View->CodeIgniter\View\{closure}()
#2 C:\Users\ASUS\Documents\su\wp\flobamoragadai\pegadaian\vendor\codeigniter4\framework\system\Common.php(1089): CodeIgniter\View\View->render('laporan/tes', Array, true)
#3 C:\Users\ASUS\Documents\su\wp\flobamoragadai\pegadaian\app\Controllers\Excel.php(53): view('laporan/tes', Array)
#4 C:\Users\ASUS\Documents\su\wp\flobamoragadai\pegadaian\vendor\codeigniter4\framework\system\CodeIgniter.php(825): App\Controllers\Excel->tes()
#5 C:\Users\ASUS\Documents\su\wp\flobamoragadai\pegadaian\vendor\codeigniter4\framework\system\CodeIgniter.php(412): CodeIgniter\CodeIgniter->runController(Object(App\Controllers\Excel))
#6 C:\Users\ASUS\Documents\su\wp\flobamoragadai\pegadaian\vendor\codeigniter4\framework\system\CodeIgniter.php(320): CodeIgniter\CodeIgniter->handleRequest(NULL, Object(Config\Cache), false)
#7 C:\Users\ASUS\Documents\su\wp\flobamoragadai\pegadaian\public\index.php(37): CodeIgniter\CodeIgniter->run()
#8 C:\Users\ASUS\Documents\su\wp\flobamoragadai\pegadaian\vendor\codeigniter4\framework\system\Commands\Server\rewrite.php(43): require_once('C:\\Users\\ASUS\\D...')
#9 {main}
CRITICAL - 2022-01-30 11:09:47 --> Trying to get property 'jumlah_untung' of non-object
#0 C:\Users\ASUS\Documents\su\wp\flobamoragadai\pegadaian\app\Controllers\Excel.php(46): CodeIgniter\Debug\Exceptions->errorHandler(8, 'Trying to get p...', 'C:\\Users\\ASUS\\D...', 46, Array)
#1 C:\Users\ASUS\Documents\su\wp\flobamoragadai\pegadaian\vendor\codeigniter4\framework\system\CodeIgniter.php(825): App\Controllers\Excel->tes()
#2 C:\Users\ASUS\Documents\su\wp\flobamoragadai\pegadaian\vendor\codeigniter4\framework\system\CodeIgniter.php(412): CodeIgniter\CodeIgniter->runController(Object(App\Controllers\Excel))
#3 C:\Users\ASUS\Documents\su\wp\flobamoragadai\pegadaian\vendor\codeigniter4\framework\system\CodeIgniter.php(320): CodeIgniter\CodeIgniter->handleRequest(NULL, Object(Config\Cache), false)
#4 C:\Users\ASUS\Documents\su\wp\flobamoragadai\pegadaian\public\index.php(37): CodeIgniter\CodeIgniter->run()
#5 C:\Users\ASUS\Documents\su\wp\flobamoragadai\pegadaian\vendor\codeigniter4\framework\system\Commands\Server\rewrite.php(43): require_once('C:\\Users\\ASUS\\D...')
#6 {main}
CRITICAL - 2022-01-30 11:10:04 --> Object of class stdClass could not be converted to string
#0 C:\Users\ASUS\Documents\su\wp\flobamoragadai\pegadaian\app\Views\Laporan\tes.php(41): CodeIgniter\Debug\Exceptions->errorHandler(4096, 'Object of class...', 'C:\\Users\\ASUS\\D...', 41, Array)
#1 C:\Users\ASUS\Documents\su\wp\flobamoragadai\pegadaian\vendor\codeigniter4\framework\system\View\View.php(210): include('C:\\Users\\ASUS\\D...')
#2 C:\Users\ASUS\Documents\su\wp\flobamoragadai\pegadaian\vendor\codeigniter4\framework\system\View\View.php(213): CodeIgniter\View\View->CodeIgniter\View\{closure}()
#3 C:\Users\ASUS\Documents\su\wp\flobamoragadai\pegadaian\vendor\codeigniter4\framework\system\Common.php(1089): CodeIgniter\View\View->render('laporan/tes', Array, true)
#4 C:\Users\ASUS\Documents\su\wp\flobamoragadai\pegadaian\app\Controllers\Excel.php(53): view('laporan/tes', Array)
#5 C:\Users\ASUS\Documents\su\wp\flobamoragadai\pegadaian\vendor\codeigniter4\framework\system\CodeIgniter.php(825): App\Controllers\Excel->tes()
#6 C:\Users\ASUS\Documents\su\wp\flobamoragadai\pegadaian\vendor\codeigniter4\framework\system\CodeIgniter.php(412): CodeIgniter\CodeIgniter->runController(Object(App\Controllers\Excel))
#7 C:\Users\ASUS\Documents\su\wp\flobamoragadai\pegadaian\vendor\codeigniter4\framework\system\CodeIgniter.php(320): CodeIgniter\CodeIgniter->handleRequest(NULL, Object(Config\Cache), false)
#8 C:\Users\ASUS\Documents\su\wp\flobamoragadai\pegadaian\public\index.php(37): CodeIgniter\CodeIgniter->run()
#9 C:\Users\ASUS\Documents\su\wp\flobamoragadai\pegadaian\vendor\codeigniter4\framework\system\Commands\Server\rewrite.php(43): require_once('C:\\Users\\ASUS\\D...')
#10 {main}
CRITICAL - 2022-01-30 11:10:59 --> Object of class stdClass could not be converted to string
#0 C:\Users\ASUS\Documents\su\wp\flobamoragadai\pegadaian\app\Views\Laporan\tes.php(41): CodeIgniter\Debug\Exceptions->errorHandler(4096, 'Object of class...', 'C:\\Users\\ASUS\\D...', 41, Array)
#1 C:\Users\ASUS\Documents\su\wp\flobamoragadai\pegadaian\vendor\codeigniter4\framework\system\View\View.php(210): include('C:\\Users\\ASUS\\D...')
#2 C:\Users\ASUS\Documents\su\wp\flobamoragadai\pegadaian\vendor\codeigniter4\framework\system\View\View.php(213): CodeIgniter\View\View->CodeIgniter\View\{closure}()
#3 C:\Users\ASUS\Documents\su\wp\flobamoragadai\pegadaian\vendor\codeigniter4\framework\system\Common.php(1089): CodeIgniter\View\View->render('laporan/tes', Array, true)
#4 C:\Users\ASUS\Documents\su\wp\flobamoragadai\pegadaian\app\Controllers\Excel.php(53): view('laporan/tes', Array)
#5 C:\Users\ASUS\Documents\su\wp\flobamoragadai\pegadaian\vendor\codeigniter4\framework\system\CodeIgniter.php(825): App\Controllers\Excel->tes()
#6 C:\Users\ASUS\Documents\su\wp\flobamoragadai\pegadaian\vendor\codeigniter4\framework\system\CodeIgniter.php(412): CodeIgniter\CodeIgniter->runController(Object(App\Controllers\Excel))
#7 C:\Users\ASUS\Documents\su\wp\flobamoragadai\pegadaian\vendor\codeigniter4\framework\system\CodeIgniter.php(320): CodeIgniter\CodeIgniter->handleRequest(NULL, Object(Config\Cache), false)
#8 C:\Users\ASUS\Documents\su\wp\flobamoragadai\pegadaian\public\index.php(37): CodeIgniter\CodeIgniter->run()
#9 C:\Users\ASUS\Documents\su\wp\flobamoragadai\pegadaian\vendor\codeigniter4\framework\system\Commands\Server\rewrite.php(43): require_once('C:\\Users\\ASUS\\D...')
#10 {main}
CRITICAL - 2022-01-30 11:11:47 --> Trying to get property 'jumlah_untung' of non-object
#0 C:\Users\ASUS\Documents\su\wp\flobamoragadai\pegadaian\app\Models\PegadaianModel.php(53): CodeIgniter\Debug\Exceptions->errorHandler(8, 'Trying to get p...', 'C:\\Users\\ASUS\\D...', 53, Array)
#1 C:\Users\ASUS\Documents\su\wp\flobamoragadai\pegadaian\app\Controllers\Excel.php(46): App\Models\PegadaianModel->cek_pendapatan_peminjaman('Denda', 'FG1-12801')
#2 C:\Users\ASUS\Documents\su\wp\flobamoragadai\pegadaian\vendor\codeigniter4\framework\system\CodeIgniter.php(825): App\Controllers\Excel->tes()
#3 C:\Users\ASUS\Documents\su\wp\flobamoragadai\pegadaian\vendor\codeigniter4\framework\system\CodeIgniter.php(412): CodeIgniter\CodeIgniter->runController(Object(App\Controllers\Excel))
#4 C:\Users\ASUS\Documents\su\wp\flobamoragadai\pegadaian\vendor\codeigniter4\framework\system\CodeIgniter.php(320): CodeIgniter\CodeIgniter->handleRequest(NULL, Object(Config\Cache), false)
#5 C:\Users\ASUS\Documents\su\wp\flobamoragadai\pegadaian\public\index.php(37): CodeIgniter\CodeIgniter->run()
#6 C:\Users\ASUS\Documents\su\wp\flobamoragadai\pegadaian\vendor\codeigniter4\framework\system\Commands\Server\rewrite.php(43): require_once('C:\\Users\\ASUS\\D...')
#7 {main}
CRITICAL - 2022-01-30 11:13:52 --> Trying to get property 'jumlah_untung' of non-object
#0 C:\Users\ASUS\Documents\su\wp\flobamoragadai\pegadaian\app\Models\PegadaianModel.php(53): CodeIgniter\Debug\Exceptions->errorHandler(8, 'Trying to get p...', 'C:\\Users\\ASUS\\D...', 53, Array)
#1 C:\Users\ASUS\Documents\su\wp\flobamoragadai\pegadaian\app\Controllers\Excel.php(46): App\Models\PegadaianModel->cek_pendapatan_peminjaman('Denda', 'FG1-12801')
#2 C:\Users\ASUS\Documents\su\wp\flobamoragadai\pegadaian\vendor\codeigniter4\framework\system\CodeIgniter.php(825): App\Controllers\Excel->tes()
#3 C:\Users\ASUS\Documents\su\wp\flobamoragadai\pegadaian\vendor\codeigniter4\framework\system\CodeIgniter.php(412): CodeIgniter\CodeIgniter->runController(Object(App\Controllers\Excel))
#4 C:\Users\ASUS\Documents\su\wp\flobamoragadai\pegadaian\vendor\codeigniter4\framework\system\CodeIgniter.php(320): CodeIgniter\CodeIgniter->handleRequest(NULL, Object(Config\Cache), false)
#5 C:\Users\ASUS\Documents\su\wp\flobamoragadai\pegadaian\public\index.php(37): CodeIgniter\CodeIgniter->run()
#6 C:\Users\ASUS\Documents\su\wp\flobamoragadai\pegadaian\vendor\codeigniter4\framework\system\Commands\Server\rewrite.php(43): require_once('C:\\Users\\ASUS\\D...')
#7 {main}
CRITICAL - 2022-01-30 11:14:01 --> Trying to get property 'jumlah_untung' of non-object
#0 C:\Users\ASUS\Documents\su\wp\flobamoragadai\pegadaian\app\Models\PegadaianModel.php(53): CodeIgniter\Debug\Exceptions->errorHandler(8, 'Trying to get p...', 'C:\\Users\\ASUS\\D...', 53, Array)
#1 C:\Users\ASUS\Documents\su\wp\flobamoragadai\pegadaian\app\Controllers\Excel.php(46): App\Models\PegadaianModel->cek_pendapatan_peminjaman('Denda', 'FG1-12801')
#2 C:\Users\ASUS\Documents\su\wp\flobamoragadai\pegadaian\vendor\codeigniter4\framework\system\CodeIgniter.php(825): App\Controllers\Excel->tes()
#3 C:\Users\ASUS\Documents\su\wp\flobamoragadai\pegadaian\vendor\codeigniter4\framework\system\CodeIgniter.php(412): CodeIgniter\CodeIgniter->runController(Object(App\Controllers\Excel))
#4 C:\Users\ASUS\Documents\su\wp\flobamoragadai\pegadaian\vendor\codeigniter4\framework\system\CodeIgniter.php(320): CodeIgniter\CodeIgniter->handleRequest(NULL, Object(Config\Cache), false)
#5 C:\Users\ASUS\Documents\su\wp\flobamoragadai\pegadaian\public\index.php(37): CodeIgniter\CodeIgniter->run()
#6 C:\Users\ASUS\Documents\su\wp\flobamoragadai\pegadaian\vendor\codeigniter4\framework\system\Commands\Server\rewrite.php(43): require_once('C:\\Users\\ASUS\\D...')
#7 {main}
CRITICAL - 2022-01-30 11:16:30 --> Trying to get property 'jumlah_untung' of non-object
#0 C:\Users\ASUS\Documents\su\wp\flobamoragadai\pegadaian\app\Models\PegadaianModel.php(54): CodeIgniter\Debug\Exceptions->errorHandler(8, 'Trying to get p...', 'C:\\Users\\ASUS\\D...', 54, Array)
#1 C:\Users\ASUS\Documents\su\wp\flobamoragadai\pegadaian\app\Controllers\Excel.php(46): App\Models\PegadaianModel->cek_pendapatan_peminjaman('Denda', 'FG1-12801')
#2 C:\Users\ASUS\Documents\su\wp\flobamoragadai\pegadaian\vendor\codeigniter4\framework\system\CodeIgniter.php(825): App\Controllers\Excel->tes()
#3 C:\Users\ASUS\Documents\su\wp\flobamoragadai\pegadaian\vendor\codeigniter4\framework\system\CodeIgniter.php(412): CodeIgniter\CodeIgniter->runController(Object(App\Controllers\Excel))
#4 C:\Users\ASUS\Documents\su\wp\flobamoragadai\pegadaian\vendor\codeigniter4\framework\system\CodeIgniter.php(320): CodeIgniter\CodeIgniter->handleRequest(NULL, Object(Config\Cache), false)
#5 C:\Users\ASUS\Documents\su\wp\flobamoragadai\pegadaian\public\index.php(37): CodeIgniter\CodeIgniter->run()
#6 C:\Users\ASUS\Documents\su\wp\flobamoragadai\pegadaian\vendor\codeigniter4\framework\system\Commands\Server\rewrite.php(43): require_once('C:\\Users\\ASUS\\D...')
#7 {main}
CRITICAL - 2022-01-30 11:16:40 --> Cannot use object of type stdClass as array
#0 C:\Users\ASUS\Documents\su\wp\flobamoragadai\pegadaian\app\Controllers\Excel.php(46): App\Models\PegadaianModel->cek_pendapatan_peminjaman('Denda', 'FG1-52801')
#1 C:\Users\ASUS\Documents\su\wp\flobamoragadai\pegadaian\vendor\codeigniter4\framework\system\CodeIgniter.php(825): App\Controllers\Excel->tes()
#2 C:\Users\ASUS\Documents\su\wp\flobamoragadai\pegadaian\vendor\codeigniter4\framework\system\CodeIgniter.php(412): CodeIgniter\CodeIgniter->runController(Object(App\Controllers\Excel))
#3 C:\Users\ASUS\Documents\su\wp\flobamoragadai\pegadaian\vendor\codeigniter4\framework\system\CodeIgniter.php(320): CodeIgniter\CodeIgniter->handleRequest(NULL, Object(Config\Cache), false)
#4 C:\Users\ASUS\Documents\su\wp\flobamoragadai\pegadaian\public\index.php(37): CodeIgniter\CodeIgniter->run()
#5 C:\Users\ASUS\Documents\su\wp\flobamoragadai\pegadaian\vendor\codeigniter4\framework\system\Commands\Server\rewrite.php(43): require_once('C:\\Users\\ASUS\\D...')
#6 {main}
CRITICAL - 2022-01-30 11:16:50 --> Cannot use object of type stdClass as array
#0 C:\Users\ASUS\Documents\su\wp\flobamoragadai\pegadaian\app\Controllers\Excel.php(46): App\Models\PegadaianModel->cek_pendapatan_peminjaman('Denda', 'FG1-52801')
#1 C:\Users\ASUS\Documents\su\wp\flobamoragadai\pegadaian\vendor\codeigniter4\framework\system\CodeIgniter.php(825): App\Controllers\Excel->tes()
#2 C:\Users\ASUS\Documents\su\wp\flobamoragadai\pegadaian\vendor\codeigniter4\framework\system\CodeIgniter.php(412): CodeIgniter\CodeIgniter->runController(Object(App\Controllers\Excel))
#3 C:\Users\ASUS\Documents\su\wp\flobamoragadai\pegadaian\vendor\codeigniter4\framework\system\CodeIgniter.php(320): CodeIgniter\CodeIgniter->handleRequest(NULL, Object(Config\Cache), false)
#4 C:\Users\ASUS\Documents\su\wp\flobamoragadai\pegadaian\public\index.php(37): CodeIgniter\CodeIgniter->run()
#5 C:\Users\ASUS\Documents\su\wp\flobamoragadai\pegadaian\vendor\codeigniter4\framework\system\Commands\Server\rewrite.php(43): require_once('C:\\Users\\ASUS\\D...')
#6 {main}
CRITICAL - 2022-01-30 11:16:53 --> Trying to get property 'jumlah_untung' of non-object
#0 C:\Users\ASUS\Documents\su\wp\flobamoragadai\pegadaian\app\Models\PegadaianModel.php(54): CodeIgniter\Debug\Exceptions->errorHandler(8, 'Trying to get p...', 'C:\\Users\\ASUS\\D...', 54, Array)
#1 C:\Users\ASUS\Documents\su\wp\flobamoragadai\pegadaian\app\Controllers\Excel.php(46): App\Models\PegadaianModel->cek_pendapatan_peminjaman('Denda', 'FG1-12801')
#2 C:\Users\ASUS\Documents\su\wp\flobamoragadai\pegadaian\vendor\codeigniter4\framework\system\CodeIgniter.php(825): App\Controllers\Excel->tes()
#3 C:\Users\ASUS\Documents\su\wp\flobamoragadai\pegadaian\vendor\codeigniter4\framework\system\CodeIgniter.php(412): CodeIgniter\CodeIgniter->runController(Object(App\Controllers\Excel))
#4 C:\Users\ASUS\Documents\su\wp\flobamoragadai\pegadaian\vendor\codeigniter4\framework\system\CodeIgniter.php(320): CodeIgniter\CodeIgniter->handleRequest(NULL, Object(Config\Cache), false)
#5 C:\Users\ASUS\Documents\su\wp\flobamoragadai\pegadaian\public\index.php(37): CodeIgniter\CodeIgniter->run()
#6 C:\Users\ASUS\Documents\su\wp\flobamoragadai\pegadaian\vendor\codeigniter4\framework\system\Commands\Server\rewrite.php(43): require_once('C:\\Users\\ASUS\\D...')
#7 {main}
CRITICAL - 2022-01-30 11:16:58 --> Trying to get property 'jumlah_untung' of non-object
#0 C:\Users\ASUS\Documents\su\wp\flobamoragadai\pegadaian\app\Models\PegadaianModel.php(54): CodeIgniter\Debug\Exceptions->errorHandler(8, 'Trying to get p...', 'C:\\Users\\ASUS\\D...', 54, Array)
#1 C:\Users\ASUS\Documents\su\wp\flobamoragadai\pegadaian\app\Controllers\Excel.php(46): App\Models\PegadaianModel->cek_pendapatan_peminjaman('Denda', 'FG1-12801')
#2 C:\Users\ASUS\Documents\su\wp\flobamoragadai\pegadaian\vendor\codeigniter4\framework\system\CodeIgniter.php(825): App\Controllers\Excel->tes()
#3 C:\Users\ASUS\Documents\su\wp\flobamoragadai\pegadaian\vendor\codeigniter4\framework\system\CodeIgniter.php(412): CodeIgniter\CodeIgniter->runController(Object(App\Controllers\Excel))
#4 C:\Users\ASUS\Documents\su\wp\flobamoragadai\pegadaian\vendor\codeigniter4\framework\system\CodeIgniter.php(320): CodeIgniter\CodeIgniter->handleRequest(NULL, Object(Config\Cache), false)
#5 C:\Users\ASUS\Documents\su\wp\flobamoragadai\pegadaian\public\index.php(37): CodeIgniter\CodeIgniter->run()
#6 C:\Users\ASUS\Documents\su\wp\flobamoragadai\pegadaian\vendor\codeigniter4\framework\system\Commands\Server\rewrite.php(43): require_once('C:\\Users\\ASUS\\D...')
#7 {main}
CRITICAL - 2022-01-30 11:16:59 --> Trying to get property 'jumlah_untung' of non-object
#0 C:\Users\ASUS\Documents\su\wp\flobamoragadai\pegadaian\app\Models\PegadaianModel.php(54): CodeIgniter\Debug\Exceptions->errorHandler(8, 'Trying to get p...', 'C:\\Users\\ASUS\\D...', 54, Array)
#1 C:\Users\ASUS\Documents\su\wp\flobamoragadai\pegadaian\app\Controllers\Excel.php(46): App\Models\PegadaianModel->cek_pendapatan_peminjaman('Denda', 'FG1-12801')
#2 C:\Users\ASUS\Documents\su\wp\flobamoragadai\pegadaian\vendor\codeigniter4\framework\system\CodeIgniter.php(825): App\Controllers\Excel->tes()
#3 C:\Users\ASUS\Documents\su\wp\flobamoragadai\pegadaian\vendor\codeigniter4\framework\system\CodeIgniter.php(412): CodeIgniter\CodeIgniter->runController(Object(App\Controllers\Excel))
#4 C:\Users\ASUS\Documents\su\wp\flobamoragadai\pegadaian\vendor\codeigniter4\framework\system\CodeIgniter.php(320): CodeIgniter\CodeIgniter->handleRequest(NULL, Object(Config\Cache), false)
#5 C:\Users\ASUS\Documents\su\wp\flobamoragadai\pegadaian\public\index.php(37): CodeIgniter\CodeIgniter->run()
#6 C:\Users\ASUS\Documents\su\wp\flobamoragadai\pegadaian\vendor\codeigniter4\framework\system\Commands\Server\rewrite.php(43): require_once('C:\\Users\\ASUS\\D...')
#7 {main}
CRITICAL - 2022-01-30 11:17:00 --> Trying to get property 'jumlah_untung' of non-object
#0 C:\Users\ASUS\Documents\su\wp\flobamoragadai\pegadaian\app\Models\PegadaianModel.php(54): CodeIgniter\Debug\Exceptions->errorHandler(8, 'Trying to get p...', 'C:\\Users\\ASUS\\D...', 54, Array)
#1 C:\Users\ASUS\Documents\su\wp\flobamoragadai\pegadaian\app\Controllers\Excel.php(46): App\Models\PegadaianModel->cek_pendapatan_peminjaman('Denda', 'FG1-12801')
#2 C:\Users\ASUS\Documents\su\wp\flobamoragadai\pegadaian\vendor\codeigniter4\framework\system\CodeIgniter.php(825): App\Controllers\Excel->tes()
#3 C:\Users\ASUS\Documents\su\wp\flobamoragadai\pegadaian\vendor\codeigniter4\framework\system\CodeIgniter.php(412): CodeIgniter\CodeIgniter->runController(Object(App\Controllers\Excel))
#4 C:\Users\ASUS\Documents\su\wp\flobamoragadai\pegadaian\vendor\codeigniter4\framework\system\CodeIgniter.php(320): CodeIgniter\CodeIgniter->handleRequest(NULL, Object(Config\Cache), false)
#5 C:\Users\ASUS\Documents\su\wp\flobamoragadai\pegadaian\public\index.php(37): CodeIgniter\CodeIgniter->run()
#6 C:\Users\ASUS\Documents\su\wp\flobamoragadai\pegadaian\vendor\codeigniter4\framework\system\Commands\Server\rewrite.php(43): require_once('C:\\Users\\ASUS\\D...')
#7 {main}
CRITICAL - 2022-01-30 11:23:09 --> Call to undefined method CodeIgniter\Database\MySQLi\Result::get()
#0 C:\Users\ASUS\Documents\su\wp\flobamoragadai\pegadaian\app\Controllers\Excel.php(47): App\Models\PegadaianModel->cek_pendapatan_peminjaman('Denda', 'FG1-12801')
#1 C:\Users\ASUS\Documents\su\wp\flobamoragadai\pegadaian\vendor\codeigniter4\framework\system\CodeIgniter.php(825): App\Controllers\Excel->tes()
#2 C:\Users\ASUS\Documents\su\wp\flobamoragadai\pegadaian\vendor\codeigniter4\framework\system\CodeIgniter.php(412): CodeIgniter\CodeIgniter->runController(Object(App\Controllers\Excel))
#3 C:\Users\ASUS\Documents\su\wp\flobamoragadai\pegadaian\vendor\codeigniter4\framework\system\CodeIgniter.php(320): CodeIgniter\CodeIgniter->handleRequest(NULL, Object(Config\Cache), false)
#4 C:\Users\ASUS\Documents\su\wp\flobamoragadai\pegadaian\public\index.php(37): CodeIgniter\CodeIgniter->run()
#5 C:\Users\ASUS\Documents\su\wp\flobamoragadai\pegadaian\vendor\codeigniter4\framework\system\Commands\Server\rewrite.php(43): require_once('C:\\Users\\ASUS\\D...')
#6 {main}
CRITICAL - 2022-01-30 11:24:18 --> Trying to get property 'jumlah_untung' of non-object
#0 C:\Users\ASUS\Documents\su\wp\flobamoragadai\pegadaian\app\Models\PegadaianModel.php(57): CodeIgniter\Debug\Exceptions->errorHandler(8, 'Trying to get p...', 'C:\\Users\\ASUS\\D...', 57, Array)
#1 C:\Users\ASUS\Documents\su\wp\flobamoragadai\pegadaian\app\Controllers\Excel.php(47): App\Models\PegadaianModel->cek_pendapatan_peminjaman('Denda', 'FG1-12801')
#2 C:\Users\ASUS\Documents\su\wp\flobamoragadai\pegadaian\vendor\codeigniter4\framework\system\CodeIgniter.php(825): App\Controllers\Excel->tes()
#3 C:\Users\ASUS\Documents\su\wp\flobamoragadai\pegadaian\vendor\codeigniter4\framework\system\CodeIgniter.php(412): CodeIgniter\CodeIgniter->runController(Object(App\Controllers\Excel))
#4 C:\Users\ASUS\Documents\su\wp\flobamoragadai\pegadaian\vendor\codeigniter4\framework\system\CodeIgniter.php(320): CodeIgniter\CodeIgniter->handleRequest(NULL, Object(Config\Cache), false)
#5 C:\Users\ASUS\Documents\su\wp\flobamoragadai\pegadaian\public\index.php(37): CodeIgniter\CodeIgniter->run()
#6 C:\Users\ASUS\Documents\su\wp\flobamoragadai\pegadaian\vendor\codeigniter4\framework\system\Commands\Server\rewrite.php(43): require_once('C:\\Users\\ASUS\\D...')
#7 {main}
CRITICAL - 2022-01-30 11:25:25 --> Cannot use object of type stdClass as array
#0 C:\Users\ASUS\Documents\su\wp\flobamoragadai\pegadaian\vendor\codeigniter4\framework\system\View\View.php(210): include()
#1 C:\Users\ASUS\Documents\su\wp\flobamoragadai\pegadaian\vendor\codeigniter4\framework\system\View\View.php(213): CodeIgniter\View\View->CodeIgniter\View\{closure}()
#2 C:\Users\ASUS\Documents\su\wp\flobamoragadai\pegadaian\vendor\codeigniter4\framework\system\Common.php(1089): CodeIgniter\View\View->render('laporan/tes', Array, true)
#3 C:\Users\ASUS\Documents\su\wp\flobamoragadai\pegadaian\app\Controllers\Excel.php(54): view('laporan/tes', Array)
#4 C:\Users\ASUS\Documents\su\wp\flobamoragadai\pegadaian\vendor\codeigniter4\framework\system\CodeIgniter.php(825): App\Controllers\Excel->tes()
#5 C:\Users\ASUS\Documents\su\wp\flobamoragadai\pegadaian\vendor\codeigniter4\framework\system\CodeIgniter.php(412): CodeIgniter\CodeIgniter->runController(Object(App\Controllers\Excel))
#6 C:\Users\ASUS\Documents\su\wp\flobamoragadai\pegadaian\vendor\codeigniter4\framework\system\CodeIgniter.php(320): CodeIgniter\CodeIgniter->handleRequest(NULL, Object(Config\Cache), false)
#7 C:\Users\ASUS\Documents\su\wp\flobamoragadai\pegadaian\public\index.php(37): CodeIgniter\CodeIgniter->run()
#8 C:\Users\ASUS\Documents\su\wp\flobamoragadai\pegadaian\vendor\codeigniter4\framework\system\Commands\Server\rewrite.php(43): require_once('C:\\Users\\ASUS\\D...')
#9 {main}
CRITICAL - 2022-01-30 11:25:36 --> Trying to get property 'jumlah_untung' of non-object
#0 C:\Users\ASUS\Documents\su\wp\flobamoragadai\pegadaian\app\Views\Laporan\tes.php(41): CodeIgniter\Debug\Exceptions->errorHandler(8, 'Trying to get p...', 'C:\\Users\\ASUS\\D...', 41, Array)
#1 C:\Users\ASUS\Documents\su\wp\flobamoragadai\pegadaian\vendor\codeigniter4\framework\system\View\View.php(210): include('C:\\Users\\ASUS\\D...')
#2 C:\Users\ASUS\Documents\su\wp\flobamoragadai\pegadaian\vendor\codeigniter4\framework\system\View\View.php(213): CodeIgniter\View\View->CodeIgniter\View\{closure}()
#3 C:\Users\ASUS\Documents\su\wp\flobamoragadai\pegadaian\vendor\codeigniter4\framework\system\Common.php(1089): CodeIgniter\View\View->render('laporan/tes', Array, true)
#4 C:\Users\ASUS\Documents\su\wp\flobamoragadai\pegadaian\app\Controllers\Excel.php(54): view('laporan/tes', Array)
#5 C:\Users\ASUS\Documents\su\wp\flobamoragadai\pegadaian\vendor\codeigniter4\framework\system\CodeIgniter.php(825): App\Controllers\Excel->tes()
#6 C:\Users\ASUS\Documents\su\wp\flobamoragadai\pegadaian\vendor\codeigniter4\framework\system\CodeIgniter.php(412): CodeIgniter\CodeIgniter->runController(Object(App\Controllers\Excel))
#7 C:\Users\ASUS\Documents\su\wp\flobamoragadai\pegadaian\vendor\codeigniter4\framework\system\CodeIgniter.php(320): CodeIgniter\CodeIgniter->handleRequest(NULL, Object(Config\Cache), false)
#8 C:\Users\ASUS\Documents\su\wp\flobamoragadai\pegadaian\public\index.php(37): CodeIgniter\CodeIgniter->run()
#9 C:\Users\ASUS\Documents\su\wp\flobamoragadai\pegadaian\vendor\codeigniter4\framework\system\Commands\Server\rewrite.php(43): require_once('C:\\Users\\ASUS\\D...')
#10 {main}
CRITICAL - 2022-01-30 11:27:57 --> Invalid argument supplied for foreach()
#0 C:\Users\ASUS\Documents\su\wp\flobamoragadai\pegadaian\app\Controllers\Excel.php(48): CodeIgniter\Debug\Exceptions->errorHandler(2, 'Invalid argumen...', 'C:\\Users\\ASUS\\D...', 48, Array)
#1 C:\Users\ASUS\Documents\su\wp\flobamoragadai\pegadaian\vendor\codeigniter4\framework\system\CodeIgniter.php(825): App\Controllers\Excel->tes()
#2 C:\Users\ASUS\Documents\su\wp\flobamoragadai\pegadaian\vendor\codeigniter4\framework\system\CodeIgniter.php(412): CodeIgniter\CodeIgniter->runController(Object(App\Controllers\Excel))
#3 C:\Users\ASUS\Documents\su\wp\flobamoragadai\pegadaian\vendor\codeigniter4\framework\system\CodeIgniter.php(320): CodeIgniter\CodeIgniter->handleRequest(NULL, Object(Config\Cache), false)
#4 C:\Users\ASUS\Documents\su\wp\flobamoragadai\pegadaian\public\index.php(37): CodeIgniter\CodeIgniter->run()
#5 C:\Users\ASUS\Documents\su\wp\flobamoragadai\pegadaian\vendor\codeigniter4\framework\system\Commands\Server\rewrite.php(43): require_once('C:\\Users\\ASUS\\D...')
#6 {main}
CRITICAL - 2022-01-30 11:28:35 --> Object of class stdClass could not be converted to string
#0 C:\Users\ASUS\Documents\su\wp\flobamoragadai\pegadaian\app\Controllers\Excel.php(49): CodeIgniter\Debug\Exceptions->errorHandler(4096, 'Object of class...', 'C:\\Users\\ASUS\\D...', 49, Array)
#1 C:\Users\ASUS\Documents\su\wp\flobamoragadai\pegadaian\vendor\codeigniter4\framework\system\CodeIgniter.php(825): App\Controllers\Excel->tes()
#2 C:\Users\ASUS\Documents\su\wp\flobamoragadai\pegadaian\vendor\codeigniter4\framework\system\CodeIgniter.php(412): CodeIgniter\CodeIgniter->runController(Object(App\Controllers\Excel))
#3 C:\Users\ASUS\Documents\su\wp\flobamoragadai\pegadaian\vendor\codeigniter4\framework\system\CodeIgniter.php(320): CodeIgniter\CodeIgniter->handleRequest(NULL, Object(Config\Cache), false)
#4 C:\Users\ASUS\Documents\su\wp\flobamoragadai\pegadaian\public\index.php(37): CodeIgniter\CodeIgniter->run()
#5 C:\Users\ASUS\Documents\su\wp\flobamoragadai\pegadaian\vendor\codeigniter4\framework\system\Commands\Server\rewrite.php(43): require_once('C:\\Users\\ASUS\\D...')
#6 {main}
CRITICAL - 2022-01-30 11:28:35 --> Object of class stdClass could not be converted to string
#0 C:\Users\ASUS\Documents\su\wp\flobamoragadai\pegadaian\app\Controllers\Excel.php(49): CodeIgniter\Debug\Exceptions->errorHandler(4096, 'Object of class...', 'C:\\Users\\ASUS\\D...', 49, Array)
#1 C:\Users\ASUS\Documents\su\wp\flobamoragadai\pegadaian\vendor\codeigniter4\framework\system\CodeIgniter.php(825): App\Controllers\Excel->tes()
#2 C:\Users\ASUS\Documents\su\wp\flobamoragadai\pegadaian\vendor\codeigniter4\framework\system\CodeIgniter.php(412): CodeIgniter\CodeIgniter->runController(Object(App\Controllers\Excel))
#3 C:\Users\ASUS\Documents\su\wp\flobamoragadai\pegadaian\vendor\codeigniter4\framework\system\CodeIgniter.php(320): CodeIgniter\CodeIgniter->handleRequest(NULL, Object(Config\Cache), false)
#4 C:\Users\ASUS\Documents\su\wp\flobamoragadai\pegadaian\public\index.php(37): CodeIgniter\CodeIgniter->run()
#5 C:\Users\ASUS\Documents\su\wp\flobamoragadai\pegadaian\vendor\codeigniter4\framework\system\Commands\Server\rewrite.php(43): require_once('C:\\Users\\ASUS\\D...')
#6 {main}
CRITICAL - 2022-01-30 11:29:11 --> Cannot use object of type stdClass as array
#0 C:\Users\ASUS\Documents\su\wp\flobamoragadai\pegadaian\vendor\codeigniter4\framework\system\CodeIgniter.php(825): App\Controllers\Excel->tes()
#1 C:\Users\ASUS\Documents\su\wp\flobamoragadai\pegadaian\vendor\codeigniter4\framework\system\CodeIgniter.php(412): CodeIgniter\CodeIgniter->runController(Object(App\Controllers\Excel))
#2 C:\Users\ASUS\Documents\su\wp\flobamoragadai\pegadaian\vendor\codeigniter4\framework\system\CodeIgniter.php(320): CodeIgniter\CodeIgniter->handleRequest(NULL, Object(Config\Cache), false)
#3 C:\Users\ASUS\Documents\su\wp\flobamoragadai\pegadaian\public\index.php(37): CodeIgniter\CodeIgniter->run()
#4 C:\Users\ASUS\Documents\su\wp\flobamoragadai\pegadaian\vendor\codeigniter4\framework\system\Commands\Server\rewrite.php(43): require_once('C:\\Users\\ASUS\\D...')
#5 {main}
CRITICAL - 2022-01-30 11:29:51 --> Undefined property: stdClass::$pendapatan_denda
#0 C:\Users\ASUS\Documents\su\wp\flobamoragadai\pegadaian\app\Views\Laporan\tes.php(41): CodeIgniter\Debug\Exceptions->errorHandler(8, 'Undefined prope...', 'C:\\Users\\ASUS\\D...', 41, Array)
#1 C:\Users\ASUS\Documents\su\wp\flobamoragadai\pegadaian\vendor\codeigniter4\framework\system\View\View.php(210): include('C:\\Users\\ASUS\\D...')
#2 C:\Users\ASUS\Documents\su\wp\flobamoragadai\pegadaian\vendor\codeigniter4\framework\system\View\View.php(213): CodeIgniter\View\View->CodeIgniter\View\{closure}()
#3 C:\Users\ASUS\Documents\su\wp\flobamoragadai\pegadaian\vendor\codeigniter4\framework\system\Common.php(1089): CodeIgniter\View\View->render('laporan/tes', Array, true)
#4 C:\Users\ASUS\Documents\su\wp\flobamoragadai\pegadaian\app\Controllers\Excel.php(58): view('laporan/tes', Array)
#5 C:\Users\ASUS\Documents\su\wp\flobamoragadai\pegadaian\vendor\codeigniter4\framework\system\CodeIgniter.php(825): App\Controllers\Excel->tes()
#6 C:\Users\ASUS\Documents\su\wp\flobamoragadai\pegadaian\vendor\codeigniter4\framework\system\CodeIgniter.php(412): CodeIgniter\CodeIgniter->runController(Object(App\Controllers\Excel))
#7 C:\Users\ASUS\Documents\su\wp\flobamoragadai\pegadaian\vendor\codeigniter4\framework\system\CodeIgniter.php(320): CodeIgniter\CodeIgniter->handleRequest(NULL, Object(Config\Cache), false)
#8 C:\Users\ASUS\Documents\su\wp\flobamoragadai\pegadaian\public\index.php(37): CodeIgniter\CodeIgniter->run()
#9 C:\Users\ASUS\Documents\su\wp\flobamoragadai\pegadaian\vendor\codeigniter4\framework\system\Commands\Server\rewrite.php(43): require_once('C:\\Users\\ASUS\\D...')
#10 {main}
CRITICAL - 2022-01-30 12:17:16 --> Call to undefined method CodeIgniter\Database\MySQLi\Result::get()
#0 C:\Users\ASUS\Documents\su\wp\flobamoragadai\pegadaian\app\Controllers\Excel.php(59): App\Models\PegadaianModel->cek_pendapatan_peminjaman('Denda', 'FG1-12801')
#1 C:\Users\ASUS\Documents\su\wp\flobamoragadai\pegadaian\vendor\codeigniter4\framework\system\CodeIgniter.php(825): App\Controllers\Excel->tes()
#2 C:\Users\ASUS\Documents\su\wp\flobamoragadai\pegadaian\vendor\codeigniter4\framework\system\CodeIgniter.php(412): CodeIgniter\CodeIgniter->runController(Object(App\Controllers\Excel))
#3 C:\Users\ASUS\Documents\su\wp\flobamoragadai\pegadaian\vendor\codeigniter4\framework\system\CodeIgniter.php(320): CodeIgniter\CodeIgniter->handleRequest(NULL, Object(Config\Cache), false)
#4 C:\Users\ASUS\Documents\su\wp\flobamoragadai\pegadaian\public\index.php(37): CodeIgniter\CodeIgniter->run()
#5 C:\Users\ASUS\Documents\su\wp\flobamoragadai\pegadaian\vendor\codeigniter4\framework\system\Commands\Server\rewrite.php(43): require_once('C:\\Users\\ASUS\\D...')
#6 {main}
CRITICAL - 2022-01-30 12:17:31 --> Call to undefined method CodeIgniter\Database\MySQLi\Result::get()
#0 C:\Users\ASUS\Documents\su\wp\flobamoragadai\pegadaian\app\Controllers\Excel.php(59): App\Models\PegadaianModel->cek_pendapatan_peminjaman('Denda', 'FG1-12801')
#1 C:\Users\ASUS\Documents\su\wp\flobamoragadai\pegadaian\vendor\codeigniter4\framework\system\CodeIgniter.php(825): App\Controllers\Excel->tes()
#2 C:\Users\ASUS\Documents\su\wp\flobamoragadai\pegadaian\vendor\codeigniter4\framework\system\CodeIgniter.php(412): CodeIgniter\CodeIgniter->runController(Object(App\Controllers\Excel))
#3 C:\Users\ASUS\Documents\su\wp\flobamoragadai\pegadaian\vendor\codeigniter4\framework\system\CodeIgniter.php(320): CodeIgniter\CodeIgniter->handleRequest(NULL, Object(Config\Cache), false)
#4 C:\Users\ASUS\Documents\su\wp\flobamoragadai\pegadaian\public\index.php(37): CodeIgniter\CodeIgniter->run()
#5 C:\Users\ASUS\Documents\su\wp\flobamoragadai\pegadaian\vendor\codeigniter4\framework\system\Commands\Server\rewrite.php(43): require_once('C:\\Users\\ASUS\\D...')
#6 {main}
CRITICAL - 2022-01-30 12:18:02 --> Undefined property: stdClass::$total_pendapatan_bersih
#0 C:\Users\ASUS\Documents\su\wp\flobamoragadai\pegadaian\app\Views\Laporan\tes.php(44): CodeIgniter\Debug\Exceptions->errorHandler(8, 'Undefined prope...', 'C:\\Users\\ASUS\\D...', 44, Array)
#1 C:\Users\ASUS\Documents\su\wp\flobamoragadai\pegadaian\vendor\codeigniter4\framework\system\View\View.php(210): include('C:\\Users\\ASUS\\D...')
#2 C:\Users\ASUS\Documents\su\wp\flobamoragadai\pegadaian\vendor\codeigniter4\framework\system\View\View.php(213): CodeIgniter\View\View->CodeIgniter\View\{closure}()
#3 C:\Users\ASUS\Documents\su\wp\flobamoragadai\pegadaian\vendor\codeigniter4\framework\system\Common.php(1089): CodeIgniter\View\View->render('laporan/tes', Array, true)
#4 C:\Users\ASUS\Documents\su\wp\flobamoragadai\pegadaian\app\Controllers\Excel.php(66): view('laporan/tes', Array)
#5 C:\Users\ASUS\Documents\su\wp\flobamoragadai\pegadaian\vendor\codeigniter4\framework\system\CodeIgniter.php(825): App\Controllers\Excel->tes()
#6 C:\Users\ASUS\Documents\su\wp\flobamoragadai\pegadaian\vendor\codeigniter4\framework\system\CodeIgniter.php(412): CodeIgniter\CodeIgniter->runController(Object(App\Controllers\Excel))
#7 C:\Users\ASUS\Documents\su\wp\flobamoragadai\pegadaian\vendor\codeigniter4\framework\system\CodeIgniter.php(320): CodeIgniter\CodeIgniter->handleRequest(NULL, Object(Config\Cache), false)
#8 C:\Users\ASUS\Documents\su\wp\flobamoragadai\pegadaian\public\index.php(37): CodeIgniter\CodeIgniter->run()
#9 C:\Users\ASUS\Documents\su\wp\flobamoragadai\pegadaian\vendor\codeigniter4\framework\system\Commands\Server\rewrite.php(43): require_once('C:\\Users\\ASUS\\D...')
#10 {main}
CRITICAL - 2022-01-30 12:18:19 --> Object of class stdClass could not be converted to string
#0 C:\Users\ASUS\Documents\su\wp\flobamoragadai\pegadaian\app\Views\Laporan\tes.php(42): CodeIgniter\Debug\Exceptions->errorHandler(4096, 'Object of class...', 'C:\\Users\\ASUS\\D...', 42, Array)
#1 C:\Users\ASUS\Documents\su\wp\flobamoragadai\pegadaian\vendor\codeigniter4\framework\system\View\View.php(210): include('C:\\Users\\ASUS\\D...')
#2 C:\Users\ASUS\Documents\su\wp\flobamoragadai\pegadaian\vendor\codeigniter4\framework\system\View\View.php(213): CodeIgniter\View\View->CodeIgniter\View\{closure}()
#3 C:\Users\ASUS\Documents\su\wp\flobamoragadai\pegadaian\vendor\codeigniter4\framework\system\Common.php(1089): CodeIgniter\View\View->render('laporan/tes', Array, true)
#4 C:\Users\ASUS\Documents\su\wp\flobamoragadai\pegadaian\app\Controllers\Excel.php(67): view('laporan/tes', Array)
#5 C:\Users\ASUS\Documents\su\wp\flobamoragadai\pegadaian\vendor\codeigniter4\framework\system\CodeIgniter.php(825): App\Controllers\Excel->tes()
#6 C:\Users\ASUS\Documents\su\wp\flobamoragadai\pegadaian\vendor\codeigniter4\framework\system\CodeIgniter.php(412): CodeIgniter\CodeIgniter->runController(Object(App\Controllers\Excel))
#7 C:\Users\ASUS\Documents\su\wp\flobamoragadai\pegadaian\vendor\codeigniter4\framework\system\CodeIgniter.php(320): CodeIgniter\CodeIgniter->handleRequest(NULL, Object(Config\Cache), false)
#8 C:\Users\ASUS\Documents\su\wp\flobamoragadai\pegadaian\public\index.php(37): CodeIgniter\CodeIgniter->run()
#9 C:\Users\ASUS\Documents\su\wp\flobamoragadai\pegadaian\vendor\codeigniter4\framework\system\Commands\Server\rewrite.php(43): require_once('C:\\Users\\ASUS\\D...')
#10 {main}
CRITICAL - 2022-01-30 12:19:23 --> Object of class stdClass could not be converted to string
#0 C:\Users\ASUS\Documents\su\wp\flobamoragadai\pegadaian\app\Views\Laporan\tes.php(42): CodeIgniter\Debug\Exceptions->errorHandler(4096, 'Object of class...', 'C:\\Users\\ASUS\\D...', 42, Array)
#1 C:\Users\ASUS\Documents\su\wp\flobamoragadai\pegadaian\vendor\codeigniter4\framework\system\View\View.php(210): include('C:\\Users\\ASUS\\D...')
#2 C:\Users\ASUS\Documents\su\wp\flobamoragadai\pegadaian\vendor\codeigniter4\framework\system\View\View.php(213): CodeIgniter\View\View->CodeIgniter\View\{closure}()
#3 C:\Users\ASUS\Documents\su\wp\flobamoragadai\pegadaian\vendor\codeigniter4\framework\system\Common.php(1089): CodeIgniter\View\View->render('laporan/tes', Array, true)
#4 C:\Users\ASUS\Documents\su\wp\flobamoragadai\pegadaian\app\Controllers\Excel.php(68): view('laporan/tes', Array)
#5 C:\Users\ASUS\Documents\su\wp\flobamoragadai\pegadaian\vendor\codeigniter4\framework\system\CodeIgniter.php(825): App\Controllers\Excel->tes()
#6 C:\Users\ASUS\Documents\su\wp\flobamoragadai\pegadaian\vendor\codeigniter4\framework\system\CodeIgniter.php(412): CodeIgniter\CodeIgniter->runController(Object(App\Controllers\Excel))
#7 C:\Users\ASUS\Documents\su\wp\flobamoragadai\pegadaian\vendor\codeigniter4\framework\system\CodeIgniter.php(320): CodeIgniter\CodeIgniter->handleRequest(NULL, Object(Config\Cache), false)
#8 C:\Users\ASUS\Documents\su\wp\flobamoragadai\pegadaian\public\index.php(37): CodeIgniter\CodeIgniter->run()
#9 C:\Users\ASUS\Documents\su\wp\flobamoragadai\pegadaian\vendor\codeigniter4\framework\system\Commands\Server\rewrite.php(43): require_once('C:\\Users\\ASUS\\D...')
#10 {main}
CRITICAL - 2022-01-30 12:19:40 --> Object of class stdClass could not be converted to string
#0 C:\Users\ASUS\Documents\su\wp\flobamoragadai\pegadaian\app\Views\Laporan\tes.php(42): CodeIgniter\Debug\Exceptions->errorHandler(4096, 'Object of class...', 'C:\\Users\\ASUS\\D...', 42, Array)
#1 C:\Users\ASUS\Documents\su\wp\flobamoragadai\pegadaian\vendor\codeigniter4\framework\system\View\View.php(210): include('C:\\Users\\ASUS\\D...')
#2 C:\Users\ASUS\Documents\su\wp\flobamoragadai\pegadaian\vendor\codeigniter4\framework\system\View\View.php(213): CodeIgniter\View\View->CodeIgniter\View\{closure}()
#3 C:\Users\ASUS\Documents\su\wp\flobamoragadai\pegadaian\vendor\codeigniter4\framework\system\Common.php(1089): CodeIgniter\View\View->render('laporan/tes', Array, true)
#4 C:\Users\ASUS\Documents\su\wp\flobamoragadai\pegadaian\app\Controllers\Excel.php(68): view('laporan/tes', Array)
#5 C:\Users\ASUS\Documents\su\wp\flobamoragadai\pegadaian\vendor\codeigniter4\framework\system\CodeIgniter.php(825): App\Controllers\Excel->tes()
#6 C:\Users\ASUS\Documents\su\wp\flobamoragadai\pegadaian\vendor\codeigniter4\framework\system\CodeIgniter.php(412): CodeIgniter\CodeIgniter->runController(Object(App\Controllers\Excel))
#7 C:\Users\ASUS\Documents\su\wp\flobamoragadai\pegadaian\vendor\codeigniter4\framework\system\CodeIgniter.php(320): CodeIgniter\CodeIgniter->handleRequest(NULL, Object(Config\Cache), false)
#8 C:\Users\ASUS\Documents\su\wp\flobamoragadai\pegadaian\public\index.php(37): CodeIgniter\CodeIgniter->run()
#9 C:\Users\ASUS\Documents\su\wp\flobamoragadai\pegadaian\vendor\codeigniter4\framework\system\Commands\Server\rewrite.php(43): require_once('C:\\Users\\ASUS\\D...')
#10 {main}
CRITICAL - 2022-01-30 12:19:44 --> Trying to get property 'jumlah_untung' of non-object
#0 C:\Users\ASUS\Documents\su\wp\flobamoragadai\pegadaian\app\Models\PegadaianModel.php(57): CodeIgniter\Debug\Exceptions->errorHandler(8, 'Trying to get p...', 'C:\\Users\\ASUS\\D...', 57, Array)
#1 C:\Users\ASUS\Documents\su\wp\flobamoragadai\pegadaian\app\Controllers\Excel.php(60): App\Models\PegadaianModel->cek_pendapatan_peminjaman('Denda', 'FG1-12801')
#2 C:\Users\ASUS\Documents\su\wp\flobamoragadai\pegadaian\vendor\codeigniter4\framework\system\CodeIgniter.php(825): App\Controllers\Excel->tes()
#3 C:\Users\ASUS\Documents\su\wp\flobamoragadai\pegadaian\vendor\codeigniter4\framework\system\CodeIgniter.php(412): CodeIgniter\CodeIgniter->runController(Object(App\Controllers\Excel))
#4 C:\Users\ASUS\Documents\su\wp\flobamoragadai\pegadaian\vendor\codeigniter4\framework\system\CodeIgniter.php(320): CodeIgniter\CodeIgniter->handleRequest(NULL, Object(Config\Cache), false)
#5 C:\Users\ASUS\Documents\su\wp\flobamoragadai\pegadaian\public\index.php(37): CodeIgniter\CodeIgniter->run()
#6 C:\Users\ASUS\Documents\su\wp\flobamoragadai\pegadaian\vendor\codeigniter4\framework\system\Commands\Server\rewrite.php(43): require_once('C:\\Users\\ASUS\\D...')
#7 {main}
CRITICAL - 2022-01-30 12:20:02 --> Trying to get property 'jumlah_untung' of non-object
#0 C:\Users\ASUS\Documents\su\wp\flobamoragadai\pegadaian\app\Controllers\Excel.php(60): CodeIgniter\Debug\Exceptions->errorHandler(8, 'Trying to get p...', 'C:\\Users\\ASUS\\D...', 60, Array)
#1 C:\Users\ASUS\Documents\su\wp\flobamoragadai\pegadaian\vendor\codeigniter4\framework\system\CodeIgniter.php(825): App\Controllers\Excel->tes()
#2 C:\Users\ASUS\Documents\su\wp\flobamoragadai\pegadaian\vendor\codeigniter4\framework\system\CodeIgniter.php(412): CodeIgniter\CodeIgniter->runController(Object(App\Controllers\Excel))
#3 C:\Users\ASUS\Documents\su\wp\flobamoragadai\pegadaian\vendor\codeigniter4\framework\system\CodeIgniter.php(320): CodeIgniter\CodeIgniter->handleRequest(NULL, Object(Config\Cache), false)
#4 C:\Users\ASUS\Documents\su\wp\flobamoragadai\pegadaian\public\index.php(37): CodeIgniter\CodeIgniter->run()
#5 C:\Users\ASUS\Documents\su\wp\flobamoragadai\pegadaian\vendor\codeigniter4\framework\system\Commands\Server\rewrite.php(43): require_once('C:\\Users\\ASUS\\D...')
#6 {main}
CRITICAL - 2022-01-30 12:20:25 --> Object of class stdClass could not be converted to string
#0 C:\Users\ASUS\Documents\su\wp\flobamoragadai\pegadaian\app\Views\Laporan\tes.php(42): CodeIgniter\Debug\Exceptions->errorHandler(4096, 'Object of class...', 'C:\\Users\\ASUS\\D...', 42, Array)
#1 C:\Users\ASUS\Documents\su\wp\flobamoragadai\pegadaian\vendor\codeigniter4\framework\system\View\View.php(210): include('C:\\Users\\ASUS\\D...')
#2 C:\Users\ASUS\Documents\su\wp\flobamoragadai\pegadaian\vendor\codeigniter4\framework\system\View\View.php(213): CodeIgniter\View\View->CodeIgniter\View\{closure}()
#3 C:\Users\ASUS\Documents\su\wp\flobamoragadai\pegadaian\vendor\codeigniter4\framework\system\Common.php(1089): CodeIgniter\View\View->render('laporan/tes', Array, true)
#4 C:\Users\ASUS\Documents\su\wp\flobamoragadai\pegadaian\app\Controllers\Excel.php(69): view('laporan/tes', Array)
#5 C:\Users\ASUS\Documents\su\wp\flobamoragadai\pegadaian\vendor\codeigniter4\framework\system\CodeIgniter.php(825): App\Controllers\Excel->tes()
#6 C:\Users\ASUS\Documents\su\wp\flobamoragadai\pegadaian\vendor\codeigniter4\framework\system\CodeIgniter.php(412): CodeIgniter\CodeIgniter->runController(Object(App\Controllers\Excel))
#7 C:\Users\ASUS\Documents\su\wp\flobamoragadai\pegadaian\vendor\codeigniter4\framework\system\CodeIgniter.php(320): CodeIgniter\CodeIgniter->handleRequest(NULL, Object(Config\Cache), false)
#8 C:\Users\ASUS\Documents\su\wp\flobamoragadai\pegadaian\public\index.php(37): CodeIgniter\CodeIgniter->run()
#9 C:\Users\ASUS\Documents\su\wp\flobamoragadai\pegadaian\vendor\codeigniter4\framework\system\Commands\Server\rewrite.php(43): require_once('C:\\Users\\ASUS\\D...')
#10 {main}
CRITICAL - 2022-01-30 12:21:46 --> Object of class stdClass could not be converted to string
#0 C:\Users\ASUS\Documents\su\wp\flobamoragadai\pegadaian\app\Views\Laporan\tes.php(42): CodeIgniter\Debug\Exceptions->errorHandler(4096, 'Object of class...', 'C:\\Users\\ASUS\\D...', 42, Array)
#1 C:\Users\ASUS\Documents\su\wp\flobamoragadai\pegadaian\vendor\codeigniter4\framework\system\View\View.php(210): include('C:\\Users\\ASUS\\D...')
#2 C:\Users\ASUS\Documents\su\wp\flobamoragadai\pegadaian\vendor\codeigniter4\framework\system\View\View.php(213): CodeIgniter\View\View->CodeIgniter\View\{closure}()
#3 C:\Users\ASUS\Documents\su\wp\flobamoragadai\pegadaian\vendor\codeigniter4\framework\system\Common.php(1089): CodeIgniter\View\View->render('laporan/tes', Array, true)
#4 C:\Users\ASUS\Documents\su\wp\flobamoragadai\pegadaian\app\Controllers\Excel.php(68): view('laporan/tes', Array)
#5 C:\Users\ASUS\Documents\su\wp\flobamoragadai\pegadaian\vendor\codeigniter4\framework\system\CodeIgniter.php(825): App\Controllers\Excel->tes()
#6 C:\Users\ASUS\Documents\su\wp\flobamoragadai\pegadaian\vendor\codeigniter4\framework\system\CodeIgniter.php(412): CodeIgniter\CodeIgniter->runController(Object(App\Controllers\Excel))
#7 C:\Users\ASUS\Documents\su\wp\flobamoragadai\pegadaian\vendor\codeigniter4\framework\system\CodeIgniter.php(320): CodeIgniter\CodeIgniter->handleRequest(NULL, Object(Config\Cache), false)
#8 C:\Users\ASUS\Documents\su\wp\flobamoragadai\pegadaian\public\index.php(37): CodeIgniter\CodeIgniter->run()
#9 C:\Users\ASUS\Documents\su\wp\flobamoragadai\pegadaian\vendor\codeigniter4\framework\system\Commands\Server\rewrite.php(43): require_once('C:\\Users\\ASUS\\D...')
#10 {main}
CRITICAL - 2022-01-30 12:22:48 --> Object of class stdClass could not be converted to string
#0 C:\Users\ASUS\Documents\su\wp\flobamoragadai\pegadaian\app\Views\Laporan\tes.php(42): CodeIgniter\Debug\Exceptions->errorHandler(4096, 'Object of class...', 'C:\\Users\\ASUS\\D...', 42, Array)
#1 C:\Users\ASUS\Documents\su\wp\flobamoragadai\pegadaian\vendor\codeigniter4\framework\system\View\View.php(210): include('C:\\Users\\ASUS\\D...')
#2 C:\Users\ASUS\Documents\su\wp\flobamoragadai\pegadaian\vendor\codeigniter4\framework\system\View\View.php(213): CodeIgniter\View\View->CodeIgniter\View\{closure}()
#3 C:\Users\ASUS\Documents\su\wp\flobamoragadai\pegadaian\vendor\codeigniter4\framework\system\Common.php(1089): CodeIgniter\View\View->render('laporan/tes', Array, true)
#4 C:\Users\ASUS\Documents\su\wp\flobamoragadai\pegadaian\app\Controllers\Excel.php(68): view('laporan/tes', Array)
#5 C:\Users\ASUS\Documents\su\wp\flobamoragadai\pegadaian\vendor\codeigniter4\framework\system\CodeIgniter.php(825): App\Controllers\Excel->tes()
#6 C:\Users\ASUS\Documents\su\wp\flobamoragadai\pegadaian\vendor\codeigniter4\framework\system\CodeIgniter.php(412): CodeIgniter\CodeIgniter->runController(Object(App\Controllers\Excel))
#7 C:\Users\ASUS\Documents\su\wp\flobamoragadai\pegadaian\vendor\codeigniter4\framework\system\CodeIgniter.php(320): CodeIgniter\CodeIgniter->handleRequest(NULL, Object(Config\Cache), false)
#8 C:\Users\ASUS\Documents\su\wp\flobamoragadai\pegadaian\public\index.php(37): CodeIgniter\CodeIgniter->run()
#9 C:\Users\ASUS\Documents\su\wp\flobamoragadai\pegadaian\vendor\codeigniter4\framework\system\Commands\Server\rewrite.php(43): require_once('C:\\Users\\ASUS\\D...')
#10 {main}
CRITICAL - 2022-01-30 12:28:17 --> Trying to get property 'jumlah_untung' of non-object
#0 C:\Users\ASUS\Documents\su\wp\flobamoragadai\pegadaian\app\Views\Laporan\tes.php(42): CodeIgniter\Debug\Exceptions->errorHandler(8, 'Trying to get p...', 'C:\\Users\\ASUS\\D...', 42, Array)
#1 C:\Users\ASUS\Documents\su\wp\flobamoragadai\pegadaian\vendor\codeigniter4\framework\system\View\View.php(210): include('C:\\Users\\ASUS\\D...')
#2 C:\Users\ASUS\Documents\su\wp\flobamoragadai\pegadaian\vendor\codeigniter4\framework\system\View\View.php(213): CodeIgniter\View\View->CodeIgniter\View\{closure}()
#3 C:\Users\ASUS\Documents\su\wp\flobamoragadai\pegadaian\vendor\codeigniter4\framework\system\Common.php(1089): CodeIgniter\View\View->render('laporan/tes', Array, true)
#4 C:\Users\ASUS\Documents\su\wp\flobamoragadai\pegadaian\app\Controllers\Excel.php(68): view('laporan/tes', Array)
#5 C:\Users\ASUS\Documents\su\wp\flobamoragadai\pegadaian\vendor\codeigniter4\framework\system\CodeIgniter.php(825): App\Controllers\Excel->tes()
#6 C:\Users\ASUS\Documents\su\wp\flobamoragadai\pegadaian\vendor\codeigniter4\framework\system\CodeIgniter.php(412): CodeIgniter\CodeIgniter->runController(Object(App\Controllers\Excel))
#7 C:\Users\ASUS\Documents\su\wp\flobamoragadai\pegadaian\vendor\codeigniter4\framework\system\CodeIgniter.php(320): CodeIgniter\CodeIgniter->handleRequest(NULL, Object(Config\Cache), false)
#8 C:\Users\ASUS\Documents\su\wp\flobamoragadai\pegadaian\public\index.php(37): CodeIgniter\CodeIgniter->run()
#9 C:\Users\ASUS\Documents\su\wp\flobamoragadai\pegadaian\vendor\codeigniter4\framework\system\Commands\Server\rewrite.php(43): require_once('C:\\Users\\ASUS\\D...')
#10 {main}
CRITICAL - 2022-01-30 12:36:05 --> Class 'PhpOffice\PhpSpreadsheet\Spreadsheet' not found
#0 C:\Users\ASUS\Documents\su\wp\flobamoragadai\pegadaian\vendor\codeigniter4\framework\system\CodeIgniter.php(825): App\Controllers\Excel->export()
#1 C:\Users\ASUS\Documents\su\wp\flobamoragadai\pegadaian\vendor\codeigniter4\framework\system\CodeIgniter.php(412): CodeIgniter\CodeIgniter->runController(Object(App\Controllers\Excel))
#2 C:\Users\ASUS\Documents\su\wp\flobamoragadai\pegadaian\vendor\codeigniter4\framework\system\CodeIgniter.php(320): CodeIgniter\CodeIgniter->handleRequest(NULL, Object(Config\Cache), false)
#3 C:\Users\ASUS\Documents\su\wp\flobamoragadai\pegadaian\public\index.php(37): CodeIgniter\CodeIgniter->run()
#4 C:\Users\ASUS\Documents\su\wp\flobamoragadai\pegadaian\vendor\codeigniter4\framework\system\Commands\Server\rewrite.php(43): require_once('C:\\Users\\ASUS\\D...')
#5 {main}
CRITICAL - 2022-01-30 20:04:29 --> Class 'PhpOffice\PhpSpreadsheet\Spreadsheet' not found
#0 C:\Users\ASUS\Documents\su\wp\flobamoragadai\pegadaian\vendor\codeigniter4\framework\system\CodeIgniter.php(825): App\Controllers\Excel->export()
#1 C:\Users\ASUS\Documents\su\wp\flobamoragadai\pegadaian\vendor\codeigniter4\framework\system\CodeIgniter.php(412): CodeIgniter\CodeIgniter->runController(Object(App\Controllers\Excel))
#2 C:\Users\ASUS\Documents\su\wp\flobamoragadai\pegadaian\vendor\codeigniter4\framework\system\CodeIgniter.php(320): CodeIgniter\CodeIgniter->handleRequest(NULL, Object(Config\Cache), false)
#3 C:\Users\ASUS\Documents\su\wp\flobamoragadai\pegadaian\public\index.php(37): CodeIgniter\CodeIgniter->run()
#4 C:\Users\ASUS\Documents\su\wp\flobamoragadai\pegadaian\vendor\codeigniter4\framework\system\Commands\Server\rewrite.php(43): require_once('C:\\Users\\ASUS\\D...')
#5 {main}
CRITICAL - 2022-01-30 20:12:07 --> Class 'PhpOffice\PhpSpreadsheet\Spreadsheet' not found
#0 C:\Users\ASUS\Documents\su\wp\flobamoragadai\pegadaian\vendor\codeigniter4\framework\system\CodeIgniter.php(825): App\Controllers\Excel->export()
#1 C:\Users\ASUS\Documents\su\wp\flobamoragadai\pegadaian\vendor\codeigniter4\framework\system\CodeIgniter.php(412): CodeIgniter\CodeIgniter->runController(Object(App\Controllers\Excel))
#2 C:\Users\ASUS\Documents\su\wp\flobamoragadai\pegadaian\vendor\codeigniter4\framework\system\CodeIgniter.php(320): CodeIgniter\CodeIgniter->handleRequest(NULL, Object(Config\Cache), false)
#3 C:\Users\ASUS\Documents\su\wp\flobamoragadai\pegadaian\public\index.php(37): CodeIgniter\CodeIgniter->run()
#4 C:\Users\ASUS\Documents\su\wp\flobamoragadai\pegadaian\vendor\codeigniter4\framework\system\Commands\Server\rewrite.php(43): require_once('C:\\Users\\ASUS\\D...')
#5 {main}
CRITICAL - 2022-01-30 20:13:06 --> Class 'PhpOffice\PhpSpreadsheet\Spreadsheet' not found
#0 C:\Users\ASUS\Documents\su\wp\flobamoragadai\pegadaian\vendor\codeigniter4\framework\system\CodeIgniter.php(825): App\Controllers\Excel->export()
#1 C:\Users\ASUS\Documents\su\wp\flobamoragadai\pegadaian\vendor\codeigniter4\framework\system\CodeIgniter.php(412): CodeIgniter\CodeIgniter->runController(Object(App\Controllers\Excel))
#2 C:\Users\ASUS\Documents\su\wp\flobamoragadai\pegadaian\vendor\codeigniter4\framework\system\CodeIgniter.php(320): CodeIgniter\CodeIgniter->handleRequest(NULL, Object(Config\Cache), false)
#3 C:\Users\ASUS\Documents\su\wp\flobamoragadai\pegadaian\public\index.php(37): CodeIgniter\CodeIgniter->run()
#4 C:\Users\ASUS\Documents\su\wp\flobamoragadai\pegadaian\vendor\codeigniter4\framework\system\Commands\Server\rewrite.php(43): require_once('C:\\Users\\ASUS\\D...')
#5 {main}
CRITICAL - 2022-01-30 21:16:53 --> Class 'PhpOffice\PhpSpreadsheet\Spreadsheet' not found
#0 C:\Users\ASUS\Documents\su\wp\flobamoragadai\pegadaian\vendor\codeigniter4\framework\system\CodeIgniter.php(825): App\Controllers\Excel->export()
#1 C:\Users\ASUS\Documents\su\wp\flobamoragadai\pegadaian\vendor\codeigniter4\framework\system\CodeIgniter.php(412): CodeIgniter\CodeIgniter->runController(Object(App\Controllers\Excel))
#2 C:\Users\ASUS\Documents\su\wp\flobamoragadai\pegadaian\vendor\codeigniter4\framework\system\CodeIgniter.php(320): CodeIgniter\CodeIgniter->handleRequest(NULL, Object(Config\Cache), false)
#3 C:\Users\ASUS\Documents\su\wp\flobamoragadai\pegadaian\public\index.php(37): CodeIgniter\CodeIgniter->run()
#4 C:\Users\ASUS\Documents\su\wp\flobamoragadai\pegadaian\vendor\codeigniter4\framework\system\Commands\Server\rewrite.php(43): require_once('C:\\Users\\ASUS\\D...')
#5 {main}
CRITICAL - 2022-01-30 21:31:22 --> Undefined property: stdClass::$denda
#0 C:\Users\ASUS\Documents\su\wp\flobamoragadai\pegadaian\app\Controllers\Excel.php(185): CodeIgniter\Debug\Exceptions->errorHandler(8, 'Undefined prope...', 'C:\\Users\\ASUS\\D...', 185, Array)
#1 C:\Users\ASUS\Documents\su\wp\flobamoragadai\pegadaian\vendor\codeigniter4\framework\system\CodeIgniter.php(825): App\Controllers\Excel->export()
#2 C:\Users\ASUS\Documents\su\wp\flobamoragadai\pegadaian\vendor\codeigniter4\framework\system\CodeIgniter.php(412): CodeIgniter\CodeIgniter->runController(Object(App\Controllers\Excel))
#3 C:\Users\ASUS\Documents\su\wp\flobamoragadai\pegadaian\vendor\codeigniter4\framework\system\CodeIgniter.php(320): CodeIgniter\CodeIgniter->handleRequest(NULL, Object(Config\Cache), false)
#4 C:\Users\ASUS\Documents\su\wp\flobamoragadai\pegadaian\public\index.php(37): CodeIgniter\CodeIgniter->run()
#5 C:\Users\ASUS\Documents\su\wp\flobamoragadai\pegadaian\vendor\codeigniter4\framework\system\Commands\Server\rewrite.php(43): require_once('C:\\Users\\ASUS\\D...')
#6 {main}
CRITICAL - 2022-01-30 21:39:52 --> Undefined property: App\Controllers\Excel::$PegadaianModel
#0 C:\Users\ASUS\Documents\su\wp\flobamoragadai\pegadaian\app\Controllers\Excel.php(175): CodeIgniter\Debug\Exceptions->errorHandler(8, 'Undefined prope...', 'C:\\Users\\ASUS\\D...', 175, Array)
#1 C:\Users\ASUS\Documents\su\wp\flobamoragadai\pegadaian\vendor\codeigniter4\framework\system\CodeIgniter.php(825): App\Controllers\Excel->export()
#2 C:\Users\ASUS\Documents\su\wp\flobamoragadai\pegadaian\vendor\codeigniter4\framework\system\CodeIgniter.php(412): CodeIgniter\CodeIgniter->runController(Object(App\Controllers\Excel))
#3 C:\Users\ASUS\Documents\su\wp\flobamoragadai\pegadaian\vendor\codeigniter4\framework\system\CodeIgniter.php(320): CodeIgniter\CodeIgniter->handleRequest(NULL, Object(Config\Cache), false)
#4 C:\Users\ASUS\Documents\su\wp\flobamoragadai\pegadaian\public\index.php(37): CodeIgniter\CodeIgniter->run()
#5 C:\Users\ASUS\Documents\su\wp\flobamoragadai\pegadaian\vendor\codeigniter4\framework\system\Commands\Server\rewrite.php(43): require_once('C:\\Users\\ASUS\\D...')
#6 {main}
