ERROR - 2023-07-05 13:11:10 --> Cannot add or update a child row: a foreign key constraint fails (`pegadaian`.`histori`, CONSTRAINT `histori_ibfk_2` FOREIGN KEY (`kode_cabang`) REFERENCES `pinjamangadai` (`kode_pinjaman`))
CRITICAL - 2023-07-05 13:11:10 --> Cannot add or update a child row: a foreign key constraint fails (`pegadaian`.`histori`, CONSTRAINT `histori_ibfk_2` FOREIGN KEY (`kode_cabang`) REFERENCES `pinjamangadai` (`kode_pinjaman`))
#0 D:\Pegadaian\vendor\codeigniter4\framework\system\Database\MySQLi\Connection.php(292): mysqli->query('INSERT INTO `hi...', 0)
#1 D:\Pegadaian\vendor\codeigniter4\framework\system\Database\BaseConnection.php(670): CodeIgniter\Database\MySQLi\Connection->execute('INSERT INTO `hi...')
#2 D:\Pegadaian\vendor\codeigniter4\framework\system\Database\BaseConnection.php(598): CodeIgniter\Database\BaseConnection->simpleQuery('INSERT INTO `hi...')
#3 D:\Pegadaian\vendor\codeigniter4\framework\system\Database\BaseBuilder.php(1759): CodeIgniter\Database\BaseConnection->query('INSERT INTO `hi...', Array, false)
#4 D:\Pegadaian\vendor\codeigniter4\framework\system\Model.php(239): CodeIgniter\Database\BaseBuilder->insert()
#5 D:\Pegadaian\vendor\codeigniter4\framework\system\BaseModel.php(738): CodeIgniter\Model->doInsert(Array)
#6 D:\Pegadaian\vendor\codeigniter4\framework\system\Model.php(620): CodeIgniter\BaseModel->insert(Array, false)
#7 D:\Pegadaian\vendor\codeigniter4\framework\system\BaseModel.php(658): CodeIgniter\Model->insert(Array, false)
#8 D:\Pegadaian\app\Controllers\Pegadaian.php(398): CodeIgniter\BaseModel->save(Array)
#9 D:\Pegadaian\vendor\codeigniter4\framework\system\CodeIgniter.php(824): App\Controllers\Pegadaian->saveTebus()
#10 D:\Pegadaian\vendor\codeigniter4\framework\system\CodeIgniter.php(410): CodeIgniter\CodeIgniter->runController(Object(App\Controllers\Pegadaian))
#11 D:\Pegadaian\vendor\codeigniter4\framework\system\CodeIgniter.php(318): CodeIgniter\CodeIgniter->handleRequest(NULL, Object(Config\Cache), false)
#12 D:\Pegadaian\public\index.php(37): CodeIgniter\CodeIgniter->run()
#13 D:\Pegadaian\vendor\codeigniter4\framework\system\Commands\Server\rewrite.php(43): require_once('D:\\Pegadaian\\pu...')
#14 {main}
ERROR - 2023-07-05 13:11:48 --> Cannot add or update a child row: a foreign key constraint fails (`pegadaian`.`histori`, CONSTRAINT `histori_ibfk_2` FOREIGN KEY (`kode_cabang`) REFERENCES `pinjamangadai` (`kode_pinjaman`))
CRITICAL - 2023-07-05 13:11:48 --> Cannot add or update a child row: a foreign key constraint fails (`pegadaian`.`histori`, CONSTRAINT `histori_ibfk_2` FOREIGN KEY (`kode_cabang`) REFERENCES `pinjamangadai` (`kode_pinjaman`))
#0 D:\Pegadaian\vendor\codeigniter4\framework\system\Database\MySQLi\Connection.php(292): mysqli->query('INSERT INTO `hi...', 0)
#1 D:\Pegadaian\vendor\codeigniter4\framework\system\Database\BaseConnection.php(670): CodeIgniter\Database\MySQLi\Connection->execute('INSERT INTO `hi...')
#2 D:\Pegadaian\vendor\codeigniter4\framework\system\Database\BaseConnection.php(598): CodeIgniter\Database\BaseConnection->simpleQuery('INSERT INTO `hi...')
#3 D:\Pegadaian\vendor\codeigniter4\framework\system\Database\BaseBuilder.php(1759): CodeIgniter\Database\BaseConnection->query('INSERT INTO `hi...', Array, false)
#4 D:\Pegadaian\vendor\codeigniter4\framework\system\Model.php(239): CodeIgniter\Database\BaseBuilder->insert()
#5 D:\Pegadaian\vendor\codeigniter4\framework\system\BaseModel.php(738): CodeIgniter\Model->doInsert(Array)
#6 D:\Pegadaian\vendor\codeigniter4\framework\system\Model.php(620): CodeIgniter\BaseModel->insert(Array, false)
#7 D:\Pegadaian\vendor\codeigniter4\framework\system\BaseModel.php(658): CodeIgniter\Model->insert(Array, false)
#8 D:\Pegadaian\app\Controllers\Pegadaian.php(398): CodeIgniter\BaseModel->save(Array)
#9 D:\Pegadaian\vendor\codeigniter4\framework\system\CodeIgniter.php(824): App\Controllers\Pegadaian->saveTebus()
#10 D:\Pegadaian\vendor\codeigniter4\framework\system\CodeIgniter.php(410): CodeIgniter\CodeIgniter->runController(Object(App\Controllers\Pegadaian))
#11 D:\Pegadaian\vendor\codeigniter4\framework\system\CodeIgniter.php(318): CodeIgniter\CodeIgniter->handleRequest(NULL, Object(Config\Cache), false)
#12 D:\Pegadaian\public\index.php(37): CodeIgniter\CodeIgniter->run()
#13 D:\Pegadaian\vendor\codeigniter4\framework\system\Commands\Server\rewrite.php(43): require_once('D:\\Pegadaian\\pu...')
#14 {main}
ERROR - 2023-07-05 13:12:39 --> Cannot add or update a child row: a foreign key constraint fails (`pegadaian`.`histori`, CONSTRAINT `histori_ibfk_2` FOREIGN KEY (`kode_cabang`) REFERENCES `pinjamangadai` (`kode_pinjaman`))
CRITICAL - 2023-07-05 13:12:39 --> Cannot add or update a child row: a foreign key constraint fails (`pegadaian`.`histori`, CONSTRAINT `histori_ibfk_2` FOREIGN KEY (`kode_cabang`) REFERENCES `pinjamangadai` (`kode_pinjaman`))
#0 D:\Pegadaian\vendor\codeigniter4\framework\system\Database\MySQLi\Connection.php(292): mysqli->query('INSERT INTO `hi...', 0)
#1 D:\Pegadaian\vendor\codeigniter4\framework\system\Database\BaseConnection.php(670): CodeIgniter\Database\MySQLi\Connection->execute('INSERT INTO `hi...')
#2 D:\Pegadaian\vendor\codeigniter4\framework\system\Database\BaseConnection.php(598): CodeIgniter\Database\BaseConnection->simpleQuery('INSERT INTO `hi...')
#3 D:\Pegadaian\vendor\codeigniter4\framework\system\Database\BaseBuilder.php(1759): CodeIgniter\Database\BaseConnection->query('INSERT INTO `hi...', Array, false)
#4 D:\Pegadaian\vendor\codeigniter4\framework\system\Model.php(239): CodeIgniter\Database\BaseBuilder->insert()
#5 D:\Pegadaian\vendor\codeigniter4\framework\system\BaseModel.php(738): CodeIgniter\Model->doInsert(Array)
#6 D:\Pegadaian\vendor\codeigniter4\framework\system\Model.php(620): CodeIgniter\BaseModel->insert(Array, false)
#7 D:\Pegadaian\vendor\codeigniter4\framework\system\BaseModel.php(658): CodeIgniter\Model->insert(Array, false)
#8 D:\Pegadaian\app\Controllers\Pegadaian.php(398): CodeIgniter\BaseModel->save(Array)
#9 D:\Pegadaian\vendor\codeigniter4\framework\system\CodeIgniter.php(824): App\Controllers\Pegadaian->saveTebus()
#10 D:\Pegadaian\vendor\codeigniter4\framework\system\CodeIgniter.php(410): CodeIgniter\CodeIgniter->runController(Object(App\Controllers\Pegadaian))
#11 D:\Pegadaian\vendor\codeigniter4\framework\system\CodeIgniter.php(318): CodeIgniter\CodeIgniter->handleRequest(NULL, Object(Config\Cache), false)
#12 D:\Pegadaian\public\index.php(37): CodeIgniter\CodeIgniter->run()
#13 D:\Pegadaian\vendor\codeigniter4\framework\system\Commands\Server\rewrite.php(43): require_once('D:\\Pegadaian\\pu...')
#14 {main}
ERROR - 2023-07-05 13:13:29 --> Cannot add or update a child row: a foreign key constraint fails (`pegadaian`.`lelang`, CONSTRAINT `lelang_ibfk_1` FOREIGN KEY (`id_barang`) REFERENCES `pinjamangadai` (`id_barang`))
CRITICAL - 2023-07-05 13:13:29 --> Cannot add or update a child row: a foreign key constraint fails (`pegadaian`.`lelang`, CONSTRAINT `lelang_ibfk_1` FOREIGN KEY (`id_barang`) REFERENCES `pinjamangadai` (`id_barang`))
#0 D:\Pegadaian\vendor\codeigniter4\framework\system\Database\MySQLi\Connection.php(292): mysqli->query('INSERT INTO `le...', 0)
#1 D:\Pegadaian\vendor\codeigniter4\framework\system\Database\BaseConnection.php(670): CodeIgniter\Database\MySQLi\Connection->execute('INSERT INTO `le...')
#2 D:\Pegadaian\vendor\codeigniter4\framework\system\Database\BaseConnection.php(598): CodeIgniter\Database\BaseConnection->simpleQuery('INSERT INTO `le...')
#3 D:\Pegadaian\vendor\codeigniter4\framework\system\Database\BaseBuilder.php(1759): CodeIgniter\Database\BaseConnection->query('INSERT INTO `le...', Array, false)
#4 D:\Pegadaian\app\Models\LelangModel.php(27): CodeIgniter\Database\BaseBuilder->insert(Array)
#5 D:\Pegadaian\app\Controllers\Pegadaian.php(549): App\Models\LelangModel->simpan(Array)
#6 D:\Pegadaian\vendor\codeigniter4\framework\system\CodeIgniter.php(824): App\Controllers\Pegadaian->saveLelang()
#7 D:\Pegadaian\vendor\codeigniter4\framework\system\CodeIgniter.php(410): CodeIgniter\CodeIgniter->runController(Object(App\Controllers\Pegadaian))
#8 D:\Pegadaian\vendor\codeigniter4\framework\system\CodeIgniter.php(318): CodeIgniter\CodeIgniter->handleRequest(NULL, Object(Config\Cache), false)
#9 D:\Pegadaian\public\index.php(37): CodeIgniter\CodeIgniter->run()
#10 D:\Pegadaian\vendor\codeigniter4\framework\system\Commands\Server\rewrite.php(43): require_once('D:\\Pegadaian\\pu...')
#11 {main}
ERROR - 2023-07-05 13:13:55 --> Cannot add or update a child row: a foreign key constraint fails (`pegadaian`.`lelang`, CONSTRAINT `lelang_ibfk_1` FOREIGN KEY (`id_barang`) REFERENCES `pinjamangadai` (`id_barang`))
CRITICAL - 2023-07-05 13:13:55 --> Cannot add or update a child row: a foreign key constraint fails (`pegadaian`.`lelang`, CONSTRAINT `lelang_ibfk_1` FOREIGN KEY (`id_barang`) REFERENCES `pinjamangadai` (`id_barang`))
#0 D:\Pegadaian\vendor\codeigniter4\framework\system\Database\MySQLi\Connection.php(292): mysqli->query('INSERT INTO `le...', 0)
#1 D:\Pegadaian\vendor\codeigniter4\framework\system\Database\BaseConnection.php(670): CodeIgniter\Database\MySQLi\Connection->execute('INSERT INTO `le...')
#2 D:\Pegadaian\vendor\codeigniter4\framework\system\Database\BaseConnection.php(598): CodeIgniter\Database\BaseConnection->simpleQuery('INSERT INTO `le...')
#3 D:\Pegadaian\vendor\codeigniter4\framework\system\Database\BaseBuilder.php(1759): CodeIgniter\Database\BaseConnection->query('INSERT INTO `le...', Array, false)
#4 D:\Pegadaian\app\Models\LelangModel.php(27): CodeIgniter\Database\BaseBuilder->insert(Array)
#5 D:\Pegadaian\app\Controllers\Pegadaian.php(549): App\Models\LelangModel->simpan(Array)
#6 D:\Pegadaian\vendor\codeigniter4\framework\system\CodeIgniter.php(824): App\Controllers\Pegadaian->saveLelang()
#7 D:\Pegadaian\vendor\codeigniter4\framework\system\CodeIgniter.php(410): CodeIgniter\CodeIgniter->runController(Object(App\Controllers\Pegadaian))
#8 D:\Pegadaian\vendor\codeigniter4\framework\system\CodeIgniter.php(318): CodeIgniter\CodeIgniter->handleRequest(NULL, Object(Config\Cache), false)
#9 D:\Pegadaian\public\index.php(37): CodeIgniter\CodeIgniter->run()
#10 D:\Pegadaian\vendor\codeigniter4\framework\system\Commands\Server\rewrite.php(43): require_once('D:\\Pegadaian\\pu...')
#11 {main}
