CRITICAL - 2022-02-03 10:21:55 --> Call to undefined function bulan()
#0 C:\Users\ASUS\Documents\su\wp\flobamoragadai\pegadaian\vendor\codeigniter4\framework\system\View\View.php(210): include()
#1 C:\Users\ASUS\Documents\su\wp\flobamoragadai\pegadaian\vendor\codeigniter4\framework\system\View\View.php(213): CodeIgniter\View\View->CodeIgniter\View\{closure}()
#2 C:\Users\ASUS\Documents\su\wp\flobamoragadai\pegadaian\vendor\codeigniter4\framework\system\Common.php(1089): CodeIgniter\View\View->render('nota', Array, true)
#3 C:\Users\ASUS\Documents\su\wp\flobamoragadai\pegadaian\app\Controllers\Pegadaian.php(712): view('nota', Array)
#4 C:\Users\ASUS\Documents\su\wp\flobamoragadai\pegadaian\vendor\codeigniter4\framework\system\CodeIgniter.php(825): App\Controllers\Pegadaian->cetaknota('FG1-450102')
#5 C:\Users\ASUS\Documents\su\wp\flobamoragadai\pegadaian\vendor\codeigniter4\framework\system\CodeIgniter.php(412): CodeIgniter\CodeIgniter->runController(Object(App\Controllers\Pegadaian))
#6 C:\Users\ASUS\Documents\su\wp\flobamoragadai\pegadaian\vendor\codeigniter4\framework\system\CodeIgniter.php(320): CodeIgniter\CodeIgniter->handleRequest(NULL, Object(Config\Cache), false)
#7 C:\Users\ASUS\Documents\su\wp\flobamoragadai\pegadaian\public\index.php(37): CodeIgniter\CodeIgniter->run()
#8 C:\Users\ASUS\Documents\su\wp\flobamoragadai\pegadaian\vendor\codeigniter4\framework\system\Commands\Server\rewrite.php(43): require_once('C:\\Users\\ASUS\\D...')
#9 {main}
CRITICAL - 2022-02-03 11:59:31 --> Cannot use object of type stdClass as array
#0 C:\Users\ASUS\Documents\su\wp\flobamoragadai\pegadaian\vendor\codeigniter4\framework\system\View\View.php(210): include()
#1 C:\Users\ASUS\Documents\su\wp\flobamoragadai\pegadaian\vendor\codeigniter4\framework\system\View\View.php(213): CodeIgniter\View\View->CodeIgniter\View\{closure}()
#2 C:\Users\ASUS\Documents\su\wp\flobamoragadai\pegadaian\vendor\codeigniter4\framework\system\Common.php(1089): CodeIgniter\View\View->render('nota', Array, true)
#3 C:\Users\ASUS\Documents\su\wp\flobamoragadai\pegadaian\app\Controllers\Pegadaian.php(716): view('nota', Array)
#4 C:\Users\ASUS\Documents\su\wp\flobamoragadai\pegadaian\vendor\codeigniter4\framework\system\CodeIgniter.php(825): App\Controllers\Pegadaian->cetaknota('FG1-450102')
#5 C:\Users\ASUS\Documents\su\wp\flobamoragadai\pegadaian\vendor\codeigniter4\framework\system\CodeIgniter.php(412): CodeIgniter\CodeIgniter->runController(Object(App\Controllers\Pegadaian))
#6 C:\Users\ASUS\Documents\su\wp\flobamoragadai\pegadaian\vendor\codeigniter4\framework\system\CodeIgniter.php(320): CodeIgniter\CodeIgniter->handleRequest(NULL, Object(Config\Cache), false)
#7 C:\Users\ASUS\Documents\su\wp\flobamoragadai\pegadaian\public\index.php(37): CodeIgniter\CodeIgniter->run()
#8 C:\Users\ASUS\Documents\su\wp\flobamoragadai\pegadaian\vendor\codeigniter4\framework\system\Commands\Server\rewrite.php(43): require_once('C:\\Users\\ASUS\\D...')
#9 {main}
CRITICAL - 2022-02-03 11:59:51 --> Undefined property: stdClass::$no_telp
#0 C:\Users\ASUS\Documents\su\wp\flobamoragadai\pegadaian\app\Views\nota.php(124): CodeIgniter\Debug\Exceptions->errorHandler(8, 'Undefined prope...', 'C:\\Users\\ASUS\\D...', 124, Array)
#1 C:\Users\ASUS\Documents\su\wp\flobamoragadai\pegadaian\vendor\codeigniter4\framework\system\View\View.php(210): include('C:\\Users\\ASUS\\D...')
#2 C:\Users\ASUS\Documents\su\wp\flobamoragadai\pegadaian\vendor\codeigniter4\framework\system\View\View.php(213): CodeIgniter\View\View->CodeIgniter\View\{closure}()
#3 C:\Users\ASUS\Documents\su\wp\flobamoragadai\pegadaian\vendor\codeigniter4\framework\system\Common.php(1089): CodeIgniter\View\View->render('nota', Array, true)
#4 C:\Users\ASUS\Documents\su\wp\flobamoragadai\pegadaian\app\Controllers\Pegadaian.php(716): view('nota', Array)
#5 C:\Users\ASUS\Documents\su\wp\flobamoragadai\pegadaian\vendor\codeigniter4\framework\system\CodeIgniter.php(825): App\Controllers\Pegadaian->cetaknota('FG1-450102')
#6 C:\Users\ASUS\Documents\su\wp\flobamoragadai\pegadaian\vendor\codeigniter4\framework\system\CodeIgniter.php(412): CodeIgniter\CodeIgniter->runController(Object(App\Controllers\Pegadaian))
#7 C:\Users\ASUS\Documents\su\wp\flobamoragadai\pegadaian\vendor\codeigniter4\framework\system\CodeIgniter.php(320): CodeIgniter\CodeIgniter->handleRequest(NULL, Object(Config\Cache), false)
#8 C:\Users\ASUS\Documents\su\wp\flobamoragadai\pegadaian\public\index.php(37): CodeIgniter\CodeIgniter->run()
#9 C:\Users\ASUS\Documents\su\wp\flobamoragadai\pegadaian\vendor\codeigniter4\framework\system\Commands\Server\rewrite.php(43): require_once('C:\\Users\\ASUS\\D...')
#10 {main}
CRITICAL - 2022-02-03 12:00:22 --> Undefined property: stdClass::$no_telp
#0 C:\Users\ASUS\Documents\su\wp\flobamoragadai\pegadaian\app\Views\nota.php(124): CodeIgniter\Debug\Exceptions->errorHandler(8, 'Undefined prope...', 'C:\\Users\\ASUS\\D...', 124, Array)
#1 C:\Users\ASUS\Documents\su\wp\flobamoragadai\pegadaian\vendor\codeigniter4\framework\system\View\View.php(210): include('C:\\Users\\ASUS\\D...')
#2 C:\Users\ASUS\Documents\su\wp\flobamoragadai\pegadaian\vendor\codeigniter4\framework\system\View\View.php(213): CodeIgniter\View\View->CodeIgniter\View\{closure}()
#3 C:\Users\ASUS\Documents\su\wp\flobamoragadai\pegadaian\vendor\codeigniter4\framework\system\Common.php(1089): CodeIgniter\View\View->render('nota', Array, true)
#4 C:\Users\ASUS\Documents\su\wp\flobamoragadai\pegadaian\app\Controllers\Pegadaian.php(716): view('nota', Array)
#5 C:\Users\ASUS\Documents\su\wp\flobamoragadai\pegadaian\vendor\codeigniter4\framework\system\CodeIgniter.php(825): App\Controllers\Pegadaian->cetaknota('FG1-450102')
#6 C:\Users\ASUS\Documents\su\wp\flobamoragadai\pegadaian\vendor\codeigniter4\framework\system\CodeIgniter.php(412): CodeIgniter\CodeIgniter->runController(Object(App\Controllers\Pegadaian))
#7 C:\Users\ASUS\Documents\su\wp\flobamoragadai\pegadaian\vendor\codeigniter4\framework\system\CodeIgniter.php(320): CodeIgniter\CodeIgniter->handleRequest(NULL, Object(Config\Cache), false)
#8 C:\Users\ASUS\Documents\su\wp\flobamoragadai\pegadaian\public\index.php(37): CodeIgniter\CodeIgniter->run()
#9 C:\Users\ASUS\Documents\su\wp\flobamoragadai\pegadaian\vendor\codeigniter4\framework\system\Commands\Server\rewrite.php(43): require_once('C:\\Users\\ASUS\\D...')
#10 {main}
