ERROR - 2022-01-19 09:04:09 --> Error connecting to the database: No connection could be made because the target machine actively refused it.

CRITICAL - 2022-01-19 09:04:09 --> Unable to connect to the database.
Main connection [MySQLi]: No connection could be made because the target machine actively refused it.

#0 C:\xampp\htdocs\pegadaian\vendor\codeigniter4\framework\system\Database\BaseConnection.php(577): CodeIgniter\Database\BaseConnection->initialize()
#1 C:\xampp\htdocs\pegadaian\vendor\codeigniter4\framework\system\Database\BaseBuilder.php(1443): CodeIgniter\Database\BaseConnection->query('SELECT *\nFROM `...', Array, false)
#2 C:\xampp\htdocs\pegadaian\vendor\codeigniter4\framework\system\Model.php(210): CodeIgniter\Database\BaseBuilder->get()
#3 C:\xampp\htdocs\pegadaian\vendor\codeigniter4\framework\system\BaseModel.php(622): CodeIgniter\Model->doFirst()
#4 C:\xampp\htdocs\pegadaian\app\Controllers\Login.php(30): CodeIgniter\BaseModel->first()
#5 C:\xampp\htdocs\pegadaian\vendor\codeigniter4\framework\system\CodeIgniter.php(824): App\Controllers\Login->login()
#6 C:\xampp\htdocs\pegadaian\vendor\codeigniter4\framework\system\CodeIgniter.php(410): CodeIgniter\CodeIgniter->runController(Object(App\Controllers\Login))
#7 C:\xampp\htdocs\pegadaian\vendor\codeigniter4\framework\system\CodeIgniter.php(318): CodeIgniter\CodeIgniter->handleRequest(NULL, Object(Config\Cache), false)
#8 C:\xampp\htdocs\pegadaian\public\index.php(37): CodeIgniter\CodeIgniter->run()
#9 C:\xampp\htdocs\pegadaian\vendor\codeigniter4\framework\system\Commands\Server\rewrite.php(43): require_once('C:\\xampp\\htdocs...')
#10 {main}
CRITICAL - 2022-01-19 09:19:59 --> Trying to get property 'kode_cabang' of non-object
#0 C:\xampp\htdocs\pegadaian\app\Views\Aturan\dataaturan.php(38): CodeIgniter\Debug\Exceptions->errorHandler(8, 'Trying to get p...', 'C:\\xampp\\htdocs...', 38, Array)
#1 C:\xampp\htdocs\pegadaian\vendor\codeigniter4\framework\system\View\View.php(214): include('C:\\xampp\\htdocs...')
#2 C:\xampp\htdocs\pegadaian\vendor\codeigniter4\framework\system\View\View.php(217): CodeIgniter\View\View->CodeIgniter\View\{closure}()
#3 C:\xampp\htdocs\pegadaian\vendor\codeigniter4\framework\system\Common.php(1097): CodeIgniter\View\View->render('aturan/dataatur...', Array, true)
#4 C:\xampp\htdocs\pegadaian\app\Controllers\Aturan.php(21): view('aturan/dataatur...', Array)
#5 C:\xampp\htdocs\pegadaian\vendor\codeigniter4\framework\system\CodeIgniter.php(824): App\Controllers\Aturan->index()
#6 C:\xampp\htdocs\pegadaian\vendor\codeigniter4\framework\system\CodeIgniter.php(410): CodeIgniter\CodeIgniter->runController(Object(App\Controllers\Aturan))
#7 C:\xampp\htdocs\pegadaian\vendor\codeigniter4\framework\system\CodeIgniter.php(318): CodeIgniter\CodeIgniter->handleRequest(NULL, Object(Config\Cache), false)
#8 C:\xampp\htdocs\pegadaian\public\index.php(37): CodeIgniter\CodeIgniter->run()
#9 C:\xampp\htdocs\pegadaian\vendor\codeigniter4\framework\system\Commands\Server\rewrite.php(43): require_once('C:\\xampp\\htdocs...')
#10 {main}
CRITICAL - 2022-01-19 09:20:23 --> Trying to get property 'bunga' of non-object
#0 C:\xampp\htdocs\pegadaian\app\Views\Aturan\dataaturan.php(37): CodeIgniter\Debug\Exceptions->errorHandler(8, 'Trying to get p...', 'C:\\xampp\\htdocs...', 37, Array)
#1 C:\xampp\htdocs\pegadaian\vendor\codeigniter4\framework\system\View\View.php(214): include('C:\\xampp\\htdocs...')
#2 C:\xampp\htdocs\pegadaian\vendor\codeigniter4\framework\system\View\View.php(217): CodeIgniter\View\View->CodeIgniter\View\{closure}()
#3 C:\xampp\htdocs\pegadaian\vendor\codeigniter4\framework\system\Common.php(1097): CodeIgniter\View\View->render('aturan/dataatur...', Array, true)
#4 C:\xampp\htdocs\pegadaian\app\Controllers\Aturan.php(21): view('aturan/dataatur...', Array)
#5 C:\xampp\htdocs\pegadaian\vendor\codeigniter4\framework\system\CodeIgniter.php(824): App\Controllers\Aturan->index()
#6 C:\xampp\htdocs\pegadaian\vendor\codeigniter4\framework\system\CodeIgniter.php(410): CodeIgniter\CodeIgniter->runController(Object(App\Controllers\Aturan))
#7 C:\xampp\htdocs\pegadaian\vendor\codeigniter4\framework\system\CodeIgniter.php(318): CodeIgniter\CodeIgniter->handleRequest(NULL, Object(Config\Cache), false)
#8 C:\xampp\htdocs\pegadaian\public\index.php(37): CodeIgniter\CodeIgniter->run()
#9 C:\xampp\htdocs\pegadaian\vendor\codeigniter4\framework\system\Commands\Server\rewrite.php(43): require_once('C:\\xampp\\htdocs...')
#10 {main}
CRITICAL - 2022-01-19 09:21:29 --> Trying to get property 'id_peraturan' of non-object
#0 C:\xampp\htdocs\pegadaian\app\Views\Aturan\dataaturan.php(46): CodeIgniter\Debug\Exceptions->errorHandler(8, 'Trying to get p...', 'C:\\xampp\\htdocs...', 46, Array)
#1 C:\xampp\htdocs\pegadaian\vendor\codeigniter4\framework\system\View\View.php(214): include('C:\\xampp\\htdocs...')
#2 C:\xampp\htdocs\pegadaian\vendor\codeigniter4\framework\system\View\View.php(217): CodeIgniter\View\View->CodeIgniter\View\{closure}()
#3 C:\xampp\htdocs\pegadaian\vendor\codeigniter4\framework\system\Common.php(1097): CodeIgniter\View\View->render('aturan/dataatur...', Array, true)
#4 C:\xampp\htdocs\pegadaian\app\Controllers\Aturan.php(21): view('aturan/dataatur...', Array)
#5 C:\xampp\htdocs\pegadaian\vendor\codeigniter4\framework\system\CodeIgniter.php(824): App\Controllers\Aturan->index()
#6 C:\xampp\htdocs\pegadaian\vendor\codeigniter4\framework\system\CodeIgniter.php(410): CodeIgniter\CodeIgniter->runController(Object(App\Controllers\Aturan))
#7 C:\xampp\htdocs\pegadaian\vendor\codeigniter4\framework\system\CodeIgniter.php(318): CodeIgniter\CodeIgniter->handleRequest(NULL, Object(Config\Cache), false)
#8 C:\xampp\htdocs\pegadaian\public\index.php(37): CodeIgniter\CodeIgniter->run()
#9 C:\xampp\htdocs\pegadaian\vendor\codeigniter4\framework\system\Commands\Server\rewrite.php(43): require_once('C:\\xampp\\htdocs...')
#10 {main}
CRITICAL - 2022-01-19 09:21:31 --> Trying to get property 'id_peraturan' of non-object
#0 C:\xampp\htdocs\pegadaian\app\Views\Aturan\dataaturan.php(46): CodeIgniter\Debug\Exceptions->errorHandler(8, 'Trying to get p...', 'C:\\xampp\\htdocs...', 46, Array)
#1 C:\xampp\htdocs\pegadaian\vendor\codeigniter4\framework\system\View\View.php(214): include('C:\\xampp\\htdocs...')
#2 C:\xampp\htdocs\pegadaian\vendor\codeigniter4\framework\system\View\View.php(217): CodeIgniter\View\View->CodeIgniter\View\{closure}()
#3 C:\xampp\htdocs\pegadaian\vendor\codeigniter4\framework\system\Common.php(1097): CodeIgniter\View\View->render('aturan/dataatur...', Array, true)
#4 C:\xampp\htdocs\pegadaian\app\Controllers\Aturan.php(21): view('aturan/dataatur...', Array)
#5 C:\xampp\htdocs\pegadaian\vendor\codeigniter4\framework\system\CodeIgniter.php(824): App\Controllers\Aturan->index()
#6 C:\xampp\htdocs\pegadaian\vendor\codeigniter4\framework\system\CodeIgniter.php(410): CodeIgniter\CodeIgniter->runController(Object(App\Controllers\Aturan))
#7 C:\xampp\htdocs\pegadaian\vendor\codeigniter4\framework\system\CodeIgniter.php(318): CodeIgniter\CodeIgniter->handleRequest(NULL, Object(Config\Cache), false)
#8 C:\xampp\htdocs\pegadaian\public\index.php(37): CodeIgniter\CodeIgniter->run()
#9 C:\xampp\htdocs\pegadaian\vendor\codeigniter4\framework\system\Commands\Server\rewrite.php(43): require_once('C:\\xampp\\htdocs...')
#10 {main}
CRITICAL - 2022-01-19 09:23:37 --> Undefined variable: aturan
#0 C:\xampp\htdocs\pegadaian\app\Views\Aturan\formaturan.php(13): CodeIgniter\Debug\Exceptions->errorHandler(8, 'Undefined varia...', 'C:\\xampp\\htdocs...', 13, Array)
#1 C:\xampp\htdocs\pegadaian\vendor\codeigniter4\framework\system\View\View.php(214): include('C:\\xampp\\htdocs...')
#2 C:\xampp\htdocs\pegadaian\vendor\codeigniter4\framework\system\View\View.php(217): CodeIgniter\View\View->CodeIgniter\View\{closure}()
#3 C:\xampp\htdocs\pegadaian\vendor\codeigniter4\framework\system\Common.php(1097): CodeIgniter\View\View->render('aturan/formatur...', Array, true)
#4 C:\xampp\htdocs\pegadaian\app\Controllers\Aturan.php(30): view('aturan/formatur...', Array)
#5 C:\xampp\htdocs\pegadaian\vendor\codeigniter4\framework\system\CodeIgniter.php(824): App\Controllers\Aturan->create()
#6 C:\xampp\htdocs\pegadaian\vendor\codeigniter4\framework\system\CodeIgniter.php(410): CodeIgniter\CodeIgniter->runController(Object(App\Controllers\Aturan))
#7 C:\xampp\htdocs\pegadaian\vendor\codeigniter4\framework\system\CodeIgniter.php(318): CodeIgniter\CodeIgniter->handleRequest(NULL, Object(Config\Cache), false)
#8 C:\xampp\htdocs\pegadaian\public\index.php(37): CodeIgniter\CodeIgniter->run()
#9 C:\xampp\htdocs\pegadaian\vendor\codeigniter4\framework\system\Commands\Server\rewrite.php(43): require_once('C:\\xampp\\htdocs...')
#10 {main}
CRITICAL - 2022-01-19 09:24:09 --> Undefined index: id_aturan
#0 C:\xampp\htdocs\pegadaian\app\Views\Aturan\formaturan.php(13): CodeIgniter\Debug\Exceptions->errorHandler(8, 'Undefined index...', 'C:\\xampp\\htdocs...', 13, Array)
#1 C:\xampp\htdocs\pegadaian\vendor\codeigniter4\framework\system\View\View.php(214): include('C:\\xampp\\htdocs...')
#2 C:\xampp\htdocs\pegadaian\vendor\codeigniter4\framework\system\View\View.php(217): CodeIgniter\View\View->CodeIgniter\View\{closure}()
#3 C:\xampp\htdocs\pegadaian\vendor\codeigniter4\framework\system\Common.php(1097): CodeIgniter\View\View->render('aturan/formatur...', Array, true)
#4 C:\xampp\htdocs\pegadaian\app\Controllers\Aturan.php(31): view('aturan/formatur...', Array)
#5 C:\xampp\htdocs\pegadaian\vendor\codeigniter4\framework\system\CodeIgniter.php(824): App\Controllers\Aturan->create()
#6 C:\xampp\htdocs\pegadaian\vendor\codeigniter4\framework\system\CodeIgniter.php(410): CodeIgniter\CodeIgniter->runController(Object(App\Controllers\Aturan))
#7 C:\xampp\htdocs\pegadaian\vendor\codeigniter4\framework\system\CodeIgniter.php(318): CodeIgniter\CodeIgniter->handleRequest(NULL, Object(Config\Cache), false)
#8 C:\xampp\htdocs\pegadaian\public\index.php(37): CodeIgniter\CodeIgniter->run()
#9 C:\xampp\htdocs\pegadaian\vendor\codeigniter4\framework\system\Commands\Server\rewrite.php(43): require_once('C:\\xampp\\htdocs...')
#10 {main}
CRITICAL - 2022-01-19 10:56:58 --> Call to undefined method CodeIgniter\Database\MySQLi\Result::get()
#0 C:\xampp\htdocs\pegadaian\app\Controllers\Dashboard.php(35): App\Models\PegadaianModel->sortDate('FG00')
#1 C:\xampp\htdocs\pegadaian\vendor\codeigniter4\framework\system\CodeIgniter.php(824): App\Controllers\Dashboard->index()
#2 C:\xampp\htdocs\pegadaian\vendor\codeigniter4\framework\system\CodeIgniter.php(410): CodeIgniter\CodeIgniter->runController(Object(App\Controllers\Dashboard))
#3 C:\xampp\htdocs\pegadaian\vendor\codeigniter4\framework\system\CodeIgniter.php(318): CodeIgniter\CodeIgniter->handleRequest(NULL, Object(Config\Cache), false)
#4 C:\xampp\htdocs\pegadaian\public\index.php(37): CodeIgniter\CodeIgniter->run()
#5 C:\xampp\htdocs\pegadaian\vendor\codeigniter4\framework\system\Commands\Server\rewrite.php(43): require_once('C:\\xampp\\htdocs...')
#6 {main}
CRITICAL - 2022-01-19 10:57:34 --> Call to a member function countAll() on array
#0 C:\xampp\htdocs\pegadaian\app\Controllers\Dashboard.php(35): App\Models\PegadaianModel->sortDate('FG00')
#1 C:\xampp\htdocs\pegadaian\vendor\codeigniter4\framework\system\CodeIgniter.php(824): App\Controllers\Dashboard->index()
#2 C:\xampp\htdocs\pegadaian\vendor\codeigniter4\framework\system\CodeIgniter.php(410): CodeIgniter\CodeIgniter->runController(Object(App\Controllers\Dashboard))
#3 C:\xampp\htdocs\pegadaian\vendor\codeigniter4\framework\system\CodeIgniter.php(318): CodeIgniter\CodeIgniter->handleRequest(NULL, Object(Config\Cache), false)
#4 C:\xampp\htdocs\pegadaian\public\index.php(37): CodeIgniter\CodeIgniter->run()
#5 C:\xampp\htdocs\pegadaian\vendor\codeigniter4\framework\system\Commands\Server\rewrite.php(43): require_once('C:\\xampp\\htdocs...')
#6 {main}
CRITICAL - 2022-01-19 10:57:44 --> Call to a member function countAll() on array
#0 C:\xampp\htdocs\pegadaian\app\Controllers\Dashboard.php(35): App\Models\PegadaianModel->sortDate('FG00')
#1 C:\xampp\htdocs\pegadaian\vendor\codeigniter4\framework\system\CodeIgniter.php(824): App\Controllers\Dashboard->index()
#2 C:\xampp\htdocs\pegadaian\vendor\codeigniter4\framework\system\CodeIgniter.php(410): CodeIgniter\CodeIgniter->runController(Object(App\Controllers\Dashboard))
#3 C:\xampp\htdocs\pegadaian\vendor\codeigniter4\framework\system\CodeIgniter.php(318): CodeIgniter\CodeIgniter->handleRequest(NULL, Object(Config\Cache), false)
#4 C:\xampp\htdocs\pegadaian\public\index.php(37): CodeIgniter\CodeIgniter->run()
#5 C:\xampp\htdocs\pegadaian\vendor\codeigniter4\framework\system\Commands\Server\rewrite.php(43): require_once('C:\\xampp\\htdocs...')
#6 {main}
CRITICAL - 2022-01-19 10:58:29 --> Call to undefined method CodeIgniter\Database\MySQLi\Result::countAll()
#0 C:\xampp\htdocs\pegadaian\app\Controllers\Dashboard.php(35): App\Models\PegadaianModel->sortDate('FG00')
#1 C:\xampp\htdocs\pegadaian\vendor\codeigniter4\framework\system\CodeIgniter.php(824): App\Controllers\Dashboard->index()
#2 C:\xampp\htdocs\pegadaian\vendor\codeigniter4\framework\system\CodeIgniter.php(410): CodeIgniter\CodeIgniter->runController(Object(App\Controllers\Dashboard))
#3 C:\xampp\htdocs\pegadaian\vendor\codeigniter4\framework\system\CodeIgniter.php(318): CodeIgniter\CodeIgniter->handleRequest(NULL, Object(Config\Cache), false)
#4 C:\xampp\htdocs\pegadaian\public\index.php(37): CodeIgniter\CodeIgniter->run()
#5 C:\xampp\htdocs\pegadaian\vendor\codeigniter4\framework\system\Commands\Server\rewrite.php(43): require_once('C:\\xampp\\htdocs...')
#6 {main}
CRITICAL - 2022-01-19 10:59:35 --> Call to undefined method CodeIgniter\Database\MySQLi\Result::countAll()
#0 C:\xampp\htdocs\pegadaian\app\Controllers\Dashboard.php(35): App\Models\PegadaianModel->sortDate('FG00')
#1 C:\xampp\htdocs\pegadaian\vendor\codeigniter4\framework\system\CodeIgniter.php(824): App\Controllers\Dashboard->index()
#2 C:\xampp\htdocs\pegadaian\vendor\codeigniter4\framework\system\CodeIgniter.php(410): CodeIgniter\CodeIgniter->runController(Object(App\Controllers\Dashboard))
#3 C:\xampp\htdocs\pegadaian\vendor\codeigniter4\framework\system\CodeIgniter.php(318): CodeIgniter\CodeIgniter->handleRequest(NULL, Object(Config\Cache), false)
#4 C:\xampp\htdocs\pegadaian\public\index.php(37): CodeIgniter\CodeIgniter->run()
#5 C:\xampp\htdocs\pegadaian\vendor\codeigniter4\framework\system\Commands\Server\rewrite.php(43): require_once('C:\\xampp\\htdocs...')
#6 {main}
CRITICAL - 2022-01-19 11:00:08 --> Call to undefined method CodeIgniter\Database\MySQLi\Result::countAll()
#0 C:\xampp\htdocs\pegadaian\app\Controllers\Dashboard.php(35): App\Models\PegadaianModel->sortDate('FG00')
#1 C:\xampp\htdocs\pegadaian\vendor\codeigniter4\framework\system\CodeIgniter.php(824): App\Controllers\Dashboard->index()
#2 C:\xampp\htdocs\pegadaian\vendor\codeigniter4\framework\system\CodeIgniter.php(410): CodeIgniter\CodeIgniter->runController(Object(App\Controllers\Dashboard))
#3 C:\xampp\htdocs\pegadaian\vendor\codeigniter4\framework\system\CodeIgniter.php(318): CodeIgniter\CodeIgniter->handleRequest(NULL, Object(Config\Cache), false)
#4 C:\xampp\htdocs\pegadaian\public\index.php(37): CodeIgniter\CodeIgniter->run()
#5 C:\xampp\htdocs\pegadaian\vendor\codeigniter4\framework\system\Commands\Server\rewrite.php(43): require_once('C:\\xampp\\htdocs...')
#6 {main}
CRITICAL - 2022-01-19 11:01:24 --> Call to undefined method CodeIgniter\Database\MySQLi\Result::countAll()
#0 C:\xampp\htdocs\pegadaian\app\Controllers\Dashboard.php(35): App\Models\PegadaianModel->sortDate()
#1 C:\xampp\htdocs\pegadaian\vendor\codeigniter4\framework\system\CodeIgniter.php(824): App\Controllers\Dashboard->index()
#2 C:\xampp\htdocs\pegadaian\vendor\codeigniter4\framework\system\CodeIgniter.php(410): CodeIgniter\CodeIgniter->runController(Object(App\Controllers\Dashboard))
#3 C:\xampp\htdocs\pegadaian\vendor\codeigniter4\framework\system\CodeIgniter.php(318): CodeIgniter\CodeIgniter->handleRequest(NULL, Object(Config\Cache), false)
#4 C:\xampp\htdocs\pegadaian\public\index.php(37): CodeIgniter\CodeIgniter->run()
#5 C:\xampp\htdocs\pegadaian\vendor\codeigniter4\framework\system\Commands\Server\rewrite.php(43): require_once('C:\\xampp\\htdocs...')
#6 {main}
CRITICAL - 2022-01-19 11:01:26 --> Call to undefined method CodeIgniter\Database\MySQLi\Result::countAll()
#0 C:\xampp\htdocs\pegadaian\app\Controllers\Dashboard.php(35): App\Models\PegadaianModel->sortDate()
#1 C:\xampp\htdocs\pegadaian\vendor\codeigniter4\framework\system\CodeIgniter.php(824): App\Controllers\Dashboard->index()
#2 C:\xampp\htdocs\pegadaian\vendor\codeigniter4\framework\system\CodeIgniter.php(410): CodeIgniter\CodeIgniter->runController(Object(App\Controllers\Dashboard))
#3 C:\xampp\htdocs\pegadaian\vendor\codeigniter4\framework\system\CodeIgniter.php(318): CodeIgniter\CodeIgniter->handleRequest(NULL, Object(Config\Cache), false)
#4 C:\xampp\htdocs\pegadaian\public\index.php(37): CodeIgniter\CodeIgniter->run()
#5 C:\xampp\htdocs\pegadaian\vendor\codeigniter4\framework\system\Commands\Server\rewrite.php(43): require_once('C:\\xampp\\htdocs...')
#6 {main}
CRITICAL - 2022-01-19 11:04:51 --> Undefined property: CodeIgniter\Database\MySQLi\Result::$getResultArray
#0 C:\xampp\htdocs\pegadaian\app\Models\PegadaianModel.php(34): CodeIgniter\Debug\Exceptions->errorHandler(8, 'Undefined prope...', 'C:\\xampp\\htdocs...', 34, Array)
#1 C:\xampp\htdocs\pegadaian\app\Controllers\Dashboard.php(35): App\Models\PegadaianModel->sortDate()
#2 C:\xampp\htdocs\pegadaian\vendor\codeigniter4\framework\system\CodeIgniter.php(824): App\Controllers\Dashboard->index()
#3 C:\xampp\htdocs\pegadaian\vendor\codeigniter4\framework\system\CodeIgniter.php(410): CodeIgniter\CodeIgniter->runController(Object(App\Controllers\Dashboard))
#4 C:\xampp\htdocs\pegadaian\vendor\codeigniter4\framework\system\CodeIgniter.php(318): CodeIgniter\CodeIgniter->handleRequest(NULL, Object(Config\Cache), false)
#5 C:\xampp\htdocs\pegadaian\public\index.php(37): CodeIgniter\CodeIgniter->run()
#6 C:\xampp\htdocs\pegadaian\vendor\codeigniter4\framework\system\Commands\Server\rewrite.php(43): require_once('C:\\xampp\\htdocs...')
#7 {main}
CRITICAL - 2022-01-19 11:05:07 --> Call to undefined method CodeIgniter\Database\MySQLi\Result::get()
#0 C:\xampp\htdocs\pegadaian\app\Controllers\Dashboard.php(35): App\Models\PegadaianModel->sortDate()
#1 C:\xampp\htdocs\pegadaian\vendor\codeigniter4\framework\system\CodeIgniter.php(824): App\Controllers\Dashboard->index()
#2 C:\xampp\htdocs\pegadaian\vendor\codeigniter4\framework\system\CodeIgniter.php(410): CodeIgniter\CodeIgniter->runController(Object(App\Controllers\Dashboard))
#3 C:\xampp\htdocs\pegadaian\vendor\codeigniter4\framework\system\CodeIgniter.php(318): CodeIgniter\CodeIgniter->handleRequest(NULL, Object(Config\Cache), false)
#4 C:\xampp\htdocs\pegadaian\public\index.php(37): CodeIgniter\CodeIgniter->run()
#5 C:\xampp\htdocs\pegadaian\vendor\codeigniter4\framework\system\Commands\Server\rewrite.php(43): require_once('C:\\xampp\\htdocs...')
#6 {main}
CRITICAL - 2022-01-19 11:05:37 --> Call to undefined method CodeIgniter\Database\MySQLi\Result::get()
#0 C:\xampp\htdocs\pegadaian\app\Controllers\Dashboard.php(35): App\Models\PegadaianModel->sortDate()
#1 C:\xampp\htdocs\pegadaian\vendor\codeigniter4\framework\system\CodeIgniter.php(824): App\Controllers\Dashboard->index()
#2 C:\xampp\htdocs\pegadaian\vendor\codeigniter4\framework\system\CodeIgniter.php(410): CodeIgniter\CodeIgniter->runController(Object(App\Controllers\Dashboard))
#3 C:\xampp\htdocs\pegadaian\vendor\codeigniter4\framework\system\CodeIgniter.php(318): CodeIgniter\CodeIgniter->handleRequest(NULL, Object(Config\Cache), false)
#4 C:\xampp\htdocs\pegadaian\public\index.php(37): CodeIgniter\CodeIgniter->run()
#5 C:\xampp\htdocs\pegadaian\vendor\codeigniter4\framework\system\Commands\Server\rewrite.php(43): require_once('C:\\xampp\\htdocs...')
#6 {main}
CRITICAL - 2022-01-19 11:07:08 --> Call to a member function countAll() on array
#0 C:\xampp\htdocs\pegadaian\app\Controllers\Dashboard.php(35): App\Models\PegadaianModel->sortDate()
#1 C:\xampp\htdocs\pegadaian\vendor\codeigniter4\framework\system\CodeIgniter.php(824): App\Controllers\Dashboard->index()
#2 C:\xampp\htdocs\pegadaian\vendor\codeigniter4\framework\system\CodeIgniter.php(410): CodeIgniter\CodeIgniter->runController(Object(App\Controllers\Dashboard))
#3 C:\xampp\htdocs\pegadaian\vendor\codeigniter4\framework\system\CodeIgniter.php(318): CodeIgniter\CodeIgniter->handleRequest(NULL, Object(Config\Cache), false)
#4 C:\xampp\htdocs\pegadaian\public\index.php(37): CodeIgniter\CodeIgniter->run()
#5 C:\xampp\htdocs\pegadaian\vendor\codeigniter4\framework\system\Commands\Server\rewrite.php(43): require_once('C:\\xampp\\htdocs...')
#6 {main}
CRITICAL - 2022-01-19 11:07:21 --> Call to a member function count() on array
#0 C:\xampp\htdocs\pegadaian\app\Controllers\Dashboard.php(35): App\Models\PegadaianModel->sortDate()
#1 C:\xampp\htdocs\pegadaian\vendor\codeigniter4\framework\system\CodeIgniter.php(824): App\Controllers\Dashboard->index()
#2 C:\xampp\htdocs\pegadaian\vendor\codeigniter4\framework\system\CodeIgniter.php(410): CodeIgniter\CodeIgniter->runController(Object(App\Controllers\Dashboard))
#3 C:\xampp\htdocs\pegadaian\vendor\codeigniter4\framework\system\CodeIgniter.php(318): CodeIgniter\CodeIgniter->handleRequest(NULL, Object(Config\Cache), false)
#4 C:\xampp\htdocs\pegadaian\public\index.php(37): CodeIgniter\CodeIgniter->run()
#5 C:\xampp\htdocs\pegadaian\vendor\codeigniter4\framework\system\Commands\Server\rewrite.php(43): require_once('C:\\xampp\\htdocs...')
#6 {main}
CRITICAL - 2022-01-19 11:08:22 --> Call to a member function countAllResults() on array
#0 C:\xampp\htdocs\pegadaian\app\Controllers\Dashboard.php(35): App\Models\PegadaianModel->sortDate()
#1 C:\xampp\htdocs\pegadaian\vendor\codeigniter4\framework\system\CodeIgniter.php(824): App\Controllers\Dashboard->index()
#2 C:\xampp\htdocs\pegadaian\vendor\codeigniter4\framework\system\CodeIgniter.php(410): CodeIgniter\CodeIgniter->runController(Object(App\Controllers\Dashboard))
#3 C:\xampp\htdocs\pegadaian\vendor\codeigniter4\framework\system\CodeIgniter.php(318): CodeIgniter\CodeIgniter->handleRequest(NULL, Object(Config\Cache), false)
#4 C:\xampp\htdocs\pegadaian\public\index.php(37): CodeIgniter\CodeIgniter->run()
#5 C:\xampp\htdocs\pegadaian\vendor\codeigniter4\framework\system\Commands\Server\rewrite.php(43): require_once('C:\\xampp\\htdocs...')
#6 {main}
CRITICAL - 2022-01-19 11:08:42 --> Call to a member function countAll() on array
#0 C:\xampp\htdocs\pegadaian\app\Controllers\Dashboard.php(35): App\Models\PegadaianModel->sortDate()
#1 C:\xampp\htdocs\pegadaian\vendor\codeigniter4\framework\system\CodeIgniter.php(824): App\Controllers\Dashboard->index()
#2 C:\xampp\htdocs\pegadaian\vendor\codeigniter4\framework\system\CodeIgniter.php(410): CodeIgniter\CodeIgniter->runController(Object(App\Controllers\Dashboard))
#3 C:\xampp\htdocs\pegadaian\vendor\codeigniter4\framework\system\CodeIgniter.php(318): CodeIgniter\CodeIgniter->handleRequest(NULL, Object(Config\Cache), false)
#4 C:\xampp\htdocs\pegadaian\public\index.php(37): CodeIgniter\CodeIgniter->run()
#5 C:\xampp\htdocs\pegadaian\vendor\codeigniter4\framework\system\Commands\Server\rewrite.php(43): require_once('C:\\xampp\\htdocs...')
#6 {main}
CRITICAL - 2022-01-19 11:11:06 --> Call to a member function countAll() on array
#0 C:\xampp\htdocs\pegadaian\app\Controllers\Dashboard.php(35): App\Models\PegadaianModel->sortDate('FG00')
#1 C:\xampp\htdocs\pegadaian\vendor\codeigniter4\framework\system\CodeIgniter.php(824): App\Controllers\Dashboard->index()
#2 C:\xampp\htdocs\pegadaian\vendor\codeigniter4\framework\system\CodeIgniter.php(410): CodeIgniter\CodeIgniter->runController(Object(App\Controllers\Dashboard))
#3 C:\xampp\htdocs\pegadaian\vendor\codeigniter4\framework\system\CodeIgniter.php(318): CodeIgniter\CodeIgniter->handleRequest(NULL, Object(Config\Cache), false)
#4 C:\xampp\htdocs\pegadaian\public\index.php(37): CodeIgniter\CodeIgniter->run()
#5 C:\xampp\htdocs\pegadaian\vendor\codeigniter4\framework\system\Commands\Server\rewrite.php(43): require_once('C:\\xampp\\htdocs...')
#6 {main}
CRITICAL - 2022-01-19 11:11:15 --> Call to a member function countAll() on array
#0 C:\xampp\htdocs\pegadaian\app\Controllers\Dashboard.php(35): App\Models\PegadaianModel->sortDate('FG00')
#1 C:\xampp\htdocs\pegadaian\vendor\codeigniter4\framework\system\CodeIgniter.php(824): App\Controllers\Dashboard->index()
#2 C:\xampp\htdocs\pegadaian\vendor\codeigniter4\framework\system\CodeIgniter.php(410): CodeIgniter\CodeIgniter->runController(Object(App\Controllers\Dashboard))
#3 C:\xampp\htdocs\pegadaian\vendor\codeigniter4\framework\system\CodeIgniter.php(318): CodeIgniter\CodeIgniter->handleRequest(NULL, Object(Config\Cache), false)
#4 C:\xampp\htdocs\pegadaian\public\index.php(37): CodeIgniter\CodeIgniter->run()
#5 C:\xampp\htdocs\pegadaian\vendor\codeigniter4\framework\system\Commands\Server\rewrite.php(43): require_once('C:\\xampp\\htdocs...')
#6 {main}
CRITICAL - 2022-01-19 11:24:40 --> Object of class CodeIgniter\Database\MySQLi\Result could not be converted to string
#0 C:\xampp\htdocs\pegadaian\vendor\codeigniter4\framework\system\View\View.php(214): include()
#1 C:\xampp\htdocs\pegadaian\vendor\codeigniter4\framework\system\View\View.php(217): CodeIgniter\View\View->CodeIgniter\View\{closure}()
#2 C:\xampp\htdocs\pegadaian\vendor\codeigniter4\framework\system\Common.php(1097): CodeIgniter\View\View->render('dashboard/homep...', Array, true)
#3 C:\xampp\htdocs\pegadaian\app\Controllers\Dashboard.php(47): view('dashboard/homep...', Array)
#4 C:\xampp\htdocs\pegadaian\vendor\codeigniter4\framework\system\CodeIgniter.php(824): App\Controllers\Dashboard->index()
#5 C:\xampp\htdocs\pegadaian\vendor\codeigniter4\framework\system\CodeIgniter.php(410): CodeIgniter\CodeIgniter->runController(Object(App\Controllers\Dashboard))
#6 C:\xampp\htdocs\pegadaian\vendor\codeigniter4\framework\system\CodeIgniter.php(318): CodeIgniter\CodeIgniter->handleRequest(NULL, Object(Config\Cache), false)
#7 C:\xampp\htdocs\pegadaian\public\index.php(37): CodeIgniter\CodeIgniter->run()
#8 C:\xampp\htdocs\pegadaian\vendor\codeigniter4\framework\system\Commands\Server\rewrite.php(43): require_once('C:\\xampp\\htdocs...')
#9 {main}
CRITICAL - 2022-01-19 11:28:05 --> count(): Parameter must be an array or an object that implements Countable
#0 [internal function]: CodeIgniter\Debug\Exceptions->errorHandler(2, 'count(): Parame...', 'C:\\xampp\\htdocs...', 38, Array)
#1 C:\xampp\htdocs\pegadaian\app\Models\PegadaianModel.php(38): count(Object(stdClass))
#2 C:\xampp\htdocs\pegadaian\app\Controllers\Dashboard.php(35): App\Models\PegadaianModel->sortDate('FG02')
#3 C:\xampp\htdocs\pegadaian\vendor\codeigniter4\framework\system\CodeIgniter.php(824): App\Controllers\Dashboard->index()
#4 C:\xampp\htdocs\pegadaian\vendor\codeigniter4\framework\system\CodeIgniter.php(410): CodeIgniter\CodeIgniter->runController(Object(App\Controllers\Dashboard))
#5 C:\xampp\htdocs\pegadaian\vendor\codeigniter4\framework\system\CodeIgniter.php(318): CodeIgniter\CodeIgniter->handleRequest(NULL, Object(Config\Cache), false)
#6 C:\xampp\htdocs\pegadaian\public\index.php(37): CodeIgniter\CodeIgniter->run()
#7 C:\xampp\htdocs\pegadaian\vendor\codeigniter4\framework\system\Commands\Server\rewrite.php(43): require_once('C:\\xampp\\htdocs...')
#8 {main}
CRITICAL - 2022-01-19 11:28:50 --> Array to string conversion
#0 C:\xampp\htdocs\pegadaian\app\Views\Dashboard\homepage.php(142): CodeIgniter\Debug\Exceptions->errorHandler(8, 'Array to string...', 'C:\\xampp\\htdocs...', 142, Array)
#1 C:\xampp\htdocs\pegadaian\vendor\codeigniter4\framework\system\View\View.php(214): include('C:\\xampp\\htdocs...')
#2 C:\xampp\htdocs\pegadaian\vendor\codeigniter4\framework\system\View\View.php(217): CodeIgniter\View\View->CodeIgniter\View\{closure}()
#3 C:\xampp\htdocs\pegadaian\vendor\codeigniter4\framework\system\Common.php(1097): CodeIgniter\View\View->render('dashboard/homep...', Array, true)
#4 C:\xampp\htdocs\pegadaian\app\Controllers\Dashboard.php(47): view('dashboard/homep...', Array)
#5 C:\xampp\htdocs\pegadaian\vendor\codeigniter4\framework\system\CodeIgniter.php(824): App\Controllers\Dashboard->index()
#6 C:\xampp\htdocs\pegadaian\vendor\codeigniter4\framework\system\CodeIgniter.php(410): CodeIgniter\CodeIgniter->runController(Object(App\Controllers\Dashboard))
#7 C:\xampp\htdocs\pegadaian\vendor\codeigniter4\framework\system\CodeIgniter.php(318): CodeIgniter\CodeIgniter->handleRequest(NULL, Object(Config\Cache), false)
#8 C:\xampp\htdocs\pegadaian\public\index.php(37): CodeIgniter\CodeIgniter->run()
#9 C:\xampp\htdocs\pegadaian\vendor\codeigniter4\framework\system\Commands\Server\rewrite.php(43): require_once('C:\\xampp\\htdocs...')
#10 {main}
CRITICAL - 2022-01-19 13:01:11 --> Undefined offset: 0
#0 C:\xampp\htdocs\pegadaian\app\Controllers\Saldo.php(27): CodeIgniter\Debug\Exceptions->errorHandler(8, 'Undefined offse...', 'C:\\xampp\\htdocs...', 27, Array)
#1 C:\xampp\htdocs\pegadaian\vendor\codeigniter4\framework\system\CodeIgniter.php(824): App\Controllers\Saldo->index()
#2 C:\xampp\htdocs\pegadaian\vendor\codeigniter4\framework\system\CodeIgniter.php(410): CodeIgniter\CodeIgniter->runController(Object(App\Controllers\Saldo))
#3 C:\xampp\htdocs\pegadaian\vendor\codeigniter4\framework\system\CodeIgniter.php(318): CodeIgniter\CodeIgniter->handleRequest(NULL, Object(Config\Cache), false)
#4 C:\xampp\htdocs\pegadaian\public\index.php(37): CodeIgniter\CodeIgniter->run()
#5 C:\xampp\htdocs\pegadaian\vendor\codeigniter4\framework\system\Commands\Server\rewrite.php(43): require_once('C:\\xampp\\htdocs...')
#6 {main}
CRITICAL - 2022-01-19 13:01:30 --> Undefined offset: 0
#0 C:\xampp\htdocs\pegadaian\app\Controllers\Saldo.php(27): CodeIgniter\Debug\Exceptions->errorHandler(8, 'Undefined offse...', 'C:\\xampp\\htdocs...', 27, Array)
#1 C:\xampp\htdocs\pegadaian\vendor\codeigniter4\framework\system\CodeIgniter.php(824): App\Controllers\Saldo->index()
#2 C:\xampp\htdocs\pegadaian\vendor\codeigniter4\framework\system\CodeIgniter.php(410): CodeIgniter\CodeIgniter->runController(Object(App\Controllers\Saldo))
#3 C:\xampp\htdocs\pegadaian\vendor\codeigniter4\framework\system\CodeIgniter.php(318): CodeIgniter\CodeIgniter->handleRequest(NULL, Object(Config\Cache), false)
#4 C:\xampp\htdocs\pegadaian\public\index.php(37): CodeIgniter\CodeIgniter->run()
#5 C:\xampp\htdocs\pegadaian\vendor\codeigniter4\framework\system\Commands\Server\rewrite.php(43): require_once('C:\\xampp\\htdocs...')
#6 {main}
CRITICAL - 2022-01-19 13:04:43 --> Undefined offset: 0
#0 C:\xampp\htdocs\pegadaian\app\Models\PegadaianModel.php(46): CodeIgniter\Debug\Exceptions->errorHandler(8, 'Undefined offse...', 'C:\\xampp\\htdocs...', 46, Array)
#1 C:\xampp\htdocs\pegadaian\app\Controllers\Pegadaian.php(59): App\Models\PegadaianModel->create_kode_pinjaman('FG01')
#2 C:\xampp\htdocs\pegadaian\vendor\codeigniter4\framework\system\CodeIgniter.php(824): App\Controllers\Pegadaian->create()
#3 C:\xampp\htdocs\pegadaian\vendor\codeigniter4\framework\system\CodeIgniter.php(410): CodeIgniter\CodeIgniter->runController(Object(App\Controllers\Pegadaian))
#4 C:\xampp\htdocs\pegadaian\vendor\codeigniter4\framework\system\CodeIgniter.php(318): CodeIgniter\CodeIgniter->handleRequest(NULL, Object(Config\Cache), false)
#5 C:\xampp\htdocs\pegadaian\public\index.php(37): CodeIgniter\CodeIgniter->run()
#6 C:\xampp\htdocs\pegadaian\vendor\codeigniter4\framework\system\Commands\Server\rewrite.php(43): require_once('C:\\xampp\\htdocs...')
#7 {main}
CRITICAL - 2022-01-19 13:05:10 --> Undefined offset: 0
#0 C:\xampp\htdocs\pegadaian\app\Models\PegadaianModel.php(46): CodeIgniter\Debug\Exceptions->errorHandler(8, 'Undefined offse...', 'C:\\xampp\\htdocs...', 46, Array)
#1 C:\xampp\htdocs\pegadaian\app\Controllers\Pegadaian.php(59): App\Models\PegadaianModel->create_kode_pinjaman('FG01')
#2 C:\xampp\htdocs\pegadaian\vendor\codeigniter4\framework\system\CodeIgniter.php(824): App\Controllers\Pegadaian->create()
#3 C:\xampp\htdocs\pegadaian\vendor\codeigniter4\framework\system\CodeIgniter.php(410): CodeIgniter\CodeIgniter->runController(Object(App\Controllers\Pegadaian))
#4 C:\xampp\htdocs\pegadaian\vendor\codeigniter4\framework\system\CodeIgniter.php(318): CodeIgniter\CodeIgniter->handleRequest(NULL, Object(Config\Cache), false)
#5 C:\xampp\htdocs\pegadaian\public\index.php(37): CodeIgniter\CodeIgniter->run()
#6 C:\xampp\htdocs\pegadaian\vendor\codeigniter4\framework\system\Commands\Server\rewrite.php(43): require_once('C:\\xampp\\htdocs...')
#7 {main}
CRITICAL - 2022-01-19 13:05:39 --> Undefined offset: 0
#0 C:\xampp\htdocs\pegadaian\app\Models\PegadaianModel.php(46): CodeIgniter\Debug\Exceptions->errorHandler(8, 'Undefined offse...', 'C:\\xampp\\htdocs...', 46, Array)
#1 C:\xampp\htdocs\pegadaian\app\Controllers\Pegadaian.php(59): App\Models\PegadaianModel->create_kode_pinjaman('FG01')
#2 C:\xampp\htdocs\pegadaian\vendor\codeigniter4\framework\system\CodeIgniter.php(824): App\Controllers\Pegadaian->create()
#3 C:\xampp\htdocs\pegadaian\vendor\codeigniter4\framework\system\CodeIgniter.php(410): CodeIgniter\CodeIgniter->runController(Object(App\Controllers\Pegadaian))
#4 C:\xampp\htdocs\pegadaian\vendor\codeigniter4\framework\system\CodeIgniter.php(318): CodeIgniter\CodeIgniter->handleRequest(NULL, Object(Config\Cache), false)
#5 C:\xampp\htdocs\pegadaian\public\index.php(37): CodeIgniter\CodeIgniter->run()
#6 C:\xampp\htdocs\pegadaian\vendor\codeigniter4\framework\system\Commands\Server\rewrite.php(43): require_once('C:\\xampp\\htdocs...')
#7 {main}
CRITICAL - 2022-01-19 13:07:15 --> Undefined index: id_aturan
#0 C:\xampp\htdocs\pegadaian\app\Views\Aturan\edit.php(13): CodeIgniter\Debug\Exceptions->errorHandler(8, 'Undefined index...', 'C:\\xampp\\htdocs...', 13, Array)
#1 C:\xampp\htdocs\pegadaian\vendor\codeigniter4\framework\system\View\View.php(214): include('C:\\xampp\\htdocs...')
#2 C:\xampp\htdocs\pegadaian\vendor\codeigniter4\framework\system\View\View.php(217): CodeIgniter\View\View->CodeIgniter\View\{closure}()
#3 C:\xampp\htdocs\pegadaian\vendor\codeigniter4\framework\system\Common.php(1097): CodeIgniter\View\View->render('aturan/edit', Array, true)
#4 C:\xampp\htdocs\pegadaian\app\Controllers\Aturan.php(75): view('aturan/edit', Array)
#5 C:\xampp\htdocs\pegadaian\vendor\codeigniter4\framework\system\CodeIgniter.php(824): App\Controllers\Aturan->edit('4')
#6 C:\xampp\htdocs\pegadaian\vendor\codeigniter4\framework\system\CodeIgniter.php(410): CodeIgniter\CodeIgniter->runController(Object(App\Controllers\Aturan))
#7 C:\xampp\htdocs\pegadaian\vendor\codeigniter4\framework\system\CodeIgniter.php(318): CodeIgniter\CodeIgniter->handleRequest(NULL, Object(Config\Cache), false)
#8 C:\xampp\htdocs\pegadaian\public\index.php(37): CodeIgniter\CodeIgniter->run()
#9 C:\xampp\htdocs\pegadaian\vendor\codeigniter4\framework\system\Commands\Server\rewrite.php(43): require_once('C:\\xampp\\htdocs...')
#10 {main}
CRITICAL - 2022-01-19 13:43:16 --> Cannot use object of type stdClass as array
#0 C:\xampp\htdocs\pegadaian\vendor\codeigniter4\framework\system\View\View.php(214): include()
#1 C:\xampp\htdocs\pegadaian\vendor\codeigniter4\framework\system\View\View.php(217): CodeIgniter\View\View->CodeIgniter\View\{closure}()
#2 C:\xampp\htdocs\pegadaian\vendor\codeigniter4\framework\system\Common.php(1097): CodeIgniter\View\View->render('pegadaian/formg...', Array, true)
#3 C:\xampp\htdocs\pegadaian\app\Controllers\Pegadaian.php(76): view('pegadaian/formg...', Array)
#4 C:\xampp\htdocs\pegadaian\vendor\codeigniter4\framework\system\CodeIgniter.php(824): App\Controllers\Pegadaian->create()
#5 C:\xampp\htdocs\pegadaian\vendor\codeigniter4\framework\system\CodeIgniter.php(410): CodeIgniter\CodeIgniter->runController(Object(App\Controllers\Pegadaian))
#6 C:\xampp\htdocs\pegadaian\vendor\codeigniter4\framework\system\CodeIgniter.php(318): CodeIgniter\CodeIgniter->handleRequest(NULL, Object(Config\Cache), false)
#7 C:\xampp\htdocs\pegadaian\public\index.php(37): CodeIgniter\CodeIgniter->run()
#8 C:\xampp\htdocs\pegadaian\vendor\codeigniter4\framework\system\Commands\Server\rewrite.php(43): require_once('C:\\xampp\\htdocs...')
#9 {main}
CRITICAL - 2022-01-19 13:49:13 --> Undefined variable: aturan
#0 C:\xampp\htdocs\pegadaian\app\Views\Pegadaian\edit.php(76): CodeIgniter\Debug\Exceptions->errorHandler(8, 'Undefined varia...', 'C:\\xampp\\htdocs...', 76, Array)
#1 C:\xampp\htdocs\pegadaian\vendor\codeigniter4\framework\system\View\View.php(214): include('C:\\xampp\\htdocs...')
#2 C:\xampp\htdocs\pegadaian\vendor\codeigniter4\framework\system\View\View.php(217): CodeIgniter\View\View->CodeIgniter\View\{closure}()
#3 C:\xampp\htdocs\pegadaian\vendor\codeigniter4\framework\system\Common.php(1097): CodeIgniter\View\View->render('pegadaian/edit', Array, true)
#4 C:\xampp\htdocs\pegadaian\app\Controllers\Pegadaian.php(306): view('pegadaian/edit', Array)
#5 C:\xampp\htdocs\pegadaian\vendor\codeigniter4\framework\system\CodeIgniter.php(824): App\Controllers\Pegadaian->edit('CB01-11901')
#6 C:\xampp\htdocs\pegadaian\vendor\codeigniter4\framework\system\CodeIgniter.php(410): CodeIgniter\CodeIgniter->runController(Object(App\Controllers\Pegadaian))
#7 C:\xampp\htdocs\pegadaian\vendor\codeigniter4\framework\system\CodeIgniter.php(318): CodeIgniter\CodeIgniter->handleRequest(NULL, Object(Config\Cache), false)
#8 C:\xampp\htdocs\pegadaian\public\index.php(37): CodeIgniter\CodeIgniter->run()
#9 C:\xampp\htdocs\pegadaian\vendor\codeigniter4\framework\system\Commands\Server\rewrite.php(43): require_once('C:\\xampp\\htdocs...')
#10 {main}
CRITICAL - 2022-01-19 13:52:17 --> A non well formed numeric value encountered
#0 C:\xampp\htdocs\pegadaian\app\Controllers\Pegadaian.php(393): CodeIgniter\Debug\Exceptions->errorHandler(8, 'A non well form...', 'C:\\xampp\\htdocs...', 393, Array)
#1 C:\xampp\htdocs\pegadaian\vendor\codeigniter4\framework\system\CodeIgniter.php(824): App\Controllers\Pegadaian->update('CB01-11901')
#2 C:\xampp\htdocs\pegadaian\vendor\codeigniter4\framework\system\CodeIgniter.php(410): CodeIgniter\CodeIgniter->runController(Object(App\Controllers\Pegadaian))
#3 C:\xampp\htdocs\pegadaian\vendor\codeigniter4\framework\system\CodeIgniter.php(318): CodeIgniter\CodeIgniter->handleRequest(NULL, Object(Config\Cache), false)
#4 C:\xampp\htdocs\pegadaian\public\index.php(37): CodeIgniter\CodeIgniter->run()
#5 C:\xampp\htdocs\pegadaian\vendor\codeigniter4\framework\system\Commands\Server\rewrite.php(43): require_once('C:\\xampp\\htdocs...')
#6 {main}
CRITICAL - 2022-01-19 14:10:07 --> Only variables should be passed by reference
#0 C:\xampp\htdocs\pegadaian\app\Controllers\Saldo.php(50): CodeIgniter\Debug\Exceptions->errorHandler(8, 'Only variables ...', 'C:\\xampp\\htdocs...', 50, Array)
#1 C:\xampp\htdocs\pegadaian\vendor\codeigniter4\framework\system\CodeIgniter.php(824): App\Controllers\Saldo->save()
#2 C:\xampp\htdocs\pegadaian\vendor\codeigniter4\framework\system\CodeIgniter.php(410): CodeIgniter\CodeIgniter->runController(Object(App\Controllers\Saldo))
#3 C:\xampp\htdocs\pegadaian\vendor\codeigniter4\framework\system\CodeIgniter.php(318): CodeIgniter\CodeIgniter->handleRequest(NULL, Object(Config\Cache), false)
#4 C:\xampp\htdocs\pegadaian\public\index.php(37): CodeIgniter\CodeIgniter->run()
#5 C:\xampp\htdocs\pegadaian\vendor\codeigniter4\framework\system\Commands\Server\rewrite.php(43): require_once('C:\\xampp\\htdocs...')
#6 {main}
ERROR - 2022-01-19 16:14:57 --> Unknown column 'tgl_gadai' in 'order clause'
CRITICAL - 2022-01-19 16:14:57 --> Unknown column 'tgl_gadai' in 'order clause'
#0 C:\xampp\htdocs\pegadaian\vendor\codeigniter4\framework\system\Database\MySQLi\Connection.php(292): mysqli->query('SELECT *\nFROM `...', 0)
#1 C:\xampp\htdocs\pegadaian\vendor\codeigniter4\framework\system\Database\BaseConnection.php(670): CodeIgniter\Database\MySQLi\Connection->execute('SELECT *\nFROM `...')
#2 C:\xampp\htdocs\pegadaian\vendor\codeigniter4\framework\system\Database\BaseConnection.php(598): CodeIgniter\Database\BaseConnection->simpleQuery('SELECT *\nFROM `...')
#3 C:\xampp\htdocs\pegadaian\vendor\codeigniter4\framework\system\Database\BaseBuilder.php(1443): CodeIgniter\Database\BaseConnection->query('SELECT *\nFROM `...', Array, false)
#4 C:\xampp\htdocs\pegadaian\app\Models\IniModel.php(55): CodeIgniter\Database\BaseBuilder->get()
#5 C:\xampp\htdocs\pegadaian\app\Controllers\Dashboard.php(59): App\Models\IniModel->get_datatables()
#6 C:\xampp\htdocs\pegadaian\vendor\codeigniter4\framework\system\CodeIgniter.php(824): App\Controllers\Dashboard->myTable()
#7 C:\xampp\htdocs\pegadaian\vendor\codeigniter4\framework\system\CodeIgniter.php(410): CodeIgniter\CodeIgniter->runController(Object(App\Controllers\Dashboard))
#8 C:\xampp\htdocs\pegadaian\vendor\codeigniter4\framework\system\CodeIgniter.php(318): CodeIgniter\CodeIgniter->handleRequest(NULL, Object(Config\Cache), false)
#9 C:\xampp\htdocs\pegadaian\public\index.php(37): CodeIgniter\CodeIgniter->run()
#10 C:\xampp\htdocs\pegadaian\vendor\codeigniter4\framework\system\Commands\Server\rewrite.php(43): require_once('C:\\xampp\\htdocs...')
#11 {main}
ERROR - 2022-01-19 16:15:05 --> Unknown column 'tgl_gadai' in 'order clause'
CRITICAL - 2022-01-19 16:15:05 --> Unknown column 'tgl_gadai' in 'order clause'
#0 C:\xampp\htdocs\pegadaian\vendor\codeigniter4\framework\system\Database\MySQLi\Connection.php(292): mysqli->query('SELECT *\nFROM `...', 0)
#1 C:\xampp\htdocs\pegadaian\vendor\codeigniter4\framework\system\Database\BaseConnection.php(670): CodeIgniter\Database\MySQLi\Connection->execute('SELECT *\nFROM `...')
#2 C:\xampp\htdocs\pegadaian\vendor\codeigniter4\framework\system\Database\BaseConnection.php(598): CodeIgniter\Database\BaseConnection->simpleQuery('SELECT *\nFROM `...')
#3 C:\xampp\htdocs\pegadaian\vendor\codeigniter4\framework\system\Database\BaseBuilder.php(1443): CodeIgniter\Database\BaseConnection->query('SELECT *\nFROM `...', Array, false)
#4 C:\xampp\htdocs\pegadaian\app\Models\IniModel.php(55): CodeIgniter\Database\BaseBuilder->get()
#5 C:\xampp\htdocs\pegadaian\app\Controllers\Dashboard.php(59): App\Models\IniModel->get_datatables()
#6 C:\xampp\htdocs\pegadaian\vendor\codeigniter4\framework\system\CodeIgniter.php(824): App\Controllers\Dashboard->myTable()
#7 C:\xampp\htdocs\pegadaian\vendor\codeigniter4\framework\system\CodeIgniter.php(410): CodeIgniter\CodeIgniter->runController(Object(App\Controllers\Dashboard))
#8 C:\xampp\htdocs\pegadaian\vendor\codeigniter4\framework\system\CodeIgniter.php(318): CodeIgniter\CodeIgniter->handleRequest(NULL, Object(Config\Cache), false)
#9 C:\xampp\htdocs\pegadaian\public\index.php(37): CodeIgniter\CodeIgniter->run()
#10 C:\xampp\htdocs\pegadaian\vendor\codeigniter4\framework\system\Commands\Server\rewrite.php(43): require_once('C:\\xampp\\htdocs...')
#11 {main}
ERROR - 2022-01-19 16:17:58 --> Unknown column 'tgl_gadai' in 'order clause'
CRITICAL - 2022-01-19 16:17:58 --> Unknown column 'tgl_gadai' in 'order clause'
#0 C:\xampp\htdocs\pegadaian\vendor\codeigniter4\framework\system\Database\MySQLi\Connection.php(292): mysqli->query('SELECT *\nFROM `...', 0)
#1 C:\xampp\htdocs\pegadaian\vendor\codeigniter4\framework\system\Database\BaseConnection.php(670): CodeIgniter\Database\MySQLi\Connection->execute('SELECT *\nFROM `...')
#2 C:\xampp\htdocs\pegadaian\vendor\codeigniter4\framework\system\Database\BaseConnection.php(598): CodeIgniter\Database\BaseConnection->simpleQuery('SELECT *\nFROM `...')
#3 C:\xampp\htdocs\pegadaian\vendor\codeigniter4\framework\system\Database\BaseBuilder.php(1443): CodeIgniter\Database\BaseConnection->query('SELECT *\nFROM `...', Array, false)
#4 C:\xampp\htdocs\pegadaian\app\Models\IniModel.php(55): CodeIgniter\Database\BaseBuilder->get()
#5 C:\xampp\htdocs\pegadaian\app\Controllers\Dashboard.php(59): App\Models\IniModel->get_datatables()
#6 C:\xampp\htdocs\pegadaian\vendor\codeigniter4\framework\system\CodeIgniter.php(824): App\Controllers\Dashboard->myTable()
#7 C:\xampp\htdocs\pegadaian\vendor\codeigniter4\framework\system\CodeIgniter.php(410): CodeIgniter\CodeIgniter->runController(Object(App\Controllers\Dashboard))
#8 C:\xampp\htdocs\pegadaian\vendor\codeigniter4\framework\system\CodeIgniter.php(318): CodeIgniter\CodeIgniter->handleRequest(NULL, Object(Config\Cache), false)
#9 C:\xampp\htdocs\pegadaian\public\index.php(37): CodeIgniter\CodeIgniter->run()
#10 C:\xampp\htdocs\pegadaian\vendor\codeigniter4\framework\system\Commands\Server\rewrite.php(43): require_once('C:\\xampp\\htdocs...')
#11 {main}
CRITICAL - 2022-01-19 16:35:48 --> Trying to access array offset on value of type int
#0 C:\xampp\htdocs\pegadaian\app\Controllers\Cabang.php(156): CodeIgniter\Debug\Exceptions->errorHandler(8, 'Trying to acces...', 'C:\\xampp\\htdocs...', 156, Array)
#1 C:\xampp\htdocs\pegadaian\vendor\codeigniter4\framework\system\CodeIgniter.php(824): App\Controllers\Cabang->myTable()
#2 C:\xampp\htdocs\pegadaian\vendor\codeigniter4\framework\system\CodeIgniter.php(410): CodeIgniter\CodeIgniter->runController(Object(App\Controllers\Cabang))
#3 C:\xampp\htdocs\pegadaian\vendor\codeigniter4\framework\system\CodeIgniter.php(318): CodeIgniter\CodeIgniter->handleRequest(NULL, Object(Config\Cache), false)
#4 C:\xampp\htdocs\pegadaian\public\index.php(37): CodeIgniter\CodeIgniter->run()
#5 C:\xampp\htdocs\pegadaian\vendor\codeigniter4\framework\system\Commands\Server\rewrite.php(43): require_once('C:\\xampp\\htdocs...')
#6 {main}
CRITICAL - 2022-01-19 16:35:51 --> Trying to access array offset on value of type int
#0 C:\xampp\htdocs\pegadaian\app\Controllers\Cabang.php(156): CodeIgniter\Debug\Exceptions->errorHandler(8, 'Trying to acces...', 'C:\\xampp\\htdocs...', 156, Array)
#1 C:\xampp\htdocs\pegadaian\vendor\codeigniter4\framework\system\CodeIgniter.php(824): App\Controllers\Cabang->myTable()
#2 C:\xampp\htdocs\pegadaian\vendor\codeigniter4\framework\system\CodeIgniter.php(410): CodeIgniter\CodeIgniter->runController(Object(App\Controllers\Cabang))
#3 C:\xampp\htdocs\pegadaian\vendor\codeigniter4\framework\system\CodeIgniter.php(318): CodeIgniter\CodeIgniter->handleRequest(NULL, Object(Config\Cache), false)
#4 C:\xampp\htdocs\pegadaian\public\index.php(37): CodeIgniter\CodeIgniter->run()
#5 C:\xampp\htdocs\pegadaian\vendor\codeigniter4\framework\system\Commands\Server\rewrite.php(43): require_once('C:\\xampp\\htdocs...')
#6 {main}
CRITICAL - 2022-01-19 16:36:01 --> Trying to access array offset on value of type int
#0 C:\xampp\htdocs\pegadaian\app\Controllers\Cabang.php(156): CodeIgniter\Debug\Exceptions->errorHandler(8, 'Trying to acces...', 'C:\\xampp\\htdocs...', 156, Array)
#1 C:\xampp\htdocs\pegadaian\vendor\codeigniter4\framework\system\CodeIgniter.php(824): App\Controllers\Cabang->myTable()
#2 C:\xampp\htdocs\pegadaian\vendor\codeigniter4\framework\system\CodeIgniter.php(410): CodeIgniter\CodeIgniter->runController(Object(App\Controllers\Cabang))
#3 C:\xampp\htdocs\pegadaian\vendor\codeigniter4\framework\system\CodeIgniter.php(318): CodeIgniter\CodeIgniter->handleRequest(NULL, Object(Config\Cache), false)
#4 C:\xampp\htdocs\pegadaian\public\index.php(37): CodeIgniter\CodeIgniter->run()
#5 C:\xampp\htdocs\pegadaian\vendor\codeigniter4\framework\system\Commands\Server\rewrite.php(43): require_once('C:\\xampp\\htdocs...')
#6 {main}
CRITICAL - 2022-01-19 16:47:43 --> Trying to access array offset on value of type int
#0 C:\xampp\htdocs\pegadaian\app\Controllers\Cabang.php(156): CodeIgniter\Debug\Exceptions->errorHandler(8, 'Trying to acces...', 'C:\\xampp\\htdocs...', 156, Array)
#1 C:\xampp\htdocs\pegadaian\vendor\codeigniter4\framework\system\CodeIgniter.php(824): App\Controllers\Cabang->myTable()
#2 C:\xampp\htdocs\pegadaian\vendor\codeigniter4\framework\system\CodeIgniter.php(410): CodeIgniter\CodeIgniter->runController(Object(App\Controllers\Cabang))
#3 C:\xampp\htdocs\pegadaian\vendor\codeigniter4\framework\system\CodeIgniter.php(318): CodeIgniter\CodeIgniter->handleRequest(NULL, Object(Config\Cache), false)
#4 C:\xampp\htdocs\pegadaian\public\index.php(37): CodeIgniter\CodeIgniter->run()
#5 C:\xampp\htdocs\pegadaian\vendor\codeigniter4\framework\system\Commands\Server\rewrite.php(43): require_once('C:\\xampp\\htdocs...')
#6 {main}
CRITICAL - 2022-01-19 16:48:33 --> Trying to access array offset on value of type int
#0 C:\xampp\htdocs\pegadaian\app\Controllers\Cabang.php(156): CodeIgniter\Debug\Exceptions->errorHandler(8, 'Trying to acces...', 'C:\\xampp\\htdocs...', 156, Array)
#1 C:\xampp\htdocs\pegadaian\vendor\codeigniter4\framework\system\CodeIgniter.php(824): App\Controllers\Cabang->myTable()
#2 C:\xampp\htdocs\pegadaian\vendor\codeigniter4\framework\system\CodeIgniter.php(410): CodeIgniter\CodeIgniter->runController(Object(App\Controllers\Cabang))
#3 C:\xampp\htdocs\pegadaian\vendor\codeigniter4\framework\system\CodeIgniter.php(318): CodeIgniter\CodeIgniter->handleRequest(NULL, Object(Config\Cache), false)
#4 C:\xampp\htdocs\pegadaian\public\index.php(37): CodeIgniter\CodeIgniter->run()
#5 C:\xampp\htdocs\pegadaian\vendor\codeigniter4\framework\system\Commands\Server\rewrite.php(43): require_once('C:\\xampp\\htdocs...')
#6 {main}
CRITICAL - 2022-01-19 16:51:18 --> Trying to access array offset on value of type int
#0 C:\xampp\htdocs\pegadaian\app\Controllers\Cabang.php(156): CodeIgniter\Debug\Exceptions->errorHandler(8, 'Trying to acces...', 'C:\\xampp\\htdocs...', 156, Array)
#1 C:\xampp\htdocs\pegadaian\vendor\codeigniter4\framework\system\CodeIgniter.php(824): App\Controllers\Cabang->myTable()
#2 C:\xampp\htdocs\pegadaian\vendor\codeigniter4\framework\system\CodeIgniter.php(410): CodeIgniter\CodeIgniter->runController(Object(App\Controllers\Cabang))
#3 C:\xampp\htdocs\pegadaian\vendor\codeigniter4\framework\system\CodeIgniter.php(318): CodeIgniter\CodeIgniter->handleRequest(NULL, Object(Config\Cache), false)
#4 C:\xampp\htdocs\pegadaian\public\index.php(37): CodeIgniter\CodeIgniter->run()
#5 C:\xampp\htdocs\pegadaian\vendor\codeigniter4\framework\system\Commands\Server\rewrite.php(43): require_once('C:\\xampp\\htdocs...')
#6 {main}
CRITICAL - 2022-01-19 16:58:08 --> Cannot use object of type stdClass as array
#0 C:\xampp\htdocs\pegadaian\vendor\codeigniter4\framework\system\CodeIgniter.php(824): App\Controllers\Cabang->myTable()
#1 C:\xampp\htdocs\pegadaian\vendor\codeigniter4\framework\system\CodeIgniter.php(410): CodeIgniter\CodeIgniter->runController(Object(App\Controllers\Cabang))
#2 C:\xampp\htdocs\pegadaian\vendor\codeigniter4\framework\system\CodeIgniter.php(318): CodeIgniter\CodeIgniter->handleRequest(NULL, Object(Config\Cache), false)
#3 C:\xampp\htdocs\pegadaian\public\index.php(37): CodeIgniter\CodeIgniter->run()
#4 C:\xampp\htdocs\pegadaian\vendor\codeigniter4\framework\system\Commands\Server\rewrite.php(43): require_once('C:\\xampp\\htdocs...')
#5 {main}
CRITICAL - 2022-01-19 16:58:39 --> [] operator not supported for strings
#0 C:\xampp\htdocs\pegadaian\vendor\codeigniter4\framework\system\CodeIgniter.php(824): App\Controllers\Cabang->myTable()
#1 C:\xampp\htdocs\pegadaian\vendor\codeigniter4\framework\system\CodeIgniter.php(410): CodeIgniter\CodeIgniter->runController(Object(App\Controllers\Cabang))
#2 C:\xampp\htdocs\pegadaian\vendor\codeigniter4\framework\system\CodeIgniter.php(318): CodeIgniter\CodeIgniter->handleRequest(NULL, Object(Config\Cache), false)
#3 C:\xampp\htdocs\pegadaian\public\index.php(37): CodeIgniter\CodeIgniter->run()
#4 C:\xampp\htdocs\pegadaian\vendor\codeigniter4\framework\system\Commands\Server\rewrite.php(43): require_once('C:\\xampp\\htdocs...')
#5 {main}
CRITICAL - 2022-01-19 17:09:31 --> Cannot use object of type stdClass as array
#0 C:\xampp\htdocs\pegadaian\vendor\codeigniter4\framework\system\CodeIgniter.php(824): App\Controllers\Cabang->myTable()
#1 C:\xampp\htdocs\pegadaian\vendor\codeigniter4\framework\system\CodeIgniter.php(410): CodeIgniter\CodeIgniter->runController(Object(App\Controllers\Cabang))
#2 C:\xampp\htdocs\pegadaian\vendor\codeigniter4\framework\system\CodeIgniter.php(318): CodeIgniter\CodeIgniter->handleRequest(NULL, Object(Config\Cache), false)
#3 C:\xampp\htdocs\pegadaian\public\index.php(37): CodeIgniter\CodeIgniter->run()
#4 C:\xampp\htdocs\pegadaian\vendor\codeigniter4\framework\system\Commands\Server\rewrite.php(43): require_once('C:\\xampp\\htdocs...')
#5 {main}
CRITICAL - 2022-01-19 17:13:57 --> [] operator not supported for strings
#0 C:\xampp\htdocs\pegadaian\vendor\codeigniter4\framework\system\CodeIgniter.php(824): App\Controllers\Cabang->myTable()
#1 C:\xampp\htdocs\pegadaian\vendor\codeigniter4\framework\system\CodeIgniter.php(410): CodeIgniter\CodeIgniter->runController(Object(App\Controllers\Cabang))
#2 C:\xampp\htdocs\pegadaian\vendor\codeigniter4\framework\system\CodeIgniter.php(318): CodeIgniter\CodeIgniter->handleRequest(NULL, Object(Config\Cache), false)
#3 C:\xampp\htdocs\pegadaian\public\index.php(37): CodeIgniter\CodeIgniter->run()
#4 C:\xampp\htdocs\pegadaian\vendor\codeigniter4\framework\system\Commands\Server\rewrite.php(43): require_once('C:\\xampp\\htdocs...')
#5 {main}
CRITICAL - 2022-01-19 17:31:29 --> [] operator not supported for strings
#0 C:\xampp\htdocs\pegadaian\vendor\codeigniter4\framework\system\CodeIgniter.php(824): App\Controllers\Cabang->myTable()
#1 C:\xampp\htdocs\pegadaian\vendor\codeigniter4\framework\system\CodeIgniter.php(410): CodeIgniter\CodeIgniter->runController(Object(App\Controllers\Cabang))
#2 C:\xampp\htdocs\pegadaian\vendor\codeigniter4\framework\system\CodeIgniter.php(318): CodeIgniter\CodeIgniter->handleRequest(NULL, Object(Config\Cache), false)
#3 C:\xampp\htdocs\pegadaian\public\index.php(37): CodeIgniter\CodeIgniter->run()
#4 C:\xampp\htdocs\pegadaian\vendor\codeigniter4\framework\system\Commands\Server\rewrite.php(43): require_once('C:\\xampp\\htdocs...')
#5 {main}
CRITICAL - 2022-01-19 17:31:36 --> [] operator not supported for strings
#0 C:\xampp\htdocs\pegadaian\vendor\codeigniter4\framework\system\CodeIgniter.php(824): App\Controllers\Cabang->myTable()
#1 C:\xampp\htdocs\pegadaian\vendor\codeigniter4\framework\system\CodeIgniter.php(410): CodeIgniter\CodeIgniter->runController(Object(App\Controllers\Cabang))
#2 C:\xampp\htdocs\pegadaian\vendor\codeigniter4\framework\system\CodeIgniter.php(318): CodeIgniter\CodeIgniter->handleRequest(NULL, Object(Config\Cache), false)
#3 C:\xampp\htdocs\pegadaian\public\index.php(37): CodeIgniter\CodeIgniter->run()
#4 C:\xampp\htdocs\pegadaian\vendor\codeigniter4\framework\system\Commands\Server\rewrite.php(43): require_once('C:\\xampp\\htdocs...')
#5 {main}
